# center x,y,z (Mpc/h), volume (normalized), radius (Mpc/h), redshift, volume (Mpc/h^3), void ID, density contrast, num part, parent ID, tree level, number of children, central density
263.41 591.24 694.95 2.93 7.80 0.11997 1988.05 23062 3.820613 21 -1 0 0 0.00
160.46 307.37 430.07 3.31 8.12 0.10262 2242.73 862 3.518326 4 -1 0 0 0.00
299.93 420.05 713.58 5.16 9.42 0.10623 3498.70 22813 2.407750 31 -1 0 0 0.00
146.14 262.64 434.96 9.95 11.72 0.11440 6745.04 2351 2.283888 31 -1 0 0 0.00
146.13 494.20 585.83 157.28 29.42 0.11329 106635.25 72312 1.996466 263 -1 0 0 0.00
235.74 655.88 561.56 3.21 8.04 0.11094 2173.95 64918 1.917257 13 -1 0 0 0.00
267.73 632.39 624.14 2.07 6.95 0.11010 1403.72 38231 1.909132 8 -1 0 0 0.00
231.57 113.48 572.78 4.81 9.20 0.13886 3261.89 68534 1.863300 18 -1 0 0 0.00
231.34 255.82 743.57 10.07 11.77 0.14157 6824.50 42788 1.800488 18 -1 0 0 0.00
211.07 244.63 639.27 2.46 7.36 0.12250 1670.53 54877 1.782633 11 -1 0 0 0.00
206.67 358.66 687.47 14.45 13.27 0.11957 9796.03 46975 1.698100 32 -1 0 0 0.00
170.82 631.85 677.92 9.88 11.69 0.14141 6696.24 45557 1.674204 26 -1 0 0 0.00
95.98 200.22 431.82 4.94 9.28 0.14134 3348.75 2702 1.664983 37 -1 0 0 0.00
265.49 725.37 674.61 4.76 9.17 0.14296 3226.27 37503 1.624168 24 -1 0 0 0.00
231.71 214.35 654.89 2.78 7.67 0.12750 1886.61 49167 1.591860 14 -1 0 0 0.00
170.28 259.41 482.70 6.65 10.25 0.10916 4511.47 52815 1.580663 37 -1 0 0 0.00
303.41 406.63 714.47 9.22 11.43 0.10630 6252.55 22816 1.576961 49 -1 0 0 0.00
65.39 342.75 547.27 66.64 22.10 0.13623 45185.13 75823 1.569544 90 -1 0 0 0.00
65.05 389.44 472.20 24.83 15.90 0.12814 16835.71 24210 1.568497 56 -1 0 0 0.00
335.77 108.80 662.85 2.17 7.06 0.14110 1471.06 29195 1.539480 6 -1 0 0 0.00
177.17 548.10 589.43 212.09 32.50 0.10991 143801.06 65694 1.516253 365 -1 0 0 0.00
232.32 523.90 663.24 39.20 18.51 0.10900 26576.69 46912 1.514070 58 -1 0 0 0.00
267.58 639.00 607.66 13.99 13.13 0.10829 9487.61 65295 1.513362 41 -1 0 0 0.00
254.82 161.96 510.42 14.68 13.34 0.11432 9950.13 75549 1.495450 21 -1 0 0 0.00
214.53 203.38 530.36 8.38 11.07 0.11364 5679.39 73145 1.486279 36 -1 0 0 0.00
138.05 439.93 536.56 107.73 25.93 0.10697 73041.35 74065 1.485179 196 -1 0 0 0.00
196.61 504.12 671.48 169.52 30.16 0.11766 114937.16 49106 1.484023 331 -1 0 0 0.00
155.03 682.57 620.26 2.51 7.41 0.14416 1702.70 65600 1.472908 10 -1 0 0 0.00
52.49 589.57 481.23 10.73 12.02 0.14294 7274.40 40926 1.462003 37 -1 0 0 0.00
207.71 546.60 647.21 33.93 17.64 0.11333 23006.71 49455 1.434315 58 -1 0 0 0.00
176.03 236.73 441.22 3.05 7.90 0.11082 2067.49 11836 1.410761 16 -1 0 0 0.00
180.32 254.65 702.43 7.05 10.45 0.14147 4780.48 49355 1.402637 27 -1 0 0 0.00
91.07 576.09 585.41 36.54 18.08 0.13809 24771.70 72134 1.398366 70 -1 0 0 0.00
93.82 598.51 535.54 77.16 23.20 0.13464 52313.14 77593 1.398233 176 -1 0 0 0.00
126.81 232.18 432.93 2.26 7.16 0.12589 1535.08 2000 1.397491 16 -1 0 0 0.00
331.28 144.58 631.87 8.89 11.29 0.12534 6028.79 47507 1.397349 20 -1 0 0 0.00
248.33 310.76 725.17 40.25 18.68 0.12594 27291.74 42782 1.396803 78 -1 0 0 0.00
224.05 101.26 558.83 6.83 10.34 0.14208 4627.49 69936 1.392301 25 -1 0 0 0.00
72.68 239.45 516.43 7.45 10.65 0.14412 5053.74 51286 1.383473 35 -1 0 0 0.00
239.52 430.14 757.03 2.67 7.56 0.12974 1810.69 41417 1.378747 12 -1 0 0 0.00
274.08 172.47 644.50 10.42 11.90 0.12765 7062.76 55791 1.377012 38 -1 0 0 0.00
172.33 455.38 660.13 75.89 23.07 0.11882 51455.63 64603 1.374820 146 -1 0 0 0.00
265.45 562.53 785.95 4.64 9.09 0.14189 3143.06 8190 1.372095 10 -1 0 0 0.00
106.32 207.64 527.44 3.95 8.62 0.14073 2679.33 56750 1.371727 12 -1 0 0 0.00
338.00 136.30 568.63 11.42 12.27 0.11652 7741.45 55859 1.369431 28 -1 0 0 0.00
104.28 368.56 562.54 191.92 31.44 0.12336 130123.49 73436 1.362711 283 -1 0 0 0.00
136.51 308.95 640.41 18.08 14.30 0.13163 12255.44 66893 1.358905 33 -1 0 0 0.00
159.14 678.68 460.17 10.08 11.77 0.12676 6837.71 21816 1.358320 27 -1 0 0 0.00
334.60 122.18 569.01 3.01 7.87 0.12128 2040.71 48460 1.352848 9 -1 0 0 0.00
330.51 236.16 640.61 38.04 18.33 0.10387 25790.37 43511 1.347782 42 -1 0 0 0.00
293.25 168.73 507.70 4.34 8.89 0.10541 2939.94 75616 1.345706 8 -1 0 0 0.00
260.33 703.24 516.51 11.10 12.16 0.11346 7529.19 71300 1.340433 21 -1 0 0 0.00
147.89 233.94 607.42 50.42 20.13 0.13396 34188.61 68109 1.337962 159 -1 0 0 0.00
68.54 421.01 636.67 2.20 7.09 0.14415 1494.14 71321 1.328080 12 -1 0 0 0.00
203.30 187.47 504.78 57.00 20.97 0.11797 38644.18 56530 1.327635 149 -1 0 0 0.00
259.29 326.36 755.50 4.62 9.08 0.13122 3133.71 43725 1.320300 17 -1 0 0 0.00
132.87 147.16 433.91 2.56 7.46 0.14308 1735.97 640 1.319437 7 -1 0 0 0.00
113.06 301.77 517.85 181.00 30.83 0.12229 122718.61 49777 1.317847 280 -1 0 0 0.00
124.32 593.01 503.56 107.17 25.89 0.12177 72661.13 76763 1.312205 214 -1 0 0 0.00
181.19 689.76 473.18 26.71 16.29 0.12425 18106.86 45633 1.311372 82 -1 0 0 0.00
289.75 426.60 711.89 2.22 7.11 0.10721 1505.39 27645 1.311242 15 -1 0 0 0.00
114.55 247.46 609.67 11.73 12.38 0.14098 7950.16 69921 1.310395 66 -1 0 0 0.00
211.80 577.79 579.41 14.02 13.14 0.10323 9506.82 66038 1.303632 23 -1 0 0 0.00
238.66 190.66 635.07 14.70 13.35 0.12740 9969.71 55297 1.301818 32 -1 0 0 0.00
105.19 239.02 507.92 9.45 11.52 0.13370 6406.76 49707 1.299489 33 -1 0 0 0.00
75.20 379.66 599.03 29.55 16.85 0.13716 20038.43 73936 1.298646 55 -1 0 0 0.00
311.76 154.21 701.71 22.84 15.46 0.13988 15486.74 68368 1.297313 74 -1 0 0 0.00
292.47 383.51 698.97 4.43 8.95 0.10416 3006.05 28160 1.293087 9 -1 0 0 0.00
207.98 361.70 773.18 4.11 8.73 0.14281 2785.40 42726 1.290268 9 -1 0 0 0.00
134.80 253.99 586.39 43.07 19.10 0.13080 29204.58 74031 1.285721 109 -1 0 0 0.00
154.96 682.57 612.24 2.74 7.63 0.14291 1858.21 65905 1.282324 9 -1 0 0 0.00
126.83 231.69 623.01 7.30 10.57 0.14242 4949.54 68985 1.281681 21 -1 0 0 0.00
297.05 634.10 758.78 3.83 8.53 0.13997 2596.85 59929 1.281409 10 -1 0 0 0.00
210.51 153.30 479.56 10.26 11.84 0.12385 6958.39 52687 1.281151 30 -1 0 0 0.00
202.70 264.20 515.65 7.34 10.59 0.10160 4977.78 74128 1.279941 18 -1 0 0 0.00
292.18 492.25 736.93 1.98 6.85 0.11654 1345.62 6211 1.271939 19 -1 0 0 0.00
202.39 327.12 703.27 44.75 19.35 0.12741 30339.32 47088 1.271086 68 -1 0 0 0.00
200.00 515.41 758.57 4.91 9.26 0.14089 3328.87 42527 1.268614 17 -1 0 0 0.00
146.80 321.91 435.24 6.30 10.06 0.10504 4269.21 3342 1.267618 30 -1 0 0 0.00
115.47 427.69 600.45 166.37 29.97 0.12329 112803.05 72019 1.265395 282 -1 0 0 0.00
257.97 349.94 756.25 2.11 6.99 0.12956 1430.92 26026 1.265152 7 -1 0 0 0.00
39.52 408.79 504.58 55.15 20.74 0.13811 37395.13 48664 1.256597 160 -1 0 0 0.00
99.43 414.58 619.34 4.04 8.68 0.13162 2735.78 71648 1.252345 19 -1 0 0 0.00
263.63 746.59 660.93 1.94 6.80 0.14597 1315.33 36887 1.249795 6 -1 0 0 0.00
234.76 422.13 748.20 12.25 12.56 0.12801 8304.47 37658 1.245541 34 -1 0 0 0.00
139.99 438.85 678.20 30.90 17.10 0.13145 20952.43 51781 1.242525 41 -1 0 0 0.00
198.99 211.84 577.31 7.03 10.44 0.12114 4769.05 68782 1.240428 38 -1 0 0 0.00
93.29 540.02 638.64 4.55 9.03 0.14183 3084.64 68426 1.239706 11 -1 0 0 0.00
112.17 438.44 509.24 17.78 14.22 0.11300 12055.77 48731 1.237532 62 -1 0 0 0.00
235.43 729.55 522.85 10.15 11.80 0.12621 6880.06 71383 1.231294 28 -1 0 0 0.00
191.75 251.48 678.18 19.59 14.69 0.13390 13283.71 49054 1.230545 53 -1 0 0 0.00
319.44 232.81 690.91 21.83 15.23 0.11855 14800.20 28694 1.229413 44 -1 0 0 0.00
212.36 582.88 608.28 60.10 21.35 0.10918 40745.07 46534 1.226719 106 -1 0 0 0.00
259.11 180.70 628.06 11.11 12.16 0.12480 7534.70 56596 1.223930 41 -1 0 0 0.00
140.24 246.35 624.92 10.37 11.88 0.13669 7028.82 67753 1.220578 20 -1 0 0 0.00
331.52 100.21 574.86 4.13 8.74 0.12923 2798.94 48459 1.215913 7 -1 0 0 0.00
251.33 467.24 763.34 2.97 7.84 0.13014 2015.46 27543 1.201670 14 -1 0 0 0.00
46.45 405.67 465.53 16.20 13.79 0.13392 10984.57 13064 1.197234 83 -1 0 0 0.00
105.41 320.14 429.44 4.43 8.95 0.11893 3006.74 6596 1.194247 8 -1 0 0 0.00
312.27 88.82 632.23 2.75 7.64 0.14343 1865.41 54565 1.192145 28 -1 0 0 0.00
164.47 232.88 583.64 26.74 16.30 0.12622 18127.32 69253 1.191814 68 -1 0 0 0.00
291.95 550.21 670.64 5.47 9.60 0.10249 3705.41 25964 1.190432 19 -1 0 0 0.00
135.76 267.31 493.37 24.68 15.87 0.11861 16732.64 53451 1.189144 64 -1 0 0 0.00
223.69 536.63 682.31 21.71 15.20 0.11707 14716.42 39798 1.187797 30 -1 0 0 0.00
279.03 139.11 622.41 33.38 17.55 0.13147 22633.09 55330 1.186925 88 -1 0 0 0.00
148.12 629.65 645.76 18.28 14.36 0.14003 12393.20 65289 1.183825 29 -1 0 0 0.00
224.07 216.56 648.23 3.40 8.20 0.12715 2307.74 51174 1.183293 15 -1 0 0 0.00
82.19 520.39 638.40 2.42 7.32 0.14346 1643.57 68098 1.178714 10 -1 0 0 0.00
155.98 429.90 572.29 14.89 13.41 0.10605 10094.28 72204 1.177597 42 -1 0 0 0.00
253.20 237.96 615.84 2.49 7.39 0.11031 1689.19 55147 1.173200 18 -1 0 0 0.00
130.30 267.61 561.92 19.42 14.65 0.12659 13168.73 73169 1.170000 36 -1 0 0 0.00
91.45 231.70 512.95 3.88 8.56 0.13948 2628.56 49656 1.164205 9 -1 0 0 0.00
236.49 129.49 580.14 2.53 7.43 0.13445 1718.36 66145 1.157370 14 -1 0 0 0.00
236.99 483.95 680.32 29.38 16.82 0.10935 19921.36 39662 1.153128 82 -1 0 0 0.00
55.57 270.98 454.98 2.16 7.04 0.14195 1463.32 12885 1.152900 8 -1 0 0 0.00
228.04 147.66 479.51 11.81 12.41 0.12171 8005.31 52696 1.151536 29 -1 0 0 0.00
131.42 171.87 533.56 7.90 10.85 0.14196 5355.74 56851 1.147635 32 -1 0 0 0.00
162.84 294.35 698.13 18.71 14.47 0.13894 12684.97 55271 1.144706 29 -1 0 0 0.00
71.14 252.47 521.72 2.30 7.19 0.14289 1560.01 49993 1.144503 14 -1 0 0 0.00
231.20 116.50 529.41 16.82 13.96 0.13346 11402.65 73588 1.143624 80 -1 0 0 0.00
233.49 542.45 621.44 132.03 27.75 0.10086 89518.16 44422 1.141949 217 -1 0 0 0.00
158.15 448.99 689.72 15.20 13.50 0.12942 10305.13 51092 1.138461 25 -1 0 0 0.00
277.18 343.51 674.63 19.96 14.78 0.10287 13532.53 50120 1.137604 37 -1 0 0 0.00
88.46 375.19 644.10 8.67 11.20 0.14076 5877.14 69152 1.136167 14 -1 0 0 0.00
221.76 649.41 542.33 8.06 10.93 0.11002 5465.18 71820 1.134350 23 -1 0 0 0.00
103.99 506.51 509.74 21.25 15.10 0.11860 14408.98 48718 1.131456 56 -1 0 0 0.00
328.55 155.70 696.17 5.49 9.62 0.13652 3725.25 29379 1.129667 23 -1 0 0 0.00
66.86 397.15 496.31 10.93 12.09 0.12838 7411.21 48669 1.128697 28 -1 0 0 0.00
217.03 375.22 695.24 3.79 8.50 0.11816 2568.84 46625 1.124010 19 -1 0 0 0.00
189.26 259.07 600.10 2.26 7.15 0.11761 1529.65 67760 1.122362 8 -1 0 0 0.00
58.31 352.74 442.17 1.79 6.62 0.13195 1216.52 1389 1.122358 4 -1 0 0 0.00
242.92 315.68 768.45 13.87 13.09 0.13888 9400.75 43548 1.119247 44 -1 0 0 0.00
173.52 190.95 520.75 43.53 19.17 0.12565 29514.80 74652 1.118937 129 -1 0 0 0.00
96.99 291.86 602.83 49.07 19.95 0.13861 33269.99 69197 1.114255 113 -1 0 0 0.00
276.89 676.94 554.36 13.97 13.13 0.10734 9474.08 45501 1.113648 26 -1 0 0 0.00
126.02 209.89 507.54 19.68 14.71 0.13318 13343.90 51294 1.113460 44 -1 0 0 0.00
220.82 129.69 479.60 12.68 12.71 0.12833 8595.81 53181 1.108199 41 -1 0 0 0.00
87.65 378.00 492.00 18.51 14.42 0.12178 12550.21 52550 1.107742 33 -1 0 0 0.00
183.04 268.26 710.30 3.24 8.07 0.14071 2198.18 47937 1.104082 17 -1 0 0 0.00
220.95 246.27 540.46 10.52 11.94 0.10336 7134.27 70219 1.102325 38 -1 0 0 0.00
281.61 79.02 590.24 3.25 8.08 0.14354 2206.25 52393 1.100581 8 -1 0 0 0.00
262.07 385.60 786.38 9.61 11.59 0.13614 6516.78 27934 1.100576 27 -1 0 0 0.00
130.75 464.53 664.73 7.39 10.62 0.13147 5013.49 64455 1.099101 15 -1 0 0 0.00
189.79 346.77 638.34 9.75 11.64 0.11296 6613.62 64312 1.098734 18 -1 0 0 0.00
141.91 530.31 468.13 4.51 9.00 0.10565 3054.45 40928 1.094568 10 -1 0 0 0.00
302.60 90.62 605.02 9.11 11.38 0.13956 6176.89 48408 1.094422 30 -1 0 0 0.00
180.79 573.99 548.30 36.57 18.09 0.10637 24793.41 72277 1.092363 62 -1 0 0 0.00
152.15 549.85 479.93 4.89 9.25 0.10524 3312.59 41822 1.087499 22 -1 0 0 0.00
236.70 232.26 563.82 6.06 9.94 0.10596 4108.91 67748 1.083864 20 -1 0 0 0.00
172.93 281.88 594.93 12.06 12.50 0.11716 8175.01 68945 1.083287 40 -1 0 0 0.00
262.66 85.70 581.02 2.13 7.01 0.14294 1444.92 58404 1.079650 2 -1 0 0 0.00
86.36 401.43 497.32 16.82 13.96 0.12154 11403.28 42188 1.078130 20 -1 0 0 0.00
92.19 436.26 496.17 25.39 16.02 0.11893 17214.34 42117 1.077079 61 -1 0 0 0.00
247.26 483.51 711.98 35.74 17.95 0.11613 24229.05 36690 1.076822 80 -1 0 0 0.00
286.10 211.31 599.58 2.68 7.57 0.10737 1814.27 56601 1.071272 5 -1 0 0 0.00
247.36 748.56 615.78 6.09 9.95 0.14103 4131.10 44645 1.071190 31 -1 0 0 0.00
247.78 424.16 732.67 5.96 9.88 0.12089 4038.35 25435 1.069444 12 -1 0 0 0.00
162.87 532.84 673.91 30.24 16.98 0.12907 20504.96 47368 1.066902 68 -1 0 0 0.00
207.42 541.85 600.26 80.79 23.56 0.10288 54776.32 65452 1.065019 137 -1 0 0 0.00
53.98 269.28 433.73 10.02 11.75 0.14250 6795.33 860 1.064180 37 -1 0 0 0.00
120.21 561.07 494.00 7.69 10.76 0.11778 5215.99 49604 1.063550 26 -1 0 0 0.00
267.18 89.42 585.31 2.60 7.49 0.14172 1761.04 58542 1.062326 3 -1 0 0 0.00
89.07 466.24 483.01 10.22 11.83 0.11981 6929.80 50668 1.061649 28 -1 0 0 0.00
217.54 221.80 537.26 17.38 14.12 0.10930 11782.78 73258 1.061210 67 -1 0 0 0.00
90.28 392.35 646.48 8.18 10.98 0.13991 5548.18 67871 1.060277 22 -1 0 0 0.00
162.88 267.69 701.18 9.55 11.56 0.14319 6476.36 49246 1.057733 26 -1 0 0 0.00
155.22 469.72 633.21 94.77 24.85 0.11809 64255.25 65792 1.055166 193 -1 0 0 0.00
333.68 167.58 578.98 2.96 7.83 0.10912 2008.04 48616 1.052978 14 -1 0 0 0.00
179.78 433.88 669.00 20.79 14.98 0.11871 14093.89 50267 1.052387 37 -1 0 0 0.00
288.84 180.88 719.60 15.08 13.47 0.14069 10226.79 28184 1.051741 30 -1 0 0 0.00
113.97 326.67 535.27 39.87 18.62 0.12066 27034.31 75697 1.050979 48 -1 0 0 0.00
315.67 251.22 694.35 2.88 7.75 0.11629 1951.81 27402 1.049797 7 -1 0 0 0.00
116.28 410.53 499.96 46.19 19.55 0.11114 31317.21 42185 1.049732 70 -1 0 0 0.00
104.28 436.81 645.99 3.79 8.49 0.13488 2566.28 67948 1.047753 17 -1 0 0 0.00
275.83 204.03 607.99 7.69 10.76 0.11245 5215.44 56600 1.046370 36 -1 0 0 0.00
187.75 746.90 543.54 5.67 9.72 0.14256 3841.43 71961 1.045866 7 -1 0 0 0.00
238.89 121.60 567.85 1.91 6.76 0.13465 1294.12 69648 1.045771 18 -1 0 0 0.00
222.54 771.82 526.38 3.44 8.23 0.14120 2335.11 71924 1.044733 12 -1 0 0 0.00
289.37 265.68 690.16 2.52 7.42 0.11611 1708.41 47698 1.044387 4 -1 0 0 0.00
192.49 577.16 657.89 73.25 22.80 0.12338 49661.38 45475 1.044231 83 -1 0 0 0.00
253.00 215.45 544.03 11.57 12.33 0.10374 7847.23 69170 1.043897 22 -1 0 0 0.00
92.07 424.55 483.32 3.95 8.61 0.11827 2677.13 50758 1.043390 5 -1 0 0 0.00
104.98 234.98 577.08 7.17 10.51 0.14122 4864.13 74429 1.041616 22 -1 0 0 0.00
128.97 314.51 444.06 2.05 6.92 0.11187 1389.23 9309 1.040885 16 -1 0 0 0.00
182.79 563.00 620.07 20.70 14.96 0.11595 14036.29 64553 1.040019 36 -1 0 0 0.00
159.54 255.82 580.64 25.06 15.95 0.12286 16988.32 69880 1.036172 43 -1 0 0 0.00
154.95 461.55 550.62 37.29 18.21 0.10365 25282.69 73925 1.034468 93 -1 0 0 0.00
84.32 341.01 630.96 8.01 10.91 0.14191 5433.55 68697 1.034358 19 -1 0 0 0.00
123.41 409.52 645.92 85.94 24.05 0.12946 58269.33 67043 1.034052 168 -1 0 0 0.00
174.00 559.18 649.80 68.43 22.29 0.12378 46395.60 64613 1.034021 165 -1 0 0 0.00
139.94 508.32 554.53 33.49 17.57 0.11165 22704.05 73685 1.032154 58 -1 0 0 0.00
175.47 514.25 724.33 19.54 14.68 0.13680 13249.38 40072 1.029962 36 -1 0 0 0.00
151.13 464.53 600.24 56.59 20.92 0.11277 38369.30 68100 1.029624 77 -1 0 0 0.00
302.18 247.63 675.13 7.54 10.69 0.11367 5111.43 47659 1.029600 10 -1 0 0 0.00
208.65 225.08 652.98 6.16 9.99 0.12959 4175.69 51129 1.029591 12 -1 0 0 0.00
94.23 658.37 501.25 5.59 9.67 0.14230 3788.77 45256 1.024419 30 -1 0 0 0.00
171.34 517.68 698.19 37.04 18.17 0.13140 25110.12 46829 1.021341 75 -1 0 0 0.00
252.34 667.02 706.30 3.61 8.36 0.13867 2448.10 23153 1.020566 13 -1 0 0 0.00
258.20 737.13 601.25 4.78 9.18 0.13384 3240.29 39818 1.019583 10 -1 0 0 0.00
285.72 432.60 698.79 2.01 6.87 0.10380 1359.94 28154 1.018867 11 -1 0 0 0.00
147.34 416.62 577.13 11.03 12.13 0.10967 7475.65 72205 1.017500 26 -1 0 0 0.00
109.90 490.79 494.25 8.46 11.11 0.11443 5736.60 48680 1.015179 19 -1 0 0 0.00
228.32 637.52 526.97 4.73 9.15 0.10393 3208.13 72175 1.013783 14 -1 0 0 0.00
169.93 271.46 680.96 4.88 9.24 0.13640 3306.74 51064 1.013127 13 -1 0 0 0.00
141.24 572.90 530.41 22.27 15.33 0.11581 15097.83 77535 1.011672 61 -1 0 0 0.00
163.55 126.83 508.47 1.83 6.67 0.14318 1242.34 56704 1.011035 16 -1 0 0 0.00
166.58 681.26 632.74 2.75 7.63 0.14325 1862.09 64549 1.010463 10 -1 0 0 0.00
105.62 506.39 663.60 25.83 16.11 0.14035 17511.54 67644 1.009003 38 -1 0 0 0.00
53.52 412.94 466.51 10.09 11.78 0.13129 6838.80 26227 1.008132 58 -1 0 0 0.00
289.80 398.73 721.90 2.00 6.87 0.11096 1356.03 27735 1.007416 5 -1 0 0 0.00
239.08 227.93 536.97 10.82 12.05 0.10283 7333.19 69901 1.006116 24 -1 0 0 0.00
290.32 123.55 575.32 7.74 10.78 0.12695 5250.53 57268 1.003251 21 -1 0 0 0.00
130.48 314.39 550.28 25.94 16.13 0.11853 17585.75 73077 1.003219 38 -1 0 0 0.00
193.72 585.21 561.13 2.07 6.94 0.10639 1400.13 71413 1.001748 3 -1 0 0 0.00
212.11 750.50 532.55 6.20 10.01 0.13755 4200.79 71301 1.000861 18 -1 0 0 0.00
96.48 310.43 616.67 11.13 12.17 0.13875 7544.59 72344 1.000701 29 -1 0 0 0.00
