# center x,y,z (Mpc/h), volume (normalized), radius (Mpc/h), redshift, volume (Mpc/h^3), void ID, density contrast, num part, parent ID, tree level, number of children, central density
232.60 169.44 540.11 342.58 38.13 0.11943 232274.37 69889 4.301578 737 -1 0 0 0.00
263.41 591.24 694.95 2.93 7.80 0.11997 1988.05 23062 3.820613 21 -1 0 0 0.00
160.46 307.37 430.07 3.31 8.12 0.10262 2242.73 862 3.518326 4 -1 0 0 0.00
44.98 451.74 421.08 1.81 6.64 0.13385 1226.89 4938 3.325351 11 -1 0 0 0.00
163.76 654.87 468.54 124.89 27.24 0.12031 84677.98 21818 3.294253 280 -1 0 0 0.00
89.72 461.63 424.51 2.93 7.80 0.11822 1989.78 4923 3.285888 19 -1 0 0 0.00
145.54 205.44 436.22 8.28 11.02 0.12606 5611.20 3067 2.945150 38 -1 0 0 0.00
305.01 613.66 637.75 18.34 14.37 0.10296 12433.51 25705 2.755188 46 -1 0 0 0.00
346.50 178.94 561.38 13.76 13.06 0.10166 9329.10 55522 2.677756 67 -1 0 0 0.00
268.71 401.96 788.19 34.11 17.67 0.13513 23127.28 6205 2.651872 94 -1 0 0 0.00
282.55 176.58 605.83 50.74 20.18 0.11796 34404.01 55305 2.568280 107 -1 0 0 0.00
274.37 563.25 716.85 61.26 21.48 0.12011 41536.89 20550 2.417392 166 -1 0 0 0.00
299.93 420.05 713.58 5.16 9.42 0.10623 3498.70 22813 2.407750 31 -1 0 0 0.00
146.14 262.64 434.96 9.95 11.72 0.11440 6745.04 2351 2.283888 31 -1 0 0 0.00
54.58 443.45 426.65 4.82 9.20 0.13028 3266.22 4946 2.277081 44 -1 0 0 0.00
31.77 411.70 460.45 28.89 16.72 0.13886 19586.03 11161 2.252151 104 -1 0 0 0.00
258.74 672.62 523.13 40.69 18.75 0.10583 27590.57 70862 2.248326 97 -1 0 0 0.00
180.81 204.31 595.77 70.43 22.51 0.12982 47751.38 69165 2.235535 154 -1 0 0 0.00
278.32 491.64 732.79 7.73 10.78 0.11734 5242.57 21220 2.198118 50 -1 0 0 0.00
140.71 240.02 435.29 8.98 11.33 0.12026 6087.49 10839 2.147139 48 -1 0 0 0.00
256.59 396.80 759.91 80.84 23.56 0.12826 54813.48 41499 2.123116 182 -1 0 0 0.00
120.97 450.84 426.24 1.88 6.73 0.10697 1275.54 4935 2.014761 23 -1 0 0 0.00
218.88 338.95 649.47 307.43 36.78 0.10905 208441.09 49350 1.998276 400 -1 0 0 0.00
146.13 494.20 585.83 157.28 29.42 0.11329 106635.25 72312 1.996466 263 -1 0 0 0.00
270.42 660.77 713.39 74.17 22.90 0.13636 50288.50 20975 1.992214 292 -1 0 0 0.00
165.08 592.83 615.12 150.90 29.01 0.12402 102312.20 66041 1.977532 289 -1 0 0 0.00
235.74 655.88 561.56 3.21 8.04 0.11094 2173.95 64918 1.917257 13 -1 0 0 0.00
267.73 632.39 624.14 2.07 6.95 0.11010 1403.72 38231 1.909132 8 -1 0 0 0.00
144.08 614.52 473.19 37.23 18.20 0.11781 25244.92 41816 1.902998 83 -1 0 0 0.00
93.66 515.06 484.67 38.99 18.48 0.12114 26434.10 41628 1.881892 93 -1 0 0 0.00
231.57 113.48 572.78 4.81 9.20 0.13886 3261.89 68534 1.863300 18 -1 0 0 0.00
102.75 549.21 532.88 188.70 31.26 0.12506 127937.79 46315 1.842487 337 -1 0 0 0.00
247.95 498.59 784.71 23.34 15.57 0.13876 15822.63 27904 1.838252 72 -1 0 0 0.00
168.13 205.51 440.23 5.96 9.88 0.11990 4041.14 2713 1.833212 15 -1 0 0 0.00
145.09 169.83 503.80 68.79 22.33 0.13663 46643.32 49722 1.816748 150 -1 0 0 0.00
255.35 686.57 585.61 235.34 33.65 0.11831 159565.34 44908 1.809637 386 -1 0 0 0.00
231.34 255.82 743.57 10.07 11.77 0.14157 6824.50 42788 1.800488 18 -1 0 0 0.00
307.98 137.54 585.74 84.21 23.89 0.12201 57098.09 56975 1.794420 185 -1 0 0 0.00
319.25 584.27 688.52 49.47 20.01 0.10871 33542.71 59744 1.783668 159 -1 0 0 0.00
211.07 244.63 639.27 2.46 7.36 0.12250 1670.53 54877 1.782633 11 -1 0 0 0.00
124.85 338.61 434.45 21.11 15.06 0.11040 14315.07 588 1.779482 65 -1 0 0 0.00
133.31 238.56 563.62 58.05 21.10 0.13090 39361.53 73130 1.763405 151 -1 0 0 0.00
142.56 222.22 436.04 7.33 10.58 0.12331 4966.58 2700 1.762162 34 -1 0 0 0.00
45.86 330.12 434.99 28.80 16.71 0.13811 19529.84 2687 1.759558 52 -1 0 0 0.00
81.35 413.05 454.24 72.61 22.74 0.12115 49229.85 26226 1.749387 187 -1 0 0 0.00
261.32 658.17 671.84 8.24 11.01 0.12723 5587.50 37263 1.735982 29 -1 0 0 0.00
239.16 227.73 631.40 36.63 18.10 0.11837 24833.52 51175 1.721341 143 -1 0 0 0.00
206.67 358.66 687.47 14.45 13.27 0.11957 9796.03 46975 1.698100 32 -1 0 0 0.00
170.82 631.85 677.92 9.88 11.69 0.14141 6696.24 45557 1.674204 26 -1 0 0 0.00
95.98 200.22 431.82 4.94 9.28 0.14134 3348.75 2702 1.664983 37 -1 0 0 0.00
322.51 185.88 594.72 151.69 29.06 0.10790 102848.30 56011 1.657776 349 -1 0 0 0.00
217.99 113.45 481.03 13.71 13.04 0.13368 9297.46 52702 1.656694 23 -1 0 0 0.00
169.33 294.53 543.86 51.17 20.23 0.10879 34692.34 73345 1.629589 117 -1 0 0 0.00
265.49 725.37 674.61 4.76 9.17 0.14296 3226.27 37503 1.624168 24 -1 0 0 0.00
197.44 613.48 607.60 23.00 15.50 0.11803 15593.28 63793 1.620198 69 -1 0 0 0.00
191.73 561.19 688.43 101.49 25.42 0.12854 68809.68 39724 1.602144 145 -1 0 0 0.00
142.77 273.64 603.59 73.91 22.87 0.12807 50111.26 69190 1.599189 145 -1 0 0 0.00
239.86 644.72 523.66 9.59 11.58 0.10265 6504.09 72223 1.597457 33 -1 0 0 0.00
239.69 94.73 552.21 4.80 9.19 0.14054 3252.56 70010 1.594801 41 -1 0 0 0.00
231.71 214.35 654.89 2.78 7.67 0.12750 1886.61 49167 1.591860 14 -1 0 0 0.00
214.36 673.11 539.30 40.34 18.69 0.11710 27347.67 71728 1.591370 111 -1 0 0 0.00
279.11 309.87 698.70 105.88 25.78 0.11330 71789.20 47397 1.585530 186 -1 0 0 0.00
170.28 259.41 482.70 6.65 10.25 0.10916 4511.47 52815 1.580663 37 -1 0 0 0.00
303.41 406.63 714.47 9.22 11.43 0.10630 6252.55 22816 1.576961 49 -1 0 0 0.00
87.31 573.61 490.16 91.77 24.58 0.12985 62224.14 42204 1.571660 173 -1 0 0 0.00
65.39 342.75 547.27 66.64 22.10 0.13623 45185.13 75823 1.569544 90 -1 0 0 0.00
195.16 255.90 566.11 140.04 28.30 0.11134 94949.48 68779 1.569481 365 -1 0 0 0.00
65.05 389.44 472.20 24.83 15.90 0.12814 16835.71 24210 1.568497 56 -1 0 0 0.00
95.34 229.17 436.38 48.46 19.87 0.13593 32858.84 1123 1.564468 160 -1 0 0 0.00
281.65 372.48 689.93 33.15 17.51 0.10396 22475.98 47892 1.563514 75 -1 0 0 0.00
179.09 614.99 522.74 167.16 30.02 0.11126 113333.93 76986 1.562014 237 -1 0 0 0.00
232.93 337.38 772.60 29.58 16.85 0.13979 20055.73 25571 1.545294 93 -1 0 0 0.00
237.78 484.28 767.86 23.57 15.62 0.13456 15977.82 26003 1.543487 83 -1 0 0 0.00
335.77 108.80 662.85 2.17 7.06 0.14110 1471.06 29195 1.539480 6 -1 0 0 0.00
282.03 169.54 694.10 42.25 18.98 0.13801 28649.23 43033 1.528345 120 -1 0 0 0.00
235.11 614.93 598.15 58.15 21.11 0.10787 39423.07 45550 1.527116 125 -1 0 0 0.00
273.76 413.94 750.28 57.82 21.07 0.12198 39205.70 28587 1.522878 116 -1 0 0 0.00
177.17 548.10 589.43 212.09 32.50 0.10991 143801.06 65694 1.516253 365 -1 0 0 0.00
232.32 523.90 663.24 39.20 18.51 0.10900 26576.69 46912 1.514070 58 -1 0 0 0.00
120.97 401.79 447.48 45.00 19.39 0.10744 30513.76 11644 1.514003 73 -1 0 0 0.00
267.58 639.00 607.66 13.99 13.13 0.10829 9487.61 65295 1.513362 41 -1 0 0 0.00
254.82 161.96 510.42 14.68 13.34 0.11432 9950.13 75549 1.495450 21 -1 0 0 0.00
214.53 203.38 530.36 8.38 11.07 0.11364 5679.39 73145 1.486279 36 -1 0 0 0.00
138.05 439.93 536.56 107.73 25.93 0.10697 73041.35 74065 1.485179 196 -1 0 0 0.00
196.61 504.12 671.48 169.52 30.16 0.11766 114937.16 49106 1.484023 331 -1 0 0 0.00
227.43 634.11 592.66 29.42 16.82 0.11260 19944.94 65200 1.476171 51 -1 0 0 0.00
155.03 682.57 620.26 2.51 7.41 0.14416 1702.70 65600 1.472908 10 -1 0 0 0.00
159.11 540.30 503.33 16.72 13.94 0.10336 11336.80 46254 1.468620 30 -1 0 0 0.00
52.49 589.57 481.23 10.73 12.02 0.14294 7274.40 40926 1.462003 37 -1 0 0 0.00
52.18 385.43 452.09 15.58 13.61 0.13229 10563.93 11391 1.456956 29 -1 0 0 0.00
211.85 478.92 730.12 193.40 31.52 0.12826 131129.46 36760 1.449462 462 -1 0 0 0.00
269.81 104.56 517.11 15.33 13.54 0.12945 10396.66 75555 1.442799 34 -1 0 0 0.00
312.63 106.43 579.33 3.34 8.14 0.12988 2262.53 56937 1.442462 12 -1 0 0 0.00
207.71 546.60 647.21 33.93 17.64 0.11333 23006.71 49455 1.434315 58 -1 0 0 0.00
162.01 546.74 468.11 10.64 11.99 0.10110 7213.59 40849 1.433125 22 -1 0 0 0.00
272.61 501.71 778.75 6.10 9.96 0.13323 4138.46 21333 1.432752 35 -1 0 0 0.00
144.61 502.44 661.13 256.72 34.64 0.12863 174060.69 64425 1.430689 448 -1 0 0 0.00
232.80 448.50 702.97 94.96 24.86 0.11526 64383.20 42531 1.421666 158 -1 0 0 0.00
136.90 634.03 493.21 55.22 20.75 0.12464 37437.63 42139 1.420362 132 -1 0 0 0.00
195.28 123.81 580.88 5.72 9.74 0.14399 3875.00 69481 1.418462 20 -1 0 0 0.00
123.68 705.12 488.60 5.00 9.32 0.14341 3391.95 45761 1.414643 21 -1 0 0 0.00
196.46 312.61 565.65 93.32 24.72 0.10139 63271.40 68982 1.411976 99 -1 0 0 0.00
176.03 236.73 441.22 3.05 7.90 0.11082 2067.49 11836 1.410761 16 -1 0 0 0.00
180.32 254.65 702.43 7.05 10.45 0.14147 4780.48 49355 1.402637 27 -1 0 0 0.00
91.07 576.09 585.41 36.54 18.08 0.13809 24771.70 72134 1.398366 70 -1 0 0 0.00
93.82 598.51 535.54 77.16 23.20 0.13464 52313.14 77593 1.398233 176 -1 0 0 0.00
126.81 232.18 432.93 2.26 7.16 0.12589 1535.08 2000 1.397491 16 -1 0 0 0.00
331.28 144.58 631.87 8.89 11.29 0.12534 6028.79 47507 1.397349 20 -1 0 0 0.00
248.33 310.76 725.17 40.25 18.68 0.12594 27291.74 42782 1.396803 78 -1 0 0 0.00
290.95 634.22 735.70 24.59 15.85 0.13426 16668.90 9153 1.396511 104 -1 0 0 0.00
224.05 101.26 558.83 6.83 10.34 0.14208 4627.49 69936 1.392301 25 -1 0 0 0.00
72.68 239.45 516.43 7.45 10.65 0.14412 5053.74 51286 1.383473 35 -1 0 0 0.00
239.52 430.14 757.03 2.67 7.56 0.12974 1810.69 41417 1.378747 12 -1 0 0 0.00
144.88 166.59 438.52 17.77 14.22 0.13523 12049.16 3072 1.378444 50 -1 0 0 0.00
274.08 172.47 644.50 10.42 11.90 0.12765 7062.76 55791 1.377012 38 -1 0 0 0.00
172.33 455.38 660.13 75.89 23.07 0.11882 51455.63 64603 1.374820 146 -1 0 0 0.00
172.63 221.14 436.32 5.75 9.76 0.11513 3897.11 2024 1.372311 13 -1 0 0 0.00
265.45 562.53 785.95 4.64 9.09 0.14189 3143.06 8190 1.372095 10 -1 0 0 0.00
106.32 207.64 527.44 3.95 8.62 0.14073 2679.33 56750 1.371727 12 -1 0 0 0.00
338.00 136.30 568.63 11.42 12.27 0.11652 7741.45 55859 1.369431 28 -1 0 0 0.00
299.75 532.18 730.36 20.98 15.03 0.11669 14224.67 8516 1.367643 84 -1 0 0 0.00
104.28 368.56 562.54 191.92 31.44 0.12336 130123.49 73436 1.362711 283 -1 0 0 0.00
136.51 308.95 640.41 18.08 14.30 0.13163 12255.44 66893 1.358905 33 -1 0 0 0.00
159.14 678.68 460.17 10.08 11.77 0.12676 6837.71 21816 1.358320 27 -1 0 0 0.00
334.60 122.18 569.01 3.01 7.87 0.12128 2040.71 48460 1.352848 9 -1 0 0 0.00
330.51 236.16 640.61 38.04 18.33 0.10387 25790.37 43511 1.347782 42 -1 0 0 0.00
293.25 168.73 507.70 4.34 8.89 0.10541 2939.94 75616 1.345706 8 -1 0 0 0.00
144.98 507.85 473.20 7.75 10.78 0.10263 5252.86 41710 1.341316 27 -1 0 0 0.00
276.32 543.89 781.24 30.53 17.03 0.13691 20702.67 8193 1.340755 78 -1 0 0 0.00
260.33 703.24 516.51 11.10 12.16 0.11346 7529.19 71300 1.340433 21 -1 0 0 0.00
113.42 412.28 477.69 137.49 28.13 0.11075 93218.53 50463 1.339277 252 -1 0 0 0.00
147.89 233.94 607.42 50.42 20.13 0.13396 34188.61 68109 1.337962 159 -1 0 0 0.00
240.95 429.74 679.23 215.45 32.67 0.10677 146076.60 42419 1.337430 398 -1 0 0 0.00
68.54 421.01 636.67 2.20 7.09 0.14415 1494.14 71321 1.328080 12 -1 0 0 0.00
203.30 187.47 504.78 57.00 20.97 0.11797 38644.18 56530 1.327635 149 -1 0 0 0.00
219.71 524.77 719.78 118.18 26.74 0.12675 80127.50 37966 1.327386 256 -1 0 0 0.00
55.31 411.90 446.18 12.85 12.77 0.13024 8713.47 12032 1.320952 42 -1 0 0 0.00
259.29 326.36 755.50 4.62 9.08 0.13122 3133.71 43725 1.320300 17 -1 0 0 0.00
292.65 642.88 590.61 88.08 24.25 0.10159 59718.04 38479 1.319574 148 -1 0 0 0.00
132.87 147.16 433.91 2.56 7.46 0.14308 1735.97 640 1.319437 7 -1 0 0 0.00
113.06 301.77 517.85 181.00 30.83 0.12229 122718.61 49777 1.317847 280 -1 0 0 0.00
296.96 216.18 739.88 60.05 21.34 0.13768 40715.70 7396 1.315909 81 -1 0 0 0.00
248.44 702.71 535.86 97.76 25.11 0.11741 66281.20 70899 1.313769 228 -1 0 0 0.00
124.32 593.01 503.56 107.17 25.89 0.12177 72661.13 76763 1.312205 214 -1 0 0 0.00
181.19 689.76 473.18 26.71 16.29 0.12425 18106.86 45633 1.311372 82 -1 0 0 0.00
289.75 426.60 711.89 2.22 7.11 0.10721 1505.39 27645 1.311242 15 -1 0 0 0.00
114.55 247.46 609.67 11.73 12.38 0.14098 7950.16 69921 1.310395 66 -1 0 0 0.00
211.80 577.79 579.41 14.02 13.14 0.10323 9506.82 66038 1.303632 23 -1 0 0 0.00
238.66 190.66 635.07 14.70 13.35 0.12740 9969.71 55297 1.301818 32 -1 0 0 0.00
105.19 239.02 507.92 9.45 11.52 0.13370 6406.76 49707 1.299489 33 -1 0 0 0.00
75.20 379.66 599.03 29.55 16.85 0.13716 20038.43 73936 1.298646 55 -1 0 0 0.00
167.80 193.67 495.27 23.33 15.57 0.12462 15815.95 51379 1.297406 72 -1 0 0 0.00
311.76 154.21 701.71 22.84 15.46 0.13988 15486.74 68368 1.297313 74 -1 0 0 0.00
292.47 383.51 698.97 4.43 8.95 0.10416 3006.05 28160 1.293087 9 -1 0 0 0.00
207.98 361.70 773.18 4.11 8.73 0.14281 2785.40 42726 1.290268 9 -1 0 0 0.00
134.80 253.99 586.39 43.07 19.10 0.13080 29204.58 74031 1.285721 109 -1 0 0 0.00
154.96 682.57 612.24 2.74 7.63 0.14291 1858.21 65905 1.282324 9 -1 0 0 0.00
126.83 231.69 623.01 7.30 10.57 0.14242 4949.54 68985 1.281681 21 -1 0 0 0.00
297.05 634.10 758.78 3.83 8.53 0.13997 2596.85 59929 1.281409 10 -1 0 0 0.00
310.79 193.51 665.82 250.55 34.36 0.12209 169874.72 68404 1.281367 445 -1 0 0 0.00
210.51 153.30 479.56 10.26 11.84 0.12385 6958.39 52687 1.281151 30 -1 0 0 0.00
202.70 264.20 515.65 7.34 10.59 0.10160 4977.78 74128 1.279941 18 -1 0 0 0.00
169.58 319.16 499.66 163.79 29.82 0.10067 111053.59 48798 1.275558 263 -1 0 0 0.00
292.18 492.25 736.93 1.98 6.85 0.11654 1345.62 6211 1.271939 19 -1 0 0 0.00
202.39 327.12 703.27 44.75 19.35 0.12741 30339.32 47088 1.271086 68 -1 0 0 0.00
124.71 504.54 473.18 13.77 13.06 0.10920 9339.45 41630 1.268632 35 -1 0 0 0.00
200.00 515.41 758.57 4.91 9.26 0.14089 3328.87 42527 1.268614 17 -1 0 0 0.00
146.80 321.91 435.24 6.30 10.06 0.10504 4269.21 3342 1.267618 30 -1 0 0 0.00
293.64 583.54 742.27 76.91 23.18 0.12747 52145.21 60841 1.267399 173 -1 0 0 0.00
137.88 295.52 497.18 65.31 21.95 0.11374 44283.02 49780 1.267204 89 -1 0 0 0.00
115.47 427.69 600.45 166.37 29.97 0.12329 112803.05 72019 1.265395 282 -1 0 0 0.00
257.97 349.94 756.25 2.11 6.99 0.12956 1430.92 26026 1.265152 7 -1 0 0 0.00
309.93 557.81 696.14 16.74 13.94 0.10808 11352.04 8705 1.262187 41 -1 0 0 0.00
39.52 408.79 504.58 55.15 20.74 0.13811 37395.13 48664 1.256597 160 -1 0 0 0.00
227.86 759.20 542.89 39.06 18.49 0.13801 26485.66 70897 1.255439 73 -1 0 0 0.00
99.43 414.58 619.34 4.04 8.68 0.13162 2735.78 71648 1.252345 19 -1 0 0 0.00
263.63 746.59 660.93 1.94 6.80 0.14597 1315.33 36887 1.249795 6 -1 0 0 0.00
305.87 644.93 710.79 26.79 16.31 0.12771 18162.51 60830 1.249081 71 -1 0 0 0.00
134.48 300.13 619.60 59.14 21.23 0.12942 40100.27 68121 1.247942 102 -1 0 0 0.00
292.07 236.69 693.26 83.05 23.78 0.12190 56307.11 43678 1.246512 162 -1 0 0 0.00
234.76 422.13 748.20 12.25 12.56 0.12801 8304.47 37658 1.245541 34 -1 0 0 0.00
139.99 438.85 678.20 30.90 17.10 0.13145 20952.43 51781 1.242525 41 -1 0 0 0.00
323.53 268.19 659.28 80.52 23.53 0.10269 54592.64 27367 1.240862 108 -1 0 0 0.00
198.99 211.84 577.31 7.03 10.44 0.12114 4769.05 68782 1.240428 38 -1 0 0 0.00
93.29 540.02 638.64 4.55 9.03 0.14183 3084.64 68426 1.239706 11 -1 0 0 0.00
298.19 326.13 672.59 26.37 16.22 0.10071 17877.00 47598 1.238844 87 -1 0 0 0.00
112.17 438.44 509.24 17.78 14.22 0.11300 12055.77 48731 1.237532 62 -1 0 0 0.00
129.65 384.47 511.34 151.44 29.05 0.10852 102679.87 48780 1.237055 225 -1 0 0 0.00
235.43 729.55 522.85 10.15 11.80 0.12621 6880.06 71383 1.231294 28 -1 0 0 0.00
191.75 251.48 678.18 19.59 14.69 0.13390 13283.71 49054 1.230545 53 -1 0 0 0.00
319.44 232.81 690.91 21.83 15.23 0.11855 14800.20 28694 1.229413 44 -1 0 0 0.00
212.36 582.88 608.28 60.10 21.35 0.10918 40745.07 46534 1.226719 106 -1 0 0 0.00
190.44 238.67 593.94 33.24 17.52 0.12013 22539.62 67740 1.226455 89 -1 0 0 0.00
259.11 180.70 628.06 11.11 12.16 0.12480 7534.70 56596 1.223930 41 -1 0 0 0.00
140.24 246.35 624.92 10.37 11.88 0.13669 7028.82 67753 1.220578 20 -1 0 0 0.00
331.52 100.21 574.86 4.13 8.74 0.12923 2798.94 48459 1.215913 7 -1 0 0 0.00
246.57 492.60 745.39 46.18 19.55 0.12662 31310.74 25902 1.214753 130 -1 0 0 0.00
152.53 279.95 553.68 20.99 15.03 0.11715 14232.13 73127 1.204136 48 -1 0 0 0.00
251.33 467.24 763.34 2.97 7.84 0.13014 2015.46 27543 1.201670 14 -1 0 0 0.00
46.45 405.67 465.53 16.20 13.79 0.13392 10984.57 13064 1.197234 83 -1 0 0 0.00
105.41 320.14 429.44 4.43 8.95 0.11893 3006.74 6596 1.194247 8 -1 0 0 0.00
312.27 88.82 632.23 2.75 7.64 0.14343 1865.41 54565 1.192145 28 -1 0 0 0.00
152.38 620.60 544.94 238.22 33.78 0.12205 161513.19 73674 1.191849 434 -1 0 0 0.00
164.47 232.88 583.64 26.74 16.30 0.12622 18127.32 69253 1.191814 68 -1 0 0 0.00
80.14 389.80 620.52 50.20 20.10 0.13853 34035.73 72337 1.190655 106 -1 0 0 0.00
291.95 550.21 670.64 5.47 9.60 0.10249 3705.41 25964 1.190432 19 -1 0 0 0.00
135.76 267.31 493.37 24.68 15.87 0.11861 16732.64 53451 1.189144 64 -1 0 0 0.00
223.69 536.63 682.31 21.71 15.20 0.11707 14716.42 39798 1.187797 30 -1 0 0 0.00
279.03 139.11 622.41 33.38 17.55 0.13147 22633.09 55330 1.186925 88 -1 0 0 0.00
348.53 195.40 599.59 11.99 12.47 0.10330 8131.73 47503 1.184251 36 -1 0 0 0.00
148.12 629.65 645.76 18.28 14.36 0.14003 12393.20 65289 1.183825 29 -1 0 0 0.00
224.07 216.56 648.23 3.40 8.20 0.12715 2307.74 51174 1.183293 15 -1 0 0 0.00
82.19 520.39 638.40 2.42 7.32 0.14346 1643.57 68098 1.178714 10 -1 0 0 0.00
216.98 444.59 733.79 33.59 17.58 0.12730 22772.00 42481 1.177789 94 -1 0 0 0.00
155.98 429.90 572.29 14.89 13.41 0.10605 10094.28 72204 1.177597 42 -1 0 0 0.00
257.53 212.24 616.17 13.60 13.01 0.11527 9218.31 55651 1.177392 84 -1 0 0 0.00
167.44 689.11 572.61 36.16 18.02 0.13581 24515.60 71399 1.175041 44 -1 0 0 0.00
126.44 478.33 494.81 120.66 26.93 0.10814 81806.86 48679 1.173887 274 -1 0 0 0.00
253.20 237.96 615.84 2.49 7.39 0.11031 1689.19 55147 1.173200 18 -1 0 0 0.00
215.39 600.16 589.13 12.12 12.52 0.10796 8220.74 65176 1.170900 23 -1 0 0 0.00
130.30 267.61 561.92 19.42 14.65 0.12659 13168.73 73169 1.170000 36 -1 0 0 0.00
269.90 193.61 707.93 40.29 18.68 0.13761 27319.90 47556 1.167722 110 -1 0 0 0.00
282.95 550.38 753.01 29.37 16.81 0.12794 19910.62 7784 1.166151 83 -1 0 0 0.00
91.45 231.70 512.95 3.88 8.56 0.13948 2628.56 49656 1.164205 9 -1 0 0 0.00
179.79 572.55 729.47 10.97 12.11 0.14281 7435.60 40602 1.158439 43 -1 0 0 0.00
236.49 129.49 580.14 2.53 7.43 0.13445 1718.36 66145 1.157370 14 -1 0 0 0.00
236.99 483.95 680.32 29.38 16.82 0.10935 19921.36 39662 1.153128 82 -1 0 0 0.00
55.57 270.98 454.98 2.16 7.04 0.14195 1463.32 12885 1.152900 8 -1 0 0 0.00
105.85 688.15 448.75 7.37 10.60 0.14324 4995.07 12126 1.152203 31 -1 0 0 0.00
228.04 147.66 479.51 11.81 12.41 0.12171 8005.31 52696 1.151536 29 -1 0 0 0.00
131.42 171.87 533.56 7.90 10.85 0.14196 5355.74 56851 1.147635 32 -1 0 0 0.00
162.84 294.35 698.13 18.71 14.47 0.13894 12684.97 55271 1.144706 29 -1 0 0 0.00
71.14 252.47 521.72 2.30 7.19 0.14289 1560.01 49993 1.144503 14 -1 0 0 0.00
97.95 346.56 493.12 58.96 21.21 0.12057 39978.83 52795 1.144470 89 -1 0 0 0.00
231.20 116.50 529.41 16.82 13.96 0.13346 11402.65 73588 1.143624 80 -1 0 0 0.00
233.49 542.45 621.44 132.03 27.75 0.10086 89518.16 44422 1.141949 217 -1 0 0 0.00
158.15 448.99 689.72 15.20 13.50 0.12942 10305.13 51092 1.138461 25 -1 0 0 0.00
277.18 343.51 674.63 19.96 14.78 0.10287 13532.53 50120 1.137604 37 -1 0 0 0.00
235.65 668.15 638.22 83.00 23.77 0.12683 56274.10 44973 1.136928 116 -1 0 0 0.00
88.46 375.19 644.10 8.67 11.20 0.14076 5877.14 69152 1.136167 14 -1 0 0 0.00
221.76 649.41 542.33 8.06 10.93 0.11002 5465.18 71820 1.134350 23 -1 0 0 0.00
302.00 563.31 721.12 42.05 18.95 0.11727 28508.71 8706 1.132066 117 -1 0 0 0.00
103.99 506.51 509.74 21.25 15.10 0.11860 14408.98 48718 1.131456 56 -1 0 0 0.00
328.55 155.70 696.17 5.49 9.62 0.13652 3725.25 29379 1.129667 23 -1 0 0 0.00
66.86 397.15 496.31 10.93 12.09 0.12838 7411.21 48669 1.128697 28 -1 0 0 0.00
226.08 327.38 686.69 14.77 13.37 0.11796 10015.24 48193 1.128231 16 -1 0 0 0.00
227.62 94.65 537.65 13.14 12.86 0.14125 8906.52 75149 1.128202 43 -1 0 0 0.00
225.92 261.62 560.94 38.74 18.44 0.10174 26269.30 67721 1.124676 133 -1 0 0 0.00
217.03 375.22 695.24 3.79 8.50 0.11816 2568.84 46625 1.124010 19 -1 0 0 0.00
291.30 686.22 622.66 7.99 10.89 0.11881 5416.11 36970 1.122879 25 -1 0 0 0.00
189.26 259.07 600.10 2.26 7.15 0.11761 1529.65 67760 1.122362 8 -1 0 0 0.00
58.31 352.74 442.17 1.79 6.62 0.13195 1216.52 1389 1.122358 4 -1 0 0 0.00
269.89 275.56 717.74 69.57 22.41 0.12501 47166.75 47488 1.119506 158 -1 0 0 0.00
242.92 315.68 768.45 13.87 13.09 0.13888 9400.75 43548 1.119247 44 -1 0 0 0.00
248.11 364.40 666.64 101.25 25.40 0.10449 68651.23 46582 1.119202 167 -1 0 0 0.00
173.52 190.95 520.75 43.53 19.17 0.12565 29514.80 74652 1.118937 129 -1 0 0 0.00
191.38 174.82 590.84 58.03 21.10 0.13333 39348.18 69478 1.117990 93 -1 0 0 0.00
156.55 690.79 502.84 5.20 9.44 0.13224 3525.89 64162 1.117549 29 -1 0 0 0.00
299.39 270.58 674.02 55.48 20.79 0.10947 37613.14 47655 1.115964 63 -1 0 0 0.00
96.99 291.86 602.83 49.07 19.95 0.13861 33269.99 69197 1.114255 113 -1 0 0 0.00
276.89 676.94 554.36 13.97 13.13 0.10734 9474.08 45501 1.113648 26 -1 0 0 0.00
126.02 209.89 507.54 19.68 14.71 0.13318 13343.90 51294 1.113460 44 -1 0 0 0.00
220.82 129.69 479.60 12.68 12.71 0.12833 8595.81 53181 1.108199 41 -1 0 0 0.00
87.65 378.00 492.00 18.51 14.42 0.12178 12550.21 52550 1.107742 33 -1 0 0 0.00
216.67 418.51 659.09 26.38 16.22 0.10712 17887.01 46835 1.106815 50 -1 0 0 0.00
183.04 268.26 710.30 3.24 8.07 0.14071 2198.18 47937 1.104082 17 -1 0 0 0.00
220.95 246.27 540.46 10.52 11.94 0.10336 7134.27 70219 1.102325 38 -1 0 0 0.00
281.61 79.02 590.24 3.25 8.08 0.14354 2206.25 52393 1.100581 8 -1 0 0 0.00
262.07 385.60 786.38 9.61 11.59 0.13614 6516.78 27934 1.100576 27 -1 0 0 0.00
130.75 464.53 664.73 7.39 10.62 0.13147 5013.49 64455 1.099101 15 -1 0 0 0.00
189.79 346.77 638.34 9.75 11.64 0.11296 6613.62 64312 1.098734 18 -1 0 0 0.00
277.05 676.73 506.89 7.95 10.88 0.10196 5391.90 72657 1.095812 32 -1 0 0 0.00
141.91 530.31 468.13 4.51 9.00 0.10565 3054.45 40928 1.094568 10 -1 0 0 0.00
302.60 90.62 605.02 9.11 11.38 0.13956 6176.89 48408 1.094422 30 -1 0 0 0.00
180.79 573.99 548.30 36.57 18.09 0.10637 24793.41 72277 1.092363 62 -1 0 0 0.00
152.15 549.85 479.93 4.89 9.25 0.10524 3312.59 41822 1.087499 22 -1 0 0 0.00
166.53 277.69 485.22 20.84 15.00 0.10706 14131.23 52567 1.084837 78 -1 0 0 0.00
129.31 192.71 433.99 10.50 11.94 0.13338 7122.14 3061 1.083910 66 -1 0 0 0.00
236.70 232.26 563.82 6.06 9.94 0.10596 4108.91 67748 1.083864 20 -1 0 0 0.00
29.78 365.62 446.10 17.66 14.19 0.14111 11975.47 10789 1.083682 54 -1 0 0 0.00
172.93 281.88 594.93 12.06 12.50 0.11716 8175.01 68945 1.083287 40 -1 0 0 0.00
262.66 85.70 581.02 2.13 7.01 0.14294 1444.92 58404 1.079650 2 -1 0 0 0.00
86.36 401.43 497.32 16.82 13.96 0.12154 11403.28 42188 1.078130 20 -1 0 0 0.00
92.19 436.26 496.17 25.39 16.02 0.11893 17214.34 42117 1.077079 61 -1 0 0 0.00
247.26 483.51 711.98 35.74 17.95 0.11613 24229.05 36690 1.076822 80 -1 0 0 0.00
286.10 211.31 599.58 2.68 7.57 0.10737 1814.27 56601 1.071272 5 -1 0 0 0.00
247.36 748.56 615.78 6.09 9.95 0.14103 4131.10 44645 1.071190 31 -1 0 0 0.00
247.78 424.16 732.67 5.96 9.88 0.12089 4038.35 25435 1.069444 12 -1 0 0 0.00
162.87 532.84 673.91 30.24 16.98 0.12907 20504.96 47368 1.066902 68 -1 0 0 0.00
270.46 629.45 586.21 14.42 13.26 0.10154 9774.62 40008 1.065941 50 -1 0 0 0.00
207.42 541.85 600.26 80.79 23.56 0.10288 54776.32 65452 1.065019 137 -1 0 0 0.00
53.98 269.28 433.73 10.02 11.75 0.14250 6795.33 860 1.064180 37 -1 0 0 0.00
120.21 561.07 494.00 7.69 10.76 0.11778 5215.99 49604 1.063550 26 -1 0 0 0.00
267.18 89.42 585.31 2.60 7.49 0.14172 1761.04 58542 1.062326 3 -1 0 0 0.00
89.07 466.24 483.01 10.22 11.83 0.11981 6929.80 50668 1.061649 28 -1 0 0 0.00
217.54 221.80 537.26 17.38 14.12 0.10930 11782.78 73258 1.061210 67 -1 0 0 0.00
133.40 636.95 454.96 6.75 10.30 0.12471 4575.48 21610 1.060985 17 -1 0 0 0.00
90.28 392.35 646.48 8.18 10.98 0.13991 5548.18 67871 1.060277 22 -1 0 0 0.00
162.88 267.69 701.18 9.55 11.56 0.14319 6476.36 49246 1.057733 26 -1 0 0 0.00
155.22 469.72 633.21 94.77 24.85 0.11809 64255.25 65792 1.055166 193 -1 0 0 0.00
320.15 97.60 595.90 18.95 14.53 0.13415 12848.58 55519 1.054713 66 -1 0 0 0.00
267.73 473.29 696.16 39.19 18.51 0.10713 26569.19 25772 1.053331 108 -1 0 0 0.00
333.68 167.58 578.98 2.96 7.83 0.10912 2008.04 48616 1.052978 14 -1 0 0 0.00
179.78 433.88 669.00 20.79 14.98 0.11871 14093.89 50267 1.052387 37 -1 0 0 0.00
288.84 180.88 719.60 15.08 13.47 0.14069 10226.79 28184 1.051741 30 -1 0 0 0.00
113.97 326.67 535.27 39.87 18.62 0.12066 27034.31 75697 1.050979 48 -1 0 0 0.00
315.67 251.22 694.35 2.88 7.75 0.11629 1951.81 27402 1.049797 7 -1 0 0 0.00
116.28 410.53 499.96 46.19 19.55 0.11114 31317.21 42185 1.049732 70 -1 0 0 0.00
304.65 605.92 708.13 5.07 9.36 0.11978 3438.90 8693 1.048848 29 -1 0 0 0.00
104.28 436.81 645.99 3.79 8.49 0.13488 2566.28 67948 1.047753 17 -1 0 0 0.00
275.83 204.03 607.99 7.69 10.76 0.11245 5215.44 56600 1.046370 36 -1 0 0 0.00
187.75 746.90 543.54 5.67 9.72 0.14256 3841.43 71961 1.045866 7 -1 0 0 0.00
238.89 121.60 567.85 1.91 6.76 0.13465 1294.12 69648 1.045771 18 -1 0 0 0.00
87.29 285.32 491.94 67.31 22.17 0.13097 45634.30 53446 1.045233 163 -1 0 0 0.00
222.54 771.82 526.38 3.44 8.23 0.14120 2335.11 71924 1.044733 12 -1 0 0 0.00
289.37 265.68 690.16 2.52 7.42 0.11611 1708.41 47698 1.044387 4 -1 0 0 0.00
175.14 424.11 626.69 322.72 37.38 0.11044 218806.65 51478 1.044289 407 -1 0 0 0.00
192.49 577.16 657.89 73.25 22.80 0.12338 49661.38 45475 1.044231 83 -1 0 0 0.00
253.00 215.45 544.03 11.57 12.33 0.10374 7847.23 69170 1.043897 22 -1 0 0 0.00
92.07 424.55 483.32 3.95 8.61 0.11827 2677.13 50758 1.043390 5 -1 0 0 0.00
104.98 234.98 577.08 7.17 10.51 0.14122 4864.13 74429 1.041616 22 -1 0 0 0.00
128.97 314.51 444.06 2.05 6.92 0.11187 1389.23 9309 1.040885 16 -1 0 0 0.00
283.95 392.28 697.99 10.86 12.07 0.10482 7365.52 41452 1.040659 32 -1 0 0 0.00
182.79 563.00 620.07 20.70 14.96 0.11595 14036.29 64553 1.040019 36 -1 0 0 0.00
210.94 218.39 584.45 8.44 11.09 0.11799 5719.66 68295 1.037775 37 -1 0 0 0.00
329.84 194.90 635.40 141.92 28.43 0.11272 96221.76 43421 1.036911 192 -1 0 0 0.00
159.54 255.82 580.64 25.06 15.95 0.12286 16988.32 69880 1.036172 43 -1 0 0 0.00
308.08 620.43 711.78 19.41 14.65 0.12296 13160.87 59836 1.035599 67 -1 0 0 0.00
154.95 461.55 550.62 37.29 18.21 0.10365 25282.69 73925 1.034468 93 -1 0 0 0.00
84.32 341.01 630.96 8.01 10.91 0.14191 5433.55 68697 1.034358 19 -1 0 0 0.00
123.41 409.52 645.92 85.94 24.05 0.12946 58269.33 67043 1.034052 168 -1 0 0 0.00
174.00 559.18 649.80 68.43 22.29 0.12378 46395.60 64613 1.034021 165 -1 0 0 0.00
139.94 508.32 554.53 33.49 17.57 0.11165 22704.05 73685 1.032154 58 -1 0 0 0.00
162.76 384.40 614.61 314.02 37.04 0.11276 212909.00 67873 1.030557 401 -1 0 0 0.00
175.47 514.25 724.33 19.54 14.68 0.13680 13249.38 40072 1.029962 36 -1 0 0 0.00
151.13 464.53 600.24 56.59 20.92 0.11277 38369.30 68100 1.029624 77 -1 0 0 0.00
302.18 247.63 675.13 7.54 10.69 0.11367 5111.43 47659 1.029600 10 -1 0 0 0.00
208.65 225.08 652.98 6.16 9.99 0.12959 4175.69 51129 1.029591 12 -1 0 0 0.00
247.24 747.99 567.17 14.86 13.40 0.13402 10075.47 46371 1.026634 20 -1 0 0 0.00
94.23 658.37 501.25 5.59 9.67 0.14230 3788.77 45256 1.024419 30 -1 0 0 0.00
274.24 515.76 773.92 3.10 7.95 0.13244 2103.10 75913 1.022973 17 -1 0 0 0.00
263.81 377.41 728.16 17.94 14.27 0.11818 12166.57 25568 1.022603 47 -1 0 0 0.00
312.80 208.79 581.78 61.49 21.51 0.10068 41693.29 48495 1.021570 151 -1 0 0 0.00
171.34 517.68 698.19 37.04 18.17 0.13140 25110.12 46829 1.021341 75 -1 0 0 0.00
252.34 667.02 706.30 3.61 8.36 0.13867 2448.10 23153 1.020566 13 -1 0 0 0.00
258.20 737.13 601.25 4.78 9.18 0.13384 3240.29 39818 1.019583 10 -1 0 0 0.00
285.72 432.60 698.79 2.01 6.87 0.10380 1359.94 28154 1.018867 11 -1 0 0 0.00
147.34 416.62 577.13 11.03 12.13 0.10967 7475.65 72205 1.017500 26 -1 0 0 0.00
109.90 490.79 494.25 8.46 11.11 0.11443 5736.60 48680 1.015179 19 -1 0 0 0.00
205.56 628.36 628.41 33.25 17.52 0.12281 22540.52 45396 1.014382 74 -1 0 0 0.00
193.58 285.90 677.45 113.82 26.41 0.12804 77170.23 49245 1.014369 190 -1 0 0 0.00
239.48 129.11 508.06 9.89 11.70 0.12653 6704.00 75492 1.014244 24 -1 0 0 0.00
228.32 637.52 526.97 4.73 9.15 0.10393 3208.13 72175 1.013783 14 -1 0 0 0.00
179.91 270.98 698.98 13.44 12.96 0.13830 9109.61 49290 1.013358 47 -1 0 0 0.00
297.70 611.44 738.68 42.65 19.04 0.13024 28914.17 8697 1.013177 106 -1 0 0 0.00
169.93 271.46 680.96 4.88 9.24 0.13640 3306.74 51064 1.013127 13 -1 0 0 0.00
141.24 572.90 530.41 22.27 15.33 0.11581 15097.83 77535 1.011672 61 -1 0 0 0.00
168.72 359.45 722.72 9.42 11.51 0.13746 6386.09 46949 1.011666 29 -1 0 0 0.00
163.55 126.83 508.47 1.83 6.67 0.14318 1242.34 56704 1.011035 16 -1 0 0 0.00
166.58 681.26 632.74 2.75 7.63 0.14325 1862.09 64549 1.010463 10 -1 0 0 0.00
262.11 257.49 761.55 4.44 8.96 0.14131 3011.59 43236 1.009287 17 -1 0 0 0.00
105.62 506.39 663.60 25.83 16.11 0.14035 17511.54 67644 1.009003 38 -1 0 0 0.00
53.52 412.94 466.51 10.09 11.78 0.13129 6838.80 26227 1.008132 58 -1 0 0 0.00
291.42 623.54 771.90 7.41 10.62 0.14264 5024.15 60946 1.007642 23 -1 0 0 0.00
289.80 398.73 721.90 2.00 6.87 0.11096 1356.03 27735 1.007416 5 -1 0 0 0.00
64.16 427.62 487.34 78.44 23.33 0.12822 53183.50 44762 1.006799 187 -1 0 0 0.00
239.08 227.93 536.97 10.82 12.05 0.10283 7333.19 69901 1.006116 24 -1 0 0 0.00
208.73 147.02 583.66 31.76 17.26 0.13553 21530.63 69171 1.005516 85 -1 0 0 0.00
217.69 380.67 682.70 8.92 11.30 0.11437 6050.02 46624 1.004610 35 -1 0 0 0.00
290.32 123.55 575.32 7.74 10.78 0.12695 5250.53 57268 1.003251 21 -1 0 0 0.00
130.48 314.39 550.28 25.94 16.13 0.11853 17585.75 73077 1.003219 38 -1 0 0 0.00
193.72 585.21 561.13 2.07 6.94 0.10639 1400.13 71413 1.001748 3 -1 0 0 0.00
212.11 750.50 532.55 6.20 10.01 0.13755 4200.79 71301 1.000861 18 -1 0 0 0.00
96.48 310.43 616.67 11.13 12.17 0.13875 7544.59 72344 1.000701 29 -1 0 0 0.00
