# RA, dec, redshift, radius (Mpc/h), void ID
232.75 17.88 0.11943 38.13 69889
137.06 48.45 0.11997 7.80 23062
204.77 -0.60 0.10262 8.12 862
177.27 -1.79 0.13385 6.64 4938
140.56 5.78 0.12031 27.24 21818
175.27 -1.45 0.11822 7.80 4923
218.37 0.47 0.12606 11.02 3067
125.40 42.74 0.10296 14.37 25705
251.17 25.50 0.10166 13.06 55522
190.76 64.74 0.13513 17.67 6205
239.58 30.11 0.11796 20.18 55305
140.70 54.10 0.12011 21.48 20550
185.64 64.46 0.10623 9.42 22813
210.72 0.30 0.11440 11.72 2351
178.45 -0.99 0.13028 9.20 4946
183.07 3.87 0.13886 16.72 11161
126.09 16.88 0.10583 18.75 70862
222.21 25.50 0.12982 22.51 69165
159.34 61.07 0.11734 10.78 21220
213.45 0.34 0.12026 11.33 10839
191.65 61.10 0.12826 23.56 41499
176.77 -1.28 0.10697 6.73 4935
203.74 42.72 0.10905 36.78 49350
168.01 27.47 0.11329 29.42 72312
125.58 45.04 0.13636 22.90 20975
149.24 30.24 0.12402 29.01 66041
131.57 23.33 0.11094 8.04 64918
129.72 36.40 0.11010 6.95 38231
147.91 6.68 0.11781 18.20 41816
166.45 8.38 0.12114 18.48 41628
237.76 20.26 0.13886 9.20 68534
160.66 15.88 0.12506 31.26 46315
160.57 60.80 0.13876 15.57 27904
220.66 1.15 0.11990 9.88 2713
222.43 10.25 0.13663 22.33 49722
125.07 26.21 0.11831 33.65 44908
221.31 49.11 0.14157 11.77 42788
247.04 25.41 0.12201 23.89 56975
127.04 53.45 0.10871 20.01 59744
220.33 35.26 0.12250 7.36 54877
197.06 0.22 0.11040 15.06 588
212.99 20.04 0.13090 21.10 73130
215.98 0.45 0.12331 10.58 2700
194.90 0.25 0.13811 16.71 2687
183.28 3.41 0.12115 22.74 26226
127.39 40.13 0.12723 11.01 37263
226.64 35.04 0.11837 18.10 51175
198.22 46.83 0.11957 13.27 46975
142.88 36.63 0.14141 11.69 45557
214.64 -0.20 0.14134 9.28 2702
245.89 30.79 0.10790 29.06 56011
236.06 7.07 0.13368 13.04 52702
207.72 20.36 0.10879 20.23 73345
119.86 35.62 0.14296 9.17 37503
142.60 30.44 0.11803 15.50 63793
152.08 43.04 0.12854 25.42 39724
208.78 27.21 0.12807 22.87 69190
132.44 17.51 0.10265 11.58 72223
240.24 16.97 0.14054 9.19 70010
227.37 36.69 0.12750 7.67 49167
132.38 18.09 0.11710 18.69 71728
218.67 53.37 0.11330 25.78 47397
213.47 8.92 0.10916 10.25 52815
191.58 64.77 0.10630 11.43 22816
157.91 8.67 0.12985 24.58 42204
193.82 16.76 0.13623 22.10 75823
216.68 24.12 0.11134 28.30 68779
186.78 6.00 0.12814 15.90 24210
211.13 0.46 0.13593 19.87 1123
201.84 57.54 0.10396 17.51 47892
144.43 15.99 0.11126 30.02 76986
205.57 56.80 0.13979 16.85 25571
165.36 58.88 0.13456 15.62 26003
253.28 34.13 0.14110 7.06 29195
240.17 40.64 0.13801 18.98 43033
137.47 31.53 0.10787 21.11 45550
186.90 63.13 0.12198 21.07 28587
155.84 29.10 0.10991 32.50 65694
155.71 46.22 0.10900 18.51 46912
185.75 2.60 0.10744 19.39 11644
128.83 33.44 0.10829 13.13 65295
236.67 13.37 0.11432 13.34 75549
226.42 17.02 0.11364 11.07 73145
178.70 19.29 0.10697 25.93 74065
163.32 43.97 0.11766 30.16 49106
135.69 29.00 0.11260 16.82 65200
138.13 26.59 0.14416 7.41 65600
158.66 13.40 0.10336 13.94 46254
157.67 6.65 0.14294 12.02 40926
187.15 2.81 0.13229 13.61 11391
168.34 52.72 0.12826 31.52 36760
243.56 12.87 0.12945 13.54 75555
249.75 22.76 0.12988 8.14 56937
153.31 40.29 0.11333 17.64 49455
157.29 6.77 0.10110 11.99 40849
156.91 63.19 0.13323 9.96 21333
166.51 37.52 0.12863 34.64 64425
175.64 53.31 0.11526 24.86 42531
145.88 9.51 0.12464 20.75 42139
232.44 20.72 0.14399 9.74 69481
138.70 7.66 0.14341 9.32 45761
207.00 26.49 0.10139 24.72 68982
217.38 1.42 0.11082 7.90 11836
215.23 41.01 0.14147 10.45 49355
157.34 22.32 0.13809 18.08 72134
154.03 15.16 0.13464 23.20 77593
213.27 -0.05 0.12589 7.16 2000
250.55 32.98 0.12534 11.29 47507
213.52 52.78 0.12594 18.68 42782
125.29 50.85 0.13426 15.85 9153
237.78 17.75 0.14208 10.34 69936
208.26 11.49 0.14412 10.65 51286
180.91 59.11 0.12974 7.56 41417
222.76 0.77 0.13523 14.22 3072
238.60 34.67 0.12765 11.90 55791
175.15 40.91 0.11882 23.07 64603
219.14 0.53 0.11513 9.76 2024
142.38 59.01 0.14189 9.09 8190
214.61 13.34 0.14073 8.62 56750
252.22 23.47 0.11652 12.27 55859
143.45 60.79 0.11669 15.03 8516
191.12 21.09 0.12336 31.44 73436
202.72 32.78 0.13163 14.30 66893
138.15 4.19 0.12676 11.77 21816
252.41 22.59 0.12128 7.87 48460
242.47 43.02 0.10387 18.33 43511
242.11 13.97 0.10541 8.89 75616
165.48 7.65 0.10263 10.78 41710
144.80 61.11 0.13691 17.03 8193
122.63 14.56 0.11346 12.16 71300
183.75 7.90 0.11075 28.13 50463
214.93 26.59 0.13396 20.13 68109
181.04 51.98 0.10677 32.67 42419
181.92 29.14 0.14415 7.09 71321
226.91 12.00 0.11797 20.97 56530
156.79 50.97 0.12675 26.74 37966
183.23 1.96 0.13024 12.77 12032
211.57 57.65 0.13122 9.08 43725
123.84 31.94 0.10159 24.25 38479
223.60 0.09 0.14308 7.46 640
202.32 13.74 0.12229 30.83 49777
237.88 50.12 0.13768 21.34 7396
124.44 17.44 0.11741 25.11 70899
152.65 11.43 0.12177 25.89 76763
134.49 6.34 0.12425 16.29 45633
182.64 62.73 0.10721 7.11 27645
210.24 25.56 0.14098 12.38 69921
146.86 28.93 0.10323 13.14 66038
231.27 32.99 0.12740 13.35 55297
210.63 11.09 0.13370 11.52 49707
188.51 24.61 0.13716 16.85 73936
222.07 9.85 0.12462 15.57 51379
246.47 41.42 0.13988 15.46 68368
199.45 60.68 0.10416 8.95 28160
197.62 55.19 0.14281 8.73 42726
210.99 23.75 0.13080 19.10 74031
138.14 25.60 0.14291 7.63 65905
213.34 27.36 0.14242 10.57 68985
124.13 53.30 0.13997 8.53 59929
242.94 40.83 0.12209 34.36 68404
231.49 7.38 0.12385 11.84 52687
216.25 16.09 0.10160 10.59 74128
203.40 13.02 0.10067 29.82 48798
157.29 63.28 0.11654 6.85 6211
204.69 46.75 0.12741 19.35 47088
166.98 7.19 0.10920 13.06 41630
160.59 52.76 0.14089 9.26 42527
201.24 0.38 0.10504 10.06 3342
132.88 56.43 0.12747 23.18 60841
205.00 11.10 0.11374 21.95 49780
181.00 27.75 0.12329 29.97 72019
205.42 59.01 0.12956 6.99 26026
134.70 56.31 0.10808 13.94 8705
183.55 10.25 0.13811 20.74 48664
122.21 15.89 0.13801 18.49 70897
183.20 29.10 0.13162 8.68 71648
118.42 32.58 0.14597 6.80 36887
121.03 48.33 0.12771 16.31 60830
204.01 29.68 0.12942 21.23 68121
234.31 47.06 0.12190 23.78 43678
183.20 57.75 0.12801 12.56 37658
178.90 39.87 0.13145 17.10 51781
236.39 48.76 0.10269 23.53 27367
223.38 24.09 0.12114 10.44 68782
162.56 29.96 0.14183 9.03 68426
218.42 54.25 0.10071 16.22 47598
179.07 13.32 0.11300 14.22 48731
189.12 14.26 0.10852 29.05 48780
123.72 14.12 0.12621 11.80 71383
216.97 39.03 0.13390 14.69 49054
240.41 48.19 0.11855 15.23 28694
145.88 33.27 0.10918 21.35 46534
218.71 27.32 0.12013 17.52 67740
235.41 32.42 0.12480 12.16 56596
212.53 28.88 0.13669 11.88 67753
253.02 22.13 0.12923 8.74 48459
162.35 57.89 0.12662 19.55 25902
208.64 20.64 0.11715 15.03 73127
169.41 60.73 0.13014 7.84 27543
184.07 4.76 0.13392 13.79 13064
199.03 -0.62 0.11893 8.95 6596
250.65 28.60 0.14343 7.64 54565
146.29 18.31 0.12205 33.78 73674
216.70 24.17 0.12622 16.30 69253
187.01 27.77 0.13853 20.10 72337
140.37 52.31 0.10249 9.60 25964
209.15 10.01 0.11861 15.87 53451
153.73 46.83 0.11707 15.20 39798
242.33 29.67 0.13147 17.55 55330
250.40 33.38 0.10330 12.47 47503
145.43 31.55 0.14003 14.36 65289
226.01 35.52 0.12715 8.20 51174
166.05 29.56 0.14346 7.32 68098
176.99 54.23 0.12730 17.58 42481
180.69 26.64 0.10605 13.41 72204
231.51 32.94 0.11527 13.01 55651
136.09 20.70 0.13581 18.02 71399
171.64 11.23 0.10814 26.93 48679
227.33 34.51 0.11031 7.39 55147
142.54 29.60 0.10796 12.52 65176
208.67 20.44 0.12659 14.65 73169
235.72 43.45 0.13761 18.68 47556
142.06 59.21 0.12794 16.81 7784
210.53 11.36 0.13948 8.56 49656
151.20 45.69 0.14281 12.11 40602
237.07 22.10 0.13445 7.43 66145
165.51 50.64 0.10935 16.82 39662
203.25 3.03 0.14195 7.04 12885
142.09 2.14 0.14324 10.60 12126
234.30 7.50 0.12171 12.41 52696
220.89 14.11 0.14196 10.85 56851
207.19 41.07 0.13894 14.47 55271
206.53 12.34 0.14289 7.19 49993
194.49 9.81 0.12057 21.21 52795
237.47 14.36 0.13346 13.96 73588
151.33 39.58 0.10086 27.75 44422
176.72 42.95 0.12942 13.50 51092
209.89 53.29 0.10287 14.78 50120
130.06 33.74 0.12683 23.77 44973
189.55 31.10 0.14076 11.20 69152
134.37 19.84 0.11002 10.93 71820
135.25 57.31 0.11727 18.95 8706
167.45 12.78 0.11860 15.10 48718
249.33 41.56 0.13652 9.62 29379
185.62 9.72 0.12838 12.09 48669
207.07 47.46 0.11796 13.37 48193
238.73 14.77 0.14125 12.86 75149
219.62 25.39 0.10174 18.44 67721
195.02 49.49 0.11816 8.50 46625
119.29 33.15 0.11881 10.89 36970
215.52 29.11 0.11761 7.15 67760
192.12 1.34 0.13195 6.62 1389
223.99 51.41 0.12501 22.41 47488
211.70 56.29 0.13888 13.09 43548
200.40 49.77 0.10449 25.40 46582
223.01 13.84 0.12565 19.17 74652
226.90 24.01 0.13333 21.10 69478
137.05 10.43 0.13224 9.44 64162
230.55 48.82 0.10947 20.79 47655
202.80 24.94 0.13861 19.95 69197
122.68 22.70 0.10734 13.13 45501
216.02 11.07 0.13318 14.71 51294
235.02 7.14 0.12833 12.71 53181
189.08 9.53 0.12178 14.42 52550
183.89 46.14 0.10712 16.22 46835
213.40 42.76 0.14071 8.07 47937
221.37 20.76 0.10336 11.94 70219
246.83 22.17 0.14354 8.08 52393
195.55 63.30 0.13614 11.59 27934
174.09 37.28 0.13147 10.62 64455
199.55 38.45 0.11296 11.64 64312
122.67 14.29 0.10196 10.88 72657
161.57 6.49 0.10565 9.00 40928
249.13 25.10 0.13956 11.38 48408
150.85 21.71 0.10637 18.09 72277
157.46 8.73 0.10524 9.25 41822
210.25 9.56 0.10706 15.00 52567
218.36 0.11 0.13338 11.94 3061
225.64 24.92 0.10596 9.94 67748
189.51 1.80 0.14111 14.19 10789
210.18 28.24 0.11716 12.50 68945
243.86 20.90 0.14294 7.01 58404
185.24 10.43 0.12154 13.96 42188
179.49 10.46 0.11893 16.02 42117
164.87 55.35 0.11613 17.95 36690
236.46 32.00 0.10737 7.57 56601
120.52 26.51 0.14103 9.95 44645
182.80 58.20 0.12089 9.88 25435
159.77 39.87 0.12907 16.98 47368
129.67 30.97 0.10154 13.26 40008
154.31 33.69 0.10288 23.56 65452
203.38 0.07 0.14250 11.75 860
157.78 10.19 0.11778 10.76 49604
244.22 21.72 0.14172 7.49 58542
174.52 8.19 0.11981 11.83 50668
224.43 19.01 0.10930 14.12 73258
145.80 3.43 0.12471 10.30 21610
186.80 31.69 0.13991 10.98 67871
211.48 40.21 0.14319 11.56 49246
172.52 35.50 0.11809 24.85 65792
251.38 24.67 0.13415 14.53 55519
166.39 57.07 0.10713 18.51 25772
249.46 27.19 0.10912 7.83 48616
179.85 42.93 0.11871 14.98 50267
240.22 44.57 0.14069 13.47 28184
198.46 16.87 0.12066 18.62 75697
237.14 50.32 0.11629 7.75 27402
184.09 11.86 0.11114 19.55 42185
126.67 51.93 0.11978 9.36 8693
179.38 32.89 0.13488 8.49 67948
235.52 32.15 0.11245 10.76 56600
128.05 15.48 0.14256 9.72 71961
238.05 20.13 0.13465 6.76 69648
203.15 8.87 0.13097 22.17 53446
121.89 13.15 0.14120 8.23 71924
229.35 49.32 0.11611 7.42 47698
182.02 36.84 0.11044 37.38 51478
149.12 38.69 0.12338 22.80 45475
230.39 21.40 0.10374 12.33 69170
181.46 8.35 0.11827 8.61 50758
211.13 20.56 0.14122 10.51 74429
201.31 1.90 0.11187 6.92 9309
195.34 59.69 0.10482 12.07 41452
152.61 33.52 0.11595 14.96 64553
224.02 26.07 0.11799 11.09 68295
246.55 37.89 0.11272 28.43 43421
212.95 24.32 0.12286 15.95 69880
123.76 51.05 0.12296 14.65 59836
174.19 22.77 0.10365 18.21 73925
194.80 28.72 0.14191 10.91 68697
184.37 34.39 0.12946 24.05 67043
154.08 36.92 0.12378 22.29 64613
165.64 21.84 0.11165 17.57 73685
190.23 33.42 0.11276 37.04 67873
162.55 47.13 0.13680 14.68 40072
173.67 30.47 0.11277 20.92 68100
234.78 46.80 0.11367 10.69 47659
222.83 35.67 0.12959 9.99 51129
120.58 20.12 0.13402 13.40 46371
146.41 9.49 0.14230 9.67 45256
152.56 62.27 0.13244 7.95 75913
198.23 58.84 0.11818 14.27 25568
241.78 30.25 0.10068 21.51 48495
162.12 43.92 0.13140 18.17 46829
127.73 42.73 0.13867 8.36 23153
119.94 25.60 0.13384 9.18 39818
180.24 60.95 0.10380 6.87 28154
183.32 26.68 0.10967 12.13 72205
169.90 10.53 0.11443 11.11 48680
139.40 33.06 0.12281 17.52 45396
211.58 40.96 0.12804 26.41 49245
237.50 11.73 0.12653 11.70 75492
135.08 17.95 0.10393 9.15 72175
212.64 41.46 0.13830 12.96 49290
127.25 53.76 0.13024 19.04 8697
211.57 38.72 0.13640 9.24 51064
154.43 16.71 0.11581 15.33 77535
195.58 46.51 0.13746 11.51 46949
228.65 10.45 0.14318 6.67 56704
137.07 28.72 0.14325 7.63 64549
225.76 53.24 0.14131 8.96 43236
167.41 34.46 0.14035 16.11 67644
183.06 5.00 0.13129 11.78 26227
126.69 54.98 0.14264 10.62 60946
193.52 62.93 0.11096 6.87 27735
180.87 8.34 0.12822 23.33 44762
226.60 20.16 0.10283 12.05 69901
231.89 22.47 0.13553 17.26 69171
193.70 48.36 0.11437 11.30 46624
245.23 22.62 0.12695 10.78 57268
201.43 19.80 0.11853 16.13 73077
147.60 24.27 0.10639 6.94 71413
124.87 14.40 0.13755 10.01 71301
200.03 27.10 0.13875 12.17 72344
