23062 9.800673e+00 7.800332e+00 0.000000e+00 0.000000e+00 0.000000e+00
862 1.282247e+01 8.120124e+00 0.000000e+00 0.000000e+00 0.000000e+00
22813 1.896545e+01 9.417579e+00 0.000000e+00 0.000000e+00 0.000000e+00
2351 1.914875e+01 1.172101e+01 0.000000e+00 0.000000e+00 0.000000e+00
72312 1.009716e+02 2.941739e+01 0.000000e+00 0.000000e+00 0.000000e+00
64918 1.284323e+01 8.036255e+00 0.000000e+00 0.000000e+00 0.000000e+00
38231 1.272283e+01 6.945936e+00 0.000000e+00 0.000000e+00 0.000000e+00
68534 1.654544e+01 9.200117e+00 0.000000e+00 0.000000e+00 0.000000e+00
42788 2.360386e+01 1.176686e+01 0.000000e+00 0.000000e+00 0.000000e+00
5808 1.101591e+01 6.770023e+00 0.000000e+00 0.000000e+00 0.000000e+00
54877 1.103530e+01 7.360741e+00 0.000000e+00 0.000000e+00 0.000000e+00
71614 2.537315e+01 1.475471e+01 0.000000e+00 0.000000e+00 0.000000e+00
44695 1.918384e+01 7.221366e+00 0.000000e+00 0.000000e+00 0.000000e+00
46975 2.759774e+01 1.327355e+01 0.000000e+00 0.000000e+00 0.000000e+00
45557 2.378076e+01 1.169268e+01 0.000000e+00 0.000000e+00 0.000000e+00
2702 1.786425e+01 9.281070e+00 0.000000e+00 0.000000e+00 0.000000e+00
37503 1.868166e+01 9.166514e+00 0.000000e+00 0.000000e+00 0.000000e+00
49167 1.601417e+01 7.665338e+00 0.000000e+00 0.000000e+00 0.000000e+00
52815 1.806540e+01 1.025046e+01 0.000000e+00 0.000000e+00 0.000000e+00
22816 1.720232e+01 1.142851e+01 0.000000e+00 0.000000e+00 0.000000e+00
75823 3.855160e+01 2.209542e+01 0.000000e+00 0.000000e+00 0.000000e+00
24210 2.780070e+01 1.589941e+01 0.000000e+00 0.000000e+00 0.000000e+00
29195 1.228581e+01 7.055269e+00 0.000000e+00 0.000000e+00 0.000000e+00
65694 6.205399e+01 3.250058e+01 0.000000e+00 0.000000e+00 0.000000e+00
46912 3.327282e+01 1.851274e+01 0.000000e+00 0.000000e+00 0.000000e+00
65295 2.351193e+01 1.313276e+01 0.000000e+00 0.000000e+00 0.000000e+00
49882 2.525850e+01 1.016246e+01 0.000000e+00 0.000000e+00 0.000000e+00
73114 8.089378e+01 3.433331e+01 0.000000e+00 0.000000e+00 0.000000e+00
75549 2.688121e+01 1.334279e+01 0.000000e+00 0.000000e+00 0.000000e+00
73145 6.032202e+01 1.106805e+01 0.000000e+00 0.000000e+00 0.000000e+00
74065 8.175466e+01 2.593145e+01 0.000000e+00 0.000000e+00 0.000000e+00
49106 6.982192e+01 3.016180e+01 0.000000e+00 0.000000e+00 0.000000e+00
6210 1.646866e+01 7.371732e+00 0.000000e+00 0.000000e+00 0.000000e+00
65600 1.631301e+01 7.407694e+00 0.000000e+00 0.000000e+00 0.000000e+00
40926 1.977694e+01 1.201995e+01 0.000000e+00 0.000000e+00 0.000000e+00
37057 1.461299e+01 7.632090e+00 0.000000e+00 0.000000e+00 0.000000e+00
51773 8.618591e+01 2.678016e+01 0.000000e+00 0.000000e+00 0.000000e+00
49455 4.393395e+01 1.764366e+01 0.000000e+00 0.000000e+00 0.000000e+00
73086 5.715250e+01 1.553377e+01 0.000000e+00 0.000000e+00 0.000000e+00
73076 7.064684e+01 3.175863e+01 0.000000e+00 0.000000e+00 0.000000e+00
11836 1.270327e+01 7.902874e+00 0.000000e+00 0.000000e+00 0.000000e+00
49355 2.385800e+01 1.045027e+01 0.000000e+00 0.000000e+00 0.000000e+00
72134 3.332428e+01 1.808377e+01 0.000000e+00 0.000000e+00 0.000000e+00
77593 4.301579e+01 2.320104e+01 0.000000e+00 0.000000e+00 0.000000e+00
2000 1.723331e+01 7.156171e+00 0.000000e+00 0.000000e+00 0.000000e+00
47507 2.444218e+01 1.129052e+01 0.000000e+00 0.000000e+00 0.000000e+00
42782 3.216842e+01 1.867731e+01 0.000000e+00 0.000000e+00 0.000000e+00
69936 2.012879e+01 1.033758e+01 0.000000e+00 0.000000e+00 0.000000e+00
51286 1.650751e+01 1.064571e+01 0.000000e+00 0.000000e+00 0.000000e+00
41417 1.953785e+01 7.561098e+00 0.000000e+00 0.000000e+00 0.000000e+00
55791 2.412975e+01 1.190224e+01 0.000000e+00 0.000000e+00 0.000000e+00
64603 7.216471e+01 2.307357e+01 0.000000e+00 0.000000e+00 0.000000e+00
8190 2.273129e+01 9.087022e+00 0.000000e+00 0.000000e+00 0.000000e+00
56750 1.885204e+01 8.616133e+00 0.000000e+00 0.000000e+00 0.000000e+00
55859 2.040082e+01 1.227188e+01 0.000000e+00 0.000000e+00 0.000000e+00
72834 2.611882e+01 8.647787e+00 0.000000e+00 0.000000e+00 0.000000e+00
73436 7.479050e+01 3.143564e+01 0.000000e+00 0.000000e+00 0.000000e+00
66893 2.872561e+01 1.430255e+01 0.000000e+00 0.000000e+00 0.000000e+00
21816 2.895367e+01 1.177445e+01 0.000000e+00 0.000000e+00 0.000000e+00
41623 1.911399e+01 1.050169e+01 0.000000e+00 0.000000e+00 0.000000e+00
48460 1.799881e+01 7.868607e+00 0.000000e+00 0.000000e+00 0.000000e+00
43511 3.289898e+01 1.832833e+01 0.000000e+00 0.000000e+00 0.000000e+00
75616 1.975338e+01 8.886898e+00 0.000000e+00 0.000000e+00 0.000000e+00
71300 2.225045e+01 1.215869e+01 0.000000e+00 0.000000e+00 0.000000e+00
68109 3.463718e+01 2.013404e+01 0.000000e+00 0.000000e+00 0.000000e+00
63922 2.395504e+01 1.143381e+01 0.000000e+00 0.000000e+00 0.000000e+00
51044 2.849739e+01 1.345338e+01 0.000000e+00 0.000000e+00 0.000000e+00
71321 1.641792e+01 7.091979e+00 0.000000e+00 0.000000e+00 0.000000e+00
56530 4.684044e+01 2.097322e+01 0.000000e+00 0.000000e+00 0.000000e+00
43725 1.936794e+01 9.077997e+00 0.000000e+00 0.000000e+00 0.000000e+00
640 1.813696e+01 7.455640e+00 0.000000e+00 0.000000e+00 0.000000e+00
49777 5.101232e+01 3.082766e+01 0.000000e+00 0.000000e+00 0.000000e+00
76763 5.030085e+01 2.588637e+01 0.000000e+00 0.000000e+00 0.000000e+00
45633 3.384312e+01 1.628989e+01 0.000000e+00 0.000000e+00 0.000000e+00
27645 1.752136e+01 7.109730e+00 0.000000e+00 0.000000e+00 0.000000e+00
69921 2.521226e+01 1.238119e+01 0.000000e+00 0.000000e+00 0.000000e+00
66038 2.140004e+01 1.314162e+01 0.000000e+00 0.000000e+00 0.000000e+00
55297 2.147805e+01 1.335154e+01 0.000000e+00 0.000000e+00 0.000000e+00
49707 2.195123e+01 1.152170e+01 0.000000e+00 0.000000e+00 0.000000e+00
73936 3.597672e+01 1.684968e+01 0.000000e+00 0.000000e+00 0.000000e+00
68368 2.834320e+01 1.546288e+01 0.000000e+00 0.000000e+00 0.000000e+00
12575 1.205889e+01 8.352748e+00 0.000000e+00 0.000000e+00 0.000000e+00
28160 1.524083e+01 8.953008e+00 0.000000e+00 0.000000e+00 0.000000e+00
42726 2.009354e+01 8.728363e+00 0.000000e+00 0.000000e+00 0.000000e+00
74031 4.719756e+01 1.910385e+01 0.000000e+00 0.000000e+00 0.000000e+00
65905 1.991569e+01 7.626684e+00 0.000000e+00 0.000000e+00 0.000000e+00
68985 2.118387e+01 1.057204e+01 0.000000e+00 0.000000e+00 0.000000e+00
59929 2.052078e+01 8.526805e+00 0.000000e+00 0.000000e+00 0.000000e+00
52687 2.216958e+01 1.184332e+01 0.000000e+00 0.000000e+00 0.000000e+00
74128 1.947163e+01 1.059210e+01 0.000000e+00 0.000000e+00 0.000000e+00
65990 2.732738e+01 1.465530e+01 0.000000e+00 0.000000e+00 0.000000e+00
64606 2.536097e+01 1.263210e+01 0.000000e+00 0.000000e+00 0.000000e+00
6211 1.282067e+01 6.848744e+00 0.000000e+00 0.000000e+00 0.000000e+00
47088 3.786153e+01 1.934813e+01 0.000000e+00 0.000000e+00 0.000000e+00
42527 2.545342e+01 9.262671e+00 0.000000e+00 0.000000e+00 0.000000e+00
3342 1.805447e+01 1.006359e+01 0.000000e+00 0.000000e+00 0.000000e+00
72019 7.500497e+01 2.997396e+01 0.000000e+00 0.000000e+00 0.000000e+00
26026 1.938705e+01 6.990505e+00 0.000000e+00 0.000000e+00 0.000000e+00
55222 2.623638e+01 8.028256e+00 0.000000e+00 0.000000e+00 0.000000e+00
48664 3.329203e+01 2.074478e+01 0.000000e+00 0.000000e+00 0.000000e+00
71648 5.149617e+01 8.676222e+00 0.000000e+00 0.000000e+00 0.000000e+00
36887 1.136628e+01 6.796973e+00 0.000000e+00 0.000000e+00 0.000000e+00
37658 2.718344e+01 1.256245e+01 0.000000e+00 0.000000e+00 0.000000e+00
51781 5.199519e+01 1.710207e+01 0.000000e+00 0.000000e+00 0.000000e+00
68782 3.134779e+01 1.044194e+01 0.000000e+00 0.000000e+00 0.000000e+00
68426 2.286520e+01 9.030364e+00 0.000000e+00 0.000000e+00 0.000000e+00
48731 5.311346e+01 1.422445e+01 0.000000e+00 0.000000e+00 0.000000e+00
71383 1.989240e+01 1.179871e+01 0.000000e+00 0.000000e+00 0.000000e+00
49054 2.857770e+01 1.469186e+01 0.000000e+00 0.000000e+00 0.000000e+00
28694 2.527988e+01 1.523093e+01 0.000000e+00 0.000000e+00 0.000000e+00
46534 3.937289e+01 2.134661e+01 0.000000e+00 0.000000e+00 0.000000e+00
56596 2.584411e+01 1.216165e+01 0.000000e+00 0.000000e+00 0.000000e+00
67753 2.420542e+01 1.188314e+01 0.000000e+00 0.000000e+00 0.000000e+00
74865 5.046675e+01 2.394874e+01 0.000000e+00 0.000000e+00 0.000000e+00
48459 1.878718e+01 8.742483e+00 0.000000e+00 0.000000e+00 0.000000e+00
47277 3.359808e+01 1.966400e+01 0.000000e+00 0.000000e+00 0.000000e+00
27543 1.502264e+01 7.836012e+00 0.000000e+00 0.000000e+00 0.000000e+00
21946 1.966955e+01 8.742021e+00 0.000000e+00 0.000000e+00 0.000000e+00
13064 3.857190e+01 1.379002e+01 0.000000e+00 0.000000e+00 0.000000e+00
6596 1.457091e+01 8.953700e+00 0.000000e+00 0.000000e+00 0.000000e+00
54565 1.444812e+01 7.636520e+00 0.000000e+00 0.000000e+00 0.000000e+00
69253 4.391713e+01 1.629602e+01 0.000000e+00 0.000000e+00 0.000000e+00
25964 1.881637e+01 9.599511e+00 0.000000e+00 0.000000e+00 0.000000e+00
53451 2.930060e+01 1.586689e+01 0.000000e+00 0.000000e+00 0.000000e+00
39798 2.743977e+01 1.520213e+01 0.000000e+00 0.000000e+00 0.000000e+00
55330 3.322456e+01 1.754763e+01 0.000000e+00 0.000000e+00 0.000000e+00
65289 2.790011e+01 1.435594e+01 0.000000e+00 0.000000e+00 0.000000e+00
51174 1.870775e+01 8.197844e+00 0.000000e+00 0.000000e+00 0.000000e+00
68098 1.829238e+01 7.320929e+00 0.000000e+00 0.000000e+00 0.000000e+00
72204 1.078380e+02 1.340692e+01 0.000000e+00 0.000000e+00 0.000000e+00
55147 1.861803e+01 7.388050e+00 0.000000e+00 0.000000e+00 0.000000e+00
73169 3.045996e+01 1.464935e+01 0.000000e+00 0.000000e+00 0.000000e+00
49656 2.126037e+01 8.561369e+00 0.000000e+00 0.000000e+00 0.000000e+00
66145 1.285671e+01 7.430342e+00 0.000000e+00 0.000000e+00 0.000000e+00
39662 4.699142e+01 1.681680e+01 0.000000e+00 0.000000e+00 0.000000e+00
12885 1.472658e+01 7.042885e+00 0.000000e+00 0.000000e+00 0.000000e+00
52696 2.299041e+01 1.240976e+01 0.000000e+00 0.000000e+00 0.000000e+00
74518 5.584695e+01 2.738489e+01 0.000000e+00 0.000000e+00 0.000000e+00
56851 2.247616e+01 1.085368e+01 0.000000e+00 0.000000e+00 0.000000e+00
55271 3.091940e+01 1.446772e+01 0.000000e+00 0.000000e+00 0.000000e+00
49993 1.989562e+01 7.194711e+00 0.000000e+00 0.000000e+00 0.000000e+00
73588 3.378135e+01 1.396280e+01 0.000000e+00 0.000000e+00 0.000000e+00
55965 4.502354e+01 1.097858e+01 0.000000e+00 0.000000e+00 0.000000e+00
44422 3.757573e+01 2.775072e+01 0.000000e+00 0.000000e+00 0.000000e+00
51092 5.767030e+01 1.349962e+01 0.000000e+00 0.000000e+00 0.000000e+00
50120 3.191687e+01 1.478303e+01 0.000000e+00 0.000000e+00 0.000000e+00
69152 2.588668e+01 1.119505e+01 0.000000e+00 0.000000e+00 0.000000e+00
71820 1.957533e+01 1.092711e+01 0.000000e+00 0.000000e+00 0.000000e+00
48718 3.107505e+01 1.509552e+01 0.000000e+00 0.000000e+00 0.000000e+00
29379 2.096355e+01 9.616618e+00 0.000000e+00 0.000000e+00 0.000000e+00
48669 4.681565e+01 1.209484e+01 0.000000e+00 0.000000e+00 0.000000e+00
46625 2.533777e+01 8.496037e+00 0.000000e+00 0.000000e+00 0.000000e+00
67760 1.552796e+01 7.147727e+00 0.000000e+00 0.000000e+00 0.000000e+00
1389 1.826323e+01 6.622326e+00 0.000000e+00 0.000000e+00 0.000000e+00
74539 2.270106e+01 1.312843e+01 0.000000e+00 0.000000e+00 0.000000e+00
43548 2.917942e+01 1.309256e+01 0.000000e+00 0.000000e+00 0.000000e+00
74652 4.649090e+01 1.917125e+01 0.000000e+00 0.000000e+00 0.000000e+00
69197 3.192074e+01 1.995207e+01 0.000000e+00 0.000000e+00 0.000000e+00
45501 2.832162e+01 1.312652e+01 0.000000e+00 0.000000e+00 0.000000e+00
51294 2.321915e+01 1.471402e+01 0.000000e+00 0.000000e+00 0.000000e+00
53181 2.355781e+01 1.270767e+01 0.000000e+00 0.000000e+00 0.000000e+00
52550 3.001767e+01 1.441631e+01 0.000000e+00 0.000000e+00 0.000000e+00
47937 1.331273e+01 8.065996e+00 0.000000e+00 0.000000e+00 0.000000e+00
70219 4.650515e+01 1.194227e+01 0.000000e+00 0.000000e+00 0.000000e+00
52393 1.574074e+01 8.075855e+00 0.000000e+00 0.000000e+00 0.000000e+00
27934 2.587829e+01 1.158728e+01 0.000000e+00 0.000000e+00 0.000000e+00
64455 5.192487e+01 1.061738e+01 0.000000e+00 0.000000e+00 0.000000e+00
64312 4.255720e+01 1.164439e+01 0.000000e+00 0.000000e+00 0.000000e+00
40928 1.620115e+01 9.000803e+00 0.000000e+00 0.000000e+00 0.000000e+00
48408 2.923325e+01 1.138222e+01 0.000000e+00 0.000000e+00 0.000000e+00
72277 3.775035e+01 1.808905e+01 0.000000e+00 0.000000e+00 0.000000e+00
49691 3.025511e+01 9.141768e+00 0.000000e+00 0.000000e+00 0.000000e+00
41822 2.340709e+01 9.247541e+00 0.000000e+00 0.000000e+00 0.000000e+00
67748 1.958181e+01 9.936023e+00 0.000000e+00 0.000000e+00 0.000000e+00
68945 2.748907e+01 1.249683e+01 0.000000e+00 0.000000e+00 0.000000e+00
58404 1.415305e+01 7.013231e+00 0.000000e+00 0.000000e+00 0.000000e+00
42188 4.903970e+01 1.396305e+01 0.000000e+00 0.000000e+00 0.000000e+00
42117 3.967583e+01 1.601772e+01 0.000000e+00 0.000000e+00 0.000000e+00
36690 3.111818e+01 1.795075e+01 0.000000e+00 0.000000e+00 0.000000e+00
56601 2.402774e+01 7.566084e+00 0.000000e+00 0.000000e+00 0.000000e+00
44645 1.654870e+01 9.953877e+00 0.000000e+00 0.000000e+00 0.000000e+00
25435 2.445104e+01 9.878822e+00 0.000000e+00 0.000000e+00 0.000000e+00
47368 5.868611e+01 1.697944e+01 0.000000e+00 0.000000e+00 0.000000e+00
65452 6.239600e+01 2.355961e+01 0.000000e+00 0.000000e+00 0.000000e+00
860 2.098969e+01 1.175008e+01 0.000000e+00 0.000000e+00 0.000000e+00
9319 2.019448e+01 6.797382e+00 0.000000e+00 0.000000e+00 0.000000e+00
49604 2.340109e+01 1.075844e+01 0.000000e+00 0.000000e+00 0.000000e+00
58542 1.969744e+01 7.491358e+00 0.000000e+00 0.000000e+00 0.000000e+00
50668 2.448423e+01 1.182708e+01 0.000000e+00 0.000000e+00 0.000000e+00
73258 5.258030e+01 1.411626e+01 0.000000e+00 0.000000e+00 0.000000e+00
67871 2.824215e+01 1.098215e+01 0.000000e+00 0.000000e+00 0.000000e+00
49246 1.906006e+01 1.156328e+01 0.000000e+00 0.000000e+00 0.000000e+00
43445 3.000760e+01 1.528438e+01 0.000000e+00 0.000000e+00 0.000000e+00
65792 8.971848e+01 2.484696e+01 0.000000e+00 0.000000e+00 0.000000e+00
75262 4.204320e+01 1.569820e+01 0.000000e+00 0.000000e+00 0.000000e+00
48616 2.015638e+01 7.826391e+00 0.000000e+00 0.000000e+00 0.000000e+00
50267 4.810294e+01 1.498468e+01 0.000000e+00 0.000000e+00 0.000000e+00
28184 2.607976e+01 1.346533e+01 0.000000e+00 0.000000e+00 0.000000e+00
49025 6.225559e+01 1.736620e+01 0.000000e+00 0.000000e+00 0.000000e+00
75697 7.005083e+01 1.861839e+01 0.000000e+00 0.000000e+00 0.000000e+00
27402 2.408432e+01 7.752643e+00 0.000000e+00 0.000000e+00 0.000000e+00
42185 5.508442e+01 1.955381e+01 0.000000e+00 0.000000e+00 0.000000e+00
67948 4.236873e+01 8.493204e+00 0.000000e+00 0.000000e+00 0.000000e+00
56600 2.460031e+01 1.075806e+01 0.000000e+00 0.000000e+00 0.000000e+00
71961 2.081028e+01 9.715566e+00 0.000000e+00 0.000000e+00 0.000000e+00
69648 1.409311e+01 6.760239e+00 0.000000e+00 0.000000e+00 0.000000e+00
71924 1.916101e+01 8.230120e+00 0.000000e+00 0.000000e+00 0.000000e+00
47698 2.831222e+01 7.415963e+00 0.000000e+00 0.000000e+00 0.000000e+00
45475 4.182718e+01 2.280220e+01 0.000000e+00 0.000000e+00 0.000000e+00
69170 2.675287e+01 1.232753e+01 0.000000e+00 0.000000e+00 0.000000e+00
50758 3.428315e+01 8.613779e+00 0.000000e+00 0.000000e+00 0.000000e+00
74429 2.460387e+01 1.051087e+01 0.000000e+00 0.000000e+00 0.000000e+00
9309 1.319189e+01 6.921949e+00 0.000000e+00 0.000000e+00 0.000000e+00
64553 6.307999e+01 1.496424e+01 0.000000e+00 0.000000e+00 0.000000e+00
22645 2.790417e+01 1.467880e+01 0.000000e+00 0.000000e+00 0.000000e+00
69880 4.843842e+01 1.594730e+01 0.000000e+00 0.000000e+00 0.000000e+00
73925 8.686867e+01 1.820727e+01 0.000000e+00 0.000000e+00 0.000000e+00
68697 2.268140e+01 1.090599e+01 0.000000e+00 0.000000e+00 0.000000e+00
67043 5.757964e+01 2.405011e+01 0.000000e+00 0.000000e+00 0.000000e+00
64613 6.696484e+01 2.229099e+01 0.000000e+00 0.000000e+00 0.000000e+00
73685 6.638351e+01 1.756595e+01 0.000000e+00 0.000000e+00 0.000000e+00
40072 3.696669e+01 1.467920e+01 0.000000e+00 0.000000e+00 0.000000e+00
68100 1.047885e+02 2.092338e+01 0.000000e+00 0.000000e+00 0.000000e+00
47659 3.293428e+01 1.068607e+01 0.000000e+00 0.000000e+00 0.000000e+00
51129 1.812466e+01 9.989567e+00 0.000000e+00 0.000000e+00 0.000000e+00
73993 3.286444e+01 1.796894e+01 0.000000e+00 0.000000e+00 0.000000e+00
45256 2.156722e+01 9.670962e+00 0.000000e+00 0.000000e+00 0.000000e+00
46829 5.211398e+01 1.816575e+01 0.000000e+00 0.000000e+00 0.000000e+00
23153 1.849060e+01 8.360776e+00 0.000000e+00 0.000000e+00 0.000000e+00
39818 1.741073e+01 9.179769e+00 0.000000e+00 0.000000e+00 0.000000e+00
28154 1.448968e+01 6.872958e+00 0.000000e+00 0.000000e+00 0.000000e+00
72205 1.069045e+02 1.212980e+01 0.000000e+00 0.000000e+00 0.000000e+00
45913 1.561524e+01 7.030251e+00 0.000000e+00 0.000000e+00 0.000000e+00
48680 3.873168e+01 1.110509e+01 0.000000e+00 0.000000e+00 0.000000e+00
72175 1.725089e+01 9.149295e+00 0.000000e+00 0.000000e+00 0.000000e+00
51064 1.845411e+01 9.242094e+00 0.000000e+00 0.000000e+00 0.000000e+00
77535 5.780014e+01 1.533235e+01 0.000000e+00 0.000000e+00 0.000000e+00
56704 1.908932e+01 6.668839e+00 0.000000e+00 0.000000e+00 0.000000e+00
64549 1.895856e+01 7.631988e+00 0.000000e+00 0.000000e+00 0.000000e+00
43491 2.668305e+01 1.476328e+01 0.000000e+00 0.000000e+00 0.000000e+00
67644 2.699735e+01 1.610937e+01 0.000000e+00 0.000000e+00 0.000000e+00
70986 7.296655e+01 2.346050e+01 0.000000e+00 0.000000e+00 0.000000e+00
26227 3.178600e+01 1.177508e+01 0.000000e+00 0.000000e+00 0.000000e+00
27735 2.635132e+01 6.866365e+00 0.000000e+00 0.000000e+00 0.000000e+00
69901 3.987797e+01 1.205225e+01 0.000000e+00 0.000000e+00 0.000000e+00
57268 2.094745e+01 1.078213e+01 0.000000e+00 0.000000e+00 0.000000e+00
73077 5.778626e+01 1.613209e+01 0.000000e+00 0.000000e+00 0.000000e+00
71413 1.747294e+01 6.940005e+00 0.000000e+00 0.000000e+00 0.000000e+00
71301 2.126376e+01 1.000954e+01 0.000000e+00 0.000000e+00 0.000000e+00
72344 3.148401e+01 1.216697e+01 0.000000e+00 0.000000e+00 0.000000e+00
