# RA, dec, redshift, radius (Mpc/h), void ID
137.06 48.45 0.11997 7.80 23062
204.77 -0.60 0.10262 8.12 862
185.64 64.46 0.10623 9.42 22813
210.72 0.30 0.11440 11.72 2351
168.01 27.47 0.11329 29.42 72312
131.57 23.33 0.11094 8.04 64918
129.72 36.40 0.11010 6.95 38231
237.76 20.26 0.13886 9.20 68534
221.31 49.11 0.14157 11.77 42788
176.36 -1.54 0.12296 6.77 5808
220.33 35.26 0.12250 7.36 54877
137.64 19.84 0.11179 14.75 71614
157.89 9.66 0.14313 7.22 44695
198.22 46.83 0.11957 13.27 46975
142.88 36.63 0.14141 11.69 45557
214.64 -0.20 0.14134 9.28 2702
119.86 35.62 0.14296 9.17 37503
227.37 36.69 0.12750 7.67 49167
213.47 8.92 0.10916 10.25 52815
191.58 64.77 0.10630 11.43 22816
193.82 16.76 0.13623 22.10 75823
186.78 6.00 0.12814 15.90 24210
253.28 34.13 0.14110 7.06 29195
155.84 29.10 0.10991 32.50 65694
155.71 46.22 0.10900 18.51 46912
128.83 33.44 0.10829 13.13 65295
217.46 11.37 0.14097 10.16 49882
172.40 22.45 0.12120 34.33 73114
236.67 13.37 0.11432 13.34 75549
226.42 17.02 0.11364 11.07 73145
178.70 19.29 0.10697 25.93 74065
163.32 43.97 0.11766 30.16 49106
199.11 64.17 0.14413 7.37 6210
138.13 26.59 0.14416 7.41 65600
157.67 6.65 0.14294 12.02 40926
118.61 33.94 0.14479 7.63 37057
163.27 36.87 0.11054 26.78 51773
153.31 40.29 0.11333 17.64 49455
222.56 17.60 0.11367 15.53 73086
179.71 21.61 0.12483 31.76 73076
217.38 1.42 0.11082 7.90 11836
215.23 41.01 0.14147 10.45 49355
157.34 22.32 0.13809 18.08 72134
154.03 15.16 0.13464 23.20 77593
213.27 -0.05 0.12589 7.16 2000
250.55 32.98 0.12534 11.29 47507
213.52 52.78 0.12594 18.68 42782
237.78 17.75 0.14208 10.34 69936
208.26 11.49 0.14412 10.65 51286
180.91 59.11 0.12974 7.56 41417
238.60 34.67 0.12765 11.90 55791
175.15 40.91 0.11882 23.07 64603
142.38 59.01 0.14189 9.09 8190
214.61 13.34 0.14073 8.62 56750
252.22 23.47 0.11652 12.27 55859
161.10 23.94 0.14068 8.65 72834
191.12 21.09 0.12336 31.44 73436
202.72 32.78 0.13163 14.30 66893
138.15 4.19 0.12676 11.77 21816
160.01 6.32 0.13725 10.50 41623
252.41 22.59 0.12128 7.87 48460
242.47 43.02 0.10387 18.33 43511
242.11 13.97 0.10541 8.89 75616
122.63 14.56 0.11346 12.16 71300
214.93 26.59 0.13396 20.13 68109
129.13 26.00 0.14143 11.43 63922
186.99 41.62 0.11815 13.45 51044
181.92 29.14 0.14415 7.09 71321
226.91 12.00 0.11797 20.97 56530
211.57 57.65 0.13122 9.08 43725
223.60 0.09 0.14308 7.46 640
202.32 13.74 0.12229 30.83 49777
152.65 11.43 0.12177 25.89 76763
134.49 6.34 0.12425 16.29 45633
182.64 62.73 0.10721 7.11 27645
210.24 25.56 0.14098 12.38 69921
146.86 28.93 0.10323 13.14 66038
231.27 32.99 0.12740 13.35 55297
210.63 11.09 0.13370 11.52 49707
188.51 24.61 0.13716 16.85 73936
246.47 41.42 0.13988 15.46 68368
190.98 2.57 0.13529 8.35 12575
199.45 60.68 0.10416 8.95 28160
197.62 55.19 0.14281 8.73 42726
210.99 23.75 0.13080 19.10 74031
138.14 25.60 0.14291 7.63 65905
213.34 27.36 0.14242 10.57 68985
124.13 53.30 0.13997 8.53 59929
231.49 7.38 0.12385 11.84 52687
216.25 16.09 0.10160 10.59 74128
121.64 17.91 0.12754 14.66 65990
128.39 25.64 0.12641 12.63 64606
157.29 63.28 0.11654 6.85 6211
204.69 46.75 0.12741 19.35 47088
160.59 52.76 0.14089 9.26 42527
201.24 0.38 0.10504 10.06 3342
181.00 27.75 0.12329 29.97 72019
205.42 59.01 0.12956 6.99 26026
214.81 39.01 0.14064 8.03 55222
183.55 10.25 0.13811 20.74 48664
183.20 29.10 0.13162 8.68 71648
118.42 32.58 0.14597 6.80 36887
183.20 57.75 0.12801 12.56 37658
178.90 39.87 0.13145 17.10 51781
223.38 24.09 0.12114 10.44 68782
162.56 29.96 0.14183 9.03 68426
179.07 13.32 0.11300 14.22 48731
123.72 14.12 0.12621 11.80 71383
216.97 39.03 0.13390 14.69 49054
240.41 48.19 0.11855 15.23 28694
145.88 33.27 0.10918 21.35 46534
235.41 32.42 0.12480 12.16 56596
212.53 28.88 0.13669 11.88 67753
230.01 15.14 0.13199 23.95 74865
253.02 22.13 0.12923 8.74 48459
135.75 29.79 0.12602 19.66 47277
169.41 60.73 0.13014 7.84 27543
138.86 2.42 0.14185 8.74 21946
184.07 4.76 0.13392 13.79 13064
199.03 -0.62 0.11893 8.95 6596
250.65 28.60 0.14343 7.64 54565
216.70 24.17 0.12622 16.30 69253
140.37 52.31 0.10249 9.60 25964
209.15 10.01 0.11861 15.87 53451
153.73 46.83 0.11707 15.20 39798
242.33 29.67 0.13147 17.55 55330
145.43 31.55 0.14003 14.36 65289
226.01 35.52 0.12715 8.20 51174
166.05 29.56 0.14346 7.32 68098
180.69 26.64 0.10605 13.41 72204
227.33 34.51 0.11031 7.39 55147
208.67 20.44 0.12659 14.65 73169
210.53 11.36 0.13948 8.56 49656
237.07 22.10 0.13445 7.43 66145
165.51 50.64 0.10935 16.82 39662
203.25 3.03 0.14195 7.04 12885
234.30 7.50 0.12171 12.41 52696
165.46 18.90 0.12378 27.38 74518
220.89 14.11 0.14196 10.85 56851
207.19 41.07 0.13894 14.47 55271
206.53 12.34 0.14289 7.19 49993
237.47 14.36 0.13346 13.96 73588
243.24 33.54 0.11942 10.98 55965
151.33 39.58 0.10086 27.75 44422
176.72 42.95 0.12942 13.50 51092
209.89 53.29 0.10287 14.78 50120
189.55 31.10 0.14076 11.20 69152
134.37 19.84 0.11002 10.93 71820
167.45 12.78 0.11860 15.10 48718
249.33 41.56 0.13652 9.62 29379
185.62 9.72 0.12838 12.09 48669
195.02 49.49 0.11816 8.50 46625
215.52 29.11 0.11761 7.15 67760
192.12 1.34 0.13195 6.62 1389
160.08 17.84 0.14190 13.13 74539
211.70 56.29 0.13888 13.09 43548
223.01 13.84 0.12565 19.17 74652
202.80 24.94 0.13861 19.95 69197
122.68 22.70 0.10734 13.13 45501
216.02 11.07 0.13318 14.71 51294
235.02 7.14 0.12833 12.71 53181
189.08 9.53 0.12178 14.42 52550
213.40 42.76 0.14071 8.07 47937
221.37 20.76 0.10336 11.94 70219
246.83 22.17 0.14354 8.08 52393
195.55 63.30 0.13614 11.59 27934
174.09 37.28 0.13147 10.62 64455
199.55 38.45 0.11296 11.64 64312
161.57 6.49 0.10565 9.00 40928
249.13 25.10 0.13956 11.38 48408
150.85 21.71 0.10637 18.09 72277
181.00 11.84 0.13919 9.14 49691
157.46 8.73 0.10524 9.25 41822
225.64 24.92 0.10596 9.94 67748
210.18 28.24 0.11716 12.50 68945
243.86 20.90 0.14294 7.01 58404
185.24 10.43 0.12154 13.96 42188
179.49 10.46 0.11893 16.02 42117
164.87 55.35 0.11613 17.95 36690
236.46 32.00 0.10737 7.57 56601
120.52 26.51 0.14103 9.95 44645
182.80 58.20 0.12089 9.88 25435
159.77 39.87 0.12907 16.98 47368
154.31 33.69 0.10288 23.56 65452
203.38 0.07 0.14250 11.75 860
127.85 52.54 0.14033 6.80 9319
157.78 10.19 0.11778 10.76 49604
244.22 21.72 0.14172 7.49 58542
174.52 8.19 0.11981 11.83 50668
224.43 19.01 0.10930 14.12 73258
186.80 31.69 0.13991 10.98 67871
211.48 40.21 0.14319 11.56 49246
238.39 43.19 0.13046 15.28 43445
172.52 35.50 0.11809 24.85 65792
231.95 10.74 0.12080 15.70 75262
249.46 27.19 0.10912 7.83 48616
179.85 42.93 0.11871 14.98 50267
240.22 44.57 0.14069 13.47 28184
174.46 44.92 0.11019 17.37 49025
198.46 16.87 0.12066 18.62 75697
237.14 50.32 0.11629 7.75 27402
184.09 11.86 0.11114 19.55 42185
179.38 32.89 0.13488 8.49 67948
235.52 32.15 0.11245 10.76 56600
128.05 15.48 0.14256 9.72 71961
238.05 20.13 0.13465 6.76 69648
121.89 13.15 0.14120 8.23 71924
229.35 49.32 0.11611 7.42 47698
149.12 38.69 0.12338 22.80 45475
230.39 21.40 0.10374 12.33 69170
181.46 8.35 0.11827 8.61 50758
211.13 20.56 0.14122 10.51 74429
201.31 1.90 0.11187 6.92 9309
152.61 33.52 0.11595 14.96 64553
140.26 3.72 0.13642 14.68 22645
212.95 24.32 0.12286 15.95 69880
174.19 22.77 0.10365 18.21 73925
194.80 28.72 0.14191 10.91 68697
184.37 34.39 0.12946 24.05 67043
154.08 36.92 0.12378 22.29 64613
165.64 21.84 0.11165 17.57 73685
162.55 47.13 0.13680 14.68 40072
173.67 30.47 0.11277 20.92 68100
234.78 46.80 0.11367 10.69 47659
222.83 35.67 0.12959 9.99 51129
182.94 26.33 0.13825 17.97 73993
146.41 9.49 0.14230 9.67 45256
162.12 43.92 0.13140 18.17 46829
127.73 42.73 0.13867 8.36 23153
119.94 25.60 0.13384 9.18 39818
180.24 60.95 0.10380 6.87 28154
183.32 26.68 0.10967 12.13 72205
129.95 8.31 0.13597 7.03 45913
169.90 10.53 0.11443 11.11 48680
135.08 17.95 0.10393 9.15 72175
211.57 38.72 0.13640 9.24 51064
154.43 16.71 0.11581 15.33 77535
228.65 10.45 0.14318 6.67 56704
137.07 28.72 0.14325 7.63 64549
248.96 34.00 0.11885 14.76 43491
167.41 34.46 0.14035 16.11 67644
157.12 28.56 0.12400 23.46 70986
183.06 5.00 0.13129 11.78 26227
193.52 62.93 0.11096 6.87 27735
226.60 20.16 0.10283 12.05 69901
245.23 22.62 0.12695 10.78 57268
201.43 19.80 0.11853 16.13 73077
147.60 24.27 0.10639 6.94 71413
124.87 14.40 0.13755 10.01 71301
200.03 27.10 0.13875 12.17 72344
