69889  2.326041e+02 1.694410e+02 5.401087e+02
23062  2.634110e+02 5.912432e+02 6.949537e+02
862  1.604589e+02 3.073664e+02 4.300732e+02
4938  4.497546e+01 4.517418e+02 4.210786e+02
21818  1.637624e+02 6.548666e+02 4.685385e+02
4923  8.972491e+01 4.616288e+02 4.245146e+02
9298  1.318220e+02 2.972667e+02 4.399469e+02
3067  1.455441e+02 2.054400e+02 4.362199e+02
45949  2.094529e+02 6.451906e+02 4.650225e+02
25705  3.050099e+02 6.136617e+02 6.377452e+02
55522  3.465040e+02 1.789434e+02 5.613755e+02
3340  7.309216e+01 3.064519e+02 4.366201e+02
6205  2.687074e+02 4.019596e+02 7.881869e+02
71308  1.765847e+02 6.568656e+02 5.519359e+02
55305  2.825475e+02 1.765778e+02 6.058328e+02
20550  2.743721e+02 5.632480e+02 7.168504e+02
22813  2.999314e+02 4.200517e+02 7.135833e+02
2351  1.461419e+02 2.626432e+02 4.349557e+02
4946  5.457756e+01 4.434474e+02 4.266536e+02
11161  3.176734e+01 4.117029e+02 4.604492e+02
70862  2.587431e+02 6.726192e+02 5.231347e+02
69165  1.808084e+02 2.043065e+02 5.957720e+02
21220  2.783158e+02 4.916428e+02 7.327905e+02
10839  1.407142e+02 2.400192e+02 4.352887e+02
41499  2.565869e+02 3.968011e+02 7.599096e+02
4935  1.209746e+02 4.508416e+02 4.262433e+02
75612  2.831306e+02 1.603378e+02 5.128305e+02
49350  2.188796e+02 3.389512e+02 6.494747e+02
72312  1.461287e+02 4.941977e+02 5.858307e+02
20975  2.704200e+02 6.607749e+02 7.133885e+02
66041  1.650827e+02 5.928345e+02 6.151243e+02
42500  2.418411e+02 5.104565e+02 6.979365e+02
8322  3.014375e+02 6.579326e+02 6.818434e+02
64918  2.357410e+02 6.558825e+02 5.615645e+02
38231  2.677319e+02 6.323857e+02 6.241418e+02
41816  1.440779e+02 6.145176e+02 4.731869e+02
41628  9.365849e+01 5.150565e+02 4.846680e+02
68534  2.315684e+02 1.134764e+02 5.727764e+02
72370  1.689405e+02 3.559024e+02 5.644652e+02
46315  1.027504e+02 5.492123e+02 5.328788e+02
27904  2.479481e+02 4.985943e+02 7.847086e+02
2713  1.681307e+02 2.055057e+02 4.402318e+02
49722  1.450857e+02 1.698286e+02 5.037964e+02
44908  2.553493e+02 6.865679e+02 5.856072e+02
42788  2.313355e+02 2.558221e+02 7.435676e+02
5808  7.588379e+01 4.559753e+02 4.236103e+02
56975  3.079837e+02 1.375359e+02 5.857372e+02
59744  3.192535e+02 5.842675e+02 6.885153e+02
54877  2.110654e+02 2.446346e+02 6.392717e+02
588  1.248480e+02 3.386065e+02 4.344536e+02
73130  1.333057e+02 2.385567e+02 5.636224e+02
2700  1.425636e+02 2.222203e+02 4.360359e+02
2687  4.586330e+01 3.301248e+02 4.349859e+02
71614  2.062388e+02 6.401625e+02 5.440627e+02
26226  8.134512e+01 4.130505e+02 4.542380e+02
37263  2.613232e+02 6.581695e+02 6.718386e+02
51175  2.391640e+02 2.277284e+02 6.314003e+02
6400  3.023045e+02 5.419522e+02 6.940837e+02
44695  5.425285e+01 5.871649e+02 5.028679e+02
46975  2.066748e+02 3.586585e+02 6.874664e+02
45557  1.708207e+02 6.318470e+02 6.779220e+02
2702  9.598170e+01 2.002249e+02 4.318213e+02
56011  3.225091e+02 1.858762e+02 5.947198e+02
52702  2.179922e+02 1.134484e+02 4.810313e+02
47691  2.274851e+02 3.629991e+02 7.799202e+02
74891  2.550103e+02 1.969118e+02 5.014246e+02
73345  1.693257e+02 2.945327e+02 5.438603e+02
37503  2.654950e+02 7.253737e+02 6.746105e+02
63793  1.974440e+02 6.134833e+02 6.075997e+02
41587  1.828432e+02 5.941465e+02 4.706337e+02
39724  1.917345e+02 5.611924e+02 6.884345e+02
69190  1.427672e+02 2.736448e+02 6.035893e+02
72223  2.398606e+02 6.447166e+02 5.236586e+02
75678  1.452384e+02 5.037584e+02 5.242515e+02
70010  2.396889e+02 9.472564e+01 5.522083e+02
49167  2.317116e+02 2.143474e+02 6.548934e+02
71728  2.143644e+02 6.731108e+02 5.392981e+02
47397  2.791109e+02 3.098747e+02 6.987009e+02
72172  2.002454e+02 6.965933e+02 5.483914e+02
45627  1.713417e+02 7.351556e+02 4.803714e+02
52815  1.702818e+02 2.594124e+02 4.826983e+02
22816  3.034140e+02 4.066350e+02 7.144741e+02
42204  8.731021e+01 5.736106e+02 4.901645e+02
75823  6.539345e+01 3.427523e+02 5.472678e+02
68779  1.951561e+02 2.558953e+02 5.661124e+02
24210  6.505294e+01 3.894413e+02 4.722018e+02
1123  9.533702e+01 2.291688e+02 4.363812e+02
47892  2.816535e+02 3.724806e+02 6.899288e+02
76986  1.790923e+02 6.149874e+02 5.227434e+02
25571  2.329304e+02 3.373824e+02 7.725974e+02
26003  2.377835e+02 4.842776e+02 7.678650e+02
29195  3.357666e+02 1.087991e+02 6.628452e+02
75136  1.561456e+02 1.638278e+02 5.412563e+02
43033  2.820250e+02 1.695385e+02 6.941042e+02
45550  2.351071e+02 6.149270e+02 5.981537e+02
28587  2.737607e+02 4.139366e+02 7.502754e+02
65694  1.771666e+02 5.481041e+02 5.894276e+02
46912  2.323191e+02 5.239020e+02 6.632435e+02
11644  1.209725e+02 4.017854e+02 4.474769e+02
65295  2.675775e+02 6.389974e+02 6.076619e+02
49882  1.150550e+02 1.894050e+02 5.138359e+02
73114  1.096479e+02 4.764111e+02 5.681203e+02
75549  2.548164e+02 1.619614e+02 5.104216e+02
73145  2.145349e+02 2.033806e+02 5.303575e+02
74065  1.380538e+02 4.399343e+02 5.365576e+02
49106  1.966084e+02 5.041151e+02 6.714789e+02
6210  2.612712e+02 3.736584e+02 8.092057e+02
65200  2.274334e+02 6.341129e+02 5.926649e+02
65600  1.550250e+02 6.825738e+02 6.202578e+02
46254  1.591124e+02 5.403036e+02 5.033252e+02
55763  2.647346e+02 2.238745e+02 6.059388e+02
54745  2.493687e+02 3.501865e+02 7.007001e+02
40926  5.248708e+01 5.895717e+02 4.812267e+02
11391  5.217505e+01 3.854318e+02 4.520926e+02
75036  1.723499e+02 2.343381e+02 5.203466e+02
37057  2.665219e+02 7.388022e+02 6.674534e+02
36760  2.118453e+02 4.789182e+02 7.301207e+02
51773  1.857725e+02 5.075905e+02 6.270262e+02
75555  2.698083e+02 1.045592e+02 5.171069e+02
56937  3.126349e+02 1.064327e+02 5.793284e+02
49455  2.077099e+02 5.466012e+02 6.472146e+02
40849  1.620084e+02 5.467379e+02 4.681128e+02
21333  2.726134e+02 5.017063e+02 7.787529e+02
64425  1.446060e+02 5.024409e+02 6.611251e+02
73086  2.002189e+02 2.192458e+02 5.335723e+02
42531  2.327997e+02 4.484969e+02 7.029655e+02
42139  1.368963e+02 6.340281e+02 4.932096e+02
69481  1.952842e+02 1.238071e+02 5.808837e+02
73076  9.529439e+01 4.349567e+02 5.670744e+02
45761  1.236778e+02 7.051239e+02 4.886032e+02
68982  1.964576e+02 3.126088e+02 5.656479e+02
11836  1.760344e+02 2.367308e+02 4.412234e+02
49355  1.803166e+02 2.546506e+02 7.024330e+02
72134  9.107044e+01 5.760852e+02 5.854140e+02
77593  9.382458e+01 5.985090e+02 5.355367e+02
2000  1.268071e+02 2.321826e+02 4.329347e+02
47507  3.312850e+02 1.445785e+02 6.318667e+02
42782  2.483349e+02 3.107577e+02 7.251657e+02
9153  2.909526e+02 6.342158e+02 7.356970e+02
69936  2.240505e+02 1.012588e+02 5.588348e+02
51286  7.268381e+01 2.394485e+02 5.164307e+02
41417  2.395180e+02 4.301377e+02 7.570346e+02
3072  1.448787e+02 1.665920e+02 4.385176e+02
55791  2.740811e+02 1.724705e+02 6.445016e+02
64603  1.723259e+02 4.553780e+02 6.601343e+02
2024  1.726295e+02 2.211358e+02 4.363194e+02
8190  2.654484e+02 5.625286e+02 7.859467e+02
56750  1.063198e+02 2.076382e+02 5.274399e+02
55859  3.380009e+02 1.363000e+02 5.686293e+02
8516  2.997492e+02 5.321776e+02 7.303568e+02
72834  8.038435e+01 5.540557e+02 5.987819e+02
73436  1.042774e+02 3.685618e+02 5.625438e+02
66893  1.365060e+02 3.089537e+02 6.404065e+02
21816  1.591377e+02 6.786840e+02 4.601721e+02
41623  6.105200e+01 5.686141e+02 4.770803e+02
49987  1.237036e+02 3.457543e+02 5.136878e+02
48460  3.345969e+02 1.221797e+02 5.690078e+02
43511  3.305134e+02 2.361589e+02 6.406053e+02
75616  2.932548e+02 1.687261e+02 5.076955e+02
68878  2.216050e+02 2.318749e+02 5.685959e+02
41710  1.449775e+02 5.078501e+02 4.731962e+02
8193  2.763150e+02 5.438948e+02 7.812438e+02
71300  2.603267e+02 7.032416e+02 5.165062e+02
50463  1.134159e+02 4.122794e+02 4.776900e+02
68109  1.478865e+02 2.339391e+02 6.074225e+02
42419  2.409508e+02 4.297407e+02 6.792253e+02
63922  2.005855e+02 7.191946e+02 6.130411e+02
72031  1.358953e+02 3.135098e+02 5.826741e+02
45097  1.874160e+02 4.264561e+02 7.010079e+02
51044  1.775530e+02 4.018804e+02 6.620958e+02
27452  3.112037e+02 1.879209e+02 7.124340e+02
71321  6.854362e+01 4.210109e+02 6.366701e+02
56530  2.032963e+02 1.874677e+02 5.047839e+02
37966  2.197149e+02 5.247711e+02 7.197814e+02
12032  5.530811e+01 4.118960e+02 4.461779e+02
43725  2.592893e+02 3.263607e+02 7.554999e+02
38479  2.926547e+02 6.428843e+02 5.906055e+02
640  1.328676e+02 1.471564e+02 4.339092e+02
49777  1.130609e+02 3.017699e+02 5.178451e+02
621  1.229210e+02 2.095887e+02 4.328814e+02
56012  3.097366e+02 1.358282e+02 6.292200e+02
7396  2.969592e+02 2.161839e+02 7.398822e+02
70899  2.484412e+02 7.027115e+02 5.358640e+02
76763  1.243216e+02 5.930072e+02 5.035629e+02
45633  1.811897e+02 6.897585e+02 4.731819e+02
27645  2.897534e+02 4.265975e+02 7.118932e+02
69921  1.145515e+02 2.474580e+02 6.096737e+02
66038  2.117958e+02 5.777925e+02 5.794080e+02
55297  2.386623e+02 1.906612e+02 6.350674e+02
49707  1.051888e+02 2.390238e+02 5.079182e+02
73936  7.519730e+01 3.796604e+02 5.990317e+02
51379  1.677979e+02 1.936748e+02 4.952706e+02
68368  3.117604e+02 1.542131e+02 7.017147e+02
12575  4.786055e+01 3.584794e+02 4.508133e+02
63921  2.593911e+02 6.454717e+02 5.695085e+02
28160  2.924663e+02 3.835121e+02 6.989699e+02
53305  1.239161e+02 2.450629e+02 4.918553e+02
42726  2.079831e+02 3.616951e+02 7.731758e+02
74031  1.348024e+02 2.539869e+02 5.863854e+02
65905  1.549585e+02 6.825700e+02 6.122372e+02
68985  1.268254e+02 2.316876e+02 6.230071e+02
59929  2.970489e+02 6.341022e+02 7.587780e+02
68404  3.107915e+02 1.935109e+02 6.658237e+02
52687  2.105058e+02 1.533030e+02 4.795607e+02
51216  2.101736e+02 2.690368e+02 6.525841e+02
74128  2.026960e+02 2.642041e+02 5.156490e+02
65990  2.479662e+02 7.338746e+02 5.473675e+02
48798  1.695793e+02 3.191571e+02 4.996627e+02
64606  2.272402e+02 6.932145e+02 5.924299e+02
6211  2.921820e+02 4.922454e+02 7.369328e+02
47088  2.023921e+02 3.271212e+02 7.032678e+02
41630  1.247083e+02 5.045404e+02 4.731766e+02
42527  1.999984e+02 5.154100e+02 7.585695e+02
3342  1.467958e+02 3.219081e+02 4.352413e+02
60841  2.936350e+02 5.835413e+02 7.422693e+02
49780  1.378849e+02 2.955223e+02 4.971765e+02
72019  1.154712e+02 4.276944e+02 6.004521e+02
26026  2.579677e+02 3.499441e+02 7.562452e+02
8705  3.099329e+02 5.578079e+02 6.961404e+02
55222  1.729754e+02 2.522801e+02 6.900312e+02
48664  3.952018e+01 4.087925e+02 5.045834e+02
70897  2.278572e+02 7.591975e+02 5.428882e+02
71648  9.942755e+01 4.145757e+02 6.193382e+02
36887  2.636311e+02 7.465905e+02 6.609290e+02
60830  3.058733e+02 6.449302e+02 7.107943e+02
68121  1.344803e+02 3.001285e+02 6.196038e+02
43678  2.920704e+02 2.366899e+02 6.932642e+02
37658  2.347635e+02 4.221343e+02 7.481953e+02
51781  1.399906e+02 4.388477e+02 6.781965e+02
27367  3.235276e+02 2.681900e+02 6.592778e+02
68782  1.989903e+02 2.118397e+02 5.773069e+02
68426  9.329203e+01 5.400201e+02 6.386362e+02
47598  2.981927e+02 3.261280e+02 6.725919e+02
48731  1.121717e+02 4.384408e+02 5.092449e+02
48780  1.296516e+02 3.844700e+02 5.113429e+02
71383  2.354298e+02 7.295542e+02 5.228469e+02
49054  1.917524e+02 2.514762e+02 6.781797e+02
28694  3.194409e+02 2.328082e+02 6.909075e+02
46534  2.123644e+02 5.828815e+02 6.082841e+02
67740  1.904369e+02 2.386719e+02 5.939404e+02
46080  1.500184e+02 5.726478e+02 5.015082e+02
56596  2.591091e+02 1.806970e+02 6.280575e+02
67753  1.402435e+02 2.463462e+02 6.249243e+02
74865  1.952110e+02 1.494693e+02 5.334107e+02
48459  3.315200e+02 1.002073e+02 5.748554e+02
25902  2.465739e+02 4.926038e+02 7.453874e+02
47277  2.051736e+02 6.553693e+02 6.154572e+02
70069  1.686106e+02 2.514740e+02 5.560378e+02
73127  1.525281e+02 2.799547e+02 5.536787e+02
27543  2.513282e+02 4.672418e+02 7.633370e+02
21946  1.236977e+02 7.035803e+02 4.505912e+02
13064  4.645005e+01 4.056748e+02 4.655285e+02
51178  2.121332e+02 1.983258e+02 6.581326e+02
6596  1.054102e+02 3.201417e+02 4.294413e+02
54565  3.122715e+02 8.881823e+01 6.322263e+02
73674  1.523780e+02 6.206049e+02 5.449394e+02
69253  1.644710e+02 2.328847e+02 5.836431e+02
72337  8.013625e+01 3.898039e+02 6.205249e+02
25964  2.919465e+02 5.502073e+02 6.706440e+02
53451  1.357626e+02 2.673125e+02 4.933695e+02
39798  2.236867e+02 5.366318e+02 6.823077e+02
55330  2.790253e+02 1.391083e+02 6.224103e+02
47503  3.485303e+02 1.953955e+02 5.995853e+02
65289  1.481209e+02 6.296460e+02 6.457636e+02
51174  2.240727e+02 2.165554e+02 6.482272e+02
68098  8.218704e+01 5.203949e+02 6.384014e+02
42481  2.169791e+02 4.445938e+02 7.337928e+02
72204  1.559777e+02 4.299048e+02 5.722883e+02
55651  2.575278e+02 2.122411e+02 6.161664e+02
71399  1.674428e+02 6.891108e+02 5.726086e+02
48679  1.264380e+02 4.783288e+02 4.948127e+02
55147  2.531995e+02 2.379572e+02 6.158439e+02
65176  2.153857e+02 6.001644e+02 5.891302e+02
73169  1.302951e+02 2.676084e+02 5.619181e+02
47556  2.699005e+02 1.936147e+02 7.079323e+02
7784  2.829486e+02 5.503792e+02 7.530096e+02
49656  9.145242e+01 2.316986e+02 5.129483e+02
64313  1.658708e+02 3.289167e+02 6.561802e+02
40602  1.797854e+02 5.725473e+02 7.294741e+02
66145  2.364899e+02 1.294888e+02 5.801397e+02
39662  2.369902e+02 4.839496e+02 6.803245e+02
12885  5.556557e+01 2.709831e+02 4.549782e+02
41449  2.768722e+02 4.153773e+02 7.151078e+02
12126  1.058492e+02 6.881539e+02 4.487549e+02
52696  2.280377e+02 1.476575e+02 4.795058e+02
74518  1.030684e+02 5.188301e+02 5.499933e+02
56851  1.314240e+02 1.718744e+02 5.335591e+02
55271  1.628448e+02 2.943470e+02 6.981292e+02
49993  7.113887e+01 2.524715e+02 5.217244e+02
52795  9.794512e+01 3.465615e+02 4.931187e+02
73588  2.312030e+02 1.164969e+02 5.294116e+02
55965  3.025451e+02 1.740755e+02 6.255837e+02
44422  2.334869e+02 5.424462e+02 6.214403e+02
51092  1.581533e+02 4.489903e+02 6.897234e+02
50120  2.771754e+02 3.435106e+02 6.746317e+02
44973  2.356470e+02 6.681483e+02 6.382164e+02
69152  8.846320e+01 3.751945e+02 6.441038e+02
46084  6.823026e+01 5.791293e+02 5.207465e+02
71820  2.217553e+02 6.494094e+02 5.423275e+02
41094  1.290221e+02 5.596447e+02 4.771910e+02
8706  3.020006e+02 5.633063e+02 7.211236e+02
48718  1.039932e+02 5.065070e+02 5.097373e+02
29379  3.285468e+02 1.556981e+02 6.961688e+02
48669  6.686485e+01 3.971506e+02 4.963098e+02
48193  2.260773e+02 3.273787e+02 6.866857e+02
75149  2.276205e+02 9.464629e+01 5.376537e+02
67721  2.259239e+02 2.616212e+02 5.609360e+02
46625  2.170306e+02 3.752183e+02 6.952426e+02
36970  2.912953e+02 6.862198e+02 6.226579e+02
67760  1.892646e+02 2.590667e+02 6.000970e+02
1389  5.830865e+01 3.527358e+02 4.421725e+02
74539  6.498847e+01 5.666735e+02 5.593127e+02
47488  2.698875e+02 2.755577e+02 7.177389e+02
43548  2.429206e+02 3.156766e+02 7.684513e+02
46582  2.481107e+02 3.643959e+02 6.666390e+02
74652  1.735238e+02 1.909529e+02 5.207493e+02
69478  1.913808e+02 1.748187e+02 5.908413e+02
64162  1.565456e+02 6.907923e+02 5.028389e+02
47655  2.993896e+02 2.705794e+02 6.740215e+02
38952  2.606996e+02 6.505209e+02 6.902326e+02
6554  3.151133e+02 6.254707e+02 6.659531e+02
69197  9.699008e+01 2.918614e+02 6.028315e+02
45501  2.768924e+02 6.769368e+02 5.543559e+02
51294  1.260233e+02 2.098924e+02 5.075430e+02
53181  2.208193e+02 1.296860e+02 4.796007e+02
52550  8.765265e+01 3.779975e+02 4.920032e+02
46835  2.166733e+02 4.185132e+02 6.590917e+02
47937  1.830424e+02 2.682603e+02 7.103026e+02
70219  2.209534e+02 2.462724e+02 5.404596e+02
52393  2.816115e+02 7.901859e+01 5.902402e+02
27934  2.620722e+02 3.855958e+02 7.863762e+02
64455  1.307465e+02 4.645329e+02 6.647291e+02
64312  1.897905e+02 3.467748e+02 6.383376e+02
72657  2.770484e+02 6.767280e+02 5.068893e+02
40928  1.419082e+02 5.303052e+02 4.681325e+02
48408  3.025960e+02 9.061948e+01 6.050186e+02
72277  1.807908e+02 5.739939e+02 5.482983e+02
49691  3.799624e+01 4.263294e+02 5.161010e+02
41822  1.521548e+02 5.498486e+02 4.799276e+02
52567  1.665302e+02 2.776862e+02 4.852201e+02
3061  1.293128e+02 1.927092e+02 4.339906e+02
67748  2.367038e+02 2.322576e+02 5.638218e+02
10789  2.978189e+01 3.656164e+02 4.461011e+02
68945  1.729316e+02 2.818754e+02 5.949253e+02
58404  2.626617e+02 8.569582e+01 5.810181e+02
42188  8.635709e+01 4.014315e+02 4.973174e+02
42117  9.219384e+01 4.362563e+02 4.961676e+02
36690  2.472585e+02 4.835138e+02 7.119834e+02
56601  2.861047e+02 2.113097e+02 5.995762e+02
44645  2.473648e+02 7.485595e+02 6.157773e+02
25435  2.477785e+02 4.241564e+02 7.326670e+02
47368  1.628719e+02 5.328439e+02 6.739109e+02
40008  2.704620e+02 6.294523e+02 5.862134e+02
65452  2.074156e+02 5.418458e+02 6.002631e+02
860  5.397836e+01 2.692839e+02 4.337342e+02
9319  2.812801e+02 6.287238e+02 7.563274e+02
49604  1.202087e+02 5.610742e+02 4.939985e+02
58542  2.671785e+02 8.942062e+01 5.853080e+02
50668  8.907386e+01 4.662361e+02 4.830060e+02
73258  2.175406e+02 2.217976e+02 5.372556e+02
21610  1.334010e+02 6.369465e+02 4.549616e+02
67871  9.027951e+01 3.923549e+02 6.464752e+02
56621  2.046452e+02 2.255611e+02 4.968242e+02
49246  1.628801e+02 2.676944e+02 7.011833e+02
43445  2.882501e+02 1.976969e+02 6.928819e+02
65792  1.552240e+02 4.697151e+02 6.332081e+02
55519  3.201490e+02 9.759917e+01 5.958983e+02
75262  2.200059e+02 1.608293e+02 4.988354e+02
25772  2.677282e+02 4.732948e+02 6.961574e+02
48616  3.336752e+02 1.675765e+02 5.789848e+02
50267  1.797776e+02 4.338809e+02 6.690005e+02
28184  2.888429e+02 1.808761e+02 7.196014e+02
49025  2.063127e+02 4.552340e+02 6.605914e+02
75697  1.139731e+02 3.266710e+02 5.352665e+02
60929  3.033407e+02 6.684459e+02 7.190588e+02
27402  3.156732e+02 2.512226e+02 6.943529e+02
42185  1.162817e+02 4.105335e+02 4.999630e+02
8693  3.046452e+02 6.059194e+02 7.081319e+02
67948  1.042816e+02 4.368072e+02 6.459941e+02
56600  2.758340e+02 2.040314e+02 6.079872e+02
71961  1.877459e+02 7.469040e+02 5.435419e+02
69648  2.388899e+02 1.215987e+02 5.678484e+02
53446  8.729293e+01 2.853178e+02 4.919359e+02
71924  2.225383e+02 7.718158e+02 5.263766e+02
47698  2.893747e+02 2.656825e+02 6.901559e+02
51478  1.751389e+02 4.241150e+02 6.266937e+02
45475  1.924926e+02 5.771639e+02 6.578894e+02
69170  2.530006e+02 2.154525e+02 5.440278e+02
50758  9.207327e+01 4.245513e+02 4.833177e+02
74429  1.049842e+02 2.349752e+02 5.770814e+02
9309  1.289722e+02 3.145138e+02 4.440615e+02
41452  2.839496e+02 3.922847e+02 6.979917e+02
64553  1.827907e+02 5.629997e+02 6.200717e+02
49638  7.699275e+01 4.818933e+02 4.984120e+02
68295  2.109397e+02 2.183924e+02 5.844516e+02
43421  3.298428e+02 1.948995e+02 6.354013e+02
22645  1.292918e+02 6.859454e+02 4.589377e+02
69880  1.595438e+02 2.558214e+02 5.806360e+02
59836  3.080814e+02 6.204274e+02 7.117816e+02
73925  1.549517e+02 4.615463e+02 5.506156e+02
68697  8.432450e+01 3.410108e+02 6.309597e+02
67043  1.234085e+02 4.095226e+02 6.459242e+02
64613  1.739964e+02 5.591829e+02 6.497979e+02
73685  1.399447e+02 5.083193e+02 5.545307e+02
67873  1.627587e+02 3.843962e+02 6.146140e+02
40072  1.754748e+02 5.142499e+02 7.243281e+02
68100  1.511305e+02 4.645294e+02 6.002418e+02
47659  3.021823e+02 2.476315e+02 6.751343e+02
51129  2.086547e+02 2.250780e+02 6.529776e+02
73993  7.408490e+01 4.147641e+02 6.112224e+02
46371  2.472401e+02 7.479950e+02 5.671669e+02
45256  9.422908e+01 6.583702e+02 5.012524e+02
47358  2.037652e+02 5.979133e+02 6.376243e+02
75913  2.742429e+02 5.157625e+02 7.739248e+02
25568  2.638097e+02 3.774135e+02 7.281571e+02
48495  3.128013e+02 2.087886e+02 5.817844e+02
46829  1.713394e+02 5.176836e+02 6.981869e+02
23153  2.523378e+02 6.670156e+02 7.062974e+02
39818  2.581962e+02 7.371270e+02 6.012480e+02
28154  2.857235e+02 4.325963e+02 6.987916e+02
72205  1.473364e+02 4.166217e+02 5.771310e+02
45913  1.823499e+02 7.327338e+02 4.902828e+02
75862  6.492579e+01 3.122898e+02 5.540556e+02
48680  1.099027e+02 4.907888e+02 4.942454e+02
45396  2.055591e+02 6.283582e+02 6.284116e+02
49245  1.935803e+02 2.859025e+02 6.774538e+02
75492  2.394778e+02 1.291149e+02 5.080611e+02
44964  2.788206e+02 6.550535e+02 5.719557e+02
72175  2.283229e+02 6.375200e+02 5.269676e+02
49290  1.799100e+02 2.709757e+02 6.989835e+02
8697  2.977040e+02 6.114427e+02 7.386779e+02
51064  1.699307e+02 2.714642e+02 6.809647e+02
77535  1.412430e+02 5.729050e+02 5.304111e+02
46949  1.687160e+02 3.594473e+02 7.227200e+02
56704  1.635504e+02 1.268311e+02 5.084702e+02
64549  1.665837e+02 6.812609e+02 6.327399e+02
43236  2.621126e+02 2.574868e+02 7.615496e+02
43491  3.300547e+02 1.650830e+02 6.270308e+02
67644  1.056196e+02 5.063855e+02 6.636045e+02
70986  1.409868e+02 5.565583e+02 6.058751e+02
26227  5.351886e+01 4.129395e+02 4.665141e+02
60946  2.914246e+02 6.235375e+02 7.718982e+02
27735  2.898043e+02 3.987319e+02 7.219022e+02
44762  6.415767e+01 4.276185e+02 4.873422e+02
69901  2.390794e+02 2.279299e+02 5.369663e+02
69171  2.087295e+02 1.470217e+02 5.836569e+02
46624  2.176924e+02 3.806679e+02 6.827028e+02
57268  2.903242e+02 1.235513e+02 5.753244e+02
73077  1.304785e+02 3.143857e+02 5.502842e+02
71413  1.937204e+02 5.852116e+02 5.611340e+02
71301  2.121105e+02 7.505029e+02 5.325504e+02
72344  9.648174e+01 3.104275e+02 6.166658e+02
