164647 particles, 452 voids.
Void# FileVoid# CoreParticle CoreDens ZoneVol Zone#Part Void#Zones VoidVol Void#Part VoidDensContrast VoidProb
1 23062 29625 2.013931 2.932187 21 1 2.932187 21 3.820613 0.000000
2 862 1260 0.676597 3.307809 4 1 3.307809 4 3.518326 0.000000
16 22813 29247 1.093704 5.160244 31 1 5.160244 31 2.407750 0.000092
17 2351 3299 0.634783 9.948283 31 1 9.948283 31 2.283888 0.000279
28 72312 142682 0.151602 157.276794 263 1 157.276794 263 1.996466 0.002760
33 64918 118866 0.986422 3.206369 13 1 3.206369 13 1.917257 0.004870
34 38231 49942 0.781679 2.070355 8 1 2.070355 8 1.909132 0.005160
37 68534 128771 0.730821 4.810968 18 1 4.810968 18 1.863300 0.007080
44 42788 62155 0.505348 10.065480 18 1 10.065480 18 1.800488 0.010800
48 54877 99315 1.766457 2.463866 11 1 2.463866 11 1.782633 0.012200
59 46975 76018 0.499115 14.448210 32 1 14.448210 32 1.698100 0.020900
60 45557 70704 0.614018 9.876311 26 1 9.876311 26 1.674204 0.024300
61 2702 3758 1.442271 4.939086 37 1 4.939086 37 1.664983 0.025700
67 37503 48422 1.291513 4.758446 24 1 4.758446 24 1.624168 0.033100
75 49167 83404 1.705859 2.782571 14 1 2.782571 14 1.591860 0.040200
80 52815 95075 0.675277 6.653992 37 1 6.653992 37 1.580663 0.043000
81 22816 29255 1.078650 9.221917 49 1 9.221917 49 1.576961 0.043900
83 75823 161271 0.175013 66.643738 90 1 66.643738 90 1.569544 0.045900
85 24210 31064 0.596451 24.831060 56 1 24.831060 56 1.568497 0.046200
91 29195 38275 0.907498 2.169667 6 1 2.169667 6 1.539480 0.054800
96 65694 120888 0.141885 212.092804 365 1 212.092804 365 1.516253 0.062700
97 46912 75833 0.341007 39.198078 58 1 39.198078 58 1.514070 0.063500
99 65295 119740 0.521002 13.993320 41 1 13.993320 41 1.513362 0.063800
102 75549 159377 0.481562 14.675490 21 1 14.675490 21 1.495450 0.070700
103 73145 146918 0.747813 8.376553 36 1 8.376553 36 1.486279 0.074600
104 74065 152928 0.249927 107.728996 196 1 107.728996 196 1.485179 0.075000
105 49106 83212 0.240363 169.521301 331 1 169.521301 331 1.484023 0.075500
108 65600 120474 1.539087 2.511317 10 1 2.511317 10 1.472908 0.080500
112 40926 55482 0.707243 10.729040 37 1 10.729040 37 1.462003 0.085600
120 49455 84569 0.273479 33.932690 58 1 33.932690 58 1.434315 0.100000
131 11836 16068 1.128693 3.049352 16 1 3.049352 16 1.410761 0.114000
132 49355 84228 0.957246 7.050752 27 1 7.050752 27 1.402637 0.120000
133 72134 141822 0.381609 36.535881 70 1 36.535881 70 1.398366 0.122000
134 77593 164529 0.236660 77.156868 176 1 77.156868 176 1.398233 0.122000
135 2000 2856 2.056247 2.264095 16 1 2.264095 16 1.397491 0.123000
136 47507 77710 0.466582 8.891887 20 1 8.891887 20 1.397349 0.123000
137 42782 62135 0.243144 40.252708 78 1 40.252708 78 1.396803 0.123000
139 69936 133928 0.729956 6.825108 25 1 6.825108 25 1.392301 0.127000
140 51286 91125 0.791281 7.453786 35 1 7.453786 35 1.383473 0.133000
141 41417 56567 0.944805 2.670589 12 1 2.670589 12 1.378747 0.136000
143 55791 101647 0.556685 10.416890 38 1 10.416890 38 1.377012 0.138000
144 64603 117415 0.384049 75.892120 146 1 75.892120 146 1.374820 0.139000
146 8190 10825 0.652645 4.635720 10 1 4.635720 10 1.372095 0.142000
147 56750 104443 0.825981 3.951751 12 1 3.951751 12 1.371727 0.142000
148 55859 101888 0.600057 11.417900 28 1 11.417900 28 1.369431 0.144000
151 73436 148966 0.204629 191.919693 283 1 191.919693 283 1.362711 0.149000
152 66893 123672 0.491424 18.075600 33 1 18.075600 33 1.358905 0.152000
153 21816 27581 0.561668 10.084970 27 1 10.084970 27 1.358320 0.153000
156 48460 80418 0.877015 3.009858 9 1 3.009858 9 1.352848 0.157000
157 43511 64436 0.278698 38.038319 42 1 38.038319 42 1.347782 0.162000
158 75616 159545 0.678351 4.336138 8 1 4.336138 8 1.345706 0.164000
162 71300 137126 0.442937 11.104840 21 1 11.104840 21 1.340433 0.168000
164 68109 126567 0.471646 50.424919 159 1 50.424919 159 1.337962 0.171000
171 71321 137275 1.595588 2.203711 12 1 2.203711 12 1.328080 0.180000
172 56530 103646 0.400789 56.996471 149 1 56.996471 149 1.327635 0.180000
175 43725 65394 0.825930 4.621922 17 1 4.621922 17 1.320300 0.188000
177 640 989 1.054506 2.560397 7 1 2.560397 7 1.319437 0.189000
178 49777 85910 0.184334 180.998199 280 1 180.998199 280 1.317847 0.190000
183 76763 163086 0.216652 107.168198 214 1 107.168198 214 1.312205 0.196000
184 45633 70966 0.514302 26.705879 82 1 26.705879 82 1.311372 0.197000
185 27645 35930 2.148968 2.220301 15 1 2.220301 15 1.311242 0.197000
186 69921 133776 0.701889 11.725730 66 1 11.725730 66 1.310395 0.198000
187 66038 122231 0.344108 14.021650 23 1 14.021650 23 1.303632 0.205000
188 55297 100317 0.845432 14.704370 32 1 14.704370 32 1.301818 0.207000
189 49707 85565 0.875410 9.449356 33 1 9.449356 33 1.299489 0.210000
190 73936 151207 0.415777 29.554770 55 1 29.554770 55 1.298646 0.211000
192 68368 127879 0.410729 22.841459 74 1 22.841459 74 1.297313 0.212000
195 28160 36758 0.748321 4.433628 9 1 4.433628 9 1.293087 0.217000
197 42726 61999 0.700489 4.108193 9 1 4.108193 9 1.290268 0.221000
198 74031 152452 0.399761 43.073959 109 1 43.073959 109 1.285721 0.226000
199 65905 122012 1.767832 2.740688 9 1 2.740688 9 1.282324 0.230000
200 68985 130316 0.988497 7.300103 21 1 7.300103 21 1.281681 0.231000
201 59929 108552 0.941924 3.830111 10 1 3.830111 10 1.281409 0.231000
203 52687 94587 0.745882 10.262960 30 1 10.262960 30 1.281151 0.232000
205 74128 153492 0.880353 7.341743 18 1 7.341743 18 1.279941 0.233000
209 6211 7676 3.210240 1.984656 19 1 1.984656 19 1.271939 0.243000
210 47088 76249 0.323136 44.747589 68 1 44.747589 68 1.271086 0.244000
212 42527 61296 0.924519 4.909770 17 1 4.909770 17 1.268614 0.248000
213 3342 4587 1.323203 6.296674 30 1 6.296674 30 1.267618 0.249000
216 72019 140900 0.191344 166.373703 282 1 166.373703 282 1.265395 0.252000
217 26026 33473 0.941316 2.110465 7 1 2.110465 7 1.265152 0.252000
220 48664 81023 0.391752 55.154240 160 1 55.154240 160 1.256597 0.264000
222 71648 138978 1.132598 4.035008 19 1 4.035008 19 1.252345 0.270000
223 36887 47621 1.554906 1.939988 6 1 1.939988 6 1.249795 0.274000
227 37658 48763 0.481689 12.248290 34 1 12.248290 34 1.245541 0.280000
228 51781 92460 0.345479 30.902821 41 1 30.902821 41 1.242525 0.285000
230 68782 129606 1.208032 7.033893 38 1 7.033893 38 1.240428 0.288000
231 68426 128196 0.650696 4.549547 11 1 4.549547 11 1.239706 0.289000
233 48731 81443 0.549693 17.781099 62 1 17.781099 62 1.237532 0.292000
235 71383 137561 0.807505 10.147430 28 1 10.147430 28 1.231294 0.302000
236 49054 83085 0.626567 19.592199 53 1 19.592199 53 1.230545 0.303000
237 28694 37683 0.370846 21.828880 44 1 21.828880 44 1.229413 0.305000
238 46534 74307 0.312952 60.095081 106 1 60.095081 106 1.226719 0.309000
241 56596 103857 0.525715 11.112960 41 1 11.112960 41 1.223930 0.314000
242 67753 125349 0.514957 10.366840 20 1 10.366840 20 1.220578 0.320000
244 48459 80417 0.710705 4.128163 7 1 4.128163 7 1.215913 0.327000
249 27543 35776 2.003838 2.972609 14 1 2.972609 14 1.201670 0.353000
251 13064 17717 0.666252 16.201191 83 1 16.201191 83 1.197234 0.361000
253 6596 8488 0.701140 4.434657 8 1 4.434657 8 1.194247 0.367000
254 54565 98732 2.175354 2.751306 28 1 2.751306 28 1.192145 0.371000
256 69253 131850 0.572315 26.736059 68 1 26.736059 68 1.191814 0.372000
258 25964 33356 0.721833 5.465121 19 1 5.465121 19 1.190432 0.374000
259 53451 96798 0.377827 24.679041 64 1 24.679041 64 1.189144 0.377000
260 39798 52933 0.278564 21.705311 30 1 21.705311 30 1.187797 0.379000
261 55330 100397 0.379531 33.381641 88 1 33.381641 88 1.186925 0.381000
263 65289 119699 0.447558 18.278790 29 1 18.278790 29 1.183825 0.387000
264 51174 90676 0.886346 3.403700 15 1 3.403700 15 1.183293 0.389000
265 68098 126454 0.745650 2.424102 10 1 2.424102 10 1.178714 0.398000
267 72204 142181 0.613431 14.888100 42 1 14.888100 42 1.177597 0.400000
271 55147 99902 1.550206 2.491391 18 1 2.491391 18 1.173200 0.410000
273 73169 147211 0.433356 19.422609 36 1 19.422609 36 1.170000 0.416000
276 49656 85309 0.920240 3.876877 9 1 3.876877 9 1.164205 0.429000
279 66145 122451 1.808421 2.534421 14 1 2.534421 14 1.157370 0.445000
280 39662 52641 0.344647 29.382090 82 1 29.382090 82 1.153128 0.455000
281 12885 17476 1.612126 2.158262 8 1 2.158262 8 1.152900 0.455000
284 52696 94624 0.749353 11.807070 29 1 11.807070 29 1.151536 0.458000
286 56851 104751 0.488143 7.899205 32 1 7.899205 32 1.147635 0.468000
287 55271 100244 0.328124 18.709110 29 1 18.709110 29 1.144706 0.475000
288 49993 87043 1.276864 2.300872 14 1 2.300872 14 1.144503 0.475000
290 73588 149635 0.632915 16.817820 80 1 16.817820 80 1.143624 0.478000
292 44422 66724 0.296050 132.030701 217 1 132.030701 217 1.141949 0.482000
293 51092 90353 0.517882 15.199080 25 1 15.199080 25 1.138461 0.491000
294 50120 87327 0.400606 19.959190 37 1 19.959190 37 1.137604 0.493000
296 69152 131016 0.644518 8.668223 14 1 8.668223 14 1.136167 0.496000
298 71820 139860 0.634840 8.060623 23 1 8.060623 23 1.134350 0.501000
301 48718 81269 0.584155 21.251860 56 1 21.251860 56 1.131456 0.509000
302 29379 38542 0.899048 5.494390 23 1 5.494390 23 1.129667 0.513000
303 48669 81035 0.516604 10.930830 28 1 10.930830 28 1.128697 0.516000
307 46625 74780 1.550917 3.788799 19 1 3.788799 19 1.124010 0.529000
309 67760 125363 1.547298 2.256090 8 1 2.256090 8 1.122362 0.533000
310 1389 1967 1.187639 1.794255 4 1 1.794255 4 1.122358 0.533000
313 43548 64590 0.681296 13.865210 44 1 13.865210 44 1.119247 0.542000
315 74652 156440 0.333297 43.531502 129 1 43.531502 129 1.118937 0.543000
321 69197 131346 0.583481 49.070049 113 1 49.070049 113 1.114255 0.556000
322 45501 70526 0.650253 13.973360 26 1 13.973360 26 1.113648 0.558000
323 51294 91162 0.341745 19.680969 44 1 19.680969 44 1.113460 0.558000
324 53181 95936 0.712385 12.678000 41 1 12.678000 41 1.108199 0.574000
325 52550 94167 0.440015 18.510361 33 1 18.510361 33 1.107742 0.575000
327 47937 79274 1.054434 3.242100 17 1 3.242100 17 1.104082 0.586000
328 70219 135328 0.760592 10.522370 38 1 10.522370 38 1.102325 0.591000
329 52393 93640 0.789497 3.254004 8 1 3.254004 8 1.100581 0.597000
330 27934 36404 0.612607 9.611633 27 1 9.611633 27 1.100576 0.597000
331 64455 116386 0.462173 7.394422 15 1 7.394422 15 1.099101 0.601000
332 64312 115540 0.373661 9.754453 18 1 9.754453 18 1.098734 0.602000
334 40928 55489 0.868213 4.505014 10 1 4.505014 10 1.094568 0.616000
335 48408 80255 0.620592 9.110318 30 1 9.110318 30 1.094422 0.616000
336 72277 142481 0.189616 36.567902 62 1 36.567902 62 1.092363 0.623000
338 41822 57866 0.873856 4.885751 22 1 4.885751 22 1.087499 0.638000
341 67748 125327 0.742682 6.060244 20 1 6.060244 20 1.083864 0.650000
343 68945 130050 0.757972 12.057360 40 1 12.057360 40 1.083287 0.652000
344 58404 106832 0.937859 2.131115 2 1 2.131115 2 1.079650 0.665000
345 42188 59517 0.394800 16.818741 20 1 16.818741 20 1.078130 0.670000
346 42117 59142 0.463098 25.389500 61 1 25.389500 61 1.077079 0.674000
347 36690 47097 0.256997 35.735531 80 1 35.735531 80 1.076822 0.674000
348 56601 103881 1.116494 2.675876 5 1 2.675876 5 1.071272 0.694000
349 44645 67255 0.935837 6.092973 31 1 6.092973 31 1.071190 0.694000
350 25435 32370 0.721684 5.956181 12 1 5.956181 12 1.069444 0.700000
351 47368 77142 0.469244 30.242849 68 1 30.242849 68 1.066902 0.710000
353 65452 120126 0.201999 80.789818 137 1 80.789818 137 1.065019 0.717000
354 860 1255 0.771626 10.022460 37 1 10.022460 37 1.064180 0.720000
356 49604 85099 0.783805 7.693082 26 1 7.693082 26 1.063550 0.722000
357 58542 106972 0.702668 2.597372 3 1 2.597372 3 1.062326 0.727000
358 50668 88834 0.652733 10.220790 28 1 10.220790 28 1.061649 0.729000
359 73258 148046 0.799953 17.378469 67 1 17.378469 67 1.061210 0.731000
361 67871 125676 0.857527 8.183029 22 1 8.183029 22 1.060277 0.734000
363 49246 83771 0.690576 9.552015 26 1 9.552015 26 1.057733 0.744000
365 65792 121515 0.308748 94.770332 193 1 94.770332 193 1.055166 0.754000
369 48616 80894 1.267826 2.961672 14 1 2.961672 14 1.052978 0.762000
370 50267 87889 0.478109 20.787140 37 1 20.787140 37 1.052387 0.765000
371 28184 36810 0.632751 15.083540 30 1 15.083540 30 1.051741 0.767000
373 75697 160637 0.276063 39.873020 48 1 39.873020 48 1.050979 0.770000
375 27402 35453 0.921170 2.878735 7 1 2.878735 7 1.049797 0.775000
376 42185 59510 0.322087 46.189880 70 1 46.189880 70 1.049732 0.775000
378 67948 126229 1.264782 3.785011 17 1 3.785011 17 1.047753 0.783000
379 56600 103879 1.010931 7.692270 36 1 7.692270 36 1.046370 0.789000
380 71961 140508 0.647385 5.665741 7 1 5.665741 7 1.045866 0.791000
381 69648 133079 2.434673 1.908704 18 1 1.908704 18 1.045771 0.791000
383 71924 140369 1.142011 3.444061 12 1 3.444061 12 1.044733 0.795000
384 47698 78449 0.680465 2.519736 4 1 2.519736 4 1.044387 0.797000
386 45475 70406 0.237702 73.245773 83 1 73.245773 83 1.044231 0.797000
387 69170 131197 0.650269 11.573910 22 1 11.573910 22 1.043897 0.799000
388 50758 89123 0.483639 3.948514 5 1 3.948514 5 1.043390 0.801000
389 74429 154677 0.741863 7.174125 22 1 7.174125 22 1.041616 0.808000
390 9309 12722 1.828701 2.048980 16 1 2.048980 16 1.040885 0.811000
392 64553 117052 0.414687 20.702181 36 1 20.702181 36 1.040019 0.815000
397 69880 133440 0.489327 25.056141 43 1 25.056141 43 1.036172 0.831000
399 73925 151133 0.374255 37.289551 93 1 37.289551 93 1.034468 0.838000
400 68697 129044 0.699701 8.013965 19 1 8.013965 19 1.034358 0.839000
401 67043 123998 0.326792 85.941673 168 1 85.941673 168 1.034052 0.840000
402 64613 117540 0.240048 68.429070 165 1 68.429070 165 1.034021 0.840000
403 73685 149859 0.397341 33.486290 58 1 33.486290 58 1.032154 0.848000
405 40072 53456 0.443425 19.541571 36 1 19.541571 36 1.029962 0.858000
406 68100 126463 0.293960 56.591042 77 1 56.591042 77 1.029624 0.859000
407 47659 78303 0.535727 7.538869 10 1 7.538869 10 1.029600 0.859000
408 51129 90471 0.654240 6.158748 12 1 6.158748 12 1.029591 0.859000
411 45256 69569 1.601796 5.588066 30 1 5.588066 30 1.024419 0.882000
416 46829 75383 0.410249 37.035019 75 1 37.035019 75 1.021341 0.896000
417 23153 29771 0.989914 3.610706 13 1 3.610706 13 1.020566 0.900000
418 39818 52956 0.555610 4.779116 10 1 4.779116 10 1.019583 0.905000
419 28154 36725 1.833921 2.005781 11 1 2.005781 11 1.018867 0.908000
420 72205 142199 0.585024 11.025870 26 1 11.025870 26 1.017500 0.914000
423 48680 81071 0.627469 8.460933 19 1 8.460933 19 1.015179 0.925000
428 72175 142002 1.007945 4.731680 14 1 4.731680 14 1.013783 0.932000
431 51064 90250 0.767557 4.877122 13 1 4.877122 13 1.013127 0.935000
432 77535 164389 0.292436 22.267851 61 1 22.267851 61 1.011672 0.942000
434 56704 104364 1.657456 1.832327 16 1 1.832327 16 1.011035 0.945000
435 64549 116981 0.804890 2.746410 10 1 2.746410 10 1.010463 0.948000
438 67644 125046 0.394850 25.827850 38 1 25.827850 38 1.009003 0.955000
440 26227 33786 0.932725 10.086580 58 1 10.086580 58 1.008132 0.959000
442 27735 36103 1.095369 2.000014 5 1 2.000014 5 1.007416 0.963000
444 69901 133694 0.736035 10.815750 24 1 10.815750 24 1.006116 0.969000
447 57268 105501 0.501035 7.744022 21 1 7.744022 21 1.003251 0.983000
448 73077 146328 0.418873 25.937290 38 1 25.937290 38 1.003219 0.984000
449 71413 137680 0.779266 2.065056 3 1 2.065056 3 1.001748 0.991000
450 71301 137129 0.742472 6.195758 18 1 6.195758 18 1.000861 0.996000
451 72344 142967 0.647946 11.127550 29 1 11.127550 29 1.000701 0.996000
