164647 particles, 452 voids.
Void# FileVoid# CoreParticle CoreDens ZoneVol Zone#Part Void#Zones VoidVol Void#Part VoidDensContrast VoidProb
0 69889 133523 0.102114 342.582489 737 1 342.582489 737 4.301578 0.000000
1 23062 29625 2.013931 2.932187 21 1 2.932187 21 3.820613 0.000000
2 862 1260 0.676597 3.307809 4 1 3.307809 4 3.518326 0.000000
3 4938 6224 1.374608 1.809544 11 1 1.809544 11 3.325351 0.000000
4 21818 27589 0.167555 124.891899 280 1 124.891899 280 3.294253 0.000000
5 4923 6196 2.279959 2.934737 19 1 2.934737 19 3.285888 0.000000
7 3067 4264 0.676512 8.275983 38 1 8.275983 38 2.945150 0.000000
9 25705 32899 0.269964 18.338240 46 1 18.338240 46 2.755188 0.000003
10 55522 100978 0.588557 13.759530 67 1 13.759530 67 2.677756 0.000006
12 6205 7652 0.375010 34.110531 94 1 34.110531 94 2.651872 0.000008
14 55305 100346 0.285959 50.742619 107 1 50.742619 107 2.568280 0.000019
15 20550 25655 0.273464 61.262939 166 1 61.262939 166 2.417392 0.000084
16 22813 29247 1.093704 5.160244 31 1 5.160244 31 2.407750 0.000092
17 2351 3299 0.634783 9.948283 31 1 9.948283 31 2.283888 0.000279
18 4946 6235 1.868607 4.817364 44 1 4.817364 44 2.277081 0.000296
19 11161 15154 0.315937 28.887520 104 1 28.887520 104 2.252151 0.000366
20 70862 136362 0.358250 40.693451 97 1 40.693451 97 2.248326 0.000378
21 69165 131161 0.262979 70.428703 154 1 70.428703 154 2.235535 0.000421
22 21220 26753 0.898110 7.732282 50 1 7.732282 50 2.198118 0.000575
23 10839 14686 1.037158 8.978460 48 1 8.978460 48 2.147139 0.000869
24 41499 56766 0.249015 80.844643 182 1 80.844643 182 2.123116 0.001050
25 4935 6219 3.950813 1.881297 23 1 1.881297 23 2.014761 0.002410
27 49350 84204 0.128207 307.430603 400 1 307.430603 400 1.998276 0.002720
28 72312 142682 0.151602 157.276794 263 1 157.276794 263 1.996466 0.002760
29 20975 26330 0.456120 74.170731 292 1 74.170731 292 1.992214 0.002840
30 66041 122245 0.165263 150.900696 289 1 150.900696 289 1.977532 0.003160
33 64918 118866 0.986422 3.206369 13 1 3.206369 13 1.917257 0.004870
34 38231 49942 0.781679 2.070355 8 1 2.070355 8 1.909132 0.005160
35 41816 57825 0.273427 37.233841 83 1 37.233841 83 1.902998 0.005380
36 41628 57164 0.338486 38.987759 93 1 38.987759 93 1.881892 0.006230
37 68534 128771 0.730821 4.810968 18 1 4.810968 18 1.863300 0.007080
39 46315 73140 0.158228 188.695999 337 1 188.695999 337 1.842487 0.008160
40 27904 36335 0.612073 23.336861 72 1 23.336861 72 1.838252 0.008400
41 2713 3789 0.806934 5.960291 15 1 5.960291 15 1.833212 0.008690
42 49722 85608 0.303940 68.794441 150 1 68.794441 150 1.816748 0.009700
43 44908 68526 0.204688 235.343597 386 1 235.343597 386 1.809637 0.010200
44 42788 62155 0.505348 10.065480 18 1 10.065480 18 1.800488 0.010800
46 56975 105103 0.280126 84.214203 185 1 84.214203 185 1.794420 0.011200
47 59744 108196 0.375446 49.472279 159 1 49.472279 159 1.783668 0.012100
48 54877 99315 1.766457 2.463866 11 1 2.463866 11 1.782633 0.012200
49 588 810 0.470550 21.113359 65 1 21.113359 65 1.779482 0.012400
50 73130 146832 0.402448 58.054501 151 1 58.054501 151 1.763405 0.013800
51 2700 3754 1.305595 7.325225 34 1 7.325225 34 1.762162 0.013900
52 2687 3715 0.449067 28.804649 52 1 28.804649 52 1.759558 0.014100
54 26226 33783 0.341282 72.609306 187 1 72.609306 187 1.749387 0.015100
55 37263 48106 0.975577 8.241022 29 1 8.241022 29 1.735982 0.016500
56 51175 90678 0.604896 36.627060 143 1 36.627060 143 1.721341 0.018100
59 46975 76018 0.499115 14.448210 32 1 14.448210 32 1.698100 0.020900
60 45557 70704 0.614018 9.876311 26 1 9.876311 26 1.674204 0.024300
61 2702 3758 1.442271 4.939086 37 1 4.939086 37 1.664983 0.025700
62 56011 102139 0.189958 151.691406 349 1 151.691406 349 1.657776 0.026900
63 52702 94638 0.462996 13.712860 23 1 13.712860 23 1.656694 0.027100
66 73345 148586 0.253580 51.167870 117 1 51.167870 117 1.629589 0.032000
67 37503 48422 1.291513 4.758446 24 1 4.758446 24 1.624168 0.033100
68 63793 113072 0.504035 22.998600 69 1 22.998600 69 1.620198 0.033900
70 39724 52791 0.141110 101.487701 145 1 101.487701 145 1.602144 0.037800
71 69190 131291 0.271069 73.909302 145 1 73.909302 145 1.599189 0.038400
72 72223 142254 0.632150 9.592908 33 1 9.592908 33 1.597457 0.038800
74 70010 134194 1.958251 4.797208 41 1 4.797208 41 1.594801 0.039500
75 49167 83404 1.705859 2.782571 14 1 2.782571 14 1.591860 0.040200
76 71728 139389 0.452522 40.335201 111 1 40.335201 111 1.591370 0.040300
77 47397 77348 0.196130 105.882202 186 1 105.882202 186 1.585530 0.041700
80 52815 95075 0.675277 6.653992 37 1 6.653992 37 1.580663 0.043000
81 22816 29255 1.078650 9.221917 49 1 9.221917 49 1.576961 0.043900
82 42204 59633 0.235662 91.774651 173 1 91.774651 173 1.571660 0.045300
83 75823 161271 0.175013 66.643738 90 1 66.643738 90 1.569544 0.045900
84 68779 129559 0.218518 140.041397 365 1 140.041397 365 1.569481 0.045900
85 24210 31064 0.596451 24.831060 56 1 24.831060 56 1.568497 0.046200
86 1123 1640 0.489344 48.463650 160 1 48.463650 160 1.564468 0.047300
87 47892 79142 0.535087 33.149910 75 1 33.149910 75 1.563514 0.047600
88 76986 163398 0.227708 167.156693 237 1 167.156693 237 1.562014 0.048000
89 25571 32641 0.502218 29.580290 93 1 29.580290 93 1.545294 0.053000
90 26003 33419 0.728963 23.565750 83 1 23.565750 83 1.543487 0.053500
91 29195 38275 0.907498 2.169667 6 1 2.169667 6 1.539480 0.054800
93 43033 62826 0.336921 42.254871 120 1 42.254871 120 1.528345 0.058500
94 45550 70656 0.251392 58.145241 125 1 58.145241 125 1.527116 0.058900
95 28587 37516 0.392990 57.824650 116 1 57.824650 116 1.522878 0.060400
96 65694 120888 0.141885 212.092804 365 1 212.092804 365 1.516253 0.062700
97 46912 75833 0.341007 39.198078 58 1 39.198078 58 1.514070 0.063500
98 11644 15808 0.320481 45.004871 73 1 45.004871 73 1.514003 0.063600
99 65295 119740 0.521002 13.993320 41 1 13.993320 41 1.513362 0.063800
102 75549 159377 0.481562 14.675490 21 1 14.675490 21 1.495450 0.070700
103 73145 146918 0.747813 8.376553 36 1 8.376553 36 1.486279 0.074600
104 74065 152928 0.249927 107.728996 196 1 107.728996 196 1.485179 0.075000
105 49106 83212 0.240363 169.521301 331 1 169.521301 331 1.484023 0.075500
107 65200 119467 0.307453 29.416880 51 1 29.416880 51 1.476171 0.079000
108 65600 120474 1.539087 2.511317 10 1 2.511317 10 1.472908 0.080500
109 46254 72756 0.475769 16.720699 30 1 16.720699 30 1.468620 0.082500
112 40926 55482 0.707243 10.729040 37 1 10.729040 37 1.462003 0.085600
113 11391 15488 0.650886 15.580780 29 1 15.580780 29 1.456956 0.088100
116 36760 47405 0.190926 193.403397 462 1 193.403397 462 1.449462 0.092000
118 75555 159399 0.499235 15.334080 34 1 15.334080 34 1.442799 0.095500
119 56937 104947 0.654751 3.337022 12 1 3.337022 12 1.442462 0.095700
120 49455 84569 0.273479 33.932690 58 1 33.932690 58 1.434315 0.100000
121 40849 55279 0.753460 10.639350 22 1 10.639350 22 1.433125 0.101000
122 21333 26912 0.963323 6.103831 35 1 6.103831 35 1.432752 0.101000
123 64425 116000 0.142502 256.722809 448 1 256.722809 448 1.430689 0.102000
125 42531 61329 0.157729 94.959038 158 1 94.959038 158 1.421666 0.108000
126 42139 59325 0.366338 55.216919 132 1 55.216919 132 1.420362 0.108000
127 69481 132800 0.767864 5.715257 20 1 5.715257 20 1.418462 0.109000
129 45761 71346 1.434098 5.002794 21 1 5.002794 21 1.414643 0.112000
130 68982 130269 0.201310 93.319252 99 1 93.319252 99 1.411976 0.113000
131 11836 16068 1.128693 3.049352 16 1 3.049352 16 1.410761 0.114000
132 49355 84228 0.957246 7.050752 27 1 7.050752 27 1.402637 0.120000
133 72134 141822 0.381609 36.535881 70 1 36.535881 70 1.398366 0.122000
134 77593 164529 0.236660 77.156868 176 1 77.156868 176 1.398233 0.122000
135 2000 2856 2.056247 2.264095 16 1 2.264095 16 1.397491 0.123000
136 47507 77710 0.466582 8.891887 20 1 8.891887 20 1.397349 0.123000
137 42782 62135 0.243144 40.252708 78 1 40.252708 78 1.396803 0.123000
138 9153 12347 0.796481 24.585039 104 1 24.585039 104 1.396511 0.124000
139 69936 133928 0.729956 6.825108 25 1 6.825108 25 1.392301 0.127000
140 51286 91125 0.791281 7.453786 35 1 7.453786 35 1.383473 0.133000
141 41417 56567 0.944805 2.670589 12 1 2.670589 12 1.378747 0.136000
142 3072 4274 0.691270 17.771360 50 1 17.771360 50 1.378444 0.137000
143 55791 101647 0.556685 10.416890 38 1 10.416890 38 1.377012 0.138000
144 64603 117415 0.384049 75.892120 146 1 75.892120 146 1.374820 0.139000
145 2024 2939 1.077949 5.747867 13 1 5.747867 13 1.372311 0.141000
146 8190 10825 0.652645 4.635720 10 1 4.635720 10 1.372095 0.142000
147 56750 104443 0.825981 3.951751 12 1 3.951751 12 1.371727 0.142000
148 55859 101888 0.600057 11.417900 28 1 11.417900 28 1.369431 0.144000
149 8516 11371 0.437637 20.980021 84 1 20.980021 84 1.367643 0.145000
151 73436 148966 0.204629 191.919693 283 1 191.919693 283 1.362711 0.149000
152 66893 123672 0.491424 18.075600 33 1 18.075600 33 1.358905 0.152000
153 21816 27581 0.561668 10.084970 27 1 10.084970 27 1.358320 0.153000
156 48460 80418 0.877015 3.009858 9 1 3.009858 9 1.352848 0.157000
157 43511 64436 0.278698 38.038319 42 1 38.038319 42 1.347782 0.162000
158 75616 159545 0.678351 4.336138 8 1 4.336138 8 1.345706 0.164000
160 41710 57398 0.621611 7.747467 27 1 7.747467 27 1.341316 0.167000
161 8193 10829 0.472941 30.534460 78 1 30.534460 78 1.340755 0.168000
162 71300 137126 0.442937 11.104840 21 1 11.104840 21 1.340433 0.168000
163 50463 88424 0.252453 137.488403 252 1 137.488403 252 1.339277 0.169000
164 68109 126567 0.471646 50.424919 159 1 50.424919 159 1.337962 0.171000
165 42419 60638 0.167663 215.449005 398 1 215.449005 398 1.337430 0.171000
171 71321 137275 1.595588 2.203711 12 1 2.203711 12 1.328080 0.180000
172 56530 103646 0.400789 56.996471 149 1 56.996471 149 1.327635 0.180000
173 37966 49432 0.284543 118.180397 256 1 118.180397 256 1.327386 0.181000
174 12032 16281 0.711843 12.851530 42 1 12.851530 42 1.320952 0.187000
175 43725 65394 0.825930 4.621922 17 1 4.621922 17 1.320300 0.188000
176 38479 50445 0.243719 88.078392 148 1 88.078392 148 1.319574 0.188000
177 640 989 1.054506 2.560397 7 1 2.560397 7 1.319437 0.189000
178 49777 85910 0.184334 180.998199 280 1 180.998199 280 1.317847 0.190000
181 7396 9421 0.252915 60.051762 81 1 60.051762 81 1.315909 0.192000
182 70899 136429 0.321800 97.758408 228 1 97.758408 228 1.313769 0.194000
183 76763 163086 0.216652 107.168198 214 1 107.168198 214 1.312205 0.196000
184 45633 70966 0.514302 26.705879 82 1 26.705879 82 1.311372 0.197000
185 27645 35930 2.148968 2.220301 15 1 2.220301 15 1.311242 0.197000
186 69921 133776 0.701889 11.725730 66 1 11.725730 66 1.310395 0.198000
187 66038 122231 0.344108 14.021650 23 1 14.021650 23 1.303632 0.205000
188 55297 100317 0.845432 14.704370 32 1 14.704370 32 1.301818 0.207000
189 49707 85565 0.875410 9.449356 33 1 9.449356 33 1.299489 0.210000
190 73936 151207 0.415777 29.554770 55 1 29.554770 55 1.298646 0.211000
191 51379 91477 0.588482 23.327009 72 1 23.327009 72 1.297406 0.212000
192 68368 127879 0.410729 22.841459 74 1 22.841459 74 1.297313 0.212000
195 28160 36758 0.748321 4.433628 9 1 4.433628 9 1.293087 0.217000
197 42726 61999 0.700489 4.108193 9 1 4.108193 9 1.290268 0.221000
198 74031 152452 0.399761 43.073959 109 1 43.073959 109 1.285721 0.226000
199 65905 122012 1.767832 2.740688 9 1 2.740688 9 1.282324 0.230000
200 68985 130316 0.988497 7.300103 21 1 7.300103 21 1.281681 0.231000
201 59929 108552 0.941924 3.830111 10 1 3.830111 10 1.281409 0.231000
202 68404 128077 0.150451 250.548904 445 1 250.548904 445 1.281367 0.231000
203 52687 94587 0.745882 10.262960 30 1 10.262960 30 1.281151 0.232000
205 74128 153492 0.880353 7.341743 18 1 7.341743 18 1.279941 0.233000
207 48798 81932 0.243624 163.793396 263 1 163.793396 263 1.275558 0.239000
209 6211 7676 3.210240 1.984656 19 1 1.984656 19 1.271939 0.243000
210 47088 76249 0.323136 44.747589 68 1 44.747589 68 1.271086 0.244000
211 41630 57169 0.610713 13.774800 35 1 13.774800 35 1.268632 0.248000
212 42527 61296 0.924519 4.909770 17 1 4.909770 17 1.268614 0.248000
213 3342 4587 1.323203 6.296674 30 1 6.296674 30 1.267618 0.249000
214 60841 109678 0.237072 76.909180 173 1 76.909180 173 1.267399 0.249000
215 49780 85954 0.277410 65.313210 89 1 65.313210 89 1.267204 0.250000
216 72019 140900 0.191344 166.373703 282 1 166.373703 282 1.265395 0.252000
217 26026 33473 0.941316 2.110465 7 1 2.110465 7 1.265152 0.252000
218 8705 11658 0.478249 16.743170 41 1 16.743170 41 1.262187 0.256000
220 48664 81023 0.391752 55.154240 160 1 55.154240 160 1.256597 0.264000
221 70897 136413 0.358541 39.063801 73 1 39.063801 73 1.255439 0.266000
222 71648 138978 1.132598 4.035008 19 1 4.035008 19 1.252345 0.270000
223 36887 47621 1.554906 1.939988 6 1 1.939988 6 1.249795 0.274000
224 60830 109627 0.458601 26.787960 71 1 26.787960 71 1.249081 0.275000
225 68121 126680 0.347365 59.144051 102 1 59.144051 102 1.247942 0.276000
226 43678 65270 0.351171 83.047607 162 1 83.047607 162 1.246512 0.279000
227 37658 48763 0.481689 12.248290 34 1 12.248290 34 1.245541 0.280000
228 51781 92460 0.345479 30.902821 41 1 30.902821 41 1.242525 0.285000
229 27367 35397 0.219953 80.518913 108 1 80.518913 108 1.240862 0.287000
230 68782 129606 1.208032 7.033893 38 1 7.033893 38 1.240428 0.288000
231 68426 128196 0.650696 4.549547 11 1 4.549547 11 1.239706 0.289000
232 47598 78036 0.265326 26.366871 87 1 26.366871 87 1.238844 0.290000
233 48731 81443 0.549693 17.781099 62 1 17.781099 62 1.237532 0.292000
234 48780 81812 0.171521 151.442993 225 1 151.442993 225 1.237055 0.293000
235 71383 137561 0.807505 10.147430 28 1 10.147430 28 1.231294 0.302000
236 49054 83085 0.626567 19.592199 53 1 19.592199 53 1.230545 0.303000
237 28694 37683 0.370846 21.828880 44 1 21.828880 44 1.229413 0.305000
238 46534 74307 0.312952 60.095081 106 1 60.095081 106 1.226719 0.309000
239 67740 125301 0.540583 33.243790 89 1 33.243790 89 1.226455 0.310000
241 56596 103857 0.525715 11.112960 41 1 11.112960 41 1.223930 0.314000
242 67753 125349 0.514957 10.366840 20 1 10.366840 20 1.220578 0.320000
244 48459 80417 0.710705 4.128163 7 1 4.128163 7 1.215913 0.327000
245 25902 33236 0.503778 46.180340 130 1 46.180340 130 1.214753 0.329000
248 73127 146826 0.453704 20.991030 48 1 20.991030 48 1.204136 0.348000
249 27543 35776 2.003838 2.972609 14 1 2.972609 14 1.201670 0.353000
251 13064 17717 0.666252 16.201191 83 1 16.201191 83 1.197234 0.361000
253 6596 8488 0.701140 4.434657 8 1 4.434657 8 1.194247 0.367000
254 54565 98732 2.175354 2.751306 28 1 2.751306 28 1.192145 0.371000
255 73674 149760 0.156149 238.216507 434 1 238.216507 434 1.191849 0.372000
256 69253 131850 0.572315 26.736059 68 1 26.736059 68 1.191814 0.372000
257 72337 142889 0.424758 50.199440 106 1 50.199440 106 1.190655 0.374000
258 25964 33356 0.721833 5.465121 19 1 5.465121 19 1.190432 0.374000
259 53451 96798 0.377827 24.679041 64 1 24.679041 64 1.189144 0.377000
260 39798 52933 0.278564 21.705311 30 1 21.705311 30 1.187797 0.379000
261 55330 100397 0.379531 33.381641 88 1 33.381641 88 1.186925 0.381000
262 47503 77694 0.566773 11.993520 36 1 11.993520 36 1.184251 0.387000
263 65289 119699 0.447558 18.278790 29 1 18.278790 29 1.183825 0.387000
264 51174 90676 0.886346 3.403700 15 1 3.403700 15 1.183293 0.389000
265 68098 126454 0.745650 2.424102 10 1 2.424102 10 1.178714 0.398000
266 42481 61009 0.387106 33.586521 94 1 33.586521 94 1.177789 0.400000
267 72204 142181 0.613431 14.888100 42 1 14.888100 42 1.177597 0.400000
268 55651 101364 0.884355 13.596130 84 1 13.596130 84 1.177392 0.401000
269 71399 137652 0.296845 36.158161 44 1 36.158161 44 1.175041 0.406000
270 48679 81067 0.245242 120.657303 274 1 120.657303 274 1.173887 0.408000
271 55147 99902 1.550206 2.491391 18 1 2.491391 18 1.173200 0.410000
272 65176 119383 0.343720 12.124800 23 1 12.124800 23 1.170900 0.414000
273 73169 147211 0.433356 19.422609 36 1 19.422609 36 1.170000 0.416000
274 47556 77897 0.416033 40.294231 110 1 40.294231 110 1.167722 0.421000
275 7784 10151 0.357865 29.366249 83 1 29.366249 83 1.166151 0.425000
276 49656 85309 0.920240 3.876877 9 1 3.876877 9 1.164205 0.429000
278 40602 54640 0.503607 10.966800 43 1 10.966800 43 1.158439 0.442000
279 66145 122451 1.808421 2.534421 14 1 2.534421 14 1.157370 0.445000
280 39662 52641 0.344647 29.382090 82 1 29.382090 82 1.153128 0.455000
281 12885 17476 1.612126 2.158262 8 1 2.158262 8 1.152900 0.455000
283 12126 16470 0.740027 7.367244 31 1 7.367244 31 1.152203 0.457000
284 52696 94624 0.749353 11.807070 29 1 11.807070 29 1.151536 0.458000
286 56851 104751 0.488143 7.899205 32 1 7.899205 32 1.147635 0.468000
287 55271 100244 0.328124 18.709110 29 1 18.709110 29 1.144706 0.475000
288 49993 87043 1.276864 2.300872 14 1 2.300872 14 1.144503 0.475000
289 52795 94986 0.261608 58.964939 89 1 58.964939 89 1.144470 0.476000
290 73588 149635 0.632915 16.817820 80 1 16.817820 80 1.143624 0.478000
292 44422 66724 0.296050 132.030701 217 1 132.030701 217 1.141949 0.482000
293 51092 90353 0.517882 15.199080 25 1 15.199080 25 1.138461 0.491000
294 50120 87327 0.400606 19.959190 37 1 19.959190 37 1.137604 0.493000
295 44973 68750 0.211942 82.998909 116 1 82.998909 116 1.136928 0.495000
296 69152 131016 0.644518 8.668223 14 1 8.668223 14 1.136167 0.496000
298 71820 139860 0.634840 8.060623 23 1 8.060623 23 1.134350 0.501000
300 8706 11659 0.400729 42.047611 117 1 42.047611 117 1.132066 0.507000
301 48718 81269 0.584155 21.251860 56 1 21.251860 56 1.131456 0.509000
302 29379 38542 0.899048 5.494390 23 1 5.494390 23 1.129667 0.513000
303 48669 81035 0.516604 10.930830 28 1 10.930830 28 1.128697 0.516000
304 48193 79771 0.346080 14.771520 16 1 14.771520 16 1.128231 0.517000
305 75149 158168 0.948360 13.136260 43 1 13.136260 43 1.128202 0.517000
306 67721 125235 0.481898 38.744701 133 1 38.744701 133 1.124676 0.527000
307 46625 74780 1.550917 3.788799 19 1 3.788799 19 1.124010 0.529000
308 36970 47728 0.528443 7.988243 25 1 7.988243 25 1.122879 0.532000
309 67760 125363 1.547298 2.256090 8 1 2.256090 8 1.122362 0.533000
310 1389 1967 1.187639 1.794255 4 1 1.794255 4 1.122358 0.533000
312 47488 77622 0.277775 69.566437 158 1 69.566437 158 1.119506 0.541000
313 43548 64590 0.681296 13.865210 44 1 13.865210 44 1.119247 0.542000
314 46582 74660 0.229307 101.253998 167 1 101.253998 167 1.119202 0.542000
315 74652 156440 0.333297 43.531502 129 1 43.531502 129 1.118937 0.543000
316 69478 132780 0.333501 58.034801 93 1 58.034801 93 1.117990 0.545000
317 64162 114599 1.370704 5.200345 29 1 5.200345 29 1.117549 0.547000
318 47655 78293 0.310363 55.475780 63 1 55.475780 63 1.115964 0.551000
321 69197 131346 0.583481 49.070049 113 1 49.070049 113 1.114255 0.556000
322 45501 70526 0.650253 13.973360 26 1 13.973360 26 1.113648 0.558000
323 51294 91162 0.341745 19.680969 44 1 19.680969 44 1.113460 0.558000
324 53181 95936 0.712385 12.678000 41 1 12.678000 41 1.108199 0.574000
325 52550 94167 0.440015 18.510361 33 1 18.510361 33 1.107742 0.575000
326 46835 75455 0.327426 26.381620 50 1 26.381620 50 1.106815 0.578000
327 47937 79274 1.054434 3.242100 17 1 3.242100 17 1.104082 0.586000
328 70219 135328 0.760592 10.522370 38 1 10.522370 38 1.102325 0.591000
329 52393 93640 0.789497 3.254004 8 1 3.254004 8 1.100581 0.597000
330 27934 36404 0.612607 9.611633 27 1 9.611633 27 1.100576 0.597000
331 64455 116386 0.462173 7.394422 15 1 7.394422 15 1.099101 0.601000
332 64312 115540 0.373661 9.754453 18 1 9.754453 18 1.098734 0.602000
333 72657 144458 0.792257 7.952541 32 1 7.952541 32 1.095812 0.612000
334 40928 55489 0.868213 4.505014 10 1 4.505014 10 1.094568 0.616000
335 48408 80255 0.620592 9.110318 30 1 9.110318 30 1.094422 0.616000
336 72277 142481 0.189616 36.567902 62 1 36.567902 62 1.092363 0.623000
338 41822 57866 0.873856 4.885751 22 1 4.885751 22 1.087499 0.638000
339 52567 94222 0.306699 20.842211 78 1 20.842211 78 1.084837 0.647000
340 3061 4251 1.507600 10.504470 66 1 10.504470 66 1.083910 0.650000
341 67748 125327 0.742682 6.060244 20 1 6.060244 20 1.083864 0.650000
342 10789 14584 0.728674 17.662680 54 1 17.662680 54 1.083682 0.651000
343 68945 130050 0.757972 12.057360 40 1 12.057360 40 1.083287 0.652000
344 58404 106832 0.937859 2.131115 2 1 2.131115 2 1.079650 0.665000
345 42188 59517 0.394800 16.818741 20 1 16.818741 20 1.078130 0.670000
346 42117 59142 0.463098 25.389500 61 1 25.389500 61 1.077079 0.674000
347 36690 47097 0.256997 35.735531 80 1 35.735531 80 1.076822 0.674000
348 56601 103881 1.116494 2.675876 5 1 2.675876 5 1.071272 0.694000
349 44645 67255 0.935837 6.092973 31 1 6.092973 31 1.071190 0.694000
350 25435 32370 0.721684 5.956181 12 1 5.956181 12 1.069444 0.700000
351 47368 77142 0.469244 30.242849 68 1 30.242849 68 1.066902 0.710000
352 40008 53336 0.575661 14.416630 50 1 14.416630 50 1.065941 0.713000
353 65452 120126 0.201999 80.789818 137 1 80.789818 137 1.065019 0.717000
354 860 1255 0.771626 10.022460 37 1 10.022460 37 1.064180 0.720000
356 49604 85099 0.783805 7.693082 26 1 7.693082 26 1.063550 0.722000
357 58542 106972 0.702668 2.597372 3 1 2.597372 3 1.062326 0.727000
358 50668 88834 0.652733 10.220790 28 1 10.220790 28 1.061649 0.729000
359 73258 148046 0.799953 17.378469 67 1 17.378469 67 1.061210 0.731000
360 21610 27290 0.704156 6.748399 17 1 6.748399 17 1.060985 0.732000
361 67871 125676 0.857527 8.183029 22 1 8.183029 22 1.060277 0.734000
363 49246 83771 0.690576 9.552015 26 1 9.552015 26 1.057733 0.744000
365 65792 121515 0.308748 94.770332 193 1 94.770332 193 1.055166 0.754000
366 55519 100970 0.782542 18.950420 66 1 18.950420 66 1.054713 0.756000
368 25772 33016 0.314104 39.187012 108 1 39.187012 108 1.053331 0.761000
369 48616 80894 1.267826 2.961672 14 1 2.961672 14 1.052978 0.762000
370 50267 87889 0.478109 20.787140 37 1 20.787140 37 1.052387 0.765000
371 28184 36810 0.632751 15.083540 30 1 15.083540 30 1.051741 0.767000
373 75697 160637 0.276063 39.873020 48 1 39.873020 48 1.050979 0.770000
375 27402 35453 0.921170 2.878735 7 1 2.878735 7 1.049797 0.775000
376 42185 59510 0.322087 46.189880 70 1 46.189880 70 1.049732 0.775000
377 8693 11616 1.381556 5.072047 29 1 5.072047 29 1.048848 0.779000
378 67948 126229 1.264782 3.785011 17 1 3.785011 17 1.047753 0.783000
379 56600 103879 1.010931 7.692270 36 1 7.692270 36 1.046370 0.789000
380 71961 140508 0.647385 5.665741 7 1 5.665741 7 1.045866 0.791000
381 69648 133079 2.434673 1.908704 18 1 1.908704 18 1.045771 0.791000
382 53446 96769 0.232411 67.306229 163 1 67.306229 163 1.045233 0.793000
383 71924 140369 1.142011 3.444061 12 1 3.444061 12 1.044733 0.795000
384 47698 78449 0.680465 2.519736 4 1 2.519736 4 1.044387 0.797000
385 51478 91812 0.130798 322.718811 407 1 322.718811 407 1.044289 0.797000
386 45475 70406 0.237702 73.245773 83 1 73.245773 83 1.044231 0.797000
387 69170 131197 0.650269 11.573910 22 1 11.573910 22 1.043897 0.799000
388 50758 89123 0.483639 3.948514 5 1 3.948514 5 1.043390 0.801000
389 74429 154677 0.741863 7.174125 22 1 7.174125 22 1.041616 0.808000
390 9309 12722 1.828701 2.048980 16 1 2.048980 16 1.040885 0.811000
391 41452 56647 0.803930 10.863440 32 1 10.863440 32 1.040659 0.812000
392 64553 117052 0.414687 20.702181 36 1 20.702181 36 1.040019 0.815000
394 68295 127652 1.182559 8.435950 37 1 8.435950 37 1.037775 0.824000
395 43421 64112 0.185921 141.917892 192 1 141.917892 192 1.036911 0.828000
397 69880 133440 0.489327 25.056141 43 1 25.056141 43 1.036172 0.831000
398 59836 108385 0.638609 19.411020 67 1 19.411020 67 1.035599 0.833000
399 73925 151133 0.374255 37.289551 93 1 37.289551 93 1.034468 0.838000
400 68697 129044 0.699701 8.013965 19 1 8.013965 19 1.034358 0.839000
401 67043 123998 0.326792 85.941673 168 1 85.941673 168 1.034052 0.840000
402 64613 117540 0.240048 68.429070 165 1 68.429070 165 1.034021 0.840000
403 73685 149859 0.397341 33.486290 58 1 33.486290 58 1.032154 0.848000
404 67873 125686 0.132541 314.020386 401 1 314.020386 401 1.030557 0.855000
405 40072 53456 0.443425 19.541571 36 1 19.541571 36 1.029962 0.858000
406 68100 126463 0.293960 56.591042 77 1 56.591042 77 1.029624 0.859000
407 47659 78303 0.535727 7.538869 10 1 7.538869 10 1.029600 0.859000
408 51129 90471 0.654240 6.158748 12 1 6.158748 12 1.029591 0.859000
410 46371 73379 0.396944 14.860350 20 1 14.860350 20 1.026634 0.872000
411 45256 69569 1.601796 5.588066 30 1 5.588066 30 1.024419 0.882000
413 75913 161826 1.816309 3.101871 17 1 3.101871 17 1.022973 0.889000
414 25568 32616 0.547637 17.944530 47 1 17.944530 47 1.022603 0.891000
415 48495 80481 0.308258 61.493599 151 1 61.493599 151 1.021570 0.895000
416 46829 75383 0.410249 37.035019 75 1 37.035019 75 1.021341 0.896000
417 23153 29771 0.989914 3.610706 13 1 3.610706 13 1.020566 0.900000
418 39818 52956 0.555610 4.779116 10 1 4.779116 10 1.019583 0.905000
419 28154 36725 1.833921 2.005781 11 1 2.005781 11 1.018867 0.908000
420 72205 142199 0.585024 11.025870 26 1 11.025870 26 1.017500 0.914000
423 48680 81071 0.627469 8.460933 19 1 8.460933 19 1.015179 0.925000
424 45396 70106 0.326552 33.245110 74 1 33.245110 74 1.014382 0.929000
425 49245 83768 0.252564 113.818703 190 1 113.818703 190 1.014369 0.929000
426 75492 159144 0.481675 9.887761 24 1 9.887761 24 1.014244 0.930000
428 72175 142002 1.007945 4.731680 14 1 4.731680 14 1.013783 0.932000
429 49290 83985 0.638790 13.435810 47 1 13.435810 47 1.013358 0.934000
430 8697 11628 0.296557 42.645630 106 1 42.645630 106 1.013177 0.935000
431 51064 90250 0.767557 4.877122 13 1 4.877122 13 1.013127 0.935000
432 77535 164389 0.292436 22.267851 61 1 22.267851 61 1.011672 0.942000
433 46949 75959 0.473838 9.418871 29 1 9.418871 29 1.011666 0.942000
434 56704 104364 1.657456 1.832327 16 1 1.832327 16 1.011035 0.945000
435 64549 116981 0.804890 2.746410 10 1 2.746410 10 1.010463 0.948000
436 43236 63657 0.958392 4.441805 17 1 4.441805 17 1.009287 0.954000
438 67644 125046 0.394850 25.827850 38 1 25.827850 38 1.009003 0.955000
440 26227 33786 0.932725 10.086580 58 1 10.086580 58 1.008132 0.959000
441 60946 109858 0.831954 7.410146 23 1 7.410146 23 1.007642 0.962000
442 27735 36103 1.095369 2.000014 5 1 2.000014 5 1.007416 0.963000
443 44762 67833 0.377400 78.440567 187 1 78.440567 187 1.006799 0.966000
444 69901 133694 0.736035 10.815750 24 1 10.815750 24 1.006116 0.969000
445 69171 131204 0.527573 31.755619 85 1 31.755619 85 1.005516 0.972000
446 46624 74778 0.815867 8.923203 35 1 8.923203 35 1.004610 0.977000
447 57268 105501 0.501035 7.744022 21 1 7.744022 21 1.003251 0.983000
448 73077 146328 0.418873 25.937290 38 1 25.937290 38 1.003219 0.984000
449 71413 137680 0.779266 2.065056 3 1 2.065056 3 1.001748 0.991000
450 71301 137129 0.742472 6.195758 18 1 6.195758 18 1.000861 0.996000
451 72344 142967 0.647946 11.127550 29 1 11.127550 29 1.000701 0.996000
