# RA, dec, redshift, radius (Mpc/h), void ID
41.82 20.42 0.27278 82.54 2434
248.30 29.22 0.35408 88.61 722
354.06 26.64 0.32626 50.20 2386
134.82 -45.05 0.09983 71.09 2864
163.60 2.46 0.18156 52.66 1601
155.98 18.63 0.26021 63.32 634
351.04 23.04 0.29334 59.20 1661
138.83 21.64 0.28204 72.95 998
228.93 24.57 0.30662 73.86 2696
74.60 22.49 0.28878 55.89 1908
232.05 nan 0.08245 62.72 525
226.97 nan 0.05152 61.81 2279
144.81 29.29 0.35489 66.24 1857
110.15 -19.80 0.12818 83.22 1981
19.57 nan 0.02057 67.53 1002
271.95 nan 0.07429 53.24 1833
148.73 nan 0.01458 53.04 262
132.25 28.40 0.34478 77.05 2816
351.31 25.35 0.31374 58.48 1292
270.70 8.23 0.20384 75.22 2900
112.93 29.45 0.35681 53.62 2284
160.41 nan 0.06004 60.50 1901
285.08 26.04 0.32034 65.78 2137
358.89 18.42 0.25880 59.23 2084
249.35 26.79 0.32778 68.87 2209
230.78 4.89 0.19033 48.88 2398
226.17 -18.09 0.13104 55.39 1940
56.00 -63.80 0.08965 45.06 2849
128.80 nan 0.03799 87.88 1418
229.05 nan 0.01463 73.35 2064
268.51 -3.50 0.16304 58.92 1192
91.98 -38.49 0.10522 49.61 2270
324.05 nan 0.07415 64.75 2738
320.82 nan 0.02232 63.97 1757
202.02 6.40 0.19624 60.31 1538
314.26 -67.64 0.08835 52.83 749
4.66 5.68 0.19337 49.14 3005
262.05 nan 0.03297 78.24 1355
178.05 24.44 0.30544 48.77 2784
159.72 25.93 0.31929 45.73 807
330.00 -12.30 0.14192 58.93 2099
185.59 nan 0.07170 59.65 2174
221.35 16.71 0.24777 46.23 2830
246.90 -1.34 0.16930 53.64 2507
320.11 11.50 0.21894 58.27 1370
310.28 23.41 0.29643 86.88 272
72.32 17.42 0.25225 57.00 243
207.46 -80.62 0.08554 34.93 2594
147.27 -1.51 0.16880 62.21 2781
139.09 -11.71 0.14314 45.32 298
13.41 nan 0.08010 70.06 1014
135.21 16.15 0.24437 56.76 949
83.97 3.49 0.18519 68.75 1176
117.68 nan 0.07903 73.22 2035
215.54 nan 0.02873 66.00 1747
245.56 13.92 0.23155 60.01 2480
150.29 nan 0.03887 66.32 1673
57.56 29.45 0.35678 64.71 31
146.61 -8.05 0.15133 46.52 2074
181.07 27.63 0.33648 59.10 2432
89.82 16.99 0.24952 60.17 1138
285.12 -22.25 0.12436 52.93 2409
299.90 25.57 0.31579 39.88 876
291.84 nan 0.03246 62.41 733
222.31 nan 0.04633 58.83 2429
250.40 29.72 0.35990 61.20 798
212.30 19.16 0.26384 51.15 609
298.58 25.89 0.31892 42.12 513
300.93 26.81 0.32794 50.11 2244
48.15 17.87 0.25515 52.13 1198
114.76 nan 0.03846 45.08 2634
133.34 -6.35 0.15550 55.36 2296
247.24 15.71 0.24170 60.75 1457
284.12 17.15 0.25053 54.16 1112
85.73 25.69 0.31697 68.41 2248
17.76 5.50 0.19267 68.66 2814
229.12 5.90 0.19423 54.83 756
27.09 29.09 0.35260 65.11 914
21.84 -5.81 0.15686 41.68 1070
272.70 9.66 0.21023 53.84 829
94.59 18.85 0.26165 36.79 1637
151.82 -52.89 0.09474 53.22 1224
296.03 14.42 0.23431 34.81 2060
16.84 nan 0.00444 34.54 20
190.92 nan 0.02016 57.56 439
155.63 nan 0.05171 60.96 1862
221.84 nan 0.00490 61.41 1711
21.46 -19.26 0.12907 35.81 1887
317.53 -79.84 0.08565 29.69 1586
337.79 21.21 0.27872 49.99 2483
164.85 22.72 0.29068 52.23 937
142.57 12.84 0.22578 46.08 2474
290.05 -56.89 0.09263 91.88 1934
88.00 -0.34 0.17235 61.05 727
99.02 8.39 0.20457 58.89 1966
259.43 -3.57 0.16286 49.83 1019
217.77 nan 0.07711 29.39 1629
138.28 26.76 0.32751 68.18 2626
267.98 25.14 0.31180 50.20 2007
221.66 -4.87 0.15932 41.90 335
8.60 nan 0.03284 54.55 895
333.04 15.69 0.24162 64.59 1557
305.96 21.94 0.28437 57.60 6
87.15 nan 0.03960 54.15 2088
37.63 -9.70 0.14753 61.94 679
129.86 1.92 0.17969 53.50 2402
229.78 6.74 0.19762 65.61 1633
184.08 23.88 0.30047 45.71 2047
309.59 5.72 0.19352 75.67 1746
79.89 28.06 0.34108 68.13 432
279.54 20.15 0.27080 47.08 2824
141.46 7.21 0.19952 83.97 2886
91.44 12.04 0.22164 67.41 1375
295.55 nan 0.05398 53.23 541
260.40 nan 0.03680 40.87 3014
218.61 9.86 0.21113 52.36 646
41.25 nan 0.05160 64.43 1298
80.96 -5.82 0.15683 48.73 1306
304.66 19.23 0.26427 46.17 2797
56.00 27.98 0.34019 52.85 782
143.94 -9.42 0.14814 51.89 1521
316.51 7.66 0.20142 57.67 799
117.68 21.79 0.28317 43.98 1896
221.98 nan 0.05855 40.92 590
65.55 27.47 0.33483 68.42 2346
42.92 -11.60 0.14338 50.73 1655
133.22 27.83 0.33864 33.27 2076
36.37 6.04 0.19479 65.70 132
232.30 2.45 0.18151 53.19 2927
159.27 28.46 0.34545 48.53 2154
67.38 nan 0.05545 53.89 1484
276.58 0.12 0.17380 50.88 497
44.93 9.18 0.20803 72.01 925
212.14 -4.83 0.15944 48.96 631
304.33 nan 0.06793 61.78 1069
195.48 nan 0.05665 61.14 2924
65.36 -0.67 0.17134 45.59 952
40.08 nan 0.03528 62.72 2882
176.45 -26.99 0.11775 39.28 1657
212.07 nan 0.06416 67.98 215
55.44 -5.55 0.15755 59.69 968
30.96 24.81 0.30872 49.38 2957
273.45 14.95 0.23730 55.21 1732
305.81 6.07 0.19493 52.58 2494
6.55 -28.94 0.11531 36.38 489
296.00 14.16 0.23286 57.56 2006
40.96 nan 0.00089 51.12 435
96.85 29.81 0.36101 40.61 708
304.78 10.83 0.21571 20.92 1788
357.59 12.01 0.22150 44.71 1278
152.26 12.24 0.22268 64.54 259
345.45 nan 0.00619 48.20 3002
176.35 nan 0.02464 65.56 2987
58.87 26.00 0.31997 70.67 644
302.84 nan 0.01957 61.93 537
274.50 -48.70 0.09730 43.78 591
171.88 -1.67 0.16832 60.64 2905
28.01 2.58 0.18195 63.25 1954
232.79 -10.09 0.14664 71.24 1599
132.82 25.69 0.31702 37.87 2189
229.02 11.89 0.22089 58.97 825
113.51 -5.24 0.15834 49.87 2535
74.34 nan 0.00196 62.74 1376
170.47 nan 0.02384 43.37 539
139.98 -8.00 0.15145 58.99 2127
43.49 25.91 0.31910 63.97 2347
67.95 6.24 0.19559 42.98 1652
337.69 -3.09 0.16419 72.14 2563
314.39 27.27 0.33276 39.98 2539
150.07 nan 0.05026 77.51 1297
332.52 -66.18 0.08882 42.69 517
276.91 -23.14 0.12304 85.60 2653
311.20 -28.98 0.11525 56.30 1511
285.33 -24.38 0.12128 48.30 1037
213.20 nan 0.01301 39.55 1197
52.56 26.26 0.32250 54.52 1496
118.60 13.60 0.22983 52.76 978
159.84 nan 0.03683 48.67 2622
306.92 29.34 0.35547 62.43 2285
230.75 27.88 0.33919 60.61 54
110.21 15.66 0.24142 31.21 1675
203.92 nan 0.08324 55.77 2529
19.77 29.09 0.35263 48.00 2433
137.98 nan 0.07319 40.48 2726
110.50 25.08 0.31122 75.82 2077
288.47 -6.56 0.15497 74.37 1331
106.99 6.28 0.19576 52.97 2440
314.84 nan 0.02186 48.59 2973
69.65 -6.29 0.15565 48.95 1761
13.46 -36.75 0.10684 42.31 884
196.94 nan 0.03113 65.33 499
167.07 0.30 0.17438 43.36 1519
61.19 23.12 0.29402 44.94 2324
167.71 nan 0.07817 48.29 283
308.06 10.69 0.21503 31.86 2799
149.66 19.68 0.26746 70.47 2034
72.82 -70.79 0.08744 63.80 846
305.25 23.56 0.29766 56.56 2303
298.69 -9.68 0.14756 53.42 1465
43.98 1.61 0.17866 61.94 2330
234.59 nan 0.03023 60.95 883
8.20 nan 0.06560 28.56 787
319.60 18.68 0.26049 51.38 951
0.66 25.35 0.31371 43.72 325
339.02 27.50 0.33510 53.92 36
221.09 -18.67 0.13004 55.38 960
47.99 -6.07 0.15621 65.94 664
93.86 26.62 0.32603 46.92 1874
131.75 15.54 0.24071 56.04 1885
269.34 16.82 0.24844 36.30 375
255.75 -10.96 0.14474 61.66 1236
279.73 nan 0.05615 47.51 185
29.13 nan 0.00428 54.39 2160
85.11 -30.33 0.11364 56.17 1735
135.56 -18.50 0.13033 64.33 1096
77.14 15.24 0.23895 57.76 2108
327.22 24.96 0.31009 59.45 2104
140.25 nan 0.00988 37.32 2580
266.74 nan 0.00924 72.15 1846
221.78 nan 0.00156 50.08 2202
50.11 -27.96 0.11652 53.97 2323
208.82 nan 0.03022 58.53 1073
39.03 14.72 0.23602 64.51 963
44.51 nan 0.06741 43.17 2070
346.12 15.04 0.23783 68.22 311
125.54 nan 0.06922 55.69 2913
318.66 3.18 0.18408 53.50 2194
268.21 -60.07 0.09116 55.05 2627
115.14 nan 0.07725 51.94 1593
9.16 nan 0.07735 50.21 1263
219.50 23.50 0.29715 49.24 2595
272.28 29.07 0.35235 63.85 2766
43.65 8.90 0.20678 67.44 784
328.51 18.49 0.25926 43.91 1480
311.74 -31.15 0.11270 49.44 2197
132.75 -22.36 0.12420 47.58 2355
187.01 nan 0.04463 55.92 2948
304.14 nan 0.05286 52.78 2408
52.35 -7.04 0.15377 42.88 518
327.31 -31.72 0.11205 59.95 1345
130.44 -8.13 0.15114 43.67 1419
182.12 nan 0.08271 42.52 1391
239.73 -39.90 0.10396 58.58 2964
321.93 6.60 0.19705 42.90 309
287.18 -0.83 0.17084 56.48 1360
342.09 -31.66 0.11212 48.56 1194
116.48 21.67 0.28225 61.71 1611
137.39 nan 0.02608 64.94 1742
211.88 -31.16 0.11269 60.72 161
302.61 -79.26 0.08573 61.19 880
309.91 nan 0.03424 56.82 1650
255.56 -26.33 0.11861 52.06 2300
259.17 18.91 0.26211 61.66 709
168.13 29.89 0.36197 30.66 2701
242.49 -4.47 0.16040 71.74 641
265.16 24.40 0.30501 66.33 2096
46.07 -16.90 0.13310 45.39 1517
307.83 -0.48 0.17191 18.06 304
156.14 -50.29 0.09629 52.82 1344
305.40 -0.37 0.17228 70.49 2587
19.92 18.91 0.26208 51.05 2478
40.49 13.99 0.23193 47.95 2593
180.91 20.59 0.27404 63.06 1990
34.00 -18.01 0.13117 47.49 2805
88.67 14.71 0.23593 49.31 649
332.31 -15.54 0.13557 36.85 1894
317.21 nan 0.01060 38.16 2688
286.26 -8.86 0.14944 40.25 1921
186.78 -28.18 0.11624 45.06 1793
328.44 21.88 0.28387 50.95 575
57.79 nan 0.05054 55.06 3026
357.91 -4.58 0.16009 55.50 35
253.23 19.36 0.26520 41.91 2382
146.27 -48.51 0.09742 27.58 49
220.98 nan 0.07445 63.74 1150
210.68 nan 0.07331 32.29 1927
173.44 29.48 0.35712 52.95 941
63.11 22.50 0.28885 48.59 1086
85.56 -43.04 0.10137 63.89 2041
297.72 nan 0.01206 33.54 9
234.23 -8.08 0.15125 61.50 1671
70.90 -20.49 0.12708 41.77 684
302.95 18.17 0.25709 40.79 650
165.12 -5.82 0.15686 52.92 1022
272.93 -2.79 0.16506 38.79 2518
199.11 nan 0.02830 50.61 1156
79.05 19.36 0.26520 55.50 1392
244.18 nan 0.04675 66.04 2166
227.50 -68.39 0.08812 29.68 2023
152.91 -47.22 0.09829 62.75 2163
333.50 nan 0.07346 28.27 56
349.76 16.37 0.24571 64.02 2935
348.68 -19.38 0.12887 31.06 307
256.87 27.91 0.33947 45.72 1715
246.90 7.88 0.20238 47.70 455
270.92 19.43 0.26566 44.65 802
101.36 nan 0.00672 62.78 1128
229.23 -19.33 0.12895 39.87 2003
22.81 nan 0.07055 43.27 750
220.66 -3.68 0.16255 52.37 141
156.17 nan 0.00223 40.06 3039
298.15 -60.24 0.09108 60.74 59
207.84 nan 0.03478 49.86 2716
157.80 18.55 0.25965 35.46 2725
319.95 nan 0.08245 45.52 1185
300.00 16.12 0.24418 64.01 1015
184.94 -24.74 0.12077 47.75 2125
15.76 11.46 0.21879 31.26 2381
76.91 24.31 0.30427 37.37 1790
279.69 nan 0.08126 44.14 1060
142.49 -22.53 0.12394 42.23 2182
156.92 -19.83 0.12814 69.91 1324
23.40 -10.50 0.14574 54.04 66
60.45 -43.23 0.10122 55.02 2617
172.70 25.80 0.31802 54.80 791
36.42 10.25 0.21293 42.51 2644
343.90 nan 0.01265 55.03 1663
59.38 -19.42 0.12879 38.46 288
208.57 24.57 0.30659 37.11 580
131.92 nan 0.03460 41.77 1902
233.80 nan 0.06800 60.69 2991
90.47 -27.76 0.11677 59.77 2977
203.19 nan 0.05603 41.51 682
275.77 15.97 0.24326 49.92 28
263.91 15.15 0.23843 50.94 2753
130.69 2.37 0.18124 46.76 1529
99.08 nan 0.01667 45.48 2821
337.07 29.24 0.35437 65.09 2820
41.27 15.06 0.23793 33.46 1025
189.72 nan 0.03931 45.33 1668
286.81 8.47 0.20490 70.99 1995
167.86 21.20 0.27866 50.16 453
228.10 21.71 0.28259 39.48 447
295.12 -25.17 0.12018 60.78 485
198.89 nan 0.00088 59.72 1656
72.58 -38.44 0.10526 39.27 2691
336.51 nan 0.03362 42.63 1316
49.15 -39.11 0.10466 40.44 729
154.29 27.70 0.33720 63.31 1866
313.57 16.96 0.24931 71.11 2823
314.25 23.58 0.29790 42.62 838
269.19 20.49 0.27327 64.09 123
142.44 17.78 0.25459 43.71 287
136.72 6.45 0.19645 28.44 2815
242.81 -11.86 0.14283 31.35 1915
230.42 -7.44 0.15279 48.32 1810
321.66 14.14 0.23275 51.93 2393
209.14 23.82 0.29996 66.85 1751
232.58 10.24 0.21290 61.77 341
327.33 nan 0.07664 59.36 1106
70.73 nan 0.01961 64.42 2311
67.91 26.03 0.32028 47.74 1411
96.35 nan 0.05066 36.35 1919
324.66 13.79 0.23081 53.50 864
20.13 18.11 0.25669 48.10 1540
301.53 11.26 0.21778 54.77 2800
192.88 26.04 0.32039 69.01 2577
102.79 -31.41 0.11241 62.08 2054
352.91 23.73 0.29912 47.14 2445
220.86 nan 0.07780 53.71 1100
51.58 6.97 0.19855 60.19 1697
217.63 -12.50 0.14151 47.37 2842
225.70 21.87 0.28385 56.77 2188
220.72 nan 0.01176 44.43 2980
12.51 27.81 0.33839 50.75 1304
238.34 2.21 0.18069 52.17 2234
176.51 6.29 0.19578 54.80 1634
135.59 24.15 0.30283 53.93 999
83.17 nan 0.06937 61.94 1576
169.76 9.81 0.21090 39.11 1010
119.74 -1.87 0.16772 50.52 2190
302.63 -17.60 0.13187 33.48 1935
306.11 -34.03 0.10956 27.94 2245
254.54 21.72 0.28264 41.66 2481
179.26 nan 0.06059 32.29 2674
70.57 -7.58 0.15245 50.66 1617
358.91 nan 0.08393 55.70 1103
221.51 nan 0.04701 48.26 2502
317.16 24.37 0.30474 67.90 959
38.17 nan 0.01938 57.14 1079
337.63 20.11 0.27054 45.11 872
140.84 20.36 0.27238 44.40 900
277.02 nan 0.04195 58.50 2082
133.93 18.24 0.25757 50.49 2896
318.71 nan 0.06525 33.24 992
119.90 7.74 0.20175 46.35 1949
263.14 26.17 0.32165 42.14 1859
331.80 5.17 0.19141 67.31 1211
356.29 -47.77 0.09792 36.10 630
327.79 21.82 0.28341 60.20 93
323.02 -19.18 0.12920 35.08 898
80.80 1.17 0.17720 33.55 1513
60.61 nan 0.07908 48.14 553
268.42 nan 0.05314 44.67 1564
33.35 -5.15 0.15860 56.41 251
110.98 25.54 0.31550 52.53 1437
53.45 26.38 0.32364 48.22 1819
223.99 nan 0.00747 52.05 494
202.63 nan 0.07339 36.92 877
334.47 25.20 0.31237 77.21 1209
32.70 -23.75 0.12217 70.15 3036
156.70 -9.36 0.14830 35.22 2578
56.26 27.93 0.33973 38.76 48
221.21 27.76 0.33785 43.86 647
164.02 27.97 0.34010 44.35 1387
248.23 4.12 0.18746 31.51 339
156.40 1.92 0.17971 48.98 2112
306.56 -39.94 0.10393 36.34 2771
210.16 nan 0.01648 41.49 1791
293.04 20.29 0.27187 78.17 944
87.01 nan 0.07910 59.64 2372
318.61 nan 0.03819 35.85 2945
146.87 13.78 0.23080 59.77 715
292.03 nan 0.07299 42.42 652
220.22 10.31 0.21326 31.46 122
51.95 -0.17 0.17288 46.17 2552
173.56 nan 0.07110 23.90 2126
321.34 -3.71 0.16248 46.14 279
35.20 18.68 0.26055 61.31 677
155.95 9.50 0.20950 56.19 2599
43.33 26.72 0.32712 39.22 2692
43.67 -12.69 0.14111 36.46 1644
98.00 -17.44 0.13215 57.31 429
219.47 -21.61 0.12534 46.43 1463
141.43 6.43 0.19634 29.63 2094
322.82 nan 0.01085 63.93 2368
308.05 18.01 0.25603 51.65 581
245.40 0.33 0.17446 42.88 2187
300.25 nan 0.00241 41.88 1649
205.28 nan 0.02527 53.98 2602
194.58 nan 0.08391 66.93 2326
141.81 nan 0.04777 54.67 1065
310.63 18.47 0.25913 40.27 2846
225.00 -21.01 0.12626 39.95 280
143.16 -11.28 0.14405 54.06 1662
111.98 3.52 0.18528 43.98 372
140.98 27.76 0.33782 51.67 2479
144.52 20.43 0.27285 35.05 1765
244.10 nan 0.02108 52.74 2887
317.14 -21.23 0.12592 51.70 1372
140.83 nan 0.06778 39.00 2958
278.90 20.79 0.27551 34.38 2321
39.23 -35.37 0.10819 42.30 1750
43.99 6.67 0.19734 82.92 1877
50.14 23.91 0.30070 47.12 2307
347.53 nan 0.05574 64.53 2537
125.53 -15.45 0.13574 56.49 2933
43.89 nan 0.08448 53.89 1841
131.41 17.38 0.25198 69.78 258
332.36 nan 0.01250 53.19 1422
85.43 -12.28 0.14195 37.94 2252
127.88 27.26 0.33263 50.20 2213
252.72 -62.30 0.09023 64.10 276
215.11 -25.23 0.12009 67.54 857
325.42 16.77 0.24816 48.01 1534
3.22 -3.37 0.16340 73.47 2118
313.44 -12.65 0.14120 60.22 1708
52.12 4.04 0.18717 27.95 2550
34.81 25.74 0.31748 42.86 249
66.51 26.09 0.32085 24.72 760
129.90 -13.68 0.13913 55.74 211
339.22 -60.10 0.09115 46.70 2736
279.89 nan 0.01422 44.42 1317
98.11 27.76 0.33788 42.47 1984
36.91 24.80 0.30867 57.36 1792
27.30 3.16 0.18399 43.84 1102
320.41 12.33 0.22315 48.58 916
257.31 -45.88 0.09923 54.79 1489
29.66 11.05 0.21678 38.96 1719
342.70 -29.37 0.11478 63.83 246
351.13 nan 0.03292 51.00 321
30.54 22.58 0.28955 58.77 1856
223.33 10.93 0.21621 38.81 245
115.05 24.15 0.30285 41.34 2493
254.76 -22.31 0.12428 57.79 1456
134.52 -57.84 0.09217 54.45 1972
183.98 -23.45 0.12259 61.60 2186
83.81 -20.99 0.12629 28.82 741
342.79 20.08 0.27033 59.17 408
305.96 4.79 0.18997 43.91 1759
247.03 -79.38 0.08571 41.54 1012
334.55 nan 0.06642 42.30 1052
143.96 nan 0.00455 47.15 1713
310.07 nan 0.06558 49.76 2590
53.28 nan 0.00153 59.76 1452
309.02 15.56 0.24086 37.56 1510
192.49 18.63 0.26020 56.42 2733
221.24 -41.79 0.10237 48.03 2876
0.26 21.84 0.28361 52.01 100
73.77 nan 0.06520 46.11 76
122.29 26.41 0.32402 40.80 1388
170.22 27.40 0.33405 37.65 1551
143.52 nan 0.00986 35.21 1658
239.74 28.58 0.34681 38.39 2132
196.06 -52.53 0.09494 66.39 1342
263.02 -35.40 0.10816 38.57 2233
142.56 -55.02 0.09358 34.12 1117
57.01 29.75 0.36036 50.57 761
68.64 8.64 0.20565 41.87 3006
340.93 15.67 0.24147 38.23 2545
311.52 -0.74 0.17111 52.64 2769
208.20 4.19 0.18773 53.05 588
30.94 27.52 0.33533 52.57 312
210.75 23.53 0.29747 48.22 2329
91.12 27.74 0.33766 46.97 467
138.42 29.50 0.35740 44.35 1153
334.38 -31.38 0.11243 34.85 869
127.51 12.51 0.22408 40.75 327
133.15 -15.24 0.13612 70.66 2488
201.28 11.19 0.21747 50.69 2068
185.98 27.66 0.33678 50.79 164
114.86 -25.58 0.11962 49.92 1159
106.47 23.95 0.30104 54.36 1787
339.51 3.36 0.18470 47.31 1828
109.05 20.08 0.27033 39.32 50
301.23 -14.43 0.13768 49.41 2069
216.01 9.92 0.21141 40.13 239
323.34 19.97 0.26953 24.11 1259
5.63 -23.71 0.12222 50.28 1170
308.36 -11.32 0.14398 51.19 559
259.70 7.81 0.20207 63.23 1889
21.67 -43.37 0.10111 56.29 1475
66.50 -0.22 0.17273 36.42 268
350.97 -68.84 0.08798 50.13 804
182.85 10.77 0.21542 44.66 954
277.31 12.80 0.22554 35.08 1438
211.91 -24.94 0.12049 37.31 269
72.34 13.61 0.22986 31.64 1878
94.64 28.22 0.34281 52.57 232
78.87 -19.64 0.12845 42.11 2745
65.78 -7.48 0.15271 35.30 1774
305.39 10.37 0.21353 58.28 2519
154.74 18.13 0.25685 33.30 2835
51.85 nan 0.08453 49.98 1789
168.05 nan 0.04911 44.34 519
189.57 28.88 0.35016 38.50 2315
108.41 1.83 0.17941 31.50 2564
107.39 13.65 0.23009 57.23 1493
358.87 nan 0.05747 44.76 2185
283.92 8.01 0.20290 36.66 2765
285.41 nan 0.04865 39.67 403
193.31 25.08 0.31125 31.12 430
40.41 8.76 0.20618 33.81 2831
251.72 8.75 0.20613 63.06 1961
58.96 13.67 0.23020 54.42 2825
107.52 17.83 0.25490 44.06 1357
136.86 29.83 0.36130 31.56 1154
304.17 21.97 0.28458 40.65 2976
335.52 25.19 0.31224 52.59 2280
252.25 22.78 0.29113 50.53 2892
235.64 23.07 0.29353 37.99 1861
128.39 nan 0.01293 55.42 1986
326.23 29.45 0.35674 49.33 2516
154.24 20.59 0.27402 44.96 1832
7.49 -2.31 0.16643 50.86 2668
95.33 -14.03 0.13845 40.68 344
136.58 -1.10 0.17002 65.54 1688
10.74 4.13 0.18751 46.58 300
45.53 23.51 0.29724 38.09 779
35.56 -14.34 0.13784 31.34 502
182.27 14.36 0.23399 35.63 1743
139.43 25.61 0.31625 44.67 405
219.55 28.60 0.34705 33.34 2143
38.00 29.02 0.35182 45.99 1604
52.22 nan 0.02255 58.24 1135
13.95 -23.56 0.12243 46.38 2319
149.66 nan 0.06321 45.73 1605
269.05 -13.87 0.13877 47.26 2136
352.24 -3.30 0.16360 53.50 1996
203.01 -22.13 0.12455 36.90 1537
25.98 29.08 0.35243 38.45 158
285.65 11.18 0.21741 31.84 507
311.53 nan 0.06710 44.34 1240
26.59 22.10 0.28562 51.14 162
328.90 -69.30 0.08785 44.93 2390
40.39 -49.17 0.09700 67.50 173
61.19 nan 0.06011 29.76 2397
311.95 nan 0.01223 38.08 2542
224.36 nan 0.07613 60.06 795
354.66 26.56 0.32550 34.19 1039
115.55 14.22 0.23320 31.11 611
320.58 nan 0.02437 35.62 317
263.02 -25.39 0.11988 56.34 899
357.09 17.31 0.25152 40.59 2389
156.39 1.89 0.17959 53.69 14
156.05 26.45 0.32441 53.74 957
249.88 nan 0.07875 56.69 2456
169.41 -9.93 0.14701 59.94 2811
317.88 nan 0.00077 55.91 112
197.63 -41.66 0.10248 35.41 1307
55.71 29.69 0.35955 45.60 908
185.80 18.64 0.26029 56.77 1108
164.24 15.23 0.23894 46.55 506
231.12 -46.04 0.09911 30.35 728
162.90 17.18 0.25071 39.39 956
112.51 nan 0.00238 41.54 1531
38.45 -43.64 0.10090 45.24 532
203.69 -18.63 0.13012 53.78 633
349.44 nan 0.05869 40.66 1547
75.48 25.20 0.31235 44.77 2396
12.76 nan 0.01807 54.24 2499
59.05 nan 0.01418 48.84 568
65.60 nan 0.05452 37.63 1709
169.40 26.23 0.32220 48.35 1786
305.10 28.06 0.34113 49.43 1226
317.36 23.44 0.29669 63.05 1005
148.94 19.48 0.26602 53.93 2788
235.32 14.34 0.23388 59.93 2259
359.79 27.40 0.33406 64.10 1338
203.29 21.47 0.28068 52.57 524
231.57 -31.57 0.11222 45.26 1207
165.97 nan 0.00919 53.47 23
48.26 -74.74 0.08651 29.48 2266
147.93 20.16 0.27089 29.74 2476
278.89 27.88 0.33910 44.63 1573
50.72 nan 0.03353 41.33 334
177.44 -40.50 0.10345 24.36 1001
119.45 26.20 0.32188 34.46 1623
206.46 27.77 0.33800 45.74 1249
246.90 9.66 0.21020 33.65 2509
295.60 19.16 0.26379 43.42 2869
321.23 17.17 0.25067 36.50 2546
127.59 16.43 0.24607 40.55 1256
59.94 nan 0.07693 25.94 2743
155.22 23.87 0.30041 38.77 926
122.29 nan 0.08141 42.29 1646
303.74 nan 0.06370 46.57 2870
4.17 21.90 0.28403 30.59 703
115.48 19.95 0.26938 38.97 2391
10.77 12.69 0.22500 22.77 2884
256.46 nan 0.02667 40.80 1363
143.73 26.23 0.32225 57.04 2335
61.11 5.55 0.19287 48.51 1804
314.49 nan 0.03940 47.24 632
31.76 28.74 0.34858 37.95 2477
309.28 nan 0.06476 40.48 2444
93.50 0.43 0.17478 51.44 2651
41.50 24.91 0.30966 51.13 1397
202.47 nan 0.05075 49.92 1985
159.25 nan 0.08159 53.72 2955
211.30 28.95 0.35102 40.04 148
46.11 nan 0.07888 49.08 616
154.39 26.08 0.32073 39.02 2555
317.68 -46.45 0.09883 47.04 1024
130.00 8.33 0.20431 36.39 3013
222.65 -53.97 0.09414 33.83 1045
146.89 nan 0.04292 41.93 1979
163.05 -6.69 0.15463 39.92 2812
244.15 -9.94 0.14697 38.76 648
353.11 5.97 0.19453 36.96 1687
286.39 nan 0.03350 71.91 1638
148.36 1.00 0.17663 56.11 1429
9.67 6.98 0.19861 40.74 781
126.77 22.99 0.29293 70.68 2169
131.92 -49.97 0.09648 66.75 95
85.86 5.81 0.19389 34.64 319
219.70 4.31 0.18818 46.28 1941
301.66 18.17 0.25712 40.10 2425
276.72 -28.63 0.11569 48.16 2517
279.28 24.35 0.30465 25.47 2341
230.21 nan 0.02479 36.30 1993
139.93 nan 0.00090 23.79 1296
52.61 nan 0.04212 43.60 183
311.26 nan 0.07824 42.24 192
166.74 7.95 0.20268 41.14 2554
191.28 4.52 0.18895 40.37 142
23.38 9.65 0.21017 47.29 1561
218.30 -0.29 0.17252 41.75 778
94.61 nan 0.05859 39.15 689
116.01 nan 0.01009 37.66 1980
109.04 -36.40 0.10718 56.71 1928
193.23 29.98 0.36301 58.46 2718
286.34 29.86 0.36157 55.56 1772
253.83 -4.95 0.15911 38.55 508
329.57 nan 0.04780 55.15 2415
242.12 23.59 0.29798 42.36 155
263.67 21.92 0.28419 39.07 946
236.08 -79.08 0.08575 59.59 515
180.75 12.64 0.22473 51.12 2134
115.78 nan 0.04982 48.61 2491
206.24 1.28 0.17757 32.79 1180
304.86 28.90 0.35041 44.97 3004
291.21 28.03 0.34072 51.26 1693
56.65 -9.42 0.14816 26.98 42
48.77 nan 0.02726 32.94 1865
10.34 nan 0.02065 31.43 1169
58.57 nan 0.02567 47.59 96
49.00 nan 0.08282 55.29 913
235.58 22.79 0.29123 34.62 1049
236.86 22.50 0.28883 41.70 520
121.93 nan 0.02825 44.66 2586
248.18 -31.71 0.11206 36.95 1781
110.66 22.00 0.28484 15.57 1369
282.45 29.92 0.36235 56.42 1051
196.28 4.97 0.19066 68.34 2746
79.27 nan 0.00676 32.29 1679
309.12 20.31 0.27198 32.11 792
338.85 11.45 0.21873 38.81 607
231.89 -39.37 0.10443 54.29 2879
343.25 nan 0.03074 45.70 137
254.61 6.31 0.19586 50.53 2358
161.67 27.61 0.33630 40.82 1325
123.12 -2.42 0.16610 39.99 1873
232.95 3.62 0.18566 33.74 2990
251.35 12.99 0.22655 36.63 2001
26.84 8.30 0.20415 23.20 2419
73.93 -40.02 0.10386 20.57 350
335.97 23.05 0.29341 46.06 2360
31.21 20.94 0.27664 47.79 1190
80.92 nan 0.02730 34.22 504
320.99 24.89 0.30944 35.89 487
57.86 nan 0.04002 48.59 1776
281.82 12.19 0.22240 40.16 1029
172.52 nan 0.05641 62.30 180
36.92 nan 0.02376 35.71 2399
44.88 nan 0.00602 48.12 923
339.80 nan 0.08457 42.88 2916
239.53 -33.71 0.10990 43.14 687
225.31 nan 0.00667 47.96 655
102.24 0.46 0.17489 47.03 1283
39.76 nan 0.03037 39.38 2700
239.67 25.69 0.31694 48.91 2911
127.88 8.33 0.20429 58.22 1300
293.20 -9.67 0.14759 40.71 64
45.31 nan 0.00648 58.97 1443
101.25 nan 0.03361 69.68 2210
312.32 nan 0.05335 32.20 1562
317.92 27.25 0.33250 58.06 1678
318.86 -40.28 0.10364 25.03 907
121.08 nan 0.00330 36.09 2785
99.75 10.06 0.21204 51.35 2242
225.79 nan 0.00104 41.64 570
172.10 -0.35 0.17232 48.15 819
112.60 -0.61 0.17150 55.25 1522
91.33 -24.83 0.12064 57.87 440
347.49 19.51 0.26627 49.91 475
314.15 nan 0.06805 48.94 39
208.16 -14.38 0.13777 32.13 2551
161.54 nan 0.00935 49.58 843
117.22 -13.60 0.13930 55.87 1077
112.60 9.97 0.21163 35.12 651
231.13 26.72 0.32704 62.30 1448
101.66 nan 0.04120 56.19 3016
334.77 nan 0.07317 59.58 737
226.23 6.34 0.19601 54.33 1566
55.49 -26.22 0.11876 37.84 2715
320.78 27.62 0.33638 54.09 601
343.71 nan 0.07329 35.80 1247
10.87 -23.76 0.12215 22.10 1627
178.08 11.81 0.22053 59.01 1120
132.36 24.98 0.31029 42.42 2729
3.69 nan 0.04271 40.37 2891
77.30 -8.09 0.15123 38.78 1149
35.69 14.20 0.23307 70.16 1797
210.81 -10.44 0.14588 31.23 1969
63.56 28.15 0.34204 22.10 177
138.39 -9.05 0.14899 44.55 2423
27.46 14.72 0.23599 51.50 686
228.56 15.52 0.24062 60.64 472
343.85 -14.40 0.13772 39.70 694
220.53 17.07 0.25004 66.46 1723
223.68 14.17 0.23291 44.64 1453
229.62 -9.36 0.14828 42.24 851
268.72 26.95 0.32946 44.03 2959
247.46 -9.26 0.14852 27.33 2337
291.68 3.00 0.18342 28.16 542
162.18 15.01 0.23766 50.73 892
283.82 22.94 0.29246 35.49 1802
302.64 -26.67 0.11817 53.02 1269
46.37 nan 0.05282 57.67 747
257.35 nan 0.07359 49.41 1066
277.22 nan 0.05908 42.51 2768
226.79 nan 0.03695 42.40 1467
102.26 -40.41 0.10353 41.25 563
62.63 -7.50 0.15266 38.36 184
232.53 -32.39 0.11131 29.35 2912
213.03 3.64 0.18571 45.87 2449
148.72 -16.84 0.13321 31.23 1472
237.62 nan 0.01329 23.65 103
345.17 20.52 0.27355 32.94 550
311.07 -2.65 0.16545 29.63 879
275.61 28.70 0.34816 35.83 1332
350.76 2.66 0.18223 46.66 2994
218.37 -15.00 0.13658 41.69 126
284.47 -59.12 0.09158 31.92 2970
246.35 nan 0.01054 43.96 449
52.07 19.38 0.26534 33.54 1829
153.77 nan 0.00234 46.20 2380
290.87 25.78 0.31780 49.16 2971
136.58 -53.52 0.09439 36.30 1581
245.22 17.94 0.25562 65.05 1903
54.01 21.29 0.27934 57.52 1254
38.99 22.63 0.28995 54.93 2925
221.41 nan 0.08027 38.21 1669
132.93 23.32 0.29564 47.39 928
242.29 -35.49 0.10807 45.98 82
200.81 9.41 0.20906 43.11 1882
209.11 8.62 0.20557 37.13 2291
202.42 10.61 0.21464 53.85 1543
291.47 -21.55 0.12542 31.56 40
344.46 9.44 0.20924 41.48 2894
74.90 nan 0.07631 46.89 1578
1.16 -17.24 0.13250 29.12 167
27.56 -33.20 0.11043 31.64 2357
2.58 -4.78 0.15957 71.56 813
215.18 -50.98 0.09586 18.21 2926
229.06 25.17 0.31210 43.51 2111
32.02 -26.48 0.11842 43.42 1816
210.86 nan 0.08167 54.48 418
226.78 19.94 0.26930 49.04 1854
130.81 26.07 0.32059 30.14 2670
226.77 26.22 0.32212 52.41 2033
346.36 -2.78 0.16507 50.35 2153
68.63 22.87 0.29187 60.78 1148
190.11 nan 0.01623 52.85 1214
231.09 -19.80 0.12818 31.79 1763
57.04 nan 0.06192 45.50 3010
327.71 27.96 0.34001 59.52 2361
138.55 nan 0.02317 50.45 2625
180.88 8.08 0.20320 60.39 1700
319.13 6.84 0.19800 40.65 316
73.39 0.20 0.17405 51.87 2923
96.76 21.71 0.28259 38.89 476
69.99 -5.16 0.15855 29.74 886
331.25 8.42 0.20468 52.27 2862
341.65 13.72 0.23044 57.00 1266
4.96 24.68 0.30755 33.90 1959
158.62 27.42 0.33428 51.89 512
309.89 25.65 0.31663 24.05 683
59.94 14.39 0.23415 45.90 2465
80.65 18.90 0.26203 45.99 962
121.30 nan 0.06097 50.98 769
124.64 -41.84 0.10233 50.80 971
322.55 16.42 0.24602 42.73 301
111.34 28.69 0.34803 33.81 979
51.98 nan 0.07118 49.45 2804
51.48 nan 0.04856 58.11 1831
196.24 -32.39 0.11131 30.72 1536
10.33 nan 0.03886 24.16 762
245.99 28.44 0.34528 32.27 538
234.11 8.14 0.20345 21.88 2272
240.40 -14.60 0.13734 48.92 1947
134.93 28.95 0.35101 52.27 2439
106.16 -68.59 0.08806 56.43 564
196.90 22.36 0.28772 43.64 77
38.33 -21.05 0.12619 38.57 2254
321.53 16.67 0.24754 58.00 2764
205.60 -3.97 0.16174 44.38 842
18.27 22.34 0.28753 37.89 1497
285.63 14.84 0.23666 37.74 1409
95.82 nan 0.07526 28.84 810
221.23 -30.28 0.11370 44.92 2503
132.48 nan 0.05930 42.91 2750
105.74 nan 0.05975 54.28 1235
283.87 nan 0.02164 48.73 548
350.30 24.25 0.30370 56.35 2570
265.40 29.79 0.36077 66.18 2852
270.96 -52.34 0.09506 50.38 2338
97.20 25.51 0.31528 46.77 2940
161.69 29.36 0.35576 29.33 2837
119.54 nan 0.01930 33.77 399
139.44 -63.65 0.08971 56.84 2333
198.56 26.84 0.32830 45.00 2178
292.42 23.01 0.29307 37.94 2286
168.03 nan 0.06907 33.73 2553
259.40 -72.74 0.08696 38.45 1974
348.30 -19.44 0.12877 22.84 412
111.28 17.02 0.24971 65.60 889
56.67 -2.29 0.16648 29.84 2173
132.56 14.02 0.23209 54.97 972
220.18 nan 0.06381 31.63 2290
239.45 -20.17 0.12759 36.91 1958
352.96 nan 0.03444 38.02 437
321.75 27.06 0.33058 56.87 1119
233.59 nan 0.03587 48.19 1412
292.69 nan 0.00148 27.76 1773
91.91 -9.38 0.14823 35.47 1570
3.12 -37.36 0.10626 32.27 2888
213.30 23.33 0.29571 31.10 2902
332.27 10.22 0.21281 37.23 2632
40.27 22.57 0.28941 19.30 2331
15.70 2.79 0.18269 43.20 660
346.01 -58.10 0.09205 31.85 2794
216.56 21.99 0.28476 63.74 1526
101.15 13.24 0.22787 34.72 379
44.07 -49.02 0.09709 18.36 1820
211.24 27.14 0.33133 48.50 2142
135.34 -34.03 0.10956 37.36 1327
284.92 nan 0.06548 32.73 187
88.18 7.82 0.20211 35.44 639
226.94 -1.14 0.16990 40.23 25
238.98 -8.49 0.15030 37.01 1432
28.46 -25.44 0.11980 39.40 2149
101.73 20.72 0.27500 37.31 1091
225.02 nan 0.07707 52.37 2236
318.04 17.91 0.25541 52.03 2920
206.83 25.57 0.31587 48.71 885
225.17 -39.67 0.10416 21.15 2376
181.81 19.24 0.26434 47.18 572
197.66 28.05 0.34102 44.60 1539
356.26 -19.79 0.12819 46.35 2232
161.48 26.37 0.32358 33.19 1208
245.92 nan 0.00455 60.02 1754
69.21 -45.47 0.09953 45.93 1032
112.54 18.75 0.26102 25.15 2638
38.34 21.39 0.28006 49.28 818
272.91 nan 0.06861 50.65 587
289.85 -5.61 0.15739 60.88 2442
200.43 -11.60 0.14338 37.31 2930
61.29 17.36 0.25189 69.41 1396
162.76 23.79 0.29964 46.05 297
297.87 -23.43 0.12262 32.73 2899
218.09 -23.19 0.12298 19.31 974
128.85 3.78 0.18622 61.88 2669
162.15 nan 0.06248 31.62 826
66.58 26.64 0.32630 35.20 2614
28.61 18.68 0.26052 23.65 1273
207.37 1.08 0.17689 48.14 833
324.53 nan 0.06603 46.59 2944
213.07 10.41 0.21368 38.99 1216
191.14 9.33 0.20873 22.30 420
119.13 10.88 0.21593 44.82 1420
45.71 14.65 0.23559 30.84 2451
47.60 -3.26 0.16372 31.07 921
220.25 26.72 0.32705 61.08 1377
204.64 13.81 0.23096 63.86 2313
286.25 27.11 0.33106 42.77 3052
114.27 10.33 0.21331 24.93 544
348.21 -16.98 0.13296 52.30 2498
6.60 21.17 0.27843 47.24 2316
12.09 19.82 0.26846 29.68 808
234.73 28.05 0.34096 48.98 387
340.83 -10.85 0.14498 65.33 2344
2.32 nan 0.01140 23.82 1140
125.86 23.31 0.29558 42.40 2030
148.72 6.55 0.19683 53.58 2965
6.90 nan 0.04351 52.63 2208
200.95 -32.20 0.11152 36.05 402
230.85 nan 0.06022 49.23 2428
190.78 -38.89 0.10485 48.52 953
340.76 15.08 0.23803 31.45 731
334.33 -43.04 0.10137 40.63 763
10.31 16.94 0.24919 39.77 373
323.31 -17.74 0.13162 65.82 2850
182.02 1.91 0.17967 36.17 1272
296.05 -56.87 0.09263 24.30 726
220.75 -9.31 0.14840 42.65 1291
127.05 nan 0.01486 42.41 599
47.45 -8.92 0.14929 50.90 2025
268.42 nan 0.00830 33.88 786
320.71 -9.64 0.14766 38.16 2216
257.76 22.34 0.28760 53.87 947
7.46 -72.57 0.08700 46.05 1583
78.17 -2.23 0.16667 39.20 394
224.18 nan 0.02772 25.97 2312
109.78 -4.85 0.15938 36.88 2
310.10 7.44 0.20051 34.65 221
54.20 8.77 0.20624 27.15 2468
198.85 -8.27 0.15082 33.25 3009
275.35 23.58 0.29786 34.70 1036
65.85 6.77 0.19774 42.13 2548
22.77 nan 0.04265 45.35 672
102.49 -6.91 0.15410 49.29 332
64.75 22.32 0.28741 48.49 2426
227.86 5.43 0.19243 56.07 413
13.65 22.13 0.28586 20.05 426
289.33 19.51 0.26628 48.90 933
205.73 25.32 0.31345 26.95 1057
45.62 29.14 0.35314 24.34 771
18.91 7.51 0.20081 35.66 1353
320.65 -72.48 0.08702 29.40 289
206.79 nan 0.05666 22.14 43
299.76 -0.55 0.17171 68.43 88
206.27 19.05 0.26308 40.53 415
140.06 -33.63 0.10998 33.67 2278
32.50 28.49 0.34578 39.42 920
268.92 21.50 0.28095 43.93 2138
156.08 1.66 0.17882 38.19 381
183.38 0.03 0.17353 40.68 30
264.68 nan 0.05103 37.62 2130
228.97 nan 0.06803 51.32 991
31.03 1.74 0.17908 56.77 618
118.88 nan 0.01905 37.78 51
262.66 13.91 0.23149 30.84 1027
93.19 -20.60 0.12691 45.02 1458
123.01 27.70 0.33722 40.77 1621
326.04 3.68 0.18585 53.91 617
72.65 -55.83 0.09316 68.35 493
224.10 11.15 0.21724 25.88 343
292.32 9.79 0.21081 45.38 702
117.89 29.31 0.35510 33.14 2845
104.09 27.62 0.33643 37.17 1834
27.06 nan 0.01404 50.94 567
288.18 28.57 0.34672 32.95 1464
73.75 27.43 0.33438 37.05 2525
34.55 nan 0.05357 74.29 1021
243.80 nan 0.07547 24.34 2751
5.66 14.61 0.23535 48.84 431
344.97 nan 0.07332 31.54 2158
341.45 nan 0.05282 60.57 716
142.69 9.55 0.20972 41.54 2956
303.35 nan 0.03442 50.21 569
242.06 6.32 0.19592 43.60 527
21.02 -10.32 0.14613 48.40 385
177.44 21.07 0.27763 43.05 704
290.74 nan 0.07479 36.72 2589
18.99 0.72 0.17572 41.15 1503
162.79 20.19 0.27114 41.29 2623
340.80 7.33 0.20004 39.69 1435
34.96 -4.37 0.16067 51.06 2265
39.28 -3.93 0.16185 48.24 3037
297.12 nan 0.04868 35.87 176
269.72 26.75 0.32734 48.88 482
152.20 nan 0.01629 42.12 2936
165.12 nan 0.03540 33.18 2986
208.03 -47.87 0.09785 30.10 451
55.95 -6.70 0.15462 33.35 73
342.05 nan 0.00377 39.87 378
326.96 -29.32 0.11485 48.34 2057
57.47 -49.88 0.09654 47.46 1308
266.51 nan 0.05921 38.02 1975
250.98 26.93 0.32920 57.99 1504
210.49 20.26 0.27161 35.47 223
354.31 10.80 0.21554 54.87 2281
342.29 26.96 0.32949 25.58 1146
71.34 17.47 0.25256 23.95 2251
291.99 19.79 0.26824 38.79 528
345.99 nan 0.02219 27.19 793
67.72 -13.58 0.13933 46.75 203
64.39 nan 0.01700 56.69 1876
121.42 nan 0.05508 15.85 871
37.11 6.03 0.19475 31.66 273
216.36 nan 0.05473 46.02 2856
314.61 11.54 0.21917 36.95 1952
252.85 29.46 0.35689 35.99 1204
47.43 nan 0.04439 42.23 834
29.12 17.35 0.25177 30.52 322
227.43 20.56 0.27379 44.04 442
304.78 26.16 0.32154 45.21 1174
291.35 4.24 0.18793 23.61 3003
108.19 17.94 0.25560 31.29 255
184.44 nan 0.00406 39.79 2855
250.13 25.99 0.31983 43.44 1770
121.41 4.62 0.18934 39.77 2015
222.84 27.34 0.33348 35.29 1026
184.87 -46.81 0.09857 48.79 2274
215.17 -11.63 0.14331 47.82 411
6.52 12.15 0.22221 44.91 382
111.93 nan 0.01949 50.37 592
157.08 -17.96 0.13125 32.67 1223
211.86 -32.43 0.11127 41.41 1434
315.19 29.07 0.35234 39.52 2411
215.41 11.87 0.22078 42.53 1600
125.31 16.95 0.24928 54.82 930
17.03 -58.69 0.09177 58.88 1314
277.70 -17.32 0.13237 31.83 360
128.00 22.74 0.29086 35.85 87
306.87 5.40 0.19228 46.94 384
241.37 nan 0.03583 36.94 1020
31.40 17.94 0.25560 21.66 2469
0.98 16.47 0.24630 34.29 256
121.77 25.31 0.31334 31.27 488
332.07 29.02 0.35183 20.36 996
145.54 14.37 0.23405 33.50 2128
38.00 -13.46 0.13956 35.05 1088
201.17 -41.31 0.10277 53.03 388
54.36 21.86 0.28378 30.18 196
31.10 nan 0.02278 42.95 365
148.62 23.75 0.29932 73.61 1502
266.38 18.66 0.26039 46.61 357
203.72 18.27 0.25781 38.43 691
358.87 -49.16 0.09700 63.47 1451
225.81 nan 0.03579 41.22 1728
344.57 19.64 0.26714 42.23 2677
123.61 -0.10 0.17312 39.58 1917
266.73 nan 0.08178 23.52 2817
22.45 26.29 0.32277 37.37 659
296.45 27.55 0.33569 38.45 2639
337.98 nan 0.07931 23.25 252
110.85 nan 0.04527 59.67 1994
201.50 nan 0.02357 38.95 1321
3.74 23.47 0.29695 51.94 1200
226.13 -46.69 0.09866 35.91 1722
226.88 2.77 0.18263 37.77 1654
212.78 17.80 0.25469 31.71 450
306.29 10.75 0.21530 60.40 263
234.67 18.04 0.25628 51.22 1681
319.07 -17.06 0.13283 41.11 2215
210.81 -4.34 0.16075 36.44 1777
65.72 nan 0.07068 32.71 2827
323.59 nan 0.06130 36.79 623
71.18 nan 0.03590 49.69 1080
29.51 -13.77 0.13895 49.11 821
167.09 nan 0.00668 45.17 2833
143.88 -1.09 0.17005 44.61 1210
213.52 27.12 0.33115 46.25 2016
102.70 nan 0.01120 42.44 2844
267.16 18.34 0.25821 38.68 2257
0.69 15.92 0.24295 32.78 1945
269.73 10.89 0.21598 41.08 1402
11.23 15.83 0.24247 44.32 2029
284.13 24.96 0.31009 21.19 2172
55.84 nan 0.00975 35.14 2353
150.87 -26.13 0.11888 37.85 1109
106.97 22.07 0.28538 35.26 495
162.66 17.93 0.25553 28.69 2462
135.33 nan 0.00936 39.99 2145
216.55 0.37 0.17460 46.30 2697
257.04 nan 0.01314 28.62 1619
209.39 19.65 0.26721 48.21 2314
346.22 1.90 0.17963 56.14 1645
193.81 15.45 0.24021 45.37 1592
310.93 13.43 0.22892 38.38 2199
214.54 25.37 0.31391 30.62 2044
64.58 -69.41 0.08782 39.51 1879
14.55 23.99 0.30145 48.22 2206
340.41 28.76 0.34884 30.92 637
287.74 3.91 0.18668 41.55 2304
108.12 nan 0.02004 35.77 688
347.91 -28.14 0.11629 58.01 1394
274.21 nan 0.04485 25.76 2193
313.81 25.97 0.31964 40.63 1676
288.00 6.86 0.19810 34.89 1836
201.36 1.09 0.17693 36.75 1516
91.82 nan 0.05771 23.37 2795
187.61 1.25 0.17745 38.62 2177
33.77 -4.78 0.15955 39.69 753
277.55 nan 0.07554 50.66 1507
65.17 -57.79 0.09219 37.12 1574
101.11 -27.76 0.11676 73.21 428
324.57 20.98 0.27694 29.58 60
171.31 nan 0.03562 40.59 306
68.70 17.69 0.25395 55.75 2772
88.06 13.54 0.22947 32.57 3027
287.08 23.08 0.29367 22.51 2017
35.96 19.87 0.26881 55.15 1641
104.40 27.14 0.33137 33.00 2709
2.38 nan 0.00037 48.19 2446
144.55 nan 0.07983 27.40 927
12.15 26.03 0.32026 33.97 2742
160.31 21.02 0.27727 39.12 1603
211.75 15.38 0.23979 40.98 2133
188.64 25.92 0.31916 67.06 1756
32.89 16.62 0.24721 36.42 481
225.02 nan 0.03546 49.81 2385
176.29 -9.13 0.14881 53.80 2860
125.94 7.20 0.19952 63.14 2117
96.35 2.43 0.18145 35.84 2607
77.48 -6.25 0.15574 32.05 1710
76.85 0.03 0.17352 27.57 2874
53.15 29.63 0.35885 43.85 1853
351.98 -14.53 0.13748 28.14 1620
75.76 nan 0.00330 50.94 2744
277.61 14.38 0.23409 37.50 1835
88.75 20.06 0.27019 40.44 2020
322.99 nan 0.07936 23.59 2682
251.28 nan 0.02220 33.51 342
42.11 24.75 0.30824 25.28 1720
73.76 28.03 0.34076 45.52 676
181.60 -24.98 0.12043 39.19 1133
225.24 -10.15 0.14650 48.87 2375
311.25 -22.77 0.12359 57.09 3050
22.21 11.64 0.21968 35.76 1074
60.35 -13.73 0.13904 26.69 2352
138.58 4.22 0.18784 46.77 1312
212.06 nan 0.08200 40.53 1956
134.27 -2.88 0.16480 38.46 2073
236.01 -4.82 0.15945 43.85 1343
38.01 nan 0.02501 50.87 1906
222.47 6.32 0.19591 38.92 1428
149.81 26.86 0.32847 31.42 1445
161.27 nan 0.07993 55.96 2204
49.40 28.17 0.34229 29.93 2090
221.87 -32.15 0.11157 28.82 2124
126.06 nan 0.04594 37.65 1808
60.22 18.78 0.26118 41.95 940
199.70 24.60 0.30686 21.70 2377
305.33 nan 0.01781 24.52 2305
331.53 -30.56 0.11338 28.11 2490
246.03 22.36 0.28770 31.56 160
111.51 nan 0.00796 23.65 1585
145.15 1.95 0.17978 32.51 1744
338.77 18.71 0.26073 38.37 1436
178.66 15.71 0.24173 44.60 2598
117.68 29.67 0.35936 21.83 105
140.97 23.65 0.29852 53.71 266
158.94 23.25 0.29503 46.15 1779
65.60 -0.02 0.17337 34.36 2946
42.85 17.55 0.25308 37.82 1651
101.03 26.42 0.32406 27.07 2302
68.03 -16.52 0.13378 57.96 1305
314.72 -47.18 0.09832 42.65 315
264.39 nan 0.07323 36.50 1234
229.04 -0.77 0.17102 45.63 2221
217.01 12.46 0.22381 33.17 2661
257.47 -10.64 0.14543 41.41 1246
214.54 nan 0.07414 38.59 1938
180.99 14.28 0.23353 26.34 970
44.58 17.21 0.25089 69.73 2717
272.46 nan 0.01385 32.72 1950
231.02 27.92 0.33957 43.27 2141
305.28 nan 0.05024 35.78 190
279.89 0.26 0.17424 26.69 1270
283.91 16.85 0.24862 40.05 2217
185.26 9.17 0.20800 40.96 2471
195.14 -1.21 0.16968 41.80 1584
319.96 18.30 0.25795 16.97 717
53.70 -11.76 0.14304 38.53 805
35.73 27.26 0.33265 48.94 1255
128.87 nan 0.02214 51.10 547
139.08 25.65 0.31662 50.66 2424
46.44 26.90 0.32886 38.82 2693
132.49 nan 0.06500 56.96 589
355.93 -30.31 0.11366 31.36 1948
237.71 17.16 0.25058 41.09 2430
284.53 29.25 0.35444 36.92 281
81.49 23.76 0.29939 24.24 814
29.54 nan 0.03447 41.76 1842
192.02 18.87 0.26185 32.62 1499
129.30 -2.46 0.16599 30.12 2405
105.35 9.20 0.20813 24.77 2365
102.22 23.36 0.29598 29.75 1745
215.26 13.00 0.22659 29.50 295
248.29 18.09 0.25660 48.46 2703
43.12 1.51 0.17833 38.14 1093
322.26 27.29 0.33296 31.81 1187
170.31 16.47 0.24633 36.77 2906
111.35 18.68 0.26056 49.87 1082
208.13 29.89 0.36194 39.89 1142
343.67 nan 0.05094 43.60 1252
242.54 -17.73 0.13165 32.40 1871
334.16 17.65 0.25374 36.54 723
180.85 6.93 0.19837 42.13 1362
277.19 25.86 0.31864 50.12 474
176.56 14.04 0.23222 59.23 965
49.53 nan 0.04432 27.37 2989
255.50 14.42 0.23432 27.74 902
14.51 nan 0.05364 44.63 1274
108.01 -18.65 0.13008 44.78 248
46.51 22.22 0.28660 19.94 1616
358.59 nan 0.07375 45.60 359
227.79 nan 0.01266 54.55 1923
55.17 23.48 0.29704 49.03 1498
199.67 12.82 0.22565 41.76 346
44.61 21.06 0.27758 32.75 397
256.25 24.21 0.30340 31.30 104
358.15 nan 0.04360 33.27 1479
106.30 -2.25 0.16661 49.60 561
215.62 29.85 0.36153 50.55 1910
6.22 12.14 0.22217 35.29 401
327.17 6.15 0.19524 42.79 170
261.06 12.20 0.22247 28.91 349
195.45 nan 0.01995 53.94 182
199.71 -14.31 0.13790 48.25 2561
307.53 27.95 0.33987 44.01 2803
225.02 27.01 0.33007 29.38 2176
73.85 4.89 0.19034 59.19 1839
312.51 nan 0.01427 39.93 1130
16.62 22.14 0.28600 27.78 1311
60.12 nan 0.03447 46.34 2205
126.35 23.59 0.29799 51.95 1341
30.36 -54.91 0.09364 39.72 1796
118.41 18.93 0.26225 28.63 1403
19.42 8.12 0.20337 53.08 90
9.52 nan 0.00591 39.08 1336
155.80 nan 0.01253 47.06 1056
168.82 28.46 0.34550 39.25 2071
223.92 3.76 0.18616 30.69 2775
85.07 2.77 0.18264 23.65 433
328.93 nan 0.04536 53.01 2211
318.11 -3.58 0.16283 36.66 1523
221.90 nan 0.00382 14.27 38
94.28 29.69 0.35960 43.88 2078
162.36 nan 0.02724 37.13 2698
213.09 nan 0.00584 38.60 225
314.65 -13.95 0.13860 36.76 593
11.75 28.22 0.34282 27.35 146
240.75 6.38 0.19614 49.59 2928
341.42 nan 0.00722 33.84 299
207.58 -13.26 0.13996 26.06 145
98.49 nan 0.04999 28.12 110
280.99 12.80 0.22557 41.08 296
320.04 23.91 0.30073 31.15 2036
124.55 nan 0.01499 60.49 967
63.60 nan 0.02260 56.33 2063
123.80 21.17 0.27836 41.52 1714
215.98 -28.06 0.11638 57.46 3031
164.66 12.70 0.22506 51.66 1245
295.69 nan 0.01789 37.00 127
114.86 nan 0.03428 45.53 878
18.97 -29.01 0.11521 58.14 658
23.62 14.98 0.23747 44.69 1606
335.93 9.17 0.20798 31.25 2486
305.98 12.25 0.22274 21.94 1509
295.13 24.72 0.30789 36.98 2640
119.08 nan 0.05819 39.81 2053
211.95 -46.34 0.09891 32.84 1398
215.75 -5.79 0.15693 36.72 1016
114.14 8.33 0.20431 34.68 369
282.81 14.70 0.23591 17.78 1849
311.08 nan 0.01032 57.32 2974
72.06 23.14 0.29418 36.22 285
281.06 nan 0.01076 54.00 1814
222.83 nan 0.01251 42.57 1171
66.53 nan 0.04846 44.10 2289
211.83 2.78 0.18266 43.63 2349
60.66 -5.55 0.15753 18.65 603
153.63 -69.02 0.08793 27.84 2181
320.06 27.19 0.33183 27.37 2613
318.14 26.35 0.32336 38.50 469
196.46 3.13 0.18389 28.69 1055
121.92 24.95 0.31007 34.65 1368
354.63 7.41 0.20036 37.32 1666
54.20 nan 0.00883 43.43 2180
318.95 -18.25 0.13075 29.93 2497
154.43 15.78 0.24212 32.15 997
170.97 nan 0.03709 42.91 608
242.27 13.68 0.23024 42.24 206
83.60 -8.03 0.15139 28.93 209
38.59 nan 0.03542 63.11 1782
92.13 16.65 0.24738 28.50 2427
209.20 -11.57 0.14345 32.94 1323
122.47 26.54 0.32525 37.93 1799
52.87 -27.00 0.11774 30.52 2747
285.69 6.64 0.19722 53.16 739
256.06 1.27 0.17754 47.45 1704
262.54 nan 0.03246 51.50 3018
309.92 nan 0.04862 24.50 81
149.93 -2.51 0.16584 26.57 207
275.69 -1.65 0.16838 36.56 2588
284.34 -13.58 0.13933 25.19 2410
311.10 nan 0.02743 40.04 2611
240.39 -20.45 0.12714 23.12 2877
45.33 -44.09 0.10055 16.85 156
327.33 26.06 0.32052 40.33 3053
33.57 20.08 0.27030 27.64 3012
168.15 7.08 0.19902 31.28 1884
266.62 -7.54 0.15256 42.48 84
206.00 15.74 0.24189 24.68 2222
91.66 6.86 0.19810 25.97 2212
240.12 nan 0.08313 22.84 1939
145.56 -31.76 0.11201 44.48 1929
1.80 nan 0.00740 43.21 748
267.05 -2.28 0.16652 24.88 1446
130.68 22.57 0.28943 31.12 97
19.66 8.28 0.20407 27.54 2395
286.47 nan 0.04593 46.89 1612
326.94 23.72 0.29904 44.44 284
316.43 22.01 0.28496 46.33 765
278.43 10.23 0.21286 21.96 124
305.79 -8.65 0.14991 39.19 2008
114.14 19.77 0.26810 53.11 606
235.60 22.48 0.28872 26.42 2861
3.12 12.73 0.22520 33.00 2909
231.34 nan 0.06186 39.65 1182
246.42 9.57 0.20982 47.46 635
124.71 -48.68 0.09731 45.14 22
206.01 24.40 0.30501 24.43 1041
191.44 nan 0.07818 29.81 866
20.78 -4.44 0.16048 56.58 1202
306.91 nan 0.03982 38.96 1038
219.47 nan 0.03193 41.71 1852
51.79 -7.93 0.15162 42.72 1034
116.77 27.25 0.33248 32.58 386
142.07 nan 0.08071 33.67 2705
123.21 23.67 0.29867 58.80 1501
307.12 nan 0.06923 46.48 2407
226.39 24.07 0.30214 50.42 230
71.41 nan 0.03958 34.63 224
107.46 nan 0.03730 32.38 1058
135.84 12.86 0.22588 47.83 2582
269.12 -34.35 0.10922 34.95 2897
235.06 nan 0.07479 60.95 766
341.84 25.76 0.31768 15.63 3054
333.78 29.42 0.35644 45.20 812
349.90 29.28 0.35480 50.89 2075
211.64 -5.12 0.15866 38.51 815
274.48 -21.82 0.12501 29.25 924
353.97 nan 0.06138 29.93 2796
303.13 -16.27 0.13423 24.08 1615
238.91 6.76 0.19769 33.23 1888
294.49 6.51 0.19669 27.87 1863
229.73 -40.13 0.10377 48.58 2731
222.37 -32.71 0.11096 42.53 1242
237.51 0.28 0.17431 52.77 70
30.40 -68.77 0.08800 53.39 1741
321.62 11.22 0.21757 33.86 1826
269.19 28.87 0.35008 36.80 1977
210.89 2.26 0.18085 25.54 710
246.31 -22.57 0.12389 47.65 2673
65.62 nan 0.03056 33.25 1575
261.36 nan 0.03726 46.60 636
32.86 -6.54 0.15502 27.13 734
315.89 nan 0.04876 40.81 445
162.21 nan 0.04725 23.88 910
260.79 -9.48 0.14801 59.94 2756
298.50 9.25 0.20835 39.20 1287
328.33 10.94 0.21622 36.88 1261
214.08 -0.78 0.17100 30.46 202
124.62 19.30 0.26478 28.27 168
333.87 -12.20 0.14213 32.02 832
258.23 24.13 0.30264 33.79 1904
88.17 28.19 0.34255 36.18 2106
34.55 nan 0.00746 47.22 2754
248.03 nan 0.06873 44.35 942
198.53 nan 0.00558 34.91 1505
263.79 24.73 0.30800 38.68 2649
171.89 16.86 0.24873 59.58 1618
205.84 nan 0.00842 32.62 3007
262.68 23.05 0.29340 28.85 1145
212.64 14.85 0.23676 22.58 2810
338.91 11.59 0.21941 47.67 247
186.86 -16.62 0.13361 30.23 2253
28.34 21.94 0.28441 35.11 2373
351.33 26.18 0.32170 39.86 2678
195.59 -21.83 0.12499 42.62 2092
187.74 1.30 0.17764 35.50 2645
51.86 nan 0.07254 40.70 2144
354.82 21.69 0.28244 47.86 2437
347.24 28.79 0.34915 45.45 172
318.57 24.24 0.30362 25.34 863
203.83 26.35 0.32336 53.40 543
225.69 -20.15 0.12761 33.69 2694
13.81 nan 0.00373 34.69 2436
345.21 13.03 0.22679 39.84 2168
49.28 -25.34 0.11994 51.53 2712
125.44 nan 0.00844 27.72 171
22.05 -18.16 0.13091 37.46 2183
30.00 -24.62 0.12093 25.47 2421
220.49 23.38 0.29616 59.04 743
259.37 nan 0.06057 39.37 2299
22.95 11.63 0.21961 34.69 242
34.03 nan 0.05550 50.27 292
178.21 7.63 0.20132 19.86 2723
103.41 17.01 0.24962 47.58 2441
314.07 6.63 0.19717 21.78 2246
185.35 14.40 0.23418 30.91 2351
319.16 -2.72 0.16524 38.41 370
165.55 -22.73 0.12364 27.97 1151
215.46 4.48 0.18882 32.17 133
155.89 24.71 0.30783 32.66 2556
32.94 nan 0.06942 37.37 535
81.22 29.83 0.36129 19.69 217
230.48 11.11 0.21704 48.18 625
321.94 28.95 0.35100 30.86 875
138.21 2.26 0.18087 24.14 680
143.39 16.96 0.24935 30.24 1340
92.21 nan 0.05859 56.10 1734
295.57 -51.67 0.09545 41.73 1695
311.37 nan 0.00231 39.47 576
70.81 12.71 0.22509 35.13 2448
40.02 nan 0.00428 22.63 2904
53.14 -27.60 0.11697 60.96 1264
318.88 2.59 0.18199 60.13 1425
190.56 24.70 0.30775 24.17 2903
238.40 14.65 0.23561 23.32 1063
77.76 0.09 0.17371 41.28 837
47.46 21.91 0.28415 27.39 2950
201.23 17.58 0.25329 62.01 2983
313.20 -12.60 0.14130 49.19 1827
48.24 23.21 0.29474 48.49 2123
231.17 nan 0.03283 37.43 2643
51.47 12.53 0.22415 50.49 393
238.73 9.71 0.21044 43.91 2458
340.54 23.09 0.29369 28.51 1905
286.75 nan 0.05770 50.74 3024
266.72 10.60 0.21462 32.79 803
285.20 17.49 0.25266 59.42 1212
128.98 27.45 0.33460 29.45 2058
121.47 28.14 0.34194 35.97 68
292.21 -19.70 0.12834 20.28 1373
327.66 nan 0.00963 32.34 1609
207.53 7.49 0.20072 43.20 2470
89.88 -6.51 0.15509 35.84 1628
357.88 -27.92 0.11656 27.31 465
297.69 21.81 0.28338 36.78 1571
223.96 -42.00 0.10220 38.38 3035
94.23 14.79 0.23641 44.41 2135
296.24 -9.35 0.14832 31.39 358
49.17 -20.63 0.12686 45.78 2225
193.47 nan 0.06107 35.18 1054
47.08 25.27 0.31300 15.29 271
227.55 -5.09 0.15875 43.33 2963
121.87 7.46 0.20059 44.00 3046
73.85 12.80 0.22556 39.74 1241
214.01 26.80 0.32784 34.91 436
321.82 nan 0.05985 22.09 2915
260.79 nan 0.00468 34.19 797
2.98 18.77 0.26117 28.47 12
176.16 23.43 0.29662 19.48 363
52.98 nan 0.01898 29.57 2527
209.18 28.18 0.34243 44.10 2388
88.76 nan 0.01062 32.83 1851
80.06 9.68 0.21031 62.66 2806
153.43 27.64 0.33657 59.21 99
55.87 12.98 0.22653 25.76 356
200.47 18.43 0.25883 30.50 1682
359.17 nan 0.00700 30.04 906
34.20 22.46 0.28853 24.03 286
80.69 -28.97 0.11527 46.26 2657
319.53 29.70 0.35967 39.15 2998
89.82 nan 0.01798 51.09 2161
119.69 nan 0.00447 31.66 776
97.96 18.30 0.25801 41.01 1078
81.78 -14.33 0.13787 39.33 118
56.91 8.72 0.20602 49.56 1351
319.48 -39.31 0.10448 38.25 988
50.21 13.06 0.22692 25.29 1053
177.62 nan 0.00546 37.79 2780
196.07 -15.07 0.13645 50.01 1046
183.86 nan 0.01790 34.70 1762
35.23 nan 0.01262 26.10 790
308.52 nan 0.05908 25.38 17
329.98 -36.52 0.10706 44.87 213
298.44 24.44 0.30541 33.64 1951
151.93 23.66 0.29855 29.45 2276
216.74 27.28 0.33282 41.52 2662
144.59 nan 0.02147 43.50 1011
252.72 -36.58 0.10701 24.07 67
323.74 nan 0.05563 35.96 1028
302.92 -39.81 0.10404 44.75 2918
237.92 27.75 0.33774 27.38 1911
214.32 nan 0.05033 32.76 789
11.76 13.73 0.23049 28.90 1780
123.10 -40.33 0.10359 38.36 653
256.22 nan 0.05387 36.33 1399
141.85 21.88 0.28393 31.37 1491
304.04 nan 0.01726 45.98 958
256.79 18.21 0.25741 49.85 1926
264.95 29.45 0.35678 22.97 452
137.94 nan 0.06827 32.90 1943
40.13 -4.84 0.15940 27.58 1840
271.74 14.16 0.23289 36.76 1495
229.26 -60.32 0.09105 13.09 2629
260.07 3.57 0.18548 52.25 1991
237.91 nan 0.02634 30.64 116
258.73 -1.28 0.16947 29.89 398
211.26 26.43 0.32413 40.94 2808
116.08 6.71 0.19747 22.84 390
307.73 nan 0.03383 46.74 2943
102.73 28.40 0.34481 34.45 1184
47.21 25.87 0.31871 37.18 1957
38.96 nan 0.00916 28.52 2292
302.68 11.05 0.21678 27.03 1407
2.53 nan 0.07396 25.46 2841
36.27 nan 0.07243 52.96 2293
208.04 17.94 0.25563 33.56 661
74.91 3.53 0.18533 51.90 873
18.64 nan 0.05752 73.74 1766
342.49 25.83 0.31827 30.78 2992
65.40 29.37 0.35587 41.67 2872
217.00 24.46 0.30560 29.80 3042
117.18 nan 0.00027 27.89 323
153.33 nan 0.05353 20.07 2093
217.38 nan 0.04732 26.89 2466
319.72 nan 0.02619 22.44 1864
57.17 23.40 0.29634 19.62 1817
16.92 12.86 0.22590 39.72 1632
224.10 28.83 0.34962 45.81 2777
17.67 20.47 0.27318 22.76 2616
169.02 nan 0.06697 24.20 235
214.93 nan 0.07197 29.85 718
47.49 -45.92 0.09921 35.27 583
315.13 11.28 0.21786 25.79 2867
90.86 -17.42 0.13219 17.80 1410
63.01 -81.12 0.08548 22.83 214
213.04 nan 0.03421 26.12 120
38.42 nan 0.04600 31.43 109
44.90 17.43 0.25229 33.76 2663
32.43 nan 0.04846 37.76 2988
262.40 nan 0.04558 41.56 1608
65.90 15.60 0.24109 34.67 219
231.24 24.57 0.30653 60.16 945
233.65 23.23 0.29489 28.93 2150
311.32 4.12 0.18746 28.81 622
44.29 12.33 0.22313 43.02 1454
335.29 29.84 0.36134 37.43 212
116.72 nan 0.05615 40.81 2261
277.64 0.25 0.17423 37.02 1059
11.17 nan 0.05600 24.19 2547
225.64 -41.99 0.10221 19.71 2328
89.49 nan 0.08245 44.56 483
73.23 10.78 0.21546 32.97 2310
212.45 nan 0.01003 46.02 1488
292.99 nan 0.02277 40.49 2081
284.32 -22.45 0.12406 47.93 1848
1.64 9.91 0.21137 31.95 1925
44.10 18.31 0.25805 20.64 586
207.73 -33.51 0.11010 37.20 1134
335.05 20.08 0.27028 26.33 918
325.63 13.92 0.23154 32.98 1545
44.23 -6.82 0.15431 39.08 1064
263.94 19.34 0.26507 41.29 1706
128.20 1.23 0.17741 27.52 3019
51.84 nan 0.02614 40.47 1712
316.26 24.74 0.30809 53.80 2533
238.92 3.45 0.18502 30.32 645
252.76 6.82 0.19794 30.23 1916
61.25 -0.76 0.17106 37.74 1279
53.58 9.65 0.21015 39.75 2308
191.06 9.46 0.20929 22.26 2223
313.59 27.12 0.33113 37.05 1172
158.26 18.57 0.25977 47.08 1251
256.42 24.37 0.30477 31.87 1553
1.63 8.51 0.20506 59.10 1191
63.41 nan 0.02421 40.63 841
68.52 nan 0.00762 35.65 1577
27.19 nan 0.05755 20.80 2050
336.53 22.16 0.28610 29.78 1660
45.38 -69.49 0.08780 35.09 152
44.87 5.31 0.19193 26.37 1515
82.18 -12.90 0.14069 34.76 2121
298.63 9.64 0.21012 36.41 1173
206.67 nan 0.00033 39.42 1556
293.29 -11.09 0.14446 19.41 2770
234.16 nan 0.01010 24.66 2420
154.59 nan 0.06465 42.39 2512
195.93 23.12 0.29396 59.65 938
140.14 -23.89 0.12196 32.32 2113
308.28 -8.83 0.14951 29.45 2919
49.91 nan 0.00524 25.75 2720
164.10 26.10 0.32093 27.03 2027
104.07 18.63 0.26021 30.98 2917
52.71 nan 0.04272 33.16 1320
146.64 28.37 0.34445 38.66 270
196.49 -40.31 0.10361 48.52 1567
217.90 19.02 0.26288 47.76 1415
81.00 -7.25 0.15325 23.45 901
155.23 20.48 0.27325 16.58 995
39.52 26.33 0.32315 22.34 348
267.60 -1.07 0.17012 45.19 621
155.88 14.38 0.23411 30.09 844
39.41 -2.39 0.16619 25.46 2615
179.10 26.94 0.32936 32.15 870
322.24 -5.37 0.15801 70.98 1044
330.08 nan 0.01473 36.70 1158
102.36 21.04 0.27745 36.89 2565
264.88 28.46 0.34547 35.48 1962
137.97 2.27 0.18090 28.44 1582
211.50 15.93 0.24304 24.77 2484
210.27 13.10 0.22715 45.76 1794
279.54 20.20 0.27115 36.19 934
141.39 nan 0.02943 33.27 2487
133.27 nan 0.07825 51.50 2332
18.23 nan 0.02538 44.36 197
294.16 nan 0.01568 38.41 1253
36.79 -67.21 0.08848 30.20 1380
246.63 nan 0.04333 33.73 2403
209.16 -57.05 0.09255 24.45 732
31.54 nan 0.02063 29.69 935
336.77 -67.31 0.08845 13.64 1824
26.08 -41.81 0.10236 33.91 2575
11.29 -8.51 0.15024 56.22 2818
355.94 nan 0.02086 40.91 149
136.72 nan 0.05306 31.85 1097
166.68 nan 0.01962 25.77 2048
256.41 13.15 0.22738 44.46 2387
213.70 6.45 0.19645 33.69 1281
125.86 -58.86 0.09170 65.42 1339
355.67 -13.31 0.13986 28.26 328
207.99 -2.31 0.16643 37.96 2984
332.79 19.55 0.26650 30.55 1821
48.01 18.88 0.26192 40.66 2619
73.56 4.54 0.18903 42.80 154
42.44 -22.88 0.12343 19.74 354
23.83 19.85 0.26864 22.05 1809
145.19 -13.68 0.13914 29.29 783
252.22 -11.13 0.14438 25.12 932
66.58 2.84 0.18288 19.05 1163
43.63 nan 0.00890 23.75 1855
304.32 nan 0.05482 55.20 850
236.11 nan 0.01775 38.28 2603
199.79 nan 0.04654 23.25 2501
87.92 -10.57 0.14559 45.84 478
112.63 -11.14 0.14436 47.89 2650
96.13 nan 0.06827 26.23 2707
325.50 nan 0.01151 29.88 2829
237.99 nan 0.01753 50.71 1642
201.39 -6.01 0.15635 39.51 1891
337.34 -1.10 0.17002 40.96 1812
138.21 nan 0.02067 25.13 2072
76.69 -14.21 0.13810 22.62 3030
59.69 15.50 0.24052 40.78 2250
73.61 -6.74 0.15451 18.96 457
316.53 16.49 0.24640 32.45 480
343.06 -9.04 0.14903 39.49 1648
71.12 nan 0.06681 32.21 1549
206.68 -42.23 0.10202 32.87 1384
57.28 nan 0.06289 44.49 1699
236.34 nan 0.04595 27.92 2095
75.09 nan 0.03607 43.99 2022
25.46 25.51 0.31528 47.09 1483
50.18 9.31 0.20863 26.95 751
236.86 21.05 0.27752 41.11 961
352.90 10.77 0.21543 24.48 3043
217.35 29.07 0.35241 28.86 1008
103.92 26.18 0.32170 52.51 2103
355.17 10.29 0.21316 27.31 1378
134.86 nan 0.02209 60.57 2049
321.00 nan 0.04969 31.30 1512
326.91 nan 0.02097 40.04 2683
59.23 -11.77 0.14302 34.27 1909
215.79 15.29 0.23928 25.91 2167
26.11 -31.20 0.11264 31.89 3041
273.54 25.20 0.31234 34.03 1439
357.80 18.71 0.26070 41.19 277
64.13 -29.49 0.11463 33.83 2979
117.56 14.85 0.23674 33.83 459
204.44 11.12 0.21712 31.12 2510
189.75 -8.56 0.15013 33.58 2832
304.57 25.80 0.31800 51.18 2641
99.63 -69.05 0.08792 25.30 2760
313.57 28.10 0.34151 32.44 444
126.08 12.35 0.22326 26.24 510
114.15 nan 0.06326 38.22 2995
92.69 7.22 0.19960 25.87 422
227.80 21.96 0.28453 19.96 976
300.35 22.28 0.28712 29.21 2802
331.88 nan 0.04864 50.10 905
352.29 -10.35 0.14608 26.17 1478
131.49 nan 0.00697 47.08 2558
197.68 nan 0.04011 53.49 2151
273.28 27.40 0.33409 31.50 2592
171.49 29.10 0.35267 25.45 2557
224.08 -3.85 0.16208 36.98 2952
224.68 nan 0.05916 25.28 1653
214.01 -55.77 0.09319 50.92 2374
55.26 12.33 0.22315 46.64 2273
331.85 29.93 0.36243 23.15 237
37.55 20.59 0.27404 18.93 2875
271.76 nan 0.06773 35.55 2710
189.79 -9.75 0.14741 63.74 2706
59.34 2.49 0.18166 47.86 2981
312.63 15.29 0.23925 33.03 1624
280.39 21.15 0.27828 41.52 55
182.06 28.54 0.34638 15.10 114
89.72 nan 0.01690 20.71 1374
250.25 -40.15 0.10375 31.31 1203
69.34 25.61 0.31619 25.24 2062
164.81 -33.79 0.10981 53.91 2834
133.97 -11.21 0.14421 24.70 2260
23.93 nan 0.03289 44.37 1552
350.60 nan 0.07384 39.12 845
174.75 21.24 0.27891 59.73 822
310.86 19.26 0.26449 38.24 3000
239.74 12.09 0.22190 31.27 1389
102.90 nan 0.08268 33.81 929
218.06 25.38 0.31402 31.95 2450
302.04 16.88 0.24881 27.20 890
156.76 nan 0.06204 23.01 1569
147.75 25.86 0.31862 31.27 2836
27.68 nan 0.04197 60.71 330
29.94 nan 0.05860 44.81 188
6.40 -12.75 0.14100 40.67 2730
144.30 nan 0.05420 35.15 21
44.89 -29.22 0.11496 51.09 1518
41.16 nan 0.02532 27.56 1563
186.64 23.04 0.29335 49.81 1416
9.77 -30.05 0.11397 27.13 2457
247.23 -82.94 0.08529 53.53 719
40.21 nan 0.08361 39.14 2086
252.15 -8.04 0.15135 29.41 1768
134.81 nan 0.05811 38.06 2727
183.11 -52.18 0.09515 27.92 2880
72.15 -29.43 0.11471 18.00 282
49.59 -21.61 0.12533 29.23 2978
15.60 18.99 0.26266 24.65 98
137.58 -2.15 0.16688 25.34 2722
281.80 -7.14 0.15352 52.76 823
48.68 29.08 0.35252 34.15 2268
112.12 nan 0.02529 35.39 1558
233.99 -29.08 0.11513 23.45 2327
283.51 15.08 0.23806 19.04 150
243.66 23.31 0.29560 27.05 2630
333.78 12.01 0.22149 48.60 244
171.30 -21.27 0.12586 34.40 604
157.91 nan 0.02087 58.61 2748
135.35 26.11 0.32100 28.89 1703
310.70 nan 0.03915 33.69 1303
223.15 16.92 0.24909 61.39 578
198.99 16.80 0.24831 20.62 121
76.45 29.61 0.35868 34.62 3057
13.84 24.53 0.30621 41.67 2908
315.89 -0.54 0.17173 46.45 2010
319.06 nan 0.01758 18.40 1815
149.44 14.85 0.23673 37.67 827
358.62 19.27 0.26459 34.57 989
213.06 -49.36 0.09687 31.31 1806
294.74 14.81 0.23651 30.81 234
284.64 nan 0.01989 26.33 1967
157.67 nan 0.03230 23.75 2239
88.21 24.19 0.30320 39.73 577
346.10 -26.17 0.11882 61.91 1635
325.18 -9.83 0.14723 35.55 458
160.06 -0.60 0.17154 30.53 2379
199.31 -11.59 0.14339 41.20 2790
319.05 14.44 0.23445 31.62 697
111.92 3.83 0.18642 24.24 1294
2.55 -40.68 0.10330 34.89 579
117.88 -4.81 0.15947 29.94 240
55.51 18.64 0.26025 44.28 1162
341.67 nan 0.07807 24.62 1595
131.98 14.60 0.23532 40.77 1647
264.41 8.10 0.20331 54.07 2031
303.18 5.12 0.19121 17.53 986
165.12 -13.73 0.13903 22.84 994
72.83 20.21 0.27128 36.76 2922
314.80 nan 0.06284 22.11 1639
159.53 14.31 0.23371 25.01 1726
246.11 11.59 0.21941 21.70 1068
58.77 -73.64 0.08675 37.55 1152
52.96 -62.89 0.09000 30.63 1101
227.09 26.53 0.32514 33.27 2011
235.57 29.44 0.35663 39.48 1542
92.54 nan 0.02979 47.33 598
25.74 24.06 0.30206 37.39 2475
149.66 -22.49 0.12400 28.98 1094
293.92 nan 0.03194 20.07 337
87.04 29.70 0.35973 48.92 1803
309.79 24.50 0.30595 28.92 1220
152.05 18.33 0.25816 36.55 144
306.87 nan 0.00990 29.27 1346
126.73 -15.63 0.13541 38.83 1528
212.54 26.62 0.32611 23.26 2576
150.76 -16.04 0.13465 17.68 540
251.90 25.15 0.31188 33.41 526
86.34 -13.33 0.13983 32.67 2371
75.64 -14.85 0.13687 33.60 3029
23.51 -62.05 0.09033 30.54 594
312.73 -1.49 0.16884 42.91 1072
7.84 -17.02 0.13289 39.95 1258
349.50 28.63 0.34732 44.52 2508
59.22 -16.13 0.13449 45.88 1007
206.60 nan 0.00388 20.07 2901
129.30 -47.40 0.09817 37.93 1110
0.61 nan 0.04533 51.94 2383
71.14 25.18 0.31214 16.31 2219
29.80 -41.06 0.10298 60.47 85
5.55 nan 0.06516 41.67 1356
172.14 22.66 0.29014 50.29 2164
200.14 17.67 0.25387 35.01 2452
251.33 20.54 0.27370 47.56 984
91.81 23.29 0.29542 29.14 2642
35.71 -30.08 0.11394 30.01 7
231.27 13.92 0.23154 26.53 376
4.54 17.32 0.25158 52.99 226
42.59 nan 0.01059 34.98 2667
223.69 nan 0.02473 32.65 424
49.80 21.05 0.27752 29.89 546
283.07 3.49 0.18517 45.79 2567
69.48 -21.75 0.12512 32.00 2325
359.08 nan 0.02392 24.13 1013
243.07 -44.62 0.10016 33.03 2672
325.58 20.52 0.27353 11.79 62
227.13 -33.46 0.11015 28.85 1361
169.06 -23.64 0.12232 28.63 2579
100.41 28.84 0.34972 48.34 1730
44.22 20.74 0.27519 23.43 1670
78.47 28.70 0.34819 20.01 1680
32.26 26.96 0.32947 30.02 1473
134.00 -6.98 0.15392 31.67 351
163.63 29.44 0.35661 22.66 1326
90.20 27.72 0.33747 49.95 456
37.67 29.16 0.35341 32.21 471
116.39 -35.75 0.10781 34.25 730
151.88 -6.58 0.15493 51.97 3038
212.60 16.82 0.24845 30.20 61
315.58 -35.06 0.10850 48.33 2759
32.45 -50.41 0.09621 42.33 1738
353.52 nan 0.07136 35.98 1572
251.65 20.02 0.26988 42.04 2560
50.86 29.13 0.35301 29.96 2761
204.04 24.01 0.30156 35.12 1769
146.27 nan 0.08138 23.61 2400
87.15 18.20 0.25734 44.20 990
312.43 nan 0.01861 37.71 2689
218.10 24.83 0.30895 29.70 670
310.43 28.37 0.34445 36.92 406
90.22 16.21 0.24475 38.44 2714
54.90 12.91 0.22616 39.85 887
313.78 nan 0.05025 43.15 2737
190.43 5.75 0.19367 55.96 2461
236.68 -22.58 0.12386 40.18 1231
215.70 15.40 0.23993 42.58 2732
129.44 19.03 0.26290 30.45 486
27.58 -29.60 0.11450 15.91 2148
85.47 -24.75 0.12075 33.38 250
338.79 nan 0.03237 21.67 74
185.70 29.11 0.35284 20.80 1157
280.97 -9.16 0.14875 17.40 1677
179.61 26.66 0.32650 40.14 231
212.17 20.58 0.27400 31.00 742
170.94 25.62 0.31631 36.86 1181
180.52 -15.36 0.13592 28.05 993
91.24 20.45 0.27303 32.23 228
137.73 18.43 0.25886 30.46 1914
291.66 nan 0.06870 31.62 987
240.11 25.73 0.31737 43.99 529
336.16 nan 0.03278 38.98 643
99.28 -5.57 0.15750 28.35 220
290.63 -18.28 0.13071 38.13 189
312.60 19.65 0.26722 45.89 2038
162.65 -31.36 0.11246 45.93 1998
138.27 26.52 0.32512 22.66 1487
230.92 -16.36 0.13407 33.25 2878
47.78 24.79 0.30853 56.86 1643
134.08 24.38 0.30485 27.55 2364
200.95 8.58 0.20540 31.65 2858
311.31 29.07 0.35238 45.12 1613
210.02 -43.80 0.10078 27.31 1352
128.54 -32.93 0.11073 21.39 903
167.34 7.89 0.20239 36.15 1739
190.33 15.05 0.23787 57.47 523
87.22 nan 0.03012 54.74 1965
225.13 17.11 0.25030 35.10 129
319.01 -11.82 0.14291 33.43 34
131.63 11.67 0.21981 55.94 2636
212.55 29.45 0.35674 43.37 1275
332.80 16.47 0.24629 27.95 3051
55.48 nan 0.06489 20.34 2859
124.01 22.60 0.28969 44.07 1104
121.08 28.27 0.34342 29.26 194
44.98 -36.28 0.10729 29.74 2664
220.01 26.45 0.32442 38.03 2993
314.75 -6.40 0.15538 26.13 1084
71.01 13.21 0.22774 19.52 1587
357.57 -35.08 0.10848 23.07 1098
219.34 -6.25 0.15575 33.25 2695
184.47 nan 0.02936 33.95 222
25.05 21.21 0.27872 22.21 13
176.29 -60.55 0.09095 47.32 2227
63.95 nan 0.07218 21.39 1099
347.34 -38.33 0.10536 48.65 3017
333.86 nan 0.02357 53.11 1004
7.36 -52.50 0.09497 16.02 1530
209.33 -5.50 0.15767 29.46 1280
300.12 nan 0.04883 34.46 1718
300.51 -8.17 0.15105 23.42 1532
143.87 nan 0.00763 41.65 2052
11.48 29.17 0.35352 53.93 2838
38.09 2.91 0.18310 22.23 602
247.19 -3.28 0.16367 43.97 2752
126.98 -27.67 0.11689 33.31 2728
69.43 15.30 0.23933 26.15 338
288.46 nan 0.00687 29.26 777
277.13 -0.94 0.17051 19.82 16
217.74 -65.82 0.08894 21.65 2658
95.73 19.85 0.26867 17.11 178
254.13 25.75 0.31750 46.15 1784
165.93 nan 0.08431 47.94 1238
285.37 nan 0.01841 29.25 362
146.12 nan 0.07984 51.96 102
17.42 22.72 0.29069 65.46 347
346.40 26.84 0.32829 26.52 92
290.28 23.73 0.29921 49.51 2342
211.78 8.75 0.20614 33.57 2929
26.92 nan 0.08372 14.83 801
16.96 29.68 0.35946 63.17 151
19.00 -18.27 0.13072 36.42 1401
21.71 nan 0.04166 27.44 1447
356.83 0.18 0.17398 29.23 5
268.62 nan 0.03483 19.94 1050
120.26 3.45 0.18505 23.26 773
61.15 9.66 0.21020 23.62 1640
177.27 4.51 0.18890 54.49 125
113.97 29.00 0.35155 29.80 1217
221.56 nan 0.01776 22.84 1177
134.33 11.62 0.21958 34.80 380
309.59 27.56 0.33579 27.13 1825
96.08 -9.29 0.14845 41.15 2792
2.90 27.99 0.34031 55.56 2228
54.67 6.36 0.19608 25.75 1115
139.80 -1.49 0.16883 34.05 1035
244.50 nan 0.06379 50.31 364
164.64 nan 0.04808 11.59 2505
153.67 nan 0.01424 41.81 1737
297.83 29.77 0.36052 34.46 1186
24.53 27.01 0.32998 31.88 427
323.67 27.50 0.33507 29.06 1168
274.32 22.66 0.29019 52.85 2367
100.69 nan 0.07641 49.23 1610
25.58 21.55 0.28135 32.03 820
291.68 24.05 0.30199 42.65 1131
302.73 21.21 0.27874 35.40 2195
233.14 -52.65 0.09488 31.08 1265
165.39 15.81 0.24231 34.40 1310
318.73 nan 0.05762 39.15 758
303.60 nan 0.01483 26.01 400
243.77 1.64 0.17877 17.83 1193
136.32 17.57 0.25318 28.41 2000
0.75 nan 0.07987 43.77 1932
305.52 14.55 0.23503 19.67 3023
3.25 -18.37 0.13056 44.56 147
185.79 -18.70 0.12999 51.93 461
226.87 -49.54 0.09676 27.69 1413
15.35 nan 0.01868 17.33 1992
322.90 29.84 0.36133 32.12 1625
247.20 nan 0.05784 39.54 320
202.50 29.09 0.35256 49.18 1913
325.67 nan 0.01488 41.63 614
310.72 19.76 0.26800 27.51 1481
80.30 nan 0.04111 44.02 2264
142.13 25.04 0.31084 19.47 1354
98.17 21.33 0.27965 39.49 2283
195.24 22.71 0.29057 29.30 1455
152.45 23.18 0.29448 38.59 2967
341.69 3.32 0.18456 25.75 1892
123.91 10.37 0.21353 34.60 2098
285.84 nan 0.00769 42.41 2822
232.67 19.18 0.26392 30.83 1968
178.29 -14.65 0.13724 24.17 94
214.64 nan 0.02906 31.41 290
122.29 19.10 0.26340 47.06 2100
358.24 29.21 0.35396 13.79 3025
80.37 10.42 0.21373 55.70 1597
344.74 nan 0.06614 35.54 764
231.81 11.79 0.22039 29.52 696
324.91 -46.53 0.09877 19.52 1175
323.98 28.30 0.34372 28.61 854
177.01 nan 0.02065 37.57 1579
260.07 nan 0.07206 35.23 227
199.43 28.43 0.34513 24.66 1500
322.83 nan 0.03822 47.59 2085
111.26 -32.21 0.11151 15.45 2866
35.38 5.57 0.19295 32.51 861
235.36 -23.53 0.12248 19.06 2628
55.85 20.75 0.27521 46.61 1395
39.63 nan 0.05923 50.09 238
293.01 28.51 0.34605 41.77 2037
28.98 26.10 0.32094 23.93 551
24.75 26.84 0.32834 48.12 1165
51.17 -0.02 0.17335 52.03 1040
264.48 nan 0.05334 22.47 352
200.01 8.86 0.20660 37.34 975
47.47 26.62 0.32606 19.82 627
51.98 -21.56 0.12541 37.01 2655
169.97 -36.37 0.10720 38.28 752
169.56 22.35 0.28768 35.96 1003
312.18 nan 0.05706 17.70 130
106.77 5.92 0.19433 55.22 816
102.49 16.39 0.24579 36.74 1404
160.90 -38.10 0.10558 58.51 1260
153.97 -18.89 0.12967 44.74 668
184.15 -9.01 0.14909 49.79 2454
224.74 -4.10 0.16138 11.03 119
225.24 nan 0.03955 37.23 2271
193.36 -5.60 0.15742 41.41 1364
23.36 -45.71 0.09935 32.35 1907
337.24 22.70 0.29052 33.21 1922
65.21 -33.60 0.11001 33.43 881
184.63 2.14 0.18046 60.12 2532
131.34 13.29 0.22812 51.12 1090
241.77 nan 0.05040 28.70 1144
130.20 -0.52 0.17179 44.39 361
263.71 nan 0.06226 30.04 1400
229.04 -28.14 0.11629 22.72 1062
148.31 27.24 0.33236 43.97 2907
298.25 28.89 0.35028 44.19 1030
50.14 -38.20 0.10548 16.99 2089
237.80 27.93 0.33972 46.80 1067
165.45 -2.05 0.16719 22.74 1689
235.92 nan 0.07096 51.41 1000
243.48 25.87 0.31870 28.85 1043
227.70 -15.47 0.13571 28.35 711
175.98 29.27 0.35462 56.89 3040
176.79 -46.97 0.09846 43.90 2719
330.60 -35.39 0.10818 32.58 891
152.66 nan 0.03209 36.76 2417
275.56 4.25 0.18794 39.13 1692
241.63 21.06 0.27755 32.38 1089
95.02 1.45 0.17811 62.79 2684
0.49 nan 0.00019 43.02 536
148.95 nan 0.07753 37.06 2294
327.66 5.03 0.19089 43.04 2704
134.47 28.18 0.34236 24.66 1313
236.32 29.73 0.36004 30.44 2631
239.99 -28.55 0.11578 27.21 2506
36.40 nan 0.01203 30.85 1807
305.55 9.75 0.21065 17.29 138
234.62 24.78 0.30849 19.51 1890
14.46 nan 0.05212 19.40 1843
315.04 29.05 0.35211 45.08 2652
126.68 29.07 0.35238 56.74 2229
67.19 -38.35 0.10535 40.83 2740
104.50 23.73 0.29915 34.21 229
82.18 -15.24 0.13613 41.32 1006
97.05 26.26 0.32246 22.51 1895
219.43 -50.42 0.09621 27.67 1665
133.93 nan 0.00438 19.00 2414
71.85 25.07 0.31119 23.13 0
21.70 nan 0.03007 20.37 1607
163.22 24.77 0.30838 41.67 533
13.21 12.61 0.22457 35.69 157
43.20 21.52 0.28113 33.52 1485
179.71 29.77 0.36060 63.00 530
48.29 24.04 0.30183 29.83 2574
50.08 29.10 0.35274 31.52 1164
140.91 nan 0.04891 22.17 2843
256.48 nan 0.06504 34.96 1565
317.86 -17.75 0.13162 27.10 2544
145.30 27.60 0.33612 41.54 2646
155.37 8.64 0.20566 17.43 685
37.09 -54.65 0.09377 24.23 1696
288.25 -3.66 0.16260 30.86 1920
258.10 nan 0.01112 33.42 260
119.09 28.63 0.34741 29.29 2191
259.20 nan 0.07713 23.78 2231
205.96 28.28 0.34352 27.35 1860
60.75 6.10 0.19502 42.10 265
135.50 16.53 0.24666 34.10 2356
51.57 -10.18 0.14645 28.48 2985
248.41 -14.15 0.13822 32.87 1365
133.39 -4.38 0.16064 39.54 847
249.87 23.67 0.29861 37.33 2755
292.93 -0.26 0.17261 25.65 310
308.18 nan 0.00929 30.17 65
131.99 29.61 0.35866 33.61 982
281.18 -2.95 0.16460 32.02 2798
19.26 17.53 0.25294 23.22 1042
306.36 27.94 0.33980 21.53 33
34.81 29.24 0.35430 19.11 1229
230.60 -17.62 0.13184 20.33 392
46.89 -0.60 0.17154 27.45 919
194.79 3.90 0.18664 43.11 2485
244.13 24.93 0.30983 33.04 983
285.76 nan 0.06860 28.02 131
311.51 29.13 0.35305 25.01 939
4.31 -22.14 0.12452 14.17 973
164.05 -14.98 0.13663 19.62 768
28.87 nan 0.06433 67.80 2601
118.17 27.18 0.33176 22.74 1405
118.09 16.26 0.24501 34.68 1691
313.11 19.57 0.26666 39.79 2999
323.10 7.82 0.20212 26.16 712
37.14 27.25 0.33248 16.58 1143
229.19 nan 0.05263 37.59 1289
334.94 nan 0.03017 35.63 2848
62.61 15.18 0.23863 29.83 313
347.21 nan 0.04337 46.50 1880
6.54 nan 0.02082 22.15 585
150.45 -22.88 0.12342 33.36 912
352.15 nan 0.04222 38.62 2102
225.21 -2.99 0.16447 25.55 1107
3.20 nan 0.02393 27.35 1767
334.04 nan 0.04813 26.67 2942
320.87 nan 0.01849 31.95 1221
340.38 2.98 0.18337 34.48 47
156.91 -6.65 0.15473 23.57 573
144.41 nan 0.01815 26.78 1971
141.76 nan 0.07602 30.38 179
70.16 nan 0.06452 19.73 1114
122.02 28.74 0.34860 20.85 1931
181.98 nan 0.03809 34.00 2359
35.52 -68.17 0.08818 15.86 1047
170.79 -39.54 0.10428 35.26 1631
57.24 25.28 0.31305 30.45 2807
122.74 16.40 0.24590 28.16 492
333.21 -7.15 0.15350 24.77 671
121.90 -11.07 0.14450 31.74 2968
113.62 nan 0.07475 47.17 1813
348.75 nan 0.01832 42.35 2492
20.06 -5.90 0.15663 26.72 1118
127.88 nan 0.02224 35.46 1845
154.59 -38.15 0.10553 29.13 2378
126.45 -7.19 0.15341 26.94 1580
145.18 16.45 0.24619 29.96 2207
39.17 23.72 0.29906 24.15 2749
224.58 nan 0.05163 39.88 500
206.87 -21.99 0.12476 23.85 1033
294.11 -14.15 0.13822 37.72 849
121.70 -21.59 0.12537 21.73 2606
340.67 -16.00 0.13473 37.78 2514
286.02 21.12 0.27798 33.61 2767
44.83 nan 0.00733 18.13 15
64.04 29.81 0.36107 23.93 1838
47.19 nan 0.00156 25.94 806
71.21 25.60 0.31611 41.41 2039
310.94 27.24 0.33244 27.00 1302
216.62 nan 0.05082 28.74 2175
143.45 20.67 0.27465 40.76 2789
22.22 -17.73 0.13166 30.23 1976
216.33 11.26 0.21777 33.62 1591
336.71 -20.94 0.12636 29.70 904
262.55 27.77 0.33797 30.10 1390
290.69 -11.62 0.14335 18.39 514
173.06 -20.46 0.12712 43.61 2931
10.59 nan 0.03026 29.94 1705
98.83 23.92 0.30082 32.82 2941
10.69 nan 0.03423 21.06 1936
35.47 nan 0.02154 36.49 2226
306.56 nan 0.06277 23.10 2218
35.47 17.42 0.25223 35.91 1474
97.99 nan 0.07410 24.04 1284
78.34 nan 0.05342 51.74 1805
127.58 9.20 0.20815 40.39 2165
1.68 -43.69 0.10086 28.83 853
0.13 2.29 0.18097 37.95 53
167.70 12.32 0.22308 14.81 2724
200.87 -6.93 0.15405 31.92 2982
153.40 29.51 0.35742 46.78 1276
87.30 15.59 0.24102 12.47 2122
229.62 -27.68 0.11686 43.59 2819
262.58 nan 0.07290 27.44 2435
287.18 25.12 0.31156 31.71 2847
30.55 18.06 0.25638 19.13 101
131.56 21.25 0.27897 41.53 254
142.79 -48.60 0.09736 26.09 371
138.96 10.97 0.21639 27.73 673
100.90 nan 0.05807 33.61 2637
162.31 -7.96 0.15156 15.91 2666
221.77 5.25 0.19170 26.68 855
163.67 18.86 0.26173 22.76 113
349.10 7.89 0.20241 35.87 2585
301.67 nan 0.07926 27.54 174
134.03 7.94 0.20261 35.12 367
62.95 -9.52 0.14792 26.24 218
98.74 19.67 0.26740 29.35 1983
207.92 25.12 0.31156 30.17 964
248.07 nan 0.06521 45.86 3015
13.88 17.18 0.25071 28.56 2401
242.60 nan 0.02980 27.34 2949
25.88 -49.50 0.09678 30.07 29
120.04 27.39 0.33392 27.72 1444
108.93 nan 0.01661 29.04 45
323.24 18.64 0.26024 12.64 2851
242.06 -6.87 0.15420 32.33 1490
353.89 14.06 0.23231 43.73 2562
212.13 29.84 0.36134 28.24 473
46.34 27.60 0.33618 60.38 1535
111.95 26.76 0.32748 33.84 1423
175.14 nan 0.04917 66.02 2597
63.91 nan 0.04738 26.83 2947
6.23 8.83 0.20650 27.92 205
253.60 29.67 0.35940 49.98 2115
136.50 26.22 0.32207 28.34 1329
37.33 27.33 0.33329 22.52 503
220.53 -32.80 0.11087 17.60 1462
166.17 nan 0.02331 21.11 241
117.74 8.18 0.20366 34.04 1811
144.40 -0.62 0.17148 33.32 1048
269.80 5.28 0.19184 16.27 830
6.79 26.97 0.32964 25.88 835
290.36 nan 0.05574 27.06 565
63.31 13.27 0.22805 21.58 463
71.00 28.47 0.34554 34.53 75
12.10 27.22 0.33217 28.21 1189
234.10 20.24 0.27148 52.57 755
33.80 -2.33 0.16637 50.03 2648
244.40 24.48 0.30573 39.30 1155
117.26 9.74 0.21058 23.28 2282
135.73 nan 0.03051 36.14 236
229.02 nan 0.07220 35.28 1087
66.61 5.22 0.19161 36.19 2040
194.08 -5.27 0.15826 43.40 44
4.95 -15.62 0.13542 21.48 41
12.87 27.10 0.33091 53.51 1337
176.53 nan 0.05270 41.78 1461
355.36 nan 0.01342 31.59 2059
308.71 13.31 0.22823 38.31 2763
73.20 nan 0.03599 16.41 556
16.61 18.85 0.26166 37.43 705
307.14 24.40 0.30501 26.20 2521
189.06 12.06 0.22177 26.01 1778
161.96 nan 0.06136 27.76 744
209.58 29.65 0.35910 29.82 626
128.46 25.00 0.31053 34.19 2240
310.54 6.15 0.19522 26.10 355
207.56 22.93 0.29240 19.35 3
85.81 nan 0.03395 31.85 1271
320.88 nan 0.00918 31.92 396
100.52 15.59 0.24100 43.75 1674
64.91 16.98 0.24944 40.54 2526
285.54 16.73 0.24793 8.60 774
127.32 26.64 0.32624 21.17 856
345.37 -67.78 0.08830 31.21 2966
95.15 -1.75 0.16808 14.07 2939
153.93 nan 0.06726 30.80 735
230.06 -32.52 0.11117 33.00 794
29.18 13.06 0.22691 17.97 1702
31.50 25.93 0.31928 30.88 931
206.95 29.95 0.36265 34.54 1232
143.45 -46.13 0.09906 37.53 2318
299.77 14.26 0.23344 47.71 416
236.04 18.90 0.26201 24.71 2066
175.28 26.32 0.32313 33.24 2813
226.23 10.62 0.21470 26.42 291
102.97 -16.17 0.13442 40.70 2735
310.26 13.19 0.22761 28.60 128
124.50 18.93 0.26225 29.15 725
130.06 0.46 0.17489 23.72 2489
148.09 29.31 0.35516 37.77 2277
84.31 nan 0.06424 46.88 1466
315.51 -80.38 0.08557 28.15 438
64.01 -15.03 0.13653 45.51 2061
250.26 -10.47 0.14581 26.64 2482
14.59 15.17 0.23859 38.75 2787
125.39 nan 0.04501 40.87 1075
48.59 21.78 0.28310 30.95 2467
358.05 nan 0.02709 31.31 1560
11.84 -14.80 0.13696 44.55 72
88.91 nan 0.01820 30.75 2109
260.22 27.64 0.33655 20.04 2002
307.54 14.63 0.23551 44.49 1850
139.74 -3.33 0.16353 14.66 1299
108.54 -51.16 0.09575 38.88 1136
325.63 -3.86 0.16204 27.53 597
257.01 -38.54 0.10517 35.83 582
340.11 25.54 0.31559 20.11 2394
122.55 -7.93 0.15163 35.82 610
208.39 21.87 0.28385 23.42 1414
109.00 nan 0.05182 33.51 2914
251.01 22.03 0.28512 38.85 26
133.88 -50.23 0.09632 32.25 2635
274.48 17.40 0.25209 27.42 2921
309.35 -48.50 0.09743 37.96 2322
173.67 nan 0.08263 46.70 1630
153.17 5.55 0.19289 32.50 1199
148.80 23.33 0.29575 45.12 1330
279.09 -60.91 0.09080 33.60 1262
192.47 15.19 0.23871 49.17 1900
97.66 24.88 0.30935 16.49 1716
212.93 14.63 0.23550 50.02 2857
73.83 nan 0.06484 27.54 404
307.37 -36.40 0.10718 72.22 111
242.67 -0.16 0.17292 37.24 2559
61.72 24.91 0.30967 33.02 477
319.17 21.19 0.27852 19.37 2853
222.03 23.25 0.29504 22.07 115
232.85 20.55 0.27375 28.28 2953
217.85 21.13 0.27812 46.31 860
42.67 -5.93 0.15655 19.54 1116
320.58 -52.89 0.09474 26.77 2610
17.90 27.40 0.33402 28.21 2839
326.63 10.19 0.21266 33.68 169
320.96 -0.75 0.17110 55.86 1508
95.46 4.96 0.19061 24.22 584
138.90 -45.27 0.09968 24.90 2840
50.03 -32.36 0.11134 31.06 2472
99.12 27.26 0.33262 28.71 136
289.53 20.38 0.27249 29.88 1359
298.11 4.98 0.19068 12.43 2392
109.27 5.37 0.19217 35.97 294
137.13 15.15 0.23845 29.81 1946
155.58 6.47 0.19652 42.39 1315
140.91 25.84 0.31841 45.81 1918
321.43 21.38 0.28002 24.05 63
119.27 -34.93 0.10863 30.69 2256
212.47 19.01 0.26280 24.02 936
203.74 nan 0.01480 28.02 52
50.12 nan 0.06805 33.38 2699
133.46 nan 0.01219 18.17 491
10.52 nan 0.01774 48.45 333
157.24 -15.85 0.13500 22.01 2097
227.71 27.33 0.33331 25.98 153
176.23 4.31 0.18817 37.09 2604
189.37 19.60 0.26688 44.15 922
175.69 -61.09 0.09072 63.71 3044
3.16 nan 0.05843 42.89 1123
294.53 9.13 0.20782 32.52 1160
57.54 28.52 0.34620 25.92 2220
172.73 11.76 0.22027 33.68 2473
36.63 23.37 0.29607 23.69 657
29.89 25.33 0.31359 41.08 2600
96.63 -5.61 0.15737 15.95 1801
18.82 28.64 0.34745 42.29 1290
38.94 18.73 0.26090 52.34 2350
47.44 nan 0.01388 25.57 2255
231.35 nan 0.03795 17.54 2659
132.59 -22.76 0.12361 14.57 1285
148.83 0.63 0.17542 39.48 1930
238.55 26.09 0.32080 24.48 736
69.13 -44.76 0.10005 29.76 3028
22.90 15.61 0.24115 32.69 1960
151.97 29.79 0.36079 24.53 2624
167.19 25.60 0.31613 28.95 479
271.34 nan 0.04170 21.55 2262
278.29 27.04 0.33029 31.79 275
203.51 -17.50 0.13205 37.24 89
353.67 -15.39 0.13586 39.04 1239
300.90 nan 0.06317 21.48 2018
167.82 25.54 0.31552 26.20 2026
300.27 -7.21 0.15336 23.36 1139
274.42 nan 0.00200 28.34 2192
304.11 29.35 0.35556 28.82 2609
15.83 -17.63 0.13182 20.27 1686
162.07 -8.56 0.15012 45.41 714
267.66 17.31 0.25151 17.92 201
155.45 nan 0.06815 18.31 2996
173.24 nan 0.01273 36.57 911
37.48 -47.27 0.09826 18.10 695
290.41 19.84 0.26857 31.14 2287
141.38 14.99 0.23756 27.42 785
132.68 nan 0.05942 38.46 331
189.03 19.64 0.26716 39.71 1385
51.49 -0.93 0.17055 29.01 2596
116.23 nan 0.07736 39.52 204
324.68 nan 0.04243 43.34 613
143.30 27.38 0.33384 29.16 1126
36.55 nan 0.06776 18.72 701
303.84 28.29 0.34360 20.84 612
156.71 6.72 0.19753 23.16 1335
147.29 nan 0.05649 21.58 2014
46.93 24.46 0.30556 18.45 969
134.48 1.17 0.17719 25.70 2937
166.55 12.99 0.22658 21.94 1602
107.21 -5.24 0.15834 30.91 1076
281.13 nan 0.06004 22.30 261
13.66 21.92 0.28421 48.78 417
323.37 18.90 0.26203 26.75 2685
197.10 20.92 0.27654 38.86 554
69.41 29.16 0.35343 16.17 638
338.75 nan 0.04099 17.74 2605
208.98 -76.60 0.08616 27.76 522
358.78 -11.29 0.14404 17.22 2463
105.03 29.83 0.36130 36.95 233
209.82 18.10 0.25662 45.22 516
146.44 nan 0.01403 30.97 1798
253.59 21.55 0.28136 32.01 740
253.39 27.36 0.33362 32.42 509
18.46 23.09 0.29368 22.38 809
230.13 nan 0.04805 29.00 2828
182.97 nan 0.07324 33.36 199
326.06 nan 0.06374 24.22 2997
249.88 nan 0.03291 29.02 86
22.93 11.41 0.21852 46.80 135
323.78 11.06 0.21683 29.17 2511
217.90 -45.10 0.09980 25.16 948
245.61 19.03 0.26292 43.35 1541
214.77 24.89 0.30950 23.74 1188
2.20 4.33 0.18826 31.33 1125
137.20 -22.64 0.12378 40.78 308
171.00 17.30 0.25150 25.25 2431
133.60 -56.29 0.09293 14.08 2681
335.15 -3.22 0.16384 23.74 434
292.47 20.91 0.27645 27.43 2157
224.52 -1.99 0.16738 25.92 2893
36.94 9.90 0.21134 32.56 1486
341.10 24.74 0.30814 38.40 1729
328.93 14.77 0.23629 38.59 2868
207.78 24.50 0.30596 40.41 79
297.86 nan 0.05839 40.06 558
282.56 nan 0.06631 27.76 4
65.66 18.90 0.26199 13.55 1749
280.02 22.81 0.29137 43.28 2568
147.31 16.20 0.24465 18.06 1753
349.24 29.49 0.35722 57.94 2258
58.21 11.14 0.21719 51.95 1937
319.46 25.66 0.31665 23.10 2080
152.69 -7.03 0.15379 47.31 2721
26.92 -5.38 0.15799 30.11 1725
279.20 nan 0.02070 32.44 2969
202.54 29.51 0.35748 26.53 278
319.66 nan 0.02666 26.55 1596
232.73 12.59 0.22448 50.02 2422
43.55 2.20 0.18064 31.96 1837
109.03 -46.87 0.09853 27.94 1933
128.32 nan 0.04783 17.17 896
199.12 29.47 0.35696 13.87 828
194.10 nan 0.05930 41.82 2384
239.02 16.43 0.24607 56.44 1166
128.14 26.11 0.32105 30.35 1257
82.11 nan 0.02326 41.61 1092
153.53 nan 0.01630 22.98 2680
237.77 28.37 0.34446 41.23 1858
320.56 24.56 0.30650 27.24 642
0.61 28.22 0.34285 36.52 2021
295.92 4.57 0.18914 49.77 2686
290.18 12.49 0.22396 15.71 1129
116.12 -4.56 0.16016 39.99 1872
26.25 9.18 0.20805 37.61 208
52.58 13.55 0.22952 19.36 1588
284.90 24.48 0.30577 13.17 1626
309.91 16.35 0.24559 24.63 620
139.61 23.76 0.29945 20.09 193
231.42 -23.35 0.12274 30.55 1137
300.49 -54.83 0.09368 31.08 897
68.70 28.16 0.34213 23.74 1061
264.51 28.16 0.34215 20.97 2404
197.70 25.81 0.31812 17.70 2504
281.23 11.82 0.22056 28.61 2156
123.37 nan 0.02746 25.98 1167
317.70 -44.85 0.09998 29.81 1222
224.02 11.34 0.21819 23.81 724
217.28 nan 0.03524 33.02 2459
159.11 8.53 0.20516 40.02 1594
26.33 24.96 0.31009 26.23 1417
120.97 -17.62 0.13184 40.70 501
4.76 nan 0.05483 41.41 759
349.85 0.37 0.17460 19.28 1267
215.77 nan 0.08216 16.71 2960
61.04 nan 0.05775 34.04 1230
100.91 nan 0.07202 36.19 421
19.40 25.91 0.31906 44.82 2773
174.85 nan 0.07149 35.26 2013
125.22 -11.33 0.14396 14.31 629
201.66 15.96 0.24323 20.27 1764
40.06 3.96 0.18689 17.41 2091
319.56 10.77 0.21544 23.95 2734
192.36 nan 0.06408 32.55 678
289.27 nan 0.01031 29.18 2171
119.01 nan 0.02882 16.57 340
257.54 0.30 0.17438 26.21 2184
185.12 -80.66 0.08554 36.79 419
218.73 28.01 0.34051 28.87 1868
46.40 nan 0.03829 27.19 1124
144.90 -27.06 0.11766 37.77 1924
236.65 10.20 0.21273 39.28 1899
115.16 nan 0.01618 18.66 1105
84.72 15.40 0.23993 27.87 2087
67.89 -54.98 0.09360 21.16 2413
76.91 -31.80 0.11197 25.92 2656
218.08 28.54 0.34633 23.96 2362
223.61 28.74 0.34865 14.39 615
185.35 -8.15 0.15110 27.26 1243
224.47 -24.55 0.12104 53.32 2675
34.75 12.45 0.22376 53.26 852
191.47 29.69 0.35962 36.06 836
62.11 nan 0.00058 29.84 1248
214.93 7.90 0.20245 34.97 3032
41.46 16.97 0.24942 15.18 1724
297.80 23.47 0.29690 26.33 2801
140.40 nan 0.03112 20.54 484
306.19 -11.66 0.14325 30.64 2898
44.99 -24.22 0.12150 42.24 2881
323.60 13.55 0.22955 22.08 2119
213.00 nan 0.05374 30.65 2961
291.17 -11.18 0.14427 17.02 839
21.28 12.83 0.22575 16.12 775
304.90 -9.98 0.14690 28.57 2009
324.63 22.71 0.29055 20.96 1477
222.02 -3.08 0.16423 32.47 2962
349.20 7.53 0.20088 30.99 2200
60.94 -29.08 0.11513 38.80 1309
221.83 nan 0.04627 19.21 1322
328.64 nan 0.06004 44.94 186
359.38 13.40 0.22871 22.08 2863
315.77 -10.89 0.14488 21.86 3049
192.16 24.03 0.30173 44.94 2954
352.49 18.19 0.25725 24.00 1333
187.47 25.90 0.31897 28.73 1883
326.63 11.36 0.21829 25.80 2237
26.50 18.56 0.25971 15.54 669
238.93 nan 0.04567 32.86 1955
124.54 18.50 0.25931 25.10 2320
139.66 -18.42 0.13048 36.72 2758
175.30 -16.82 0.13325 52.88 2534
350.57 nan 0.05617 19.14 1393
81.08 -66.15 0.08883 24.58 2572
141.68 nan 0.07559 24.23 2238
94.86 nan 0.03616 33.44 1127
127.09 nan 0.04520 57.71 468
309.63 -21.89 0.12491 22.57 3021
328.73 -2.49 0.16590 26.13 423
322.95 23.21 0.29473 58.08 2019
39.14 -67.53 0.08838 47.51 165
74.77 23.44 0.29667 14.94 2713
195.92 22.44 0.28835 26.90 1989
144.95 nan 0.03237 39.85 1944
67.57 11.21 0.21756 28.48 1350
76.16 nan 0.04803 40.05 210
17.79 -28.68 0.11562 28.59 521
13.16 -25.02 0.12037 24.08 10
145.95 -26.83 0.11796 31.67 139
51.30 -44.10 0.10055 15.25 1347
1.72 29.89 0.36195 19.72 2871
132.37 8.79 0.20631 24.76 1225
289.18 -32.15 0.11158 25.83 1358
92.93 nan 0.05934 25.63 2005
57.45 -20.96 0.12634 31.09 2269
196.46 21.81 0.28332 22.27 2162
30.14 29.81 0.36105 18.68 1520
302.84 22.50 0.28882 42.56 2571
313.17 nan 0.08439 46.79 1113
299.09 29.19 0.35379 52.19 3001
137.25 9.01 0.20730 18.28 2298
215.55 nan 0.01715 31.96 2573
25.69 29.36 0.35572 34.77 2370
353.27 1.37 0.17786 24.77 662
71.41 19.77 0.26812 42.81 1349
22.08 8.11 0.20335 41.92 552
66.22 10.62 0.21469 29.57 531
31.55 14.91 0.23707 12.80 293
42.71 16.12 0.24416 25.02 571
62.45 18.74 0.26091 19.54 257
297.16 -66.37 0.08875 34.33 490
242.56 4.94 0.19054 17.87 831
168.28 nan 0.05400 21.52 2275
302.84 20.81 0.27568 31.33 3020
280.91 22.91 0.29224 30.14 2412
76.89 23.76 0.29946 42.13 1897
41.79 28.59 0.34689 30.37 2110
324.19 -2.02 0.16729 30.60 2214
109.33 27.16 0.33160 20.32 2566
66.56 28.23 0.34291 25.71 2306
220.75 24.08 0.30221 24.56 1469
334.81 27.75 0.33772 21.15 2584
223.91 18.35 0.25828 38.91 1550
9.20 20.81 0.27570 29.66 693
101.40 nan 0.07999 19.07 1800
333.12 nan 0.03170 34.74 1690
65.39 -23.77 0.12214 44.03 2201
249.87 nan 0.05091 38.81 2336
351.03 nan 0.01806 26.37 2343
267.06 nan 0.03837 18.32 2235
35.07 nan 0.00605 26.01 2418
119.28 1.70 0.17896 19.59 1999
299.64 25.59 0.31606 33.01 1449
87.72 -16.50 0.13382 26.79 1382
155.85 nan 0.05098 18.48 2301
43.64 nan 0.00497 35.28 1527
37.38 28.45 0.34539 23.00 1295
339.53 nan 0.06847 42.56 977
314.09 10.93 0.21621 42.99 496
232.43 3.30 0.18449 49.58 1237
243.23 nan 0.03248 40.71 1201
139.57 3.43 0.18498 16.82 619
95.66 -40.17 0.10373 31.14 2339
163.73 nan 0.02666 16.68 1471
38.17 -1.04 0.17020 19.84 2620
254.28 1.07 0.17687 21.57 2531
247.19 nan 0.03110 30.00 1554
114.43 17.28 0.25137 23.52 757
238.60 -1.77 0.16802 28.04 18
138.40 -46.13 0.09905 25.03 706
58.01 0.75 0.17582 15.42 566
93.17 nan 0.00590 38.45 443
313.86 nan 0.06623 22.88 2975
36.46 13.84 0.23109 24.27 2528
230.24 nan 0.04619 24.07 624
340.94 nan 0.02333 47.13 1071
260.91 22.10 0.28563 25.34 1964
169.46 1.39 0.17793 43.20 628
187.70 13.75 0.23063 26.99 1987
226.45 -56.42 0.09286 17.37 1468
298.00 19.64 0.26718 36.22 2608
147.51 4.32 0.18819 32.83 274
279.60 4.31 0.18818 28.51 1205
77.20 26.41 0.32399 38.69 175
65.30 20.58 0.27400 23.91 2774
5.13 -42.97 0.10143 23.27 1328
314.66 -39.77 0.10408 58.01 2196
306.55 15.78 0.24217 31.40 1408
119.89 12.26 0.22276 38.98 1982
157.59 11.83 0.22063 28.63 2793
118.62 nan 0.03943 14.67 560
106.86 nan 0.07321 32.11 2241
333.76 2.34 0.18113 43.77 1568
169.11 -40.27 0.10364 30.62 1589
117.32 nan 0.08439 33.47 2708
50.18 -72.23 0.08708 28.66 1095
122.20 -32.77 0.11090 60.72 955
41.79 -0.63 0.17145 33.80 1460
133.54 11.65 0.21973 40.90 862
111.19 nan 0.02434 22.42 557
328.57 17.39 0.25205 30.69 2679
295.34 12.51 0.22406 21.90 674
50.14 -13.20 0.14009 20.68 2046
41.70 28.52 0.34619 24.22 690
248.66 13.84 0.23109 31.69 1555
88.62 17.45 0.25241 28.88 2155
348.13 nan 0.03836 30.06 2496
298.65 17.26 0.25125 29.33 675
220.58 -1.08 0.17007 22.80 1179
342.95 26.92 0.32906 32.26 2152
115.32 nan 0.01756 34.20 366
328.14 nan 0.01349 25.69 840
210.51 23.13 0.29408 16.18 377
342.27 27.20 0.33198 25.74 2612
15.25 24.71 0.30785 26.74 654
102.28 -0.62 0.17148 31.02 1622
288.10 16.26 0.24502 35.86 1494
330.99 -11.71 0.14315 46.88 2024
135.91 26.76 0.32750 16.52 1431
20.51 23.51 0.29732 42.81 2028
186.15 25.11 0.31152 16.01 414
85.08 22.45 0.28847 45.35 1459
311.24 -27.93 0.11655 15.78 195
136.90 20.60 0.27415 34.36 667
288.54 -12.67 0.14115 18.77 1533
24.12 -18.10 0.13101 12.56 1132
265.03 nan 0.04041 22.31 1760
217.20 -51.33 0.09565 23.26 858
321.58 nan 0.01272 40.56 2523
125.87 -19.54 0.12861 23.18 83
248.83 -4.05 0.16154 26.60 1755
353.41 12.80 0.22556 18.70 2633
217.29 nan 0.02691 21.27 267
112.39 29.94 0.36264 27.21 1219
47.15 -46.82 0.09857 24.38 2739
292.37 nan 0.07609 25.32 58
283.20 nan 0.06684 31.62 2540
318.26 20.47 0.27317 37.56 2170
102.91 24.95 0.31000 44.80 368
92.21 22.23 0.28666 64.20 2826
179.38 -5.88 0.15669 47.78 1752
100.59 10.30 0.21319 59.56 1844
293.65 22.56 0.28938 34.89 395
334.88 nan 0.06755 32.35 1301
292.61 22.65 0.29006 34.64 1319
154.78 13.51 0.22933 31.01 692
199.27 nan 0.06215 27.67 446
51.91 15.48 0.24035 31.31 1525
55.37 18.47 0.25914 31.16 2416
87.64 6.43 0.19636 29.14 2873
297.38 nan 0.07745 20.26 1733
309.21 nan 0.04544 24.46 549
177.50 9.34 0.20876 15.87 2782
124.94 29.61 0.35862 15.17 1023
310.15 nan 0.00458 24.03 143
58.53 21.44 0.28044 37.48 1482
259.39 -85.94 0.08507 32.57 1590
76.78 25.60 0.31607 19.95 1196
67.69 14.71 0.23592 24.43 11
358.47 nan 0.02002 24.26 57
249.45 23.92 0.30083 20.94 699
205.86 nan 0.01583 15.51 656
15.11 -3.20 0.16390 33.29 1282
78.67 nan 0.00910 29.36 108
306.79 nan 0.03015 24.34 466
61.58 -6.55 0.15500 17.64 3060
110.62 nan 0.00670 35.35 1367
302.67 nan 0.03754 35.93 314
222.76 nan 0.05012 26.02 1881
247.64 6.61 0.19707 29.03 8
46.12 nan 0.05773 40.44 2140
171.45 nan 0.07287 20.83 324
308.32 -12.51 0.14149 33.42 1195
114.20 0.64 0.17545 28.43 27
321.61 -83.80 0.08521 16.54 817
303.01 13.33 0.22837 16.50 24
60.22 10.61 0.21465 35.08 454
234.91 24.58 0.30664 23.41 1978
340.03 17.70 0.25406 19.86 441
306.65 25.36 0.31383 24.85 1440
210.73 26.58 0.32571 23.03 874
260.64 nan 0.07096 30.59 407
257.85 -8.29 0.15076 23.03 2889
139.83 -32.34 0.11137 33.36 2581
158.02 9.97 0.21165 36.63 1942
45.91 28.74 0.34862 32.15 2065
307.38 nan 0.03660 39.98 2591
243.32 21.71 0.28254 23.77 1421
318.73 10.43 0.21380 38.39 181
268.63 nan 0.03891 32.13 1083
41.02 nan 0.06720 30.20 1017
305.85 -20.39 0.12723 28.39 2687
36.90 -12.91 0.14068 17.56 1870
289.79 -55.29 0.09344 35.74 1559
21.21 -22.16 0.12449 29.11 2711
108.42 nan 0.02199 37.17 2938
145.25 -31.56 0.11223 39.58 462
12.74 7.36 0.20016 30.78 2910
285.39 -7.49 0.15268 19.35 2541
119.70 14.78 0.23633 45.90 329
257.03 16.98 0.24948 28.25 534
149.80 6.70 0.19746 35.47 2334
149.42 nan 0.07810 50.40 666
344.69 17.17 0.25068 24.20 107
91.48 25.74 0.31748 23.39 3056
177.61 nan 0.07223 22.95 1470
67.84 25.33 0.31355 30.74 595
308.96 -79.05 0.08576 35.01 1424
145.29 -18.68 0.13003 17.92 2455
328.01 2.48 0.18162 25.15 1893
279.60 nan 0.06474 29.76 1758
232.15 28.25 0.34320 37.78 2129
325.73 -5.36 0.15804 24.39 600
177.26 nan 0.07909 25.39 32
355.49 19.69 0.26751 31.09 302
119.90 16.37 0.24570 28.27 1268
36.62 -23.11 0.12308 41.59 1476
325.95 -65.22 0.08914 32.12 2198
313.92 11.01 0.21659 25.26 1664
43.57 9.35 0.20882 24.97 2809
63.45 nan 0.07211 26.40 2549
314.55 -37.07 0.10653 40.59 2543
31.92 nan 0.05364 49.57 2131
143.84 3.19 0.18410 31.92 425
86.21 -62.49 0.09016 51.96 2524
243.83 26.30 0.32293 30.99 681
332.18 -48.70 0.09730 44.19 985
308.00 17.07 0.25000 31.48 106
129.68 nan 0.00184 49.49 966
139.26 nan 0.05650 28.16 2530
326.51 28.90 0.35045 40.23 1963
331.70 nan 0.00259 27.07 2865
119.43 -29.82 0.11424 26.94 1147
234.30 -16.22 0.13432 16.62 1018
142.73 -19.78 0.12822 28.73 200
293.46 -2.44 0.16607 28.60 1227
45.44 nan 0.02164 10.71 1334
106.98 12.73 0.22522 29.96 3045
49.42 nan 0.00392 28.46 1161
143.71 17.66 0.25379 46.77 1822
230.49 28.86 0.34996 37.55 3034
119.44 1.75 0.17914 28.55 140
226.11 20.32 0.27204 43.32 1122
123.16 26.36 0.32346 23.97 720
31.85 nan 0.08490 14.00 2741
85.42 nan 0.04859 39.04 859
156.43 -17.23 0.13253 17.66 1823
336.53 nan 0.03970 16.42 2538
273.71 -2.82 0.16496 14.94 1406
147.76 16.97 0.24940 31.19 2146
96.06 -83.71 0.08522 16.46 198
347.26 22.64 0.28997 38.23 848
267.54 nan 0.07443 26.17 2671
117.23 26.61 0.32594 24.79 1731
106.75 22.97 0.29271 25.60 2406
47.40 21.03 0.27733 48.12 391
32.50 25.78 0.31781 21.44 2309
63.14 12.07 0.22180 24.47 824
292.94 25.15 0.31191 49.97 2690
80.99 nan 0.06948 22.20 1548
260.05 13.32 0.22833 29.95 2934
165.49 12.57 0.22439 33.00 1707
293.70 27.99 0.34032 15.79 2247
37.76 nan 0.00208 25.81 166
287.17 13.21 0.22773 33.98 1228
13.15 14.74 0.23610 57.78 1141
137.59 -1.57 0.16861 29.21 2883
102.59 13.33 0.22835 39.38 1771
5.16 18.70 0.26067 22.04 1659
22.14 23.63 0.29833 22.47 574
52.90 nan 0.07851 32.81 698
150.74 25.23 0.31263 14.33 754
302.72 -11.97 0.14261 11.77 2083
139.69 nan 0.08379 14.20 2932
14.03 nan 0.01911 28.46 2032
106.56 23.82 0.29994 43.35 264
340.90 29.21 0.35395 33.37 2757
347.48 11.49 0.21894 39.90 596
350.60 -51.93 0.09530 37.38 2056
227.57 28.41 0.34493 25.73 2045
101.60 17.51 0.25282 44.88 605
293.08 24.84 0.30900 16.67 2569
158.41 nan 0.02523 23.35 1830
106.09 nan 0.04532 12.20 1379
35.91 23.53 0.29743 24.64 1288
16.55 14.62 0.23544 22.49 1348
270.50 22.52 0.28902 31.07 19
225.05 -46.55 0.09876 14.18 707
308.68 27.83 0.33864 20.88 1506
246.74 23.38 0.29617 38.65 2583
278.40 nan 0.02238 31.56 2340
48.45 nan 0.02378 21.97 1250
6.40 1.02 0.17670 30.58 374
198.36 -6.06 0.15624 38.32 1215
225.74 -41.47 0.10263 32.80 2460
73.69 10.71 0.21515 48.36 1818
204.55 nan 0.04806 27.34 721
147.85 6.30 0.19584 34.13 1970
315.34 29.64 0.35904 23.82 545
288.52 -0.20 0.17278 30.19 1277
103.70 12.62 0.22464 28.65 1
146.43 18.98 0.26255 20.40 2147
46.72 -4.65 0.15990 27.38 1988
314.92 13.02 0.22671 36.55 1875
35.25 -25.65 0.11952 21.68 2267
82.88 22.09 0.28560 50.71 2654
320.87 19.06 0.26312 33.01 2263
357.16 nan 0.01811 14.69 1614
72.22 nan 0.04417 17.35 1953
31.10 nan 0.01444 18.55 1684
207.87 nan 0.06366 45.31 640
130.01 26.17 0.32165 17.95 893
55.94 -30.57 0.11336 25.80 1031
272.72 7.60 0.20117 33.01 917
196.32 -3.82 0.16217 26.31 2778
208.26 -2.81 0.16500 27.11 2051
95.66 nan 0.00674 21.60 2895
203.84 27.82 0.33846 45.28 981
59.88 nan 0.04745 39.04 2369
45.10 25.79 0.31789 26.78 1206
306.59 -0.71 0.17120 40.55 353
153.14 nan 0.06418 15.47 1795
51.34 -34.40 0.10918 21.79 888
294.26 nan 0.00881 21.86 2243
148.85 nan 0.00147 17.37 91
219.62 4.47 0.18876 47.03 2067
181.74 22.18 0.28630 41.12 2438
45.46 28.37 0.34450 23.63 1997
19.35 23.67 0.29862 28.87 326
180.57 nan 0.08493 18.38 253
142.56 nan 0.08265 37.50 2317
309.27 -8.75 0.14970 50.61 117
146.27 22.50 0.28889 42.55 71
227.96 -35.30 0.10826 24.94 2951
224.22 28.33 0.34408 38.19 460
222.09 27.56 0.33577 19.45 1912
324.89 nan 0.02734 23.10 811
37.45 -9.57 0.14782 23.82 2224
157.10 -47.94 0.09780 17.85 2354
62.25 nan 0.06979 33.37 2500
55.14 0.27 0.17429 26.15 336
105.48 21.09 0.27776 30.74 738
286.85 21.95 0.28442 26.76 1213
106.80 nan 0.06573 32.18 1183
96.64 22.89 0.29206 40.39 37
357.82 -36.97 0.10663 34.13 950
25.16 -62.82 0.09003 36.88 562
67.43 nan 0.00284 14.68 1085
341.97 0.57 0.17523 24.00 1524
106.96 -13.93 0.13864 12.48 2055
27.62 -41.33 0.10275 30.94 80
5.80 19.01 0.26275 31.20 2297
273.92 3.92 0.18674 37.55 216
166.56 -14.11 0.13828 40.43 1386
231.42 -34.56 0.10901 19.38 1178
55.91 23.13 0.29404 15.05 1736
199.11 13.53 0.22942 15.33 1683
14.43 26.49 0.32477 33.13 1701
152.40 10.64 0.21482 37.85 2783
222.48 29.25 0.35447 17.21 345
121.42 -66.32 0.08877 22.41 1869
182.12 0.59 0.17529 23.52 1009
289.14 15.50 0.24051 22.62 2520
325.29 -36.19 0.10738 37.98 69
151.54 -6.99 0.15390 24.11 409
321.61 3.00 0.18344 27.06 78
124.54 19.62 0.26703 44.82 448
226.19 nan 0.05443 25.79 2660
172.92 22.48 0.28868 35.13 800
268.32 nan 0.05292 20.42 772
214.39 27.74 0.33764 29.96 2621
204.01 nan 0.04538 21.58 2042
230.86 20.38 0.27253 26.76 1867
157.86 -18.04 0.13112 29.65 1366
241.15 23.30 0.29546 21.17 1783
231.75 1.20 0.17730 11.51 3033
124.93 24.45 0.30552 21.83 1544
32.78 5.18 0.19146 24.99 2786
301.52 29.97 0.36290 12.26 191
181.86 nan 0.02775 23.92 2779
124.97 15.58 0.24094 31.00 2702
320.27 9.10 0.20770 15.66 2443
165.30 29.98 0.36308 17.87 700
189.08 29.51 0.35752 35.37 2453
305.02 nan 0.01821 28.09 2159
96.25 nan 0.07390 24.97 1218
10.19 19.98 0.26959 64.59 2854
241.45 -47.28 0.09825 17.09 1721
74.36 11.03 0.21667 24.93 868
238.31 nan 0.06177 39.94 1598
310.73 23.35 0.29591 42.77 2120
299.75 nan 0.03314 17.29 2105
24.47 -26.62 0.11824 22.64 318
214.51 -11.38 0.14384 36.70 2618
60.29 nan 0.07593 14.14 505
128.93 10.65 0.21482 29.19 1111
45.45 13.33 0.22838 24.97 2464
69.54 -62.98 0.08996 22.58 1514
18.06 21.39 0.28010 29.87 3011
272.61 14.38 0.23411 26.41 2495
160.14 14.39 0.23414 23.04 882
83.51 21.54 0.28121 56.07 498
207.87 -49.20 0.09697 39.93 2676
111.99 7.33 0.20006 32.35 943
321.59 -21.80 0.12505 17.91 867
343.86 nan 0.06613 16.02 663
218.40 13.02 0.22671 29.38 2776
97.21 27.57 0.33589 20.42 46
302.36 9.31 0.20864 34.19 3048
49.93 9.53 0.20962 35.95 2107
342.26 7.84 0.20219 32.58 464
59.68 -7.31 0.15311 44.52 1748
136.44 29.37 0.35578 18.55 1636
118.52 19.10 0.26341 22.10 1286
169.48 -17.63 0.13181 20.48 1081
279.59 28.92 0.35064 42.91 2972
39.54 -4.89 0.15926 23.94 909
41.41 -44.39 0.10033 35.45 2665
8.36 9.59 0.20991 42.66 2012
257.79 nan 0.05894 23.43 1727
315.30 nan 0.04067 46.97 1694
54.15 27.26 0.33257 30.92 2249
50.38 -40.50 0.10345 43.38 2203
137.72 -5.64 0.15731 19.36 1430
308.04 -18.42 0.13046 24.74 1450
211.19 nan 0.05053 26.32 1433
343.95 23.21 0.29471 21.51 2004
80.87 5.87 0.19414 15.53 3058
4.94 28.16 0.34216 27.35 1233
230.42 18.41 0.25874 26.36 767
337.08 -6.86 0.15423 32.13 410
304.39 15.78 0.24215 15.89 3022
286.08 nan 0.03498 37.63 1847
241.78 nan 0.04374 15.74 3008
220.20 -14.74 0.13707 33.06 1698
122.68 28.98 0.35132 45.15 2230
332.24 -4.18 0.16118 21.20 2513
187.69 -52.07 0.09522 25.75 1244
120.83 -25.77 0.11936 27.82 1492
258.28 15.57 0.24092 44.19 2890
147.24 9.35 0.20880 41.53 788
273.87 24.80 0.30862 25.20 134
289.08 8.85 0.20658 23.06 2366
138.34 nan 0.02451 34.38 159
54.85 23.99 0.30144 20.31 780
197.31 22.17 0.28619 37.68 665
315.45 13.22 0.22776 26.18 2139
161.14 -8.43 0.15044 38.09 1672
245.48 -67.82 0.08829 36.20 383
63.58 -5.22 0.15839 20.32 2348
47.93 14.93 0.23718 43.46 865
328.53 9.25 0.20835 28.36 1546
147.71 -30.77 0.11314 30.78 1973
153.18 19.13 0.26363 28.77 2363
109.78 nan 0.00064 41.32 1785
173.51 26.83 0.32824 25.27 2295
319.80 -18.28 0.13071 19.08 980
225.74 8.13 0.20343 24.53 389
228.83 17.44 0.25235 23.42 2116
68.99 14.79 0.23640 29.32 1381
92.12 nan 0.07459 24.22 1441
22.02 -13.61 0.13926 36.50 1685
182.79 -47.47 0.09812 24.12 746
68.17 13.69 0.23028 21.02 1426
142.02 nan 0.07730 27.62 2647
233.75 nan 0.04664 27.01 303
224.90 8.40 0.20461 21.12 1442
140.75 5.19 0.19148 28.07 796
142.38 14.67 0.23569 30.57 1886
227.12 nan 0.07250 13.77 1898
109.46 12.66 0.22482 28.00 2536
234.71 -27.60 0.11696 24.08 894
68.48 nan 0.02115 34.03 1121
331.33 nan 0.07716 26.73 1717
254.07 nan 0.03264 53.43 745
217.41 13.56 0.22960 31.88 2791
283.78 26.23 0.32224 25.16 2522
313.27 15.84 0.24250 32.31 1318
210.64 16.34 0.24552 19.57 713
30.20 9.61 0.21001 38.09 2885
72.47 7.76 0.20186 28.91 1667
54.92 nan 0.07095 26.36 3055
85.52 -12.64 0.14122 28.98 1427
215.43 24.77 0.30843 18.39 1293
65.60 nan 0.00245 19.76 3059
322.94 20.85 0.27598 44.87 1383
78.53 17.66 0.25375 25.19 2447
42.58 -23.71 0.12222 20.47 305
219.77 10.55 0.21436 33.91 2043
316.13 -8.45 0.15039 51.17 163
18.22 26.21 0.32197 35.32 1740
22.88 nan 0.04954 21.93 770
113.64 27.76 0.33783 24.74 2079
72.98 nan 0.06394 18.31 1775
12.79 9.23 0.20827 20.99 555
12.71 -34.45 0.10913 19.64 511
116.50 nan 0.06364 33.35 2101
91.57 nan 0.00200 30.67 2515
110.52 25.09 0.31136 20.76 3047
80.55 nan 0.06479 29.20 2288
178.10 nan 0.04889 34.11 2179
320.82 19.76 0.26803 45.34 2762
24.18 -0.08 0.17316 45.85 915
318.01 5.41 0.19233 23.46 1371
285.64 28.63 0.34739 25.34 470
19.89 14.39 0.23416 38.91 2114
14.75 nan 0.08311 38.71 2345
