2386  7.655202e+02 4.723591e+02 9.063654e+02
634  1.236630e+01 7.173467e+02 7.347521e+02
1661  8.040061e+02 4.520787e+02 8.215957e+02
2696  1.343069e+02 8.037169e+01 8.559673e+02
525  2.989554e+02 2.421862e+02 2.427568e+02
2279  4.033012e+02 3.964076e+02 1.527361e+02
1857  1.752760e+01 8.402308e+02 9.788843e+02
1833  5.110107e+02 1.762799e+02 2.191231e+02
262  1.728621e+02 6.986802e+02 4.358410e+01
1292  9.461487e+02 4.318117e+02 8.743036e+02
2284  3.868066e+02 7.676052e+02 9.836860e+02
2084  6.220869e+02 4.976364e+02 7.310093e+02
1940  2.259324e+01 2.613221e+00 3.815437e+02
2849  8.352585e+02 9.971119e+02 2.635276e+02
1192  4.890585e+02 7.911530e+01 4.712142e+02
1757  7.814042e+02 2.706266e+02 6.660400e+01
3005  7.280781e+02 5.185644e+02 5.548781e+02
1355  4.564762e+02 1.883054e+02 9.815367e+01
2784  7.093454e+01 5.145814e+02 8.529195e+02
2830  7.681088e+01 1.276126e+02 7.017390e+02
2507  3.689453e+02 1.927132e+02 4.885677e+02
1370  9.378496e+02 1.340025e+02 6.244282e+02
243  6.159915e+02 8.638838e+02 7.136595e+02
298  3.718196e+01 9.009900e+02 4.156140e+02
949  3.365771e+02 6.622034e+02 6.926929e+02
1747  7.773104e+00 1.483859e+02 8.559834e+01
2074  2.718705e+01 8.116126e+02 4.385726e+02
1138  5.010103e+02 8.170357e+02 7.063996e+02
609  3.025911e+02 3.751856e+02 7.443326e+02
513  7.417513e+02 5.618197e+01 8.876093e+02
2244  6.958786e+02 1.730260e+02 9.106560e+02
1198  8.755941e+02 9.192896e+02 7.213594e+02
1112  6.064515e+02 7.687012e+01 7.090797e+02
2248  5.345539e+02 9.629184e+02 8.826084e+02
2814  7.991769e+02 5.958201e+02 5.529513e+02
20  9.530047e+02 6.371217e+02 1.328512e+01
1862  3.794255e+02 5.546144e+02 1.532784e+02
1887  8.029946e+02 6.191154e+02 3.759839e+02
937  5.758472e+01 6.198132e+02 8.146807e+02
2474  1.903831e+02 7.369680e+02 6.428630e+02
727  5.090044e+02 7.575269e+02 4.970265e+02
1966  4.822076e+02 6.120732e+02 5.854609e+02
1019  4.125554e+02 3.142631e+01 4.707073e+02
2626  6.517131e+00 9.399814e+02 9.095585e+02
2007  4.837165e+02 3.943155e+01 8.693212e+02
895  9.697418e+02 5.709933e+02 9.776649e+01
1557  8.599572e+02 3.168656e+02 6.853414e+02
6  7.405124e+02 1.684539e+02 7.982281e+02
679  9.611860e+02 8.555869e+02 4.279253e+02
2402  1.832232e+02 8.793622e+02 5.173090e+02
2047  1.844225e+02 4.774706e+02 8.400775e+02
1746  8.415653e+02 8.697927e+01 5.552977e+02
2824  5.227128e+02 3.647798e+02 7.626821e+02
1375  4.908416e+02 8.634993e+02 6.317150e+02
541  6.978721e+02 8.606690e+01 1.599450e+02
3014  4.306974e+02 9.050513e+01 1.094505e+02
646  2.730407e+01 1.225587e+02 6.032744e+02
1298  9.735612e+02 9.153035e+02 1.529673e+02
1306  5.648598e+02 9.075394e+02 4.539230e+02
2797  8.425594e+02 4.552244e+00 7.454744e+02
1521  8.886134e+01 7.993223e+02 4.296410e+02
590  2.803591e+02 3.023940e+02 1.732955e+02
2076  3.471552e+02 6.626531e+02 9.378566e+02
132  8.045952e+02 7.243193e+02 5.587549e+02
2927  1.698159e+02 7.282259e+01 5.223032e+02
2154  2.605339e+02 5.906363e+02 9.551037e+02
925  8.849654e+02 8.840225e+02 5.948497e+02
631  2.726113e+02 3.571500e+02 4.611967e+02
952  6.182833e+02 7.578814e+02 4.942244e+02
215  1.511499e+02 2.814380e+02 1.896679e+02
968  6.202245e+02 6.745097e+02 4.559295e+02
2494  7.602727e+02 1.391950e+02 5.591403e+02
489  8.998303e+02 5.458914e+02 3.369620e+02
2006  6.990767e+02 9.179954e+01 6.619109e+02
708  4.400470e+02 9.988813e+02 9.942292e+02
1788  8.090467e+02 5.507033e+01 6.156925e+02
2987  4.021835e+01 5.292972e+02 7.346555e+01
537  7.860801e+02 5.667459e+01 5.843109e+01
591  5.115149e+02 3.535764e+02 2.855001e+02
1954  6.256064e+02 5.668087e+02 5.235131e+02
2189  3.660355e+02 6.445445e+02 8.827155e+02
2535  4.298445e+02 6.612391e+02 4.581320e+02
2127  2.062009e+02 7.466694e+02 4.388903e+02
1652  6.876084e+02 9.630851e+02 5.609580e+02
517  7.161542e+02 3.875430e+02 2.611189e+02
1511  6.258730e+02 3.561832e+02 3.368122e+02
978  2.914679e+02 8.824870e+02 6.537685e+02
2622  7.939918e+01 6.544227e+02 1.095457e+02
2285  7.984895e+02 1.027787e+02 9.803351e+02
1675  3.942195e+02 7.873271e+02 6.848009e+02
2529  1.878130e+02 3.615011e+02 2.450356e+02
2433  9.973688e+02 6.787788e+02 9.731944e+02
1331  6.135118e+02 1.601532e+02 4.487239e+02
2440  3.673763e+02 9.340597e+02 5.614230e+02
1761  6.796354e+02 9.843144e+02 4.506411e+02
884  7.570584e+02 5.615327e+02 3.128178e+02
499  1.458542e+02 3.921049e+02 9.270879e+01
1519  2.724542e+01 6.085209e+02 5.026421e+02
2324  6.314944e+02 7.391324e+02 8.233491e+02
2034  3.921120e+02 5.631329e+02 7.538831e+02
883  2.873100e+02 2.008562e+02 9.002566e+01
951  6.429362e+02 3.783155e+02 7.354964e+02
325  9.808927e+02 5.054972e+02 8.742385e+02
36  6.405638e+02 4.460759e+02 9.288794e+02
960  1.616655e+02 2.049821e+02 3.787256e+02
664  7.202723e+02 7.445184e+02 4.521935e+02
1885  5.918144e+01 9.939451e+02 6.829160e+02
375  4.965932e+02 2.032454e+02 7.035337e+02
1236  4.019641e+02 1.140867e+02 4.200949e+02
185  5.580040e+02 1.617290e+02 1.662779e+02
2108  5.980678e+02 9.294376e+02 6.782148e+02
1846  4.776033e+02 1.073887e+02 2.764264e+01
2323  5.791396e+02 5.946931e+02 3.403990e+02
1073  3.984782e+01 2.468148e+02 9.002065e+01
2070  7.743947e+02 7.697876e+02 1.991308e+02
2913  3.565621e+02 7.007885e+02 2.044127e+02
2194  8.641125e+02 1.796398e+02 5.293923e+02
2627  4.856801e+02 4.111188e+01 2.678574e+02
1593  4.245152e+02 6.608541e+02 2.277044e+02
1263  6.411629e+02 5.227510e+02 2.279880e+02
2595  1.588762e+02 2.188370e+02 8.314776e+02
784  9.863753e+02 9.640074e+02 5.914570e+02
1480  7.299072e+02 3.591349e+02 7.322214e+02
2197  6.764044e+02 3.022819e+02 3.295442e+02
2948  2.600935e+01 4.416787e+02 1.325035e+02
518  8.629888e+02 9.705345e+02 4.453737e+02
1345  8.989742e+02 2.439939e+02 3.276888e+02
1419  7.535252e+01 9.981739e+02 4.380288e+02
1391  4.550342e-02 4.814846e+02 2.435021e+02
2964  3.682467e+02 2.742477e+02 3.045915e+02
309  5.777692e+02 4.390791e+02 5.649439e+02
1360  5.643444e+02 2.918144e+02 4.928434e+02
1194  9.548793e+02 3.530011e+02 3.278802e+02
1742  2.677600e+02 7.136439e+02 7.774507e+01
880  5.310173e+02 4.515035e+02 2.522039e+02
1650  7.382582e+02 2.150818e+02 1.018842e+02
2300  4.576901e+02 3.356710e+02 3.463556e+02
709  4.896749e+02 4.460478e+02 7.397718e+02
2701  8.618051e+01 5.869598e+02 9.966425e+02
304  8.583165e+02 3.848763e+01 4.958075e+02
1344  3.791536e+02 5.534420e+02 2.826009e+02
2593  5.984527e+02 5.840457e+02 6.593984e+02
1990  3.177812e+01 4.925838e+02 7.711938e+02
649  5.012872e+02 5.556552e+02 6.701252e+02
1894  8.388082e+02 3.221723e+02 3.943257e+02
575  9.478180e+02 2.249072e+02 7.969280e+02
3026  6.081869e+02 6.717109e+02 1.498548e+02
35  9.557570e+02 4.833828e+02 4.629943e+02
49  4.076941e+01 8.065479e+02 2.858546e+02
1150  3.629619e+01 9.724548e+01 2.195788e+02
1927  2.753172e+02 3.667156e+02 2.162936e+02
941  1.369890e+02 5.417515e+02 9.844677e+02
1086  5.841172e+02 6.658587e+02 8.099042e+02
2041  5.337318e+02 9.349405e+02 2.971788e+02
1671  1.633830e+02 3.270720e+01 4.383510e+02
650  6.832573e+02 2.172839e+02 7.265018e+02
1022  3.415646e+02 5.420958e+02 4.539911e+02
2518  5.181663e+02 1.444495e+02 4.768200e+02
1392  5.087834e+02 5.454134e+02 7.479260e+02
2023  1.648792e+02 1.342698e+02 2.590997e+02
2935  9.128778e+02 4.254369e+02 6.962445e+02
307  9.026159e+02 4.194123e+02 3.754246e+02
1715  3.957371e+02 5.309472e+01 9.399639e+02
2003  2.921742e+02 2.590002e+02 3.756356e+02
141  5.114982e+01 1.144457e+02 4.698555e+02
3039  9.338109e+01 6.795936e+02 6.690227e+00
1185  6.584917e+02 3.667497e+02 2.427359e+02
1790  6.025967e+02 9.411832e+02 8.499138e+02
1060  5.383065e+02 2.755310e+02 2.392946e+02
2182  4.444193e+00 8.803252e+02 3.614764e+02
791  1.692302e+01 5.618994e+02 8.853012e+02
288  7.029642e+02 8.429604e+02 3.752093e+02
580  2.724392e+02 3.760803e+02 8.558885e+02
2991  3.574057e+02 3.051911e+02 2.008576e+02
28  5.499661e+02 5.172823e+00 6.897270e+02
2753  4.512531e+02 4.316285e+01 6.768259e+02
1529  2.182278e+02 8.276382e+02 5.215583e+02
2821  4.725395e+02 6.718494e+02 4.979742e+01
2820  9.498631e+02 3.096428e+02 9.775663e+02
1025  6.821740e+02 6.598794e+02 6.754875e+02
1995  6.048950e+02 1.526901e+02 5.863580e+02
447  7.009170e+01 2.086276e+01 7.935746e+02
1316  7.549451e+02 3.892120e+02 1.000499e+02
729  9.004646e+02 9.631851e+02 3.065906e+02
1866  3.441133e+00 7.391114e+02 9.342190e+02
287  4.328185e+01 8.512253e+02 7.198580e+02
1915  3.550836e+02 2.179016e+02 4.147462e+02
2393  5.667084e+02 4.472270e+02 6.616005e+02
1751  1.571935e+02 3.088741e+02 8.387745e+02
864  7.443682e+02 3.267154e+02 6.564014e+02
1540  9.369283e+02 6.601336e+02 7.254339e+02
2054  4.464116e+02 7.360343e+02 3.287012e+02
2445  6.268943e+02 4.842102e+02 8.365918e+02
1100  1.511361e+02 1.982577e+02 2.292866e+02
2188  3.336280e+02 3.295318e+02 7.968653e+02
2980  9.418567e+01 1.506721e+02 3.515910e+01
1304  6.091464e+02 5.242191e+02 9.372200e+02
2234  2.992978e+02 1.745867e+02 5.200577e+02
1634  3.755889e+02 5.075730e+02 5.614694e+02
1576  5.539782e+02 9.509514e+02 2.048462e+02
1010  1.076281e+02 5.708734e+02 6.026646e+02
2190  3.294029e+02 7.985624e+02 4.841986e+02
1935  6.736893e+02 2.287126e+02 3.838851e+02
2245  6.802205e+02 2.528997e+02 3.205874e+02
2674  4.261524e+02 5.009412e+02 1.792597e+02
1617  6.390401e+02 8.940750e+02 4.417021e+02
1103  9.275588e+02 4.918295e+02 2.470177e+02
2502  1.885673e+01 7.414888e+01 1.395045e+02
872  7.214817e+02 4.088267e+02 7.619862e+02
900  2.847355e+02 6.752924e+02 7.668234e+02
2896  2.789319e+02 7.294341e+02 7.277507e+02
992  9.147403e+02 1.356938e+02 1.928396e+02
1949  2.561819e+02 9.239195e+02 5.777588e+02
898  7.372369e+02 3.213271e+02 3.763689e+02
553  6.765536e+02 8.134846e+02 2.329972e+02
1564  4.927469e+02 2.365595e+02 1.574902e+02
251  7.959002e+02 6.947648e+02 4.588405e+02
1437  4.359099e+02 6.671047e+02 8.788335e+02
877  5.708811e+01 3.153688e+02 2.165073e+02
1209  8.131071e+02 3.504188e+02 8.707749e+02
3036  9.643892e+02 7.981356e+02 3.564434e+02
2578  1.135743e+02 6.663993e+02 4.300723e+02
48  5.625387e+02 5.936199e+02 9.406302e+02
647  1.508969e+02 1.943212e+02 9.358628e+02
1387  7.504222e+01 6.217117e+02 9.415700e+02
339  3.661021e+02 1.648198e+02 5.386823e+02
2771  5.491130e+02 4.337637e+02 3.045118e+02
944  7.095563e+02 7.266117e+00 7.654872e+02
2945  9.510486e+02 1.024240e+02 1.135525e+02
652  6.901846e+02 2.991135e+01 2.153542e+02
122  1.086149e+02 1.690699e+02 6.090455e+02
2552  8.252700e+02 9.156285e+02 4.984812e+02
2126  8.544600e+01 5.467581e+02 2.098668e+02
279  9.305916e+02 1.554577e+02 4.696397e+02
2599  1.121263e+02 6.730580e+02 5.988652e+02
2692  8.958660e+02 8.734752e+02 9.085582e+02
1644  9.742688e+02 9.527587e+02 4.099261e+02
1463  3.909015e+02 4.101468e+02 3.654254e+02
2094  2.442413e+01 8.792358e+02 5.630043e+02
581  6.483678e+02 3.104132e+02 7.236876e+02
2187  4.132191e+02 3.104397e+02 5.028726e+02
1649  6.592738e+02 2.268302e+02 7.225301e+00
2602  2.544096e+02 3.840125e+02 7.534026e+01
2326  5.987245e+01 3.854869e+02 2.469756e+02
2846  8.274330e+02 1.184122e+02 7.318893e+02
1662  4.279976e+02 5.539188e+02 4.181792e+02
372  3.030185e+02 9.879858e+02 5.326839e+02
1765  2.478425e+01 8.386932e+02 7.680664e+02
2958  8.453621e+01 8.384727e+02 2.002118e+02
1750  8.297715e+02 7.692640e+02 3.166658e+02
1877  6.955934e+02 6.887944e+02 5.657227e+02
2537  7.927878e+02 4.352157e+02 1.651016e+02
2933  1.955126e+02 9.263348e+02 3.948112e+02
1841  9.211432e+02 9.051552e+02 2.486177e+02
258  1.626756e+02 8.824603e+02 7.129369e+02
1422  7.888369e+02 3.487012e+02 3.738462e+01
2213  2.697428e+02 7.959268e+02 9.225942e+02
276  3.571087e+02 4.055851e+01 2.651942e+02
1708  7.567141e+02 2.288847e+02 4.101595e+02
2550  8.627179e+02 9.663448e+02 5.378664e+02
760  6.133862e+02 7.608816e+02 8.925355e+02
211  2.360705e+02 8.156921e+02 4.043582e+02
2736  6.547760e+02 4.412508e+02 2.678233e+02
1317  5.768099e+02 5.956104e+01 4.249989e+01
1984  4.878158e+02 5.854711e+02 9.359299e+02
1102  8.669847e+02 6.894312e+02 5.291302e+02
1489  4.452000e+02 2.566026e+02 2.910521e+02
1719  6.735151e+02 5.988085e+02 6.185881e+02
321  8.961730e+02 4.381537e+02 9.799767e+01
1856  7.777779e+02 6.638898e+02 8.117281e+02
245  2.959216e+02 3.074939e+02 6.170278e+02
2493  3.650697e+02 7.886440e+02 8.462451e+02
1972  4.521693e+01 9.624545e+02 2.707735e+02
741  5.329613e+02 8.037740e+02 3.681364e+02
408  9.149871e+02 3.714167e+02 7.614422e+02
1759  8.555315e+02 9.843265e+00 5.455677e+02
1713  1.179572e+02 7.779843e+02 1.362162e+01
1452  5.279797e+02 5.375186e+02 4.586929e+00
2733  3.340989e+02 4.632548e+02 7.347220e+02
76  5.510325e+02 6.753336e+02 1.926946e+02
1388  2.246333e+02 9.357773e+02 9.006413e+02
1658  1.505241e+01 8.585350e+02 2.949886e+01
2132  2.707887e+02 1.070669e+02 9.585202e+02
2233  4.592711e+02 1.672246e+02 3.165975e+02
1117  2.006124e+01 8.674855e+02 2.748132e+02
761  6.296804e+02 6.997905e+02 9.925901e+02
3006  6.520333e+02 8.888233e+02 5.883945e+02
2545  6.922924e+02 4.335043e+02 6.849332e+02
2769  9.241378e+02 2.085910e+01 4.935872e+02
588  3.042552e+02 3.950536e+02 5.394000e+02
467  4.903642e+02 9.931196e+02 9.353723e+02
1153  2.009968e+02 7.653107e+02 9.851690e+02
869  8.380217e+02 3.378629e+02 3.287722e+02
327  1.571476e+02 9.465764e+02 6.382827e+02
2068  2.057534e+02 3.853785e+02 6.204469e+02
164  1.834541e+02 4.668338e+02 9.331544e+02
1828  6.049769e+02 4.607649e+02 5.310827e+02
50  3.621067e+02 8.993172e+02 7.614395e+02
2069  7.981792e+02 8.232332e+00 4.002730e+02
239  3.025329e+02 3.564846e+02 6.040350e+02
1889  4.407802e+02 1.740965e+02 5.786406e+02
1475  8.443066e+02 6.367679e+02 2.964282e+02
804  8.515600e+02 4.441035e+02 2.587141e+02
954  1.825401e+02 4.841805e+02 6.149140e+02
1878  6.584963e+02 9.977352e+02 6.538357e+02
2745  5.774461e+02 8.935355e+02 3.742256e+02
1774  5.403728e+02 5.897766e+02 4.424286e+02
2519  6.837390e+02 2.413638e+02 6.097783e+02
2835  1.249903e+02 6.769145e+02 7.258669e+02
1789  6.297225e+02 6.651575e+02 2.487427e+02
2315  9.009944e+01 4.308969e+02 9.669781e+02
2564  3.473947e+02 9.585141e+02 5.165250e+02
1961  3.665113e+02 9.579579e+01 5.896813e+02
2825  5.937230e+02 6.557603e+02 6.547516e+02
1357  3.970758e+02 8.259429e+02 7.206884e+02
1154  2.578124e+01 9.443867e+02 9.949422e+02
2976  6.374777e+02 2.974641e+02 7.987856e+02
2280  9.497760e+02 2.952000e+02 8.704601e+02
2892  4.055407e+02 2.048855e+02 8.158398e+02
1861  4.291589e+02 3.963857e+02 8.220790e+02
2516  9.706202e+02 1.852712e+02 9.835164e+02
1832  6.635818e+01 7.092337e+02 7.711406e+02
2668  9.911585e+02 5.645559e+02 4.806321e+02
344  4.600178e+02 9.283730e+02 4.024306e+02
1688  4.442755e+02 5.527191e+02 4.905854e+02
300  9.689512e+02 5.889417e+02 5.388147e+02
779  8.667962e+02 8.736706e+02 8.317241e+02
1743  3.567206e+02 4.943130e+02 6.649294e+02
405  5.387744e+01 8.819643e+02 8.807446e+02
2143  2.012901e+02 2.533460e+02 9.591444e+02
1135  8.067035e+02 8.956411e+02 6.728056e+01
2319  8.581470e+02 5.889709e+02 3.571930e+02
1605  6.203594e+01 7.562817e+02 1.869057e+02
1537  9.929245e+01 3.298040e+02 3.631898e+02
158  9.362919e+02 7.125557e+02 9.726931e+02
1240  8.781283e+02 7.310424e+01 1.982294e+02
2390  8.065399e+02 3.150876e+02 2.583329e+02
2542  6.940605e+02 2.840713e+02 3.656540e+01
795  1.319032e+01 2.402896e+01 2.244707e+02
1039  6.709595e+02 4.840207e+02 9.044216e+02
611  3.574442e+02 7.981614e+02 6.628071e+02
2389  9.794562e+02 4.756407e+02 7.117117e+02
14  8.269861e+01 6.824297e+02 5.170234e+02
957  3.613105e+02 5.616028e+02 9.016343e+02
2811  2.470244e+02 5.472705e+02 4.264786e+02
112  9.282674e+02 1.127675e+02 2.307930e+00
1307  9.997402e+01 3.728615e+02 3.003577e+02
506  3.309123e+02 5.477186e+02 6.781909e+02
728  1.185124e+02 2.694206e+01 2.907121e+02
532  9.230113e+02 8.358283e+02 2.958335e+02
633  2.988644e+01 2.937361e+02 3.789553e+02
2396  5.523270e+02 7.020922e+02 8.707336e+02
2499  7.278868e+02 5.516158e+02 5.396916e+01
568  6.783870e+02 7.974802e+02 4.236846e+01
1786  2.982920e+02 5.377423e+02 8.959971e+02
1226  8.348958e+02 2.340088e+01 9.441782e+02
1005  9.832253e+02 5.501368e+01 8.302830e+02
2788  1.141362e+02 7.324321e+02 7.500927e+02
2259  3.675456e+02 3.085707e+02 6.646271e+02
1338  9.134037e+02 4.984608e+02 9.262337e+02
1207  1.710142e+02 8.532727e+01 3.281753e+02
2476  1.880733e+02 6.953971e+02 7.629053e+02
1573  5.252531e+02 3.385125e+02 9.390364e+02
334  6.840031e+02 7.249556e+02 9.978241e+01
1001  5.167513e+00 5.221516e+02 3.031230e+02
1249  1.077330e+02 3.047627e+02 9.362512e+02
2869  6.835093e+02 1.170391e+02 7.442184e+02
2546  6.042208e+02 4.162821e+02 7.094637e+02
1256  1.218628e+02 9.912440e+02 6.972191e+02
2743  7.336684e+02 9.037982e+02 2.267623e+02
926  8.778432e+01 6.903242e+02 8.399265e+02
2870  8.167029e+02 2.585427e+01 1.883426e+02
703  5.778031e+02 5.056650e+02 7.973320e+02
1363  4.496315e+02 2.908851e+02 7.951030e+01
1804  7.189418e+02 8.967534e+02 5.535011e+02
632  9.481742e+02 4.383685e+01 1.171082e+02
2444  9.020540e+02 8.385373e+00 1.914232e+02
1397  6.352215e+02 6.196218e+02 8.638129e+02
1985  1.803977e+02 3.678206e+02 1.504682e+02
148  8.589281e+01 2.482062e+02 9.691306e+02
616  9.521206e+02 9.700620e+02 2.324239e+02
2555  9.647441e+01 6.934020e+02 8.922349e+02
1024  6.003989e+02 4.085507e+02 2.898958e+02
3013  1.091634e+02 9.657756e+02 5.847330e+02
1045  1.014892e+02 1.329233e+02 2.764310e+02
1687  9.090858e+02 4.505754e+02 5.580385e+02
1429  2.603021e+00 8.064393e+02 5.088602e+02
781  5.244415e+02 5.041562e+02 5.692004e+02
319  5.279161e+02 8.854222e+02 5.563055e+02
1941  1.734246e+02 2.288676e+02 5.406409e+02
2425  7.486921e+02 9.662919e+01 7.265662e+02
2517  5.448242e+02 1.193209e+02 3.380415e+02
2341  5.745150e+02 4.380909e+01 8.508849e+02
1993  4.306621e+02 4.167607e+02 7.393027e+01
1296  2.392517e+02 7.193416e+02 2.688390e+00
183  8.313324e+02 9.335886e+02 1.251197e+02
192  7.401334e+02 2.262299e+02 2.305584e+02
1561  6.369034e+02 5.591729e+02 6.006744e+02
778  1.179119e+02 1.982099e+02 4.974885e+02
1980  3.110906e+02 8.871541e+02 3.018591e+01
2718  3.416329e+01 3.904489e+02 9.992445e+02
1772  5.951072e+02 1.755682e+02 9.956191e+02
515  2.232255e+02 8.838400e+01 2.522798e+02
2491  3.004883e+02 9.130751e+02 1.477429e+02
1180  2.238955e+02 3.639164e+02 5.114560e+02
3004  5.882675e+02 3.732644e+02 9.676085e+02
1693  6.719160e+02 5.686076e+01 9.431425e+02
42  7.978622e+02 9.526458e+02 4.296831e+02
96  6.238054e+02 7.025920e+02 7.651808e+01
913  8.406320e+02 8.918807e+02 2.438065e+02
1049  2.842188e+02 1.851041e+02 8.161117e+02
520  2.534116e+02 1.222657e+02 8.098668e+02
2586  2.868716e+02 8.419190e+02 8.418388e+01
1781  3.262481e+02 6.609121e+01 3.277229e+02
1369  3.927188e+02 7.844878e+02 7.994485e+02
2746  1.199824e+02 3.890440e+02 5.474401e+02
1679  5.359595e+02 6.898344e+02 2.024121e+01
792  8.025334e+02 1.280050e+02 7.657638e+02
607  9.093923e+02 3.416457e+02 6.238440e+02
2879  2.164218e+02 1.385203e+02 3.059330e+02
1325  1.358703e+02 6.206433e+02 9.319384e+02
1873  2.634939e+02 8.625625e+02 4.797151e+02
2990  2.465928e+02 1.642815e+02 5.337346e+02
2001  3.407910e+02 2.836948e+01 6.449498e+02
2419  9.752130e+02 7.405042e+02 5.843073e+02
350  5.348501e+02 6.209837e+02 3.043107e+02
1190  9.141848e+02 7.509754e+02 7.780082e+02
504  5.617131e+02 8.862192e+02 8.136635e+01
1776  7.360240e+02 8.756551e+02 1.189546e+02
1029  5.935012e+02 5.319909e+01 6.337674e+02
180  2.786996e+02 5.290339e+02 1.670443e+02
923  7.543449e+02 7.532949e+02 1.802752e+01
655  2.724982e+02 2.700022e+02 1.996771e+01
1283  4.562750e+02 7.015656e+02 5.040413e+02
2911  2.316581e+02 4.128823e+01 8.825296e+02
1300  2.674789e+02 7.988688e+02 5.846924e+02
64  6.701106e+02 1.030483e+02 4.281071e+02
1443  9.033515e+02 9.077275e+02 1.940714e+01
1678  6.521622e+02 3.625927e+02 9.222664e+02
907  9.437339e+02 1.123572e+02 3.036605e+02
2242  4.244153e+02 9.398596e+02 6.057524e+02
819  2.453543e+02 5.353325e+02 4.969328e+02
1522  3.430334e+02 8.770187e+02 4.946861e+02
440  4.884279e+02 9.984957e+02 3.521080e+02
475  9.884073e+02 3.916653e+02 7.507352e+02
39  8.159793e+02 1.745388e+02 2.009927e+02
2551  1.138656e+02 2.933282e+02 4.005395e+02
843  1.135327e+02 6.290105e+02 2.797006e+01
1077  3.030220e+02 8.828538e+02 4.048212e+02
651  3.040411e+02 9.707572e+02 6.046268e+02
1448  3.629102e+02 3.298947e+02 9.083618e+02
3016  4.633804e+02 6.773292e+02 1.224105e+02
737  9.750160e+02 2.761978e+02 2.158879e+02
1566  2.660259e+02 2.557926e+02 5.621064e+02
2715  7.019099e+02 7.936922e+02 3.467784e+02
1247  9.719319e+02 3.621149e+02 2.162216e+02
1627  7.147204e+02 5.412175e+02 3.564106e+02
2729  2.031870e+02 8.254509e+02 8.654416e+02
2891  9.333911e+02 5.279102e+02 1.268755e+02
1149  5.626887e+02 7.783085e+02 4.382895e+02
1969  2.043943e+02 3.237018e+02 4.232988e+02
177  6.267455e+02 7.548751e+02 9.464697e+02
2423  3.032756e+02 6.747115e+02 4.320193e+02
686  9.228721e+02 7.198007e+02 6.702791e+02
472  1.418605e+02 9.439552e+01 6.826671e+02
694  9.157665e+02 3.795868e+02 4.003921e+02
1723  1.616124e+02 2.106509e+02 7.077826e+02
1453  1.776347e+01 3.953765e+01 6.620287e+02
851  1.817331e+02 1.258008e+02 4.300416e+02
2959  4.923816e+02 1.587759e+02 9.145209e+02
542  6.931883e+02 1.410577e+01 5.275723e+02
892  6.506747e+01 6.397568e+02 6.747654e+02
1802  6.114417e+02 4.694453e+01 8.192949e+02
1269  7.165688e+02 1.618556e+02 3.450920e+02
747  8.669380e+02 8.849211e+02 1.565350e+02
1066  4.329931e+02 2.014796e+02 2.170824e+02
2768  5.209072e+02 3.349879e+02 1.748561e+02
1467  3.378993e+01 3.624757e+00 1.098777e+02
184  7.112684e+02 9.081425e+02 4.422777e+02
2449  7.517834e+01 2.237910e+02 5.338648e+02
1472  1.620268e+02 7.052762e+02 3.876898e+02
103  2.581030e+02 1.185102e+02 3.972323e+01
1332  5.336025e+02 1.577227e+02 9.619361e+02
2994  8.783602e+02 4.384639e+02 5.242925e+02
126  2.039176e+02 2.655752e+02 3.971824e+02
2970  6.143370e+02 5.694184e+01 2.690717e+02
449  4.457004e+02 3.760116e+02 3.151205e+01
1581  8.586994e+01 8.918966e+02 2.771507e+02
1903  3.696714e+02 2.177202e+02 7.225848e+02
2925  8.468050e+02 7.807218e+02 8.127804e+02
1669  2.134888e+02 2.472971e+02 2.364408e+02
82  3.018091e+02 1.227031e+02 3.163333e+02
1882  1.584168e+02 3.701824e+02 5.976638e+02
2894  8.579575e+02 4.004184e+02 5.981439e+02
1578  5.706211e+02 7.618246e+02 2.249764e+02
167  8.961863e+02 5.080102e+02 3.856863e+02
2357  7.991414e+02 6.561395e+02 3.230735e+02
813  6.896182e+02 5.085246e+02 4.615498e+02
2926  9.564117e+01 2.149129e+02 2.813812e+02
2111  7.019541e+01 4.583958e+00 8.700844e+02
1854  1.162337e+02 9.156041e+01 7.587202e+02
2670  1.847547e+02 8.651270e+02 8.918730e+02
1214  9.843013e+01 4.283718e+02 4.848240e+01
3010  7.830558e+02 9.364813e+02 1.831364e+02
2923  5.415961e+02 6.394395e+02 5.017385e+02
476  4.450833e+02 9.628730e+02 7.935731e+02
886  6.613868e+02 9.432216e+02 4.587065e+02
2862  8.746153e+02 2.944630e+02 5.857536e+02
1266  9.892853e+02 3.376798e+02 6.553933e+02
1959  8.130407e+02 5.271613e+02 8.583663e+02
683  8.201609e+02 1.169039e+02 8.817260e+02
769  2.136752e+02 9.709777e+02 1.803806e+02
301  7.879907e+02 2.794237e+02 6.970823e+02
979  3.630075e+02 8.506611e+02 9.615965e+02
2804  6.778278e+02 7.274645e+02 2.100854e+02
1536  1.460036e+02 3.968867e+02 3.255712e+02
538  3.371507e+02 1.343526e+02 9.546543e+02
2272  2.532339e+02 1.589276e+02 5.824062e+02
1947  3.845718e+02 2.968288e+02 3.993231e+02
2439  3.030753e+02 6.973788e+02 9.691089e+02
77  2.408515e+02 4.212668e+02 8.069663e+02
2254  8.702432e+02 7.927437e+02 3.678402e+02
842  5.487998e+01 2.867265e+02 4.675876e+02
1497  6.429062e+02 5.471830e+02 8.064677e+02
1409  5.349106e+02 3.751638e+02 6.720865e+02
2750  7.625310e+01 9.627415e+02 1.755028e+02
1235  3.605763e+02 9.947515e+02 1.768212e+02
548  6.198491e+02 1.473506e+01 6.456726e+01
2940  4.662736e+02 7.670792e+02 8.782632e+02
2837  1.648011e+02 6.109321e+02 9.810499e+02
2178  1.906403e+02 3.961510e+02 9.115831e+02
2286  6.108977e+02 2.311801e+02 8.208948e+02
2553  1.099053e+02 5.826582e+02 2.039741e+02
1974  4.251469e+02 1.000074e+02 2.557533e+02
412  9.607687e+02 4.045369e+02 3.751489e+02
889  3.071985e+02 9.948856e+02 7.068988e+02
972  2.033455e+02 8.230125e+02 6.598434e+02
2290  1.001498e+02 1.623360e+02 1.886601e+02
1958  2.076239e+02 4.650688e+00 3.718070e+02
437  8.281410e+02 4.594478e+02 1.024789e+02
1773  6.635263e+02 1.088278e+02 4.442302e+00
2888  8.153867e+02 5.171646e+02 3.111791e+02
2902  1.907848e+01 1.840402e+02 8.277437e+02
2632  8.022026e+02 3.410956e+02 6.078295e+02
2331  7.650645e+02 7.245601e+02 8.113811e+02
660  9.077753e+02 6.145814e+02 5.255714e+02
2794  9.843490e+02 3.793579e+02 2.704110e+02
1526  2.440970e+02 3.102317e+02 7.992378e+02
1820  9.890750e+02 9.734830e+02 2.849024e+02
2142  1.684396e+02 2.989103e+02 9.192999e+02
1327  8.002539e+01 9.149623e+02 3.205814e+02
1432  3.091468e+02 1.825941e+02 4.356718e+02
2149  8.398990e+02 6.842549e+02 3.497319e+02
2236  4.239758e+02 4.239204e+02 2.271914e+02
885  3.953214e+02 4.470479e+02 8.797787e+02
2376  2.437573e+01 2.152256e+01 3.051724e+02
572  1.233743e+02 4.880802e+02 7.456506e+02
1539  1.282334e+02 3.816004e+02 9.438955e+02
1208  4.451788e+01 6.525547e+02 8.995162e+02
1754  3.648726e+02 1.975772e+02 1.363789e+01
1032  5.793046e+02 7.088942e+02 2.918905e+02
2638  3.557658e+02 8.474468e+02 7.368831e+02
818  9.422625e+02 8.497824e+02 7.869556e+02
2930  1.997214e+02 3.881604e+02 4.162946e+02
1396  7.321965e+02 9.240239e+02 7.126961e+02
297  1.686913e+02 6.027836e+02 8.379434e+02
2899  6.115756e+02 2.890223e+02 3.577241e+02
974  3.243602e+02 3.623142e+02 3.587393e+02
826  2.020317e+02 5.959203e+02 1.847727e+02
2614  6.305466e+02 8.014631e+02 9.064738e+02
1273  8.831728e+02 7.090098e+02 7.355620e+02
833  1.344558e+02 3.107339e+02 5.095787e+02
420  2.335477e+02 4.475111e+02 5.967603e+02
1420  2.359271e+02 9.737537e+02 6.162847e+02
921  8.962833e+02 9.339959e+02 4.730923e+02
1377  6.373814e+00 8.210385e+01 9.083795e+02
2313  7.591874e+01 3.055131e+02 6.567861e+02
3052  5.621642e+02 2.866499e+02 9.186042e+02
2498  6.075369e+02 4.775374e+02 3.869737e+02
808  9.226463e+02 5.905541e+02 7.565098e+02
2965  3.274113e+02 6.048250e+02 5.643412e+02
2208  8.628291e+02 5.438693e+02 1.292023e+02
953  4.283765e+01 4.129538e+02 3.071461e+02
731  6.432827e+02 4.499936e+02 6.757616e+02
763  8.840548e+02 3.154413e+02 2.971778e+02
373  9.440382e+02 5.807445e+02 7.055190e+02
1272  1.340688e+02 4.870578e+02 5.172397e+02
726  5.743498e+02 3.478491e+02 2.721068e+02
599  4.396813e+02 5.798814e+02 4.439532e+01
2216  6.092139e+02 4.106340e+02 4.282968e+02
947  4.128150e+02 9.818310e+01 8.066655e+02
1583  9.796218e+02 5.628049e+02 2.558670e+02
2312  2.379405e+02 2.453755e+02 8.259573e+01
2  3.335048e+02 9.628108e+02 4.610357e+02
221  7.515898e+02 2.012536e+02 5.743848e+02
2468  8.361508e+02 9.660262e+02 5.899896e+02
3009  1.538855e+02 3.818588e+02 4.371261e+02
1036  5.367888e+02 1.073410e+02 8.333152e+02
2548  5.552637e+02 6.232530e+02 5.668311e+02
413  7.643654e+01 3.196576e+01 5.523013e+02
1057  3.418011e+02 4.237488e+02 8.735488e+02
771  8.376752e+02 8.450087e+02 9.744861e+02
289  8.608563e+02 2.041243e+02 2.559277e+02
43  2.317979e+02 3.645926e+02 1.677901e+02
2278  2.607215e+01 8.968413e+02 3.217823e+02
920  9.264138e+02 7.716359e+02 9.559290e+02
381  7.167886e+00 7.185372e+02 5.149088e+02
30  1.912767e+02 4.817425e+02 5.002754e+02
2130  4.612915e+02 8.423404e+01 1.512984e+02
618  9.368818e+02 7.628064e+02 5.156052e+02
1027  4.528529e+02 1.338719e+02 6.582189e+02
1458  4.929951e+02 6.253373e+02 3.698723e+02
1621  4.079225e+02 6.417087e+02 9.342645e+02
617  9.619325e+02 1.888900e+02 5.342599e+02
343  1.064947e+02 1.186470e+02 6.198298e+02
702  6.862590e+02 4.618666e+01 6.024181e+02
1834  3.771868e+02 9.894081e+02 9.322440e+02
567  9.601179e+02 7.350155e+02 4.196784e+01
1464  6.240876e+02 1.220332e+02 9.582891e+02
2525  6.272761e+02 9.368158e+02 9.270512e+02
2751  3.592367e+02 2.138940e+02 2.225475e+02
716  9.547258e+02 3.473694e+02 1.565396e+02
2956  2.432585e+02 6.956534e+02 5.994565e+02
569  5.741972e+02 3.872276e+02 1.024175e+02
527  3.871513e+02 2.872728e+02 5.618616e+02
385  9.195402e+02 6.611799e+02 4.240103e+02
704  2.139545e+02 5.127713e+02 7.805928e+02
2589  5.605197e+02 3.401730e+02 2.205664e+02
1503  9.703105e+02 6.618522e+02 5.063344e+02
2623  3.672682e+01 6.435023e+02 7.635753e+02
3037  8.968669e+02 8.246287e+02 4.679035e+02
176  7.528816e+02 6.140596e+00 1.444096e+02
2936  4.644532e+02 5.187308e+02 4.866252e+01
2986  3.268512e+01 6.241910e+02 1.053108e+02
451  2.880157e+01 2.491857e+02 2.870826e+02
73  7.784131e+02 9.120079e+02 4.477508e+02
378  6.034986e+02 4.664626e+02 1.130510e+01
1308  7.433373e+02 8.815204e+02 2.833263e+02
223  5.524418e+01 2.381426e+02 7.647952e+02
2281  8.158040e+02 4.684988e+02 6.152314e+02
1146  9.313019e+02 3.622430e+02 9.145999e+02
2251  5.965920e+02 7.859758e+02 7.144754e+02
793  6.269415e+02 4.683087e+02 6.620168e+01
203  6.397818e+02 8.412114e+02 4.049113e+02
1876  5.626575e+02 6.307335e+02 5.076652e+01
871  3.102978e+02 8.105433e+02 1.631618e+02
273  9.694340e+02 8.551674e+02 5.586511e+02
2856  5.287441e+01 1.708180e+02 1.621469e+02
1952  6.563598e+02 3.414768e+02 6.250396e+02
834  9.161627e+02 9.529907e+02 1.318026e+02
322  9.751575e+02 7.647194e+02 7.123729e+02
442  3.912628e+02 3.816244e+02 7.705336e+02
1174  7.578141e+02 1.287305e+02 8.942968e+02
3003  5.637548e+02 3.368737e+02 5.399514e+02
255  4.659325e+02 6.036179e+02 7.225436e+02
2855  5.575738e+01 4.655038e+02 1.214883e+01
1770  4.221537e+02 2.845590e+02 8.899188e+02
1026  2.141108e+02 2.348890e+02 9.247583e+02
2274  1.920540e+02 4.737429e+02 2.891544e+02
411  7.577126e+01 2.010878e+02 4.161089e+02
382  9.906554e+02 5.560586e+02 6.332618e+02
592  3.153599e+02 9.586672e+02 5.819675e+01
1223  1.400641e+02 6.521638e+02 3.821335e+02
1434  3.311465e+02 3.950401e+02 3.254563e+02
2411  8.279691e+02 1.741318e+02 9.724752e+02
360  5.618867e+02 4.250368e+01 3.853068e+02
87  2.557448e+02 8.126450e+02 8.151412e+02
384  6.393633e+02 3.141695e+02 5.518788e+02
1020  3.949135e+02 3.075224e+02 1.065948e+02
488  2.014546e+02 9.819930e+02 8.732648e+02
996  7.155087e+02 3.857422e+02 9.711694e+02
2128  1.054614e+02 7.707371e+02 6.650816e+02
1088  7.990228e+02 7.336291e+02 4.055746e+02
365  9.064313e+02 7.451773e+02 6.795747e+01
357  4.873715e+02 3.003730e+02 7.352199e+02
691  2.318179e+02 3.821321e+02 7.283976e+02
1728  3.617087e+02 3.577391e+02 1.064637e+02
1917  3.782983e+02 6.830607e+02 4.991411e+02
659  9.274362e+02 6.765974e+02 8.974514e+02
252  7.653419e+02 3.926620e+02 2.336768e+02
1321  2.599792e+01 3.133202e+02 7.030331e+01
1722  6.908443e+01 5.172924e+01 2.894131e+02
450  2.269412e+02 3.241565e+02 7.201249e+02
1681  2.273672e+02 1.153289e+02 7.243533e+02
2215  5.441641e+02 4.616856e+02 3.866027e+02
2827  6.848596e+02 9.097363e+02 2.086490e+02
623  9.902733e+02 1.384040e+02 1.813224e+02
2016  5.620333e+00 1.725616e+02 9.188288e+02
2257  4.794625e+02 8.665264e+01 7.294676e+02
1945  8.212758e+02 5.038474e+02 6.889066e+02
1402  4.984320e+02 1.741836e+02 6.164279e+02
2029  9.919984e+02 5.976357e+02 6.876124e+02
2172  5.604086e+02 2.600443e+02 8.649205e+02
2353  7.446379e+02 8.605375e+02 2.917832e+01
1109  3.022149e+01 7.618069e+02 3.471107e+02
495  4.651830e+02 6.140507e+02 8.008593e+02
2462  3.437600e+02 5.487669e+02 7.223510e+02
2314  1.360480e+02 2.950197e+02 7.532332e+02
2199  6.044260e+02 3.795402e+02 6.513129e+02
2044  1.129268e+02 2.335665e+02 8.747312e+02
1879  7.176393e+02 9.579337e+02 2.582415e+02
2206  9.377603e+02 6.135787e+02 8.426144e+02
2304  6.477512e+02 3.815037e+01 5.365421e+02
688  4.260866e+02 7.258640e+02 5.980927e+01
2193  5.247856e+02 1.633961e+02 1.331486e+02
1676  8.199363e+02 1.665053e+02 8.894326e+02
1836  5.763215e+02 2.651294e+02 5.678044e+02
2795  4.869252e+02 9.118430e+02 1.708627e+02
2177  2.653653e+01 4.367344e+02 5.111270e+02
753  7.193585e+02 6.466590e+02 4.614965e+02
1574  5.545431e+02 6.179080e+02 2.708344e+02
60  7.355598e+02 3.323836e+02 7.788040e+02
306  2.161636e+02 5.433754e+02 1.059805e+02
2772  5.788563e+02 7.023068e+02 7.181583e+02
3027  5.152468e+02 9.504310e+02 6.527867e+02
2017  6.116240e+02 1.366407e+02 8.224481e+02
2709  3.881091e+02 9.356432e+02 9.193837e+02
2446  6.831710e+02 5.076012e+02 1.102092e+00
927  9.793272e+01 7.862772e+02 2.351818e+02
2742  6.920506e+02 5.413468e+02 8.910363e+02
1603  1.295510e+02 6.325452e+02 7.796599e+02
2133  2.704984e+02 3.579810e+02 6.804611e+02
481  9.638648e+02 7.999442e+02 7.002616e+02
2860  2.845152e+01 5.305867e+02 4.315221e+02
2874  5.589075e+02 7.521938e+02 5.002742e+02
1853  7.668394e+02 8.560143e+02 9.888099e+02
1620  8.542201e+02 4.500929e+02 3.997031e+02
2744  5.949998e+02 8.743527e+02 9.884985e+00
1835  5.381439e+02 2.142880e+02 6.651976e+02
2682  7.926202e+02 2.793980e+02 2.338052e+02
342  4.163261e+02 2.531056e+02 6.624510e+01
676  5.704410e+02 7.418596e+02 9.432332e+02
1133  6.907423e+01 4.879879e+02 3.515183e+02
2375  9.319566e+01 8.979881e+01 4.250536e+02
3050  9.145555e+02 2.729251e+01 3.604804e+02
1074  9.370763e+02 6.784740e+02 6.264241e+02
2352  7.645692e+02 9.647502e+02 4.041012e+02
1312  2.301573e+02 7.380620e+02 5.397114e+02
2073  4.168593e+01 9.700822e+02 4.760923e+02
1343  3.471487e+02 2.732818e+02 4.612084e+02
1906  6.501025e+02 6.173207e+02 7.457179e+01
1428  1.351613e+02 1.660124e+02 5.618133e+02
1445  5.180053e+01 7.607148e+02 9.120067e+02
2204  2.207573e+02 5.946771e+02 2.354703e+02
2090  8.906509e+02 9.558008e+02 9.471082e+02
2124  2.475260e+00 5.404520e+01 3.263265e+02
940  6.597549e+02 7.791663e+02 7.373123e+02
2305  6.503292e+02 2.878780e+02 5.318728e+01
2490  9.740135e+02 2.429385e+02 3.314618e+02
1744  3.888896e+02 5.773445e+02 5.175573e+02
1436  8.244575e+02 3.739477e+02 7.361277e+02
2598  1.778814e+02 5.075510e+02 6.856401e+02
105  2.658028e+02 9.464836e+02 9.900873e+02
266  2.843748e+02 6.747563e+02 8.350236e+02
2946  6.964271e+02 9.329785e+02 4.998513e+02
1651  7.308313e+02 7.141098e+02 7.158475e+02
1305  6.035380e+02 7.566668e+02 3.892774e+02
315  9.434536e+02 5.210750e+01 2.884222e+02
1234  4.511304e+02 2.340863e+00 2.160395e+02
2221  8.778666e+01 2.516718e+01 4.933378e+02
2661  8.381641e+01 1.862732e+02 6.375659e+02
1246  4.312722e+02 1.908703e+02 4.220555e+02
970  1.025786e+02 4.931029e+02 6.636829e+02
1950  5.208374e+02 1.456020e+01 4.139634e+01
2141  1.479752e+02 6.490588e+01 9.402200e+02
190  8.524447e+02 1.889074e+00 1.489810e+02
1270  5.809270e+02 3.587852e+01 5.022521e+02
2217  5.415206e+02 3.323101e+02 7.040020e+02
1584  2.774251e+02 4.397812e+02 4.896390e+02
717  9.018948e+02 1.623186e+02 7.287754e+02
805  5.802717e+02 6.092909e+02 4.153289e+02
1255  9.300496e+02 8.093821e+02 9.226398e+02
547  3.741398e+02 6.561183e+02 6.604846e+01
2424  4.198689e+02 5.694380e+02 8.816990e+02
2693  9.212332e+02 9.429635e+02 9.129943e+02
589  2.664815e+02 7.549267e+02 1.921142e+02
1948  8.995002e+02 4.715880e+02 3.322766e+02
2430  2.083843e+02 3.850879e+01 7.092226e+02
281  6.273133e+02 8.702330e+00 9.777540e+02
814  5.467927e+02 8.127174e+02 8.372798e+02
1842  8.477872e+02 6.971210e+02 1.025583e+02
1499  1.378269e+02 4.228712e+02 7.390778e+02
2405  3.243480e+02 7.145605e+02 4.793876e+02
2365  4.218470e+02 7.847120e+02 5.951371e+02
1745  3.982809e+02 9.697242e+02 8.284575e+02
295  1.666566e+02 2.643476e+02 6.450592e+02
1187  7.266312e+02 3.245534e+02 9.234316e+02
2906  1.795252e+02 5.547239e+02 6.978956e+02
1082  4.099420e+02 7.303987e+02 7.356675e+02
1142  1.854777e+01 2.425493e+02 9.965568e+02
1252  8.579427e+02 3.950887e+02 1.510221e+02
1362  2.102104e+02 4.957006e+02 5.685520e+02
965  4.436537e+01 5.273751e+02 6.601687e+02
2989  8.050446e+02 8.576000e+02 1.315861e+02
902  3.839579e+02 5.124382e+01 6.658232e+02
1274  7.827062e+02 5.731852e+02 1.589411e+02
248  4.391535e+02 6.871071e+02 3.788391e+02
359  7.839331e+02 4.930205e+02 2.175546e+02
1498  5.322653e+02 5.463734e+02 8.311913e+02
346  2.955840e+02 4.269178e+02 6.425130e+02
397  7.667869e+02 7.631444e+02 7.804732e+02
104  4.777484e+02 4.091209e+02 8.476520e+02
1479  9.781421e+02 4.845576e+02 1.294800e+02
561  4.191896e+02 7.763742e+02 4.811241e+02
1910  5.235394e+01 1.793199e+02 9.955234e+02
170  8.109365e+02 2.993878e+02 5.599935e+02
2561  2.637154e+02 4.153301e+02 4.009019e+02
2176  7.600176e+01 7.569884e+01 9.160903e+02
1839  5.940747e+02 8.248921e+02 5.465845e+02
1311  8.591321e+02 6.072076e+02 8.024802e+02
2205  7.767352e+02 9.815695e+02 1.025646e+02
1796  9.880280e+02 7.859020e+02 2.749870e+02
90  9.926827e+02 6.737042e+02 5.821856e+02
1336  9.563309e+02 5.765168e+02 1.769517e+01
1056  2.003360e+02 6.346496e+02 3.747673e+01
2071  2.337457e+01 5.941691e+02 9.552143e+02
2775  8.341770e+01 9.888095e+01 5.350982e+02
433  5.303962e+02 8.521937e+02 5.254136e+02
1523  8.764653e+02 1.623127e+02 4.706292e+02
38  1.390273e+02 1.761079e+02 1.144320e+01
2078  4.801932e+02 7.644506e+02 9.906933e+02
2698  1.444442e+02 6.130318e+02 8.118543e+01
225  9.317466e+01 2.349256e+02 1.749101e+01
593  6.814025e+02 3.163396e+02 4.028570e+02
146  7.485110e+02 5.517019e+02 9.484470e+02
299  7.948791e+02 4.008792e+02 2.161104e+01
145  7.727730e+01 2.791838e+02 4.066867e+02
110  4.823845e+02 6.179699e+02 1.482408e+02
296  5.656917e+02 1.616049e+02 6.423142e+02
2036  9.228360e+02 1.457045e+02 8.407434e+02
967  3.254604e+02 7.534427e+02 4.479514e+01
1245  1.976759e+02 5.829105e+02 6.409335e+02
1606  8.008193e+02 6.315298e+02 6.742527e+02
1509  8.355686e+02 3.779116e+01 6.346686e+02
2640  6.720494e+02 1.331860e+02 8.592572e+02
2053  4.587723e+02 5.741216e+02 1.722471e+02
1398  1.107263e+02 2.572076e+02 2.901165e+02
1016  5.684303e+01 1.810113e+02 4.542059e+02
369  4.859971e+02 5.312144e+02 5.847318e+02
1849  5.876722e+02 1.142656e+02 6.700651e+02
285  5.355346e+02 6.098043e+02 8.237704e+02
603  7.536807e+02 9.514037e+02 4.558759e+02
2181  1.045859e+02 6.960361e+02 2.585686e+02
469  8.152613e+02 2.174768e+02 8.989648e+02
1055  4.746308e+01 3.662849e+02 5.288541e+02
1368  3.100393e+02 8.049620e+02 8.648712e+02
1666  6.406021e+02 4.867637e+02 5.739789e+02
2180  8.323214e+02 9.607095e+02 2.642054e+01
2497  8.644364e+02 1.826179e+02 3.807480e+02
997  1.826738e+02 6.518124e+02 6.866846e+02
608  1.607867e+02 5.539263e+02 1.102914e+02
206  2.488095e+02 2.213812e+01 6.548569e+02
209  5.053789e+02 5.480195e+02 4.387188e+02
2427  4.928562e+02 6.919383e+02 7.007089e+02
1323  1.506127e+02 3.047379e+02 4.164819e+02
739  5.366712e+02 3.694348e+02 5.654182e+02
1704  4.330529e+02 2.303163e+02 5.113541e+02
81  8.786321e+02 4.747439e+01 1.442298e+02
207  4.802680e+01 7.616188e+02 4.789807e+02
2611  8.099193e+02 1.447612e+02 8.173901e+01
2877  2.418622e+02 4.574409e+01 3.705323e+02
156  6.630797e+02 6.649907e+02 2.948413e+02
3053  7.135700e+02 3.630530e+02 8.916970e+02
1884  8.769424e+01 5.865095e+02 5.703133e+02
84  4.705133e+02 5.976885e-01 4.419940e+02
2222  1.391297e+01 2.629625e+02 6.860781e+02
1939  2.340032e+02 3.700106e+01 2.447042e+02
1929  3.409763e+02 6.090355e+02 3.275771e+02
1446  4.833876e+02 1.776940e+02 4.808804e+02
97  1.127700e+02 9.504549e+02 8.114103e+02
2395  5.817408e+02 5.291963e+02 5.840876e+02
1612  6.312977e+02 5.581293e+01 1.363297e+02
284  7.382003e+02 3.449504e+02 8.363694e+02
2008  8.496805e+02 1.500776e+01 4.345979e+02
606  3.081621e+02 9.280153e+02 7.555694e+02
2861  3.918039e+02 3.419691e+02 8.095732e+02
2909  7.527137e+02 5.137708e+02 6.413123e+02
635  3.576083e+02 1.737921e+02 5.997168e+02
22  3.859999e+02 6.645778e+02 2.855431e+02
1041  9.379440e+01 3.017534e+02 8.518251e+02
1202  7.495198e+02 5.946549e+02 4.640919e+02
1038  8.068143e+02 9.148920e+01 1.183606e+02
1852  1.145047e+02 1.825386e+02 9.506796e+01
1034  7.710778e+02 8.443862e+02 4.393759e+02
386  3.202195e+02 8.564200e+02 9.222188e+02
2705  2.992643e+02 6.564350e+02 2.377152e+02
1501  2.400079e+02 8.970750e+02 8.354322e+02
230  1.738316e+02 1.575865e+02 8.444123e+02
1058  3.460596e+02 9.894733e+02 1.109188e+02
2897  4.938217e+02 9.999991e+01 3.196248e+02
3054  7.449058e+02 4.196559e+02 8.844200e+02
2075  7.947939e+02 4.474575e+02 9.786485e+02
815  2.025777e+02 3.167041e+02 4.590296e+02
924  5.114275e+02 3.540375e+02 3.645136e+02
2796  9.466421e+02 4.528073e+02 1.815704e+02
1888  2.650946e+02 1.105200e+02 5.666924e+02
1863  7.159923e+02 2.590290e+01 5.639598e+02
2731  3.977875e+02 3.793490e+02 3.040450e+02
1242  1.134547e+02 1.474348e+02 3.245824e+02
70  4.318713e+02 3.930089e+02 5.024521e+02
1826  9.039750e+02 1.800403e+02 6.207211e+02
1977  4.961014e+02 2.255457e+02 9.667762e+02
2673  3.428332e+02 1.418588e+02 3.613314e+02
1575  7.138580e+02 9.718323e+02 9.101576e+01
636  4.875463e+02 4.180454e+02 1.108008e+02
734  9.494247e+02 7.902573e+02 4.488824e+02
445  9.039507e+02 1.084191e+02 1.446436e+02
910  1.336495e+02 6.175195e+02 1.402211e+02
1287  6.115944e+02 2.944371e+02 5.957211e+02
1261  9.123543e+02 2.456189e+02 6.170711e+02
202  2.336332e+02 3.197802e+02 4.933014e+02
168  1.581953e+02 9.950498e+02 7.468182e+02
832  7.911065e+02 3.571861e+02 4.127889e+02
1904  4.054462e+02 4.631955e+01 8.456890e+02
2754  7.697343e+02 6.857487e+02 2.232522e+01
1505  3.693324e+02 4.561964e+02 1.670776e+01
3007  9.899033e+01 3.057513e+02 2.518966e+01
1145  4.633893e+02 2.150234e+02 8.217478e+02
247  7.038198e+02 4.213803e+02 6.256926e+02
2253  9.341386e+01 4.510437e+02 3.887975e+02
2373  9.775333e+02 7.575823e+02 7.983403e+02
2092  1.197490e+02 3.938889e+02 3.644516e+02
2144  8.003818e+02 8.824807e+02 2.140574e+02
863  8.271295e+02 2.113049e+02 8.482358e+02
543  3.368616e+01 2.940345e+02 8.989736e+02
2694  1.445173e+02 1.358902e+02 3.718718e+02
2436  8.611338e+02 5.887838e+02 1.117133e+01
171  1.661509e+02 9.690748e+02 2.524544e+01
2183  7.629958e+02 6.065358e+02 3.811741e+02
2421  8.976451e+02 7.295508e+02 3.529389e+02
2299  4.707456e+02 3.441374e+02 1.791902e+02
242  8.542219e+02 6.500246e+02 6.262190e+02
2723  1.442542e+02 5.110979e+02 5.765906e+02
2246  6.098120e+02 3.865464e+02 5.652709e+02
2351  6.512039e+01 4.593036e+02 6.654331e+02
370  8.163415e+02 2.265187e+02 4.773311e+02
1151  1.208789e+02 5.976689e+02 3.606314e+02
535  7.494536e+02 6.615998e+02 2.049773e+02
217  5.398143e+02 7.578378e+02 9.949338e+02
625  1.606789e+02 8.866944e+01 6.192847e+02
875  7.974703e+02 2.670461e+02 9.690889e+02
1340  1.026252e+02 7.951613e+02 7.059545e+02
576  7.349653e+02 2.331578e+02 6.931000e+00
2448  6.189337e+02 8.417368e+02 6.410016e+02
2904  9.884863e+02 9.101093e+02 1.282013e+01
2903  1.546756e+02 4.356399e+02 8.588853e+02
1063  2.331672e+02 6.622702e+01 6.692715e+02
837  5.176304e+02 5.812711e+02 5.007758e+02
2458  3.095250e+02 1.863501e+02 6.014166e+02
3024  5.260057e+02 4.135626e+02 1.708199e+02
803  4.914450e+02 3.506737e+02 6.127289e+02
68  3.199036e+02 7.942001e+02 9.462163e+02
1373  5.990278e+02 2.574875e+02 3.739152e+02
1609  8.682181e+02 2.668851e+02 2.882254e+01
2470  1.136986e+02 2.986420e+02 5.749694e+02
1628  5.003117e+02 6.484811e+02 4.490540e+02
465  8.545359e+02 4.868652e+02 3.405368e+02
1571  6.773145e+02 1.620670e+02 7.956558e+02
3035  2.491604e+02 2.581252e+02 2.995550e+02
2135  4.657896e+02 9.622501e+02 6.714245e+02
358  7.226404e+02 4.831939e+01 4.301411e+02
2225  7.734897e+02 8.165010e+02 3.697254e+02
1054  1.560515e+02 4.176064e+02 1.806515e+02
271  8.539169e+02 8.806010e+02 8.723960e+02
2963  3.775991e+02 3.661898e+02 4.592570e+02
3046  2.722157e+02 8.663788e+02 5.746000e+02
1241  5.761871e+02 7.631455e+02 6.422742e+02
2915  7.839030e+02 2.767559e+02 1.771045e+02
797  4.547350e+02 2.210111e+02 1.401223e+01
12  9.573985e+02 5.237991e+02 7.372846e+02
363  2.236910e+02 5.185409e+02 8.301194e+02
99  1.425783e+02 6.787239e+02 9.326032e+02
356  6.848229e+02 7.726880e+02 6.448911e+02
1682  6.567936e+00 3.158282e+02 7.310855e+02
906  8.224554e+02 4.953070e+02 2.095403e+01
286  8.150840e+02 7.141199e+02 8.090850e+02
2161  5.009577e+02 8.115296e+02 5.369630e+01
776  2.687482e+02 9.055477e+02 1.337513e+01
1078  4.401487e+02 9.278989e+02 7.289193e+02
118  5.195972e+02 6.357854e+02 4.008139e+02
988  8.860221e+02 1.700836e+02 3.060851e+02
1053  6.836855e+02 7.205791e+02 6.459417e+02
2780  7.856715e+01 5.175303e+02 1.636205e+01
1762  5.385962e+00 4.666211e+02 5.344880e+01
790  9.088781e+02 7.887954e+02 3.772173e+01
213  7.409904e+02 3.607297e+02 3.134534e+02
1951  7.160172e+02 1.011004e+02 8.528406e+02
2276  1.505438e+02 6.863547e+02 8.351179e+02
67  3.791201e+02 1.115228e+02 3.132964e+02
1028  8.182837e+02 2.665466e+02 1.647691e+02
2918  7.353798e+02 1.364277e+02 3.048307e+02
1911  2.118070e+02 4.015043e+01 9.355849e+02
789  2.289742e+02 3.149897e+02 1.492558e+02
1780  8.469942e+02 5.722565e+02 6.555414e+02
653  1.741322e+02 9.997936e+02 3.035367e+02
1399  3.915876e+02 5.797540e+01 1.596078e+02
1491  3.169290e+02 6.438087e+02 7.970910e+02
958  7.398333e+02 1.449661e+02 5.154381e+01
1926  4.078298e+02 1.073642e+02 7.273243e+02
452  4.858778e+02 3.402299e+02 9.836190e+02
1943  3.608828e+01 9.185981e+02 2.016387e+02
1840  9.766519e+02 9.018536e+02 4.610667e+02
1495  5.055446e+02 3.174172e+02 6.619867e+02
2629  3.393327e+02 3.134548e+02 2.675504e+02
1991  4.271773e+02 8.393158e+01 5.332307e+02
116  3.667271e+02 2.875020e+02 7.850515e+01
390  3.483249e+02 8.099057e+02 5.660916e+02
2943  6.857752e+02 2.598455e+02 1.006870e+02
1184  4.249615e+02 8.320660e+02 9.534875e+02
2292  9.723672e+02 8.819199e+02 2.739665e+01
2841  7.422860e+02 5.106926e+02 2.181743e+02
661  4.445865e+02 4.704852e+02 7.226233e+02
2992  8.732767e+02 3.822025e+02 8.859427e+02
2872  6.438503e+02 8.141382e+02 9.813369e+02
3042  3.278094e+02 3.702440e+02 8.533492e+02
2093  9.555600e+01 7.031514e+02 1.586097e+02
1864  8.468317e+02 2.060118e+02 7.807758e+01
1632  9.959590e+02 6.509011e+02 6.431915e+02
2777  9.950871e+01 1.118833e+02 9.656035e+02
2616  5.677552e+02 5.215748e+02 7.689299e+02
235  1.376997e+01 5.943119e+02 1.978560e+02
2867  8.726711e+02 1.290287e+02 6.215125e+02
1410  4.971847e+02 6.870724e+02 3.847906e+02
120  2.146466e+02 3.144241e+02 1.017996e+02
109  9.160994e+02 8.300658e+02 1.365208e+02
2663  9.715955e+02 9.699264e+02 7.137538e+02
2988  9.842179e+02 8.076502e+02 1.437613e+02
1608  4.745225e+02 3.090992e+02 1.353054e+02
219  6.345696e+02 8.008484e+02 6.839362e+02
622  6.821952e+02 2.927111e+02 5.386769e+02
1454  8.357130e+02 8.274815e+02 6.357176e+02
212  8.653009e+02 3.318739e+02 9.950488e+02
2261  3.245750e+02 8.484258e+02 1.663015e+02
1059  5.421445e+02 1.859314e+02 5.022166e+02
2328  1.600862e+02 1.523820e+02 2.995854e+02
483  5.006249e+02 5.715280e+02 2.427566e+02
2310  6.436333e+02 9.767460e+02 6.150216e+02
1488  4.187565e+02 4.483474e+02 3.000719e+01
2081  7.042635e+02 1.861024e+01 6.793481e+01
1848  6.004834e+02 1.063250e+02 3.618012e+02
1925  7.892464e+02 5.082960e+02 6.039185e+02
586  5.827003e+02 5.801382e+02 7.290275e+02
918  5.451046e+02 4.789991e+02 7.613129e+02
1545  9.287776e+02 2.067209e+02 6.583618e+02
1064  9.707032e+02 9.581500e+02 4.469014e+02
1706  4.725264e+02 2.412237e+02 7.475905e+02
1712  8.751567e+02 9.773646e+02 7.792178e+01
2533  7.625527e+02 2.487231e+02 8.597728e+02
1916  4.621663e+02 3.781219e+02 5.673781e+02
2308  5.410573e+02 5.556437e+02 6.006267e+02
2223  1.697602e+02 4.354573e+02 5.982937e+02
1172  9.702803e+02 5.905777e+00 9.187920e+02
1553  4.288519e+02 2.054255e+02 8.511910e+02
1191  8.921219e+02 5.111694e+02 5.867784e+02
841  5.397917e+02 5.795223e+02 7.221181e+01
1577  6.879884e+02 9.776213e+02 2.282130e+01
2050  9.744295e+02 7.437322e+02 1.703796e+02
1660  7.611156e+02 3.866190e+02 8.027479e+02
152  8.147836e+02 8.189644e+02 2.581758e+02
1515  8.362273e+02 8.346609e+02 5.509344e+02
1173  7.683480e+02 8.408917e+00 6.005308e+02
1556  3.131696e+02 4.061394e+02 9.988818e-01
2770  5.313403e+02 4.271734e+02 4.193185e+02
2420  2.663818e+02 1.765544e+02 3.021393e+01
2512  3.045460e+02 5.928230e+02 1.910962e+02
2720  8.178870e+02 8.776290e+02 1.568193e+01
2027  9.252962e+00 6.398073e+02 8.927350e+02
2917  4.056331e+02 8.765725e+02 7.347433e+02
1320  6.991543e+02 7.615163e+02 1.269027e+02
1415  9.804673e+01 1.870939e+02 7.418030e+02
995  2.228024e+02 6.278959e+02 7.691116e+02
348  6.810542e+02 6.493498e+02 8.984373e+02
621  4.902329e+02 2.671011e+02 4.908568e+02
844  3.975112e+02 5.458778e+02 6.652456e+02
2615  5.686799e+02 5.564323e+02 4.799475e+02
870  3.880741e+02 5.017538e+02 9.142798e+02
1158  9.626053e+02 2.337595e+02 4.401530e+01
2565  4.174957e+02 8.765704e+02 7.801219e+02
1962  4.650169e+02 1.099167e+02 9.551552e+02
1582  5.290075e+01 9.030290e+02 5.206372e+02
2484  3.379536e+02 4.007102e+02 6.891406e+02
1794  1.803740e+02 3.134676e+02 6.465455e+02
934  5.647578e+02 1.146992e+02 7.635970e+02
2332  1.114171e+02 9.128068e+02 2.306078e+02
2403  2.941071e+02 2.357440e+01 1.286859e+02
935  5.722389e+02 5.443303e+02 6.156599e+01
2575  9.792430e+02 7.345556e+02 3.000045e+02
149  8.273231e+02 4.767853e+02 6.225195e+01
1097  3.109133e+02 6.780226e+02 1.572581e+02
2048  1.357911e+02 5.861859e+02 5.857315e+01
1281  1.999300e+02 2.998973e+02 5.632913e+02
328  9.785720e+02 4.637154e+02 4.064164e+02
2984  1.711451e+01 2.433694e+02 4.806182e+02
1821  9.867068e+02 2.497420e+02 7.513629e+02
2619  8.229719e+02 8.588800e+02 7.392689e+02
354  9.063629e+02 8.716261e+02 3.600194e+02
1809  8.104240e+02 6.370792e+02 7.570020e+02
783  1.152337e+02 7.675239e+02 4.043845e+02
1163  6.744316e+02 9.026185e+02 5.260916e+02
1855  9.686875e+02 9.467280e+02 2.662485e+01
850  6.540620e+02 2.742824e+02 1.624092e+02
2603  3.433218e+02 2.667165e+02 5.299779e+01
2501  2.301051e+02 4.028642e+02 1.381257e+02
2650  3.677120e+02 8.172267e+02 4.190321e+02
2829  9.890294e+02 1.638447e+02 3.442850e+01
1642  2.018526e+02 2.302485e+01 5.235698e+01
1891  3.213174e+02 4.300070e+02 4.525667e+02
1812  8.116765e+02 3.698983e+02 4.905822e+02
3030  6.078693e+02 9.560128e+02 4.014519e+02
2250  7.079285e+02 8.556841e+02 6.824044e+02
457  5.962964e+02 8.273229e+02 4.474497e+02
480  8.694590e+02 1.497079e+02 6.980836e+02
1648  8.248612e+02 4.010324e+02 4.321225e+02
1549  6.276858e+02 8.733174e+02 1.973836e+02
1384  1.650803e+02 3.316617e+02 2.990277e+02
1699  7.383078e+02 8.709039e+02 1.859586e+02
2022  6.162445e+02 9.365372e+02 1.072806e+02
1483  5.823325e+02 5.391978e+02 8.782629e+02
751  8.009960e+02 8.610623e+02 5.965012e+02
3043  9.428193e+02 4.448326e+02 6.149183e+02
1008  1.498514e+02 2.327975e+02 9.726519e+02
1378  9.123632e+02 4.651412e+02 6.087796e+02
2683  7.881802e+02 3.122045e+02 6.258913e+01
1909  7.146131e+02 8.604794e+02 4.152849e+02
2167  3.180166e+02 3.688185e+02 6.791048e+02
3041  9.432080e+02 7.172029e+02 3.293777e+02
1439  5.218022e+02 1.471909e+02 8.707128e+02
277  8.798163e+02 4.854003e+02 7.360531e+02
2979  6.694999e+02 8.494897e+02 3.350382e+02
459  2.534405e+02 9.723724e+02 6.722836e+02
2510  2.556755e+02 3.889625e+02 6.195149e+02
2832  1.020046e+02 4.316044e+02 4.352066e+02
2641  6.525557e+02 2.785905e+02 8.852529e+02
2760  4.200511e+02 9.709386e+02 2.585406e+02
444  8.694335e+02 1.115886e+02 9.451436e+02
510  1.968254e+02 9.160067e+02 6.360919e+02
976  4.350306e+02 4.283375e+02 7.986398e+02
2802  7.384669e+02 9.276108e+01 8.054054e+02
1478  9.019319e+02 4.456006e+02 4.238519e+02
2558  1.901949e+02 8.503014e+02 2.086124e+01
2592  5.118505e+02 2.929151e+02 9.263151e+02
2557  7.247908e+01 5.639946e+02 9.732837e+02
2952  1.957463e+01 3.476321e+01 4.685281e+02
1653  2.415408e+02 2.443830e+02 1.750834e+02
2273  7.715921e+02 8.916224e+02 6.357863e+02
237  9.830266e+02 2.415156e+02 9.977944e+02
2875  8.626526e+02 7.787955e+02 7.711944e+02
2710  5.074001e+02 2.586433e+02 2.000814e+02
2706  9.037752e+00 4.153135e+02 4.276010e+02
1624  9.066358e+02 5.825513e+01 6.790228e+02
55  5.472333e+02 2.424512e+02 7.823030e+02
114  1.200202e+02 4.863116e+02 9.574390e+02
2062  6.529957e+02 9.057051e+02 8.806060e+02
2260  2.764911e+02 7.316804e+02 4.186275e+02
822  2.799206e+02 5.202264e+02 7.839419e+02
3000  9.301829e+02 2.583842e+00 7.460580e+02
929  4.415168e+02 7.552263e+02 2.434251e+02
1569  2.511256e+02 6.068688e+02 1.834995e+02
188  6.594120e+02 5.918179e+02 1.734361e+02
2730  9.571921e+02 5.513107e+02 4.096142e+02
21  2.072334e+01 8.444134e+02 1.605736e+02
1518  8.593082e+02 8.579358e+02 3.359677e+02
1563  9.757253e+02 9.158300e+02 7.548277e+01
1416  1.150238e+02 4.551755e+02 8.216100e+02
2457  9.378807e+02 5.753553e+02 3.331678e+02
2086  5.583721e+02 5.493445e+02 2.461017e+02
1768  4.255195e+02 2.686958e+02 4.386276e+02
2727  1.063005e+02 8.963000e+02 1.720232e+02
282  6.246185e+02 8.869498e+02 3.352525e+02
2978  7.180998e+02 7.561756e+02 3.654034e+02
98  9.836907e+02 6.350723e+02 7.412339e+02
2722  2.401088e+02 7.374474e+02 4.818737e+02
2327  1.410967e+02 6.190275e+00 3.364607e+02
150  6.168732e+02 1.365099e+01 6.758324e+02
2630  4.010729e+02 3.002251e+02 8.274496e+02
244  9.744402e+02 2.663402e+02 6.313130e+02
2748  2.598225e+02 5.974723e+02 6.229303e+01
1703  2.072039e+02 7.892517e+02 8.929339e+02
1303  8.653427e+02 7.518855e+01 1.163907e+02
578  2.480978e+02 2.638363e+02 7.052549e+02
121  3.701826e+02 4.553173e+02 7.031907e+02
3057  5.508162e+02 7.109411e+02 9.883867e+02
2010  6.088486e+02 3.944591e+02 4.953098e+02
827  1.669313e+02 6.966783e+02 6.722796e+02
989  7.340030e+02 4.943586e+02 7.463082e+02
1806  1.596340e+02 2.784553e+02 2.842691e+02
234  6.494252e+02 1.756900e+02 6.716771e+02
1967  5.250582e+02 4.040013e+02 5.936936e+01
2239  3.250146e+02 5.718450e+02 9.615252e+01
1635  7.668923e+02 4.339587e+02 3.469478e+02
458  9.185209e+02 2.089048e+02 4.270963e+02
2379  2.986727e+01 6.705493e+02 4.947805e+02
2790  3.575310e+02 4.500683e+02 4.163347e+02
579  9.167698e+02 5.185867e+02 3.026980e+02
240  2.842190e+02 9.078898e+02 4.612753e+02
1162  6.495419e+02 7.176829e+02 7.348519e+02
1595  7.416423e+02 4.199275e+02 2.300776e+02
1647  3.915881e+02 6.204894e+02 6.684984e+02
986  6.902872e+02 2.089695e+02 5.489504e+02
2922  5.921016e+02 7.980475e+02 7.639316e+02
1639  7.138165e+02 2.847039e+02 1.858323e+02
1726  3.237421e+01 6.745723e+02 6.641764e+02
1152  7.831282e+02 9.669781e+02 2.551622e+02
1101  7.362500e+02 8.130891e+02 2.645209e+02
2011  2.209958e+02 1.998942e+02 9.035054e+02
598  4.806532e+02 9.361711e+02 8.874634e+01
1094  1.346950e+02 7.137800e+02 3.616491e+02
337  5.348905e+02 4.213294e+02 9.509972e+01
1803  5.225474e+02 9.367797e+02 9.910212e+02
1220  7.925001e+02 1.488188e+02 8.542446e+02
144  2.504294e+02 6.324023e+02 7.293262e+02
1528  1.341523e+02 9.902708e+02 3.938757e+02
2576  1.091848e+02 2.506570e+02 9.059988e+02
540  4.535718e+02 5.259786e+02 3.917350e+02
526  3.453677e+02 2.684417e+01 8.695326e+02
2371  5.180338e+02 7.819963e+02 4.063088e+02
594  6.227303e+02 5.533967e+02 2.654733e+02
1258  8.458452e+02 5.476295e+02 3.867805e+02
1007  7.415941e+02 9.056611e+02 3.912925e+02
2901  6.536079e+01 2.823232e+02 1.162724e+01
2219  6.045436e+02 8.060490e+02 8.701881e+02
2164  1.248552e+02 5.517615e+02 8.132589e+02
2452  5.884912e+01 3.381981e+02 7.179435e+02
984  4.386041e+02 3.182780e+02 7.702886e+02
2642  4.859394e+02 9.442378e+02 8.270052e+02
7  7.255087e+02 6.620953e+02 3.330692e+02
376  3.912671e+02 3.644093e+02 6.583556e+02
226  8.931389e+02 5.311993e+02 7.118628e+02
2667  8.082022e+02 7.833093e+02 3.168663e+01
424  4.510065e+00 2.666975e+01 7.374665e+01
546  5.620027e+02 5.733741e+02 7.803264e+02
2325  6.244381e+02 8.325073e+02 3.648054e+02
1013  9.297277e+02 4.930614e+02 7.135547e+01
2672  2.678229e+02 4.286008e+01 2.937074e+02
62  9.131453e+02 2.168747e+02 7.698478e+02
1361  1.287036e+02 1.000542e+02 3.222793e+02
2579  2.380031e+02 5.506517e+02 3.568753e+02
1730  4.727251e+02 6.483668e+02 9.658741e+02
1670  9.084624e+02 8.975054e+02 7.742087e+02
1680  5.281921e+02 6.382161e+02 9.620212e+02
1473  7.714630e+02 6.713750e+02 9.145463e+02
351  1.373450e+02 8.755282e+02 4.457873e+02
1326  4.885913e+01 6.325242e+02 9.831930e+02
456  4.992533e+02 7.086865e+02 9.348854e+02
471  9.459214e+02 8.442266e+02 9.751467e+02
3038  1.876060e+02 6.669260e+02 4.486058e+02
61  1.368748e+02 2.677851e+02 7.035579e+02
2761  9.009930e+02 9.928032e+02 9.741580e+02
1769  6.621187e+00 2.798899e+02 8.429072e+02
2400  6.192668e+01 7.925083e+02 2.396531e+02
2689  8.956009e+02 6.723918e+01 5.556427e+01
670  2.786440e+02 3.264359e+02 8.619905e+02
406  6.710546e+02 2.992278e+02 9.525778e+02
2714  4.990190e+02 7.491785e+02 6.936894e+02
887  8.211254e+02 9.568878e+02 6.438981e+02
2737  8.326972e+02 1.528030e+02 1.490034e+02
2461  1.051973e+00 4.081060e+02 5.556891e+02
1231  2.449235e+02 1.119667e+02 3.612589e+02
2732  3.728264e+02 4.086235e+02 6.808384e+02
486  1.175154e+02 9.648975e+02 7.418586e+02
250  5.280271e+02 8.538261e+02 3.524287e+02
74  9.160089e+02 3.385801e+02 9.636250e+01
1157  3.001009e+00 4.504152e+02 9.737311e+02
1677  5.404013e+02 2.915213e+02 4.313545e+02
231  1.248456e+02 5.025764e+02 9.069763e+02
742  9.924742e+00 1.916869e+02 7.710725e+02
1181  2.093275e+02 5.463441e+02 8.809129e+02
993  1.089182e+02 4.964326e+02 3.953027e+02
228  4.909171e+02 9.207465e+02 7.685295e+02
1914  1.051520e+02 8.589035e+02 7.311692e+02
987  5.939310e+02 2.635040e+02 2.028776e+02
643  5.825298e+02 4.635157e+02 9.757420e+01
220  4.463294e+02 8.282927e+02 4.557725e+02
189  6.166177e+02 1.902743e+02 3.806280e+02
2038  7.092821e+02 2.723724e+02 7.532373e+02
1998  1.641311e+02 6.049062e+02 3.288521e+02
1487  2.149499e+02 7.542579e+02 9.034655e+02
2364  4.052504e+02 5.978329e+02 8.514151e+02
2858  6.255321e+01 3.325424e+02 5.877211e+02
1613  7.618500e+02 2.019884e+02 9.725769e+02
1352  2.210518e+02 3.388185e+02 2.954779e+02
903  3.955308e+02 6.311194e+02 3.239151e+02
1739  1.815220e+02 5.715547e+02 5.795122e+02
1965  5.121714e+02 7.503951e+02 8.970577e+01
129  3.100884e+02 3.092370e+02 7.084619e+02
1275  2.612330e+02 3.475753e+02 9.835200e+02
2859  8.257950e+02 9.736606e+02 1.917864e+02
1104  4.022269e+02 6.448640e+02 8.120910e+02
2664  9.535581e+02 9.532915e+02 3.141099e+02
2993  4.609827e+02 4.672515e+02 9.016773e+02
1084  8.285886e+02 1.684626e+02 4.498732e+02
1587  6.562248e+02 9.538611e+02 6.481559e+02
1098  5.876442e+02 4.962693e+02 3.175040e+02
2695  1.927384e+02 2.481876e+02 4.509110e+02
222  1.422293e+02 4.720105e+02 8.745829e+01
13  6.000051e+02 5.467335e+02 7.834658e+02
1099  6.363316e+02 7.789271e+02 2.130071e+02
3017  9.067671e+02 4.086446e+02 3.085912e+02
1004  9.226606e+02 2.925840e+02 7.030350e+01
1530  7.916354e+02 5.376850e+02 2.788053e+02
1280  1.048909e+02 2.780353e+02 4.562646e+02
1532  7.238552e+02 1.200747e+02 4.377898e+02
2052  2.930692e+02 6.510488e+02 2.284345e+01
2838  9.198737e+02 5.852743e+02 9.754426e+02
602  9.987119e+02 8.909203e+02 5.267000e+02
2752  3.319428e+02 1.003328e+02 4.729650e+02
2728  1.709969e+02 9.368422e+02 3.414512e+02
338  5.879301e+02 7.343557e+02 6.792314e+02
777  6.498977e+02 5.087118e+01 2.057513e+01
16  5.492626e+02 1.062158e+02 4.919293e+02
2658  1.021691e+02 1.920507e+02 2.614647e+02
178  4.599352e+02 8.991795e+02 7.570638e+02
1784  3.879260e+02 1.058798e+02 8.839637e+02
1238  4.538756e+02 5.115514e+02 2.481326e+02
362  5.121572e+02 4.557291e+02 5.498391e+01
102  1.488390e+02 7.357524e+02 2.351907e+02
347  7.457337e+02 5.770779e+02 8.147133e+02
92  8.641059e+02 4.118773e+02 9.115373e+02
801  7.595094e+02 6.317668e+02 2.464215e+02
151  7.801935e+02 5.854319e+02 9.903322e+02
1401  7.329710e+02 5.802064e+02 3.806443e+02
1447  9.540389e+02 6.807881e+02 1.237846e+02
5  7.559319e+02 4.858093e+02 5.015276e+02
1050  4.879656e+02 1.554476e+00 1.036298e+02
773  3.161249e+02 8.151915e+02 5.320375e+02
125  6.712256e+01 5.206490e+02 5.426317e+02
1217  4.028597e+02 7.184844e+02 9.704728e+02
1177  6.845228e+01 1.173368e+02 5.303196e+01
380  4.578088e+01 9.649638e+02 6.261434e+02
1825  8.814346e+02 3.875462e+01 9.306243e+02
2792  4.759359e+02 7.259402e+02 4.304985e+02
2228  8.289661e+02 5.166607e+02 9.420880e+02
1115  8.377924e+02 9.765286e+02 5.622947e+02
1035  2.830240e+02 6.833338e+02 4.872890e+02
2505  2.116969e+02 5.791691e+02 1.426532e+02
1737  6.207583e+01 7.166752e+02 4.256276e+01
1610  4.420444e+02 8.069256e+02 2.252588e+02
1131  5.839880e+02 2.887054e+02 8.440170e+02
1310  1.662967e+02 5.869815e+02 6.871879e+02
758  8.465341e+02 1.958939e+02 1.705919e+02
400  8.223813e+02 1.478148e+01 4.431064e+01
1193  3.130741e+02 1.206679e+02 5.147473e+02
3023  7.758163e+02 1.135837e+02 6.677111e+02
147  6.699788e+02 5.096447e+02 3.801924e+02
1413  1.126833e+02 8.657767e+01 2.839452e+02
1992  9.283932e+02 6.175848e+02 5.578907e+01
320  3.666782e+02 1.829027e+02 1.712283e+02
614  9.023057e+02 2.252272e+02 4.448037e+01
1481  5.824614e+02 4.041751e+02 7.553015e+02
1354  1.867093e+02 7.436047e+02 8.668542e+02
1455  1.831152e+02 4.136357e+02 8.143889e+02
2967  2.695941e+02 6.202030e+02 8.245536e+02
1892  9.430106e+02 3.534014e+02 5.306934e+02
2098  3.735200e+02 6.881588e+02 6.097812e+02
2822  6.111435e+02 1.082090e+02 2.300222e+01
1968  1.419581e+02 3.050849e+01 7.445395e+02
94  2.406060e+02 5.077160e+02 3.990453e+02
290  1.556210e+02 2.620752e+02 8.657108e+01
2100  4.087138e+02 6.444547e+02 7.431696e+02
3025  7.465034e+02 4.924200e+02 9.765298e+02
764  9.089188e+02 3.883925e+02 1.954458e+02
696  2.576465e+02 1.918795e+02 6.283508e+02
1175  9.213718e+02 2.039117e+02 2.897301e+02
854  9.414568e+02 1.789660e+02 9.507292e+02
1579  1.847278e+02 5.164314e+02 6.164095e+01
1500  7.030485e+01 3.484366e+02 9.542759e+02
2085  8.912786e+02 2.033091e+02 1.136433e+02
2866  3.855056e+02 7.941910e+02 3.261402e+02
861  9.471909e+02 8.175801e+02 5.537205e+02
2037  6.111016e+02 2.384036e+02 9.566170e+02
551  9.513124e+02 7.499819e+02 8.927825e+02
1165  7.701542e+02 6.245240e+02 9.116747e+02
1040  7.831059e+02 8.517733e+02 4.997920e+02
352  4.531691e+02 1.578685e+01 1.580530e+02
975  2.935920e+02 4.248185e+02 5.909657e+02
627  8.534507e+02 8.853686e+02 9.058478e+02
2655  6.171234e+02 6.498237e+02 3.656316e+02
1003  4.475512e+02 5.096497e+02 8.068698e+02
130  9.040868e+02 5.401751e+01 1.689538e+02
1404  4.047258e+02 9.298917e+02 6.964572e+02
668  2.411873e+02 6.263587e+02 3.776859e+02
2454  1.586392e+02 4.751978e+02 4.323081e+02
119  2.341021e+02 2.365331e+02 4.665955e+02
2271  8.584651e+01 8.231163e+01 1.175462e+02
1364  2.391613e+02 4.380467e+02 4.555672e+02
1922  7.069877e+02 4.131694e+02 8.142531e+02
881  6.953651e+02 9.230220e+02 3.218802e+02
2532  3.329713e+02 4.864724e+02 5.194095e+02
1144  2.800998e+02 9.035509e+01 1.494397e+02
361  2.884625e+02 7.503286e+02 4.954615e+02
1400  4.499857e+02 4.597476e+01 1.841307e+02
2907  2.502784e+02 6.541782e+02 9.219069e+02
1030  6.825656e+02 1.601558e+02 9.672845e+02
2089  7.130543e+02 7.551835e+02 3.089433e+02
1067  3.165834e+02 2.087077e+02 9.405952e+02
1689  2.944096e+02 5.533400e+02 4.827371e+02
1000  2.692843e+02 1.590003e+02 2.094599e+02
1043  3.372464e+02 1.738315e+02 8.870255e+02
3040  2.051144e+02 5.207318e+02 9.781962e+02
2719  5.494864e+01 5.249888e+02 2.888448e+02
891  6.629988e+02 4.081340e+02 3.166346e+02
2417  1.136162e+02 6.997548e+02 9.554572e+01
1089  2.917107e+02 1.142462e+02 7.803885e+02
2684  4.706194e+02 8.343459e+02 5.129288e+02
536  9.801417e+02 5.040987e+02 5.611867e-01
2294  2.417854e+02 6.554312e+02 2.285161e+02
2704  9.041954e+02 2.440450e+02 5.480759e+02
2631  3.855085e+02 3.281988e+02 9.917883e+02
1807  8.699377e+02 7.727886e+02 3.596277e+01
138  8.492947e+02 1.121720e+01 6.019742e+02
1890  3.056481e+02 2.262829e+02 8.607948e+02
1843  9.763793e+02 6.228433e+02 1.544993e+02
2652  9.624899e+02 3.819106e+01 9.718815e+02
2740  5.698878e+02 6.661844e+02 3.085529e+02
229  4.162399e+02 8.238265e+02 8.366608e+02
1006  5.638966e+02 9.650853e+02 3.959122e+02
1895  4.443175e+02 9.503436e+02 8.966614e+02
1665  2.745073e-01 8.915174e+01 2.823668e+02
2414  2.001741e+01 9.982797e+02 1.311968e+01
0  5.805207e+02 7.456766e+02 8.677358e+02
1607  7.676884e+02 6.065039e+02 8.955408e+01
533  1.115069e+02 6.171624e+02 8.605230e+02
157  9.600325e+02 6.079543e+02 6.396022e+02
1485  8.666799e+02 8.443563e+02 7.897535e+02
2574  9.223387e+02 9.738975e+02 8.436062e+02
1164  8.238405e+02 8.869787e+02 9.734642e+02
2843  3.667530e+02 6.082418e+02 1.450832e+02
1565  4.085110e+02 1.196774e+02 1.922294e+02
2646  1.791996e+02 7.221576e+02 9.314748e+02
685  5.191674e+01 7.054225e+02 5.884140e+02
1696  6.074940e+02 5.812632e+02 2.753770e+02
1920  6.453211e+02 5.936171e+01 4.699819e+02
260  4.024716e+02 3.721709e+01 3.325329e+01
2191  3.099926e+02 8.414584e+02 9.600516e+02
2231  4.123570e+02 4.066726e+01 2.273458e+02
1860  4.140172e+02 4.581324e+02 9.502234e+02
2356  8.163568e+01 9.111581e+02 6.987991e+02
2985  7.515157e+02 8.169449e+02 4.248905e+02
1365  4.644077e+02 4.100737e+02 4.017819e+02
847  1.663556e+02 8.529729e+02 4.645305e+02
2755  3.182519e+02 4.211821e+00 8.352686e+02
310  6.738386e+02 8.905317e+01 4.977453e+02
65  6.036976e+02 3.680993e+02 2.779387e+01
982  6.083707e+01 9.878475e+02 9.883500e+02
2798  5.983500e+02 2.388858e+00 4.755312e+02
1042  8.315107e+02 6.158271e+02 7.154733e+02
33  7.505430e+02 1.596528e+02 9.408045e+02
1229  7.358250e+02 6.639594e+02 9.773946e+02
392  3.270272e+02 2.894513e+02 3.838258e+02
919  6.881225e+02 7.009881e+02 4.947800e+02
983  3.247915e+02 1.387739e+02 8.642344e+02
131  6.158927e+02 8.925106e+01 2.025994e+02
939  8.903358e+02 5.889641e+01 9.742540e+02
973  8.025205e+02 5.228109e+02 3.631273e+02
768  3.968114e+01 6.315398e+02 3.973121e+02
1405  2.738130e+02 9.222947e+02 9.203909e+02
1691  2.680106e+02 9.346486e+02 6.943811e+02
712  9.093257e+02 1.926664e+02 5.787861e+02
2848  7.073860e+02 4.030186e+02 8.986776e+01
313  6.663391e+02 8.211038e+02 6.773541e+02
1880  9.983775e+02 3.868214e+02 1.287979e+02
585  6.086591e+02 5.124488e+02 6.214059e+01
912  1.950896e+02 6.728242e+02 3.600032e+02
2102  9.468312e+02 4.383782e+02 1.254074e+02
1107  1.559332e+02 1.533889e+02 4.751730e+02
1767  8.711768e+02 5.207634e+02 7.137829e+01
2942  6.021949e+02 4.502328e+02 1.427940e+02
1221  5.867971e+02 4.293705e+02 5.520533e+01
47  8.813071e+02 3.640451e+02 5.274342e+02
573  7.159493e+01 6.826404e+02 4.480722e+02
1971  8.315176e+01 7.982662e+02 5.419268e+01
179  3.452165e+02 6.219767e+02 2.241333e+02
1114  6.661964e+02 9.607021e+02 1.907274e+02
1931  3.810829e+02 6.901145e+02 9.630458e+02
2359  2.805755e+02 4.923880e+02 1.132498e+02
1047  9.915294e+02 8.509212e+02 2.592950e+02
2807  7.751631e+02 9.275490e+02 8.725292e+02
492  2.358485e+02 9.107822e+02 6.967552e+02
671  5.815446e+02 4.588063e+02 4.446171e+02
2968  2.511913e+02 8.997448e+02 4.194228e+02
1813  2.954661e+02 9.675941e+02 2.204721e+02
2492  7.810681e+02 4.440776e+02 5.470652e+01
1118  9.558218e+02 6.664299e+02 4.533542e+02
1845  2.762105e+02 7.876464e+02 6.636900e+01
2378  1.132638e+02 6.837040e+02 3.090678e+02
1580  1.658039e+02 9.525212e+02 4.443791e+02
2207  6.662350e+01 8.013958e+02 6.975342e+02
2749  7.855070e+02 7.325873e+02 8.364193e+02
500  1.120256e+02 1.177372e+02 1.530488e+02
1033  1.897454e+02 3.428278e+02 3.637827e+02
849  6.945022e+02 6.532652e+01 4.017868e+02
2606  2.704153e+02 8.717311e+02 3.655175e+02
2767  6.097931e+02 1.175928e+02 7.815312e+02
15  6.629761e+02 6.620027e+02 2.194478e+01
806  7.869825e+02 8.097714e+02 4.683960e+00
2039  6.189557e+02 8.496030e+02 8.803960e+02
1302  8.239560e+02 1.264884e+02 9.221153e+02
2175  9.089709e+01 1.959302e+02 1.506862e+02
2789  7.304980e+01 8.164865e+02 7.727898e+02
1976  8.707961e+02 6.514708e+02 3.832947e+02
1591  2.427566e+02 3.107922e+02 6.212482e+02
904  8.909001e+02 3.317182e+02 3.683293e+02
1390  4.702790e+02 2.726620e+02 9.361517e+02
514  6.745760e+02 3.771566e+01 4.161953e+02
2931  8.187955e+01 5.509033e+02 3.704841e+02
1705  9.077533e+02 5.762508e+02 9.012534e+01
2941  4.414026e+02 8.773178e+02 8.409904e+02
1936  7.497468e+02 5.471160e+02 1.018488e+02
2226  9.562288e+02 8.250720e+02 6.426228e+01
1474  8.738724e+02 7.663481e+02 7.135884e+02
1805  5.663362e+02 8.213934e+02 1.582953e+02
2165  1.904158e+02 9.022568e+02 5.951788e+02
853  8.662661e+02 5.107221e+02 2.957101e+02
2724  4.130388e+01 6.000286e+02 6.356077e+02
2982  1.094627e+02 3.510853e+02 4.461555e+02
1276  3.646546e+02 5.677614e+02 9.852363e+02
2122  5.059437e+02 6.262615e+02 6.837398e+02
2819  2.672992e+02 2.264015e+02 3.413818e+02
2435  4.489750e+02 1.084912e+02 2.150895e+02
2847  6.053417e+02 1.591909e+02 8.686978e+02
254  1.361324e+02 9.104271e+02 7.841221e+02
371  8.652320e+01 8.139051e+02 2.856867e+02
673  4.574333e+01 8.954794e+02 6.175401e+02
2637  4.311697e+02 8.573806e+02 1.718929e+02
855  3.444532e+01 8.419648e+01 5.503076e+02
113  7.721259e+01 6.238850e+02 7.387664e+02
174  6.096337e+02 3.222599e+02 2.335163e+02
367  3.631495e+02 6.415338e+02 5.801069e+02
1983  4.586404e+02 7.690972e+02 7.537298e+02
2401  8.080865e+02 5.761211e+02 7.095549e+02
29  7.411790e+02 6.170130e+02 2.840149e+02
1444  2.294803e+02 9.678323e+02 9.258892e+02
45  3.730502e+02 8.701465e+02 4.960391e+01
2851  6.878770e+02 3.596236e+02 7.348385e+02
1490  4.085300e+02 3.275138e+02 4.465742e+02
2562  9.800399e+02 4.486124e+02 6.604235e+02
473  1.513195e+02 2.810221e+02 9.950421e+02
1535  8.060012e+02 8.206633e+02 9.316171e+02
1423  3.188310e+02 9.496053e+02 9.094752e+02
2947  6.376891e+02 7.811547e+02 1.405767e+02
2115  3.902477e+02 1.271711e+02 9.902014e+02
1329  2.868643e+02 7.022072e+02 8.956689e+02
503  7.864489e+02 7.184642e+02 9.242870e+02
1462  3.201806e+02 3.462758e+02 3.243170e+02
241  7.347183e+01 6.049984e+02 6.954335e+01
1811  3.723011e+02 7.428212e+02 5.829592e+02
1048  2.235939e+02 6.978943e+02 4.946300e+02
830  4.986652e+02 1.163257e+02 5.506882e+02
835  7.675616e+02 5.318485e+02 9.149922e+02
75  6.089399e+02 8.163299e+02 9.553232e+02
1189  7.903973e+02 5.622451e+02 9.214374e+02
1155  2.661360e+02 1.187373e+01 8.536752e+02
2282  4.144523e+02 6.660259e+02 6.017819e+02
236  1.548218e+01 9.723585e+02 9.085837e+01
1087  1.585419e+02 1.069111e+02 2.130611e+02
2040  6.120481e+02 7.590137e+02 5.500516e+02
44  6.545802e+01 3.910117e+02 4.578973e+02
41  7.651302e+02 5.229738e+02 3.939086e+02
1461  7.244817e+01 5.259195e+02 1.561866e+02
2059  9.563930e+02 4.629511e+02 4.011643e+01
2763  8.286743e+02 8.994048e+01 6.494608e+02
556  5.212007e+02 5.702233e+02 1.070512e+02
705  7.672485e+02 5.796998e+02 7.385847e+02
2521  7.171686e+02 2.132742e+02 8.518309e+02
744  1.019299e+02 6.296406e+02 1.815004e+02
626  1.969783e+02 3.279755e+02 9.894351e+02
2240  4.695607e+02 5.382999e+02 8.660435e+02
355  9.220797e+02 6.430010e+00 5.599401e+02
3  3.101559e+02 4.009331e+02 8.191438e+02
1271  5.345673e+02 9.714916e+02 1.010300e+02
1674  4.534601e+02 7.506066e+02 6.836797e+02
2526  5.516674e+02 6.103668e+02 7.061828e+02
774  6.024732e+02 1.313750e+02 7.021651e+02
856  2.348866e+02 8.476919e+02 9.063162e+02
2966  9.330864e+02 3.869674e+02 2.596386e+02
2939  4.563680e+02 9.836276e+02 4.851915e+02
735  8.889497e+01 7.010900e+02 1.986944e+02
794  8.348782e+01 2.593271e+00 3.251661e+02
1702  8.756847e+02 7.098235e+02 6.459103e+02
1232  1.209786e+02 3.072981e+02 9.983333e+02
2813  1.754143e+02 5.267988e+02 8.983729e+02
291  4.430336e+01 2.429739e+01 6.129460e+02
128  9.115984e+02 1.403138e+01 6.477844e+02
725  3.047520e+02 7.840588e+02 7.401490e+02
2489  3.879801e+02 6.332161e+02 5.040567e+02
2277  2.085131e+02 6.814963e+02 9.795480e+02
438  7.857383e+02 2.193053e+02 2.517644e+02
2482  4.890956e+02 4.696205e+02 4.231003e+02
1075  2.925614e+02 7.919501e+02 1.336150e+02
2467  8.603370e+02 9.085980e+02 7.949192e+02
1560  7.037013e+02 4.930708e+02 8.074322e+01
2002  4.316133e+02 1.033275e+02 9.325596e+02
1299  8.011277e+00 9.165631e+02 4.725707e+02
1136  3.359958e+02 9.891088e+02 2.810663e+02
597  8.724033e+02 2.452455e+02 4.684254e+02
582  4.187440e+02 1.478893e+02 3.080436e+02
2394  6.355071e+02 4.509616e+02 8.790458e+02
610  3.036219e+02 8.076756e+02 4.393936e+02
26  3.776743e+02 1.445730e+02 8.001985e+02
2635  3.845347e+02 6.200717e+02 2.826967e+02
2921  5.199495e+02 2.452961e+02 7.132401e+02
2322  7.864163e+02 1.506621e+02 2.858742e+02
1630  1.828305e+02 5.351471e+02 2.432704e+02
1330  3.270824e+02 6.047020e+02 8.278491e+02
1262  5.383140e+02 2.605217e+02 2.668225e+02
1900  4.275909e+01 3.989112e+02 6.775742e+02
2857  2.308400e+01 1.910677e+02 6.689783e+02
477  6.429510e+02 7.657621e+02 8.638318e+02
2853  7.001136e+02 3.270788e+02 7.829248e+02
2953  2.432132e+02 1.611377e+02 7.704333e+02
860  4.628842e+01 1.474844e+02 7.818981e+02
1116  7.990084e+02 7.756601e+02 4.531504e+02
2610  9.611939e+02 1.208332e+02 2.781632e+02
2839  9.799272e+02 6.549666e+02 9.261284e+02
169  6.360152e+02 4.103916e+02 6.074191e+02
1508  9.862214e+02 1.056434e+02 4.935596e+02
584  4.618136e+02 8.995671e+02 5.473050e+02
2840  1.747900e+01 9.209247e+02 2.923253e+02
2472  7.468112e+02 7.944150e+02 3.256662e+02
136  4.205165e+02 9.951562e+02 9.225692e+02
2392  7.316255e+02 6.641227e+01 5.474940e+02
294  3.640563e+02 8.888487e+02 5.515824e+02
1946  4.856782e+00 9.596805e+02 6.768823e+02
1918  2.368140e+02 7.138237e+02 8.862965e+02
63  7.532676e+02 2.979871e+02 7.868484e+02
2256  2.311420e+02 9.797580e+02 3.179468e+02
936  9.120290e+01 2.398654e+02 7.415810e+02
491  4.777880e+01 9.771984e+02 3.643446e+01
333  7.942623e+02 5.546518e+02 5.298473e+01
2097  3.790482e+02 5.507426e+02 3.927257e+02
153  1.983685e+02 1.684079e+02 9.243237e+02
2604  2.617299e+02 5.156714e+02 5.406083e+02
922  6.181860e+01 4.277245e+02 7.523421e+02
3044  2.716075e+02 5.172155e+02 2.666039e+02
1160  6.245883e+02 2.270016e+02 5.942847e+02
2220  6.600096e+02 7.515678e+02 9.569855e+02
2473  1.428674e+02 5.455579e+02 6.280052e+02
657  9.579901e+02 8.405549e+02 8.286869e+02
2600  8.097516e+02 6.780042e+02 8.739258e+02
1801  4.478743e+02 9.485659e+02 4.554337e+02
1290  8.280173e+02 6.117865e+02 9.601552e+02
2255  7.988450e+02 8.254219e+02 4.148610e+01
2659  1.180268e+02 2.229325e+01 1.128317e+02
1285  2.626126e+02 7.582615e+02 3.605239e+02
1930  2.685969e+02 6.399911e+02 5.055189e+02
736  2.933820e+02 1.622366e+02 8.924106e+02
1960  9.734911e+02 7.000305e+02 6.840785e+02
2624  9.365529e+01 7.163367e+02 9.936714e+02
479  4.946082e+01 6.024565e+02 8.804440e+02
275  5.436017e+02 2.006207e+02 9.166457e+02
89  1.614320e+02 3.526960e+02 3.844169e+02
2018  7.706865e+02 4.760868e+01 1.867923e+02
1139  7.418971e+02 8.545935e+01 4.442299e+02
2609  6.909509e+02 2.180954e+02 9.805590e+02
714  1.253138e+01 6.577124e+02 4.351864e+02
201  4.800620e+02 1.242707e+01 7.116921e+02
2996  4.187765e+02 5.370959e+02 2.013019e+02
331  2.033186e+02 8.217247e+02 1.758318e+02
1385  2.690258e+02 4.632763e+02 7.530828e+02
2596  8.675929e+02 9.620459e+02 4.920344e+02
204  3.562845e+02 7.916344e+02 2.280330e+02
613  6.390009e+02 4.015094e+02 1.260379e+02
1126  2.902144e+02 6.563655e+02 9.256783e+02
701  8.213412e+02 7.382349e+02 2.001524e+02
612  5.611393e+02 4.087940e+02 9.504091e+02
1335  2.230747e+02 6.191717e+02 5.662634e+02
2014  2.905395e+02 6.345072e+02 1.672775e+02
969  9.508627e+02 9.822438e+02 8.532261e+02
2937  3.148899e+02 6.884646e+02 5.103932e+02
1602  8.017162e+01 6.003966e+02 6.450230e+02
261  5.419454e+02 2.867133e+02 1.776432e+02
417  9.868406e+02 6.183150e+02 7.978128e+02
638  5.596611e+02 6.588286e+02 9.752145e+02
2605  9.717211e+02 3.165782e+02 1.217990e+02
522  1.177425e+02 2.882823e+02 2.534446e+02
2463  8.969173e+02 4.915411e+02 4.181380e+02
233  3.901070e+02 9.091073e+02 9.949531e+02
1798  3.322409e+02 6.112601e+02 4.193129e+01
740  4.956460e+02 4.852400e+02 7.903591e+02
509  3.862329e+02 1.186036e+02 9.251302e+02
809  8.106102e+02 6.036738e+02 8.224832e+02
2997  7.796097e+02 3.118228e+02 1.884388e+02
135  7.297051e+02 5.971692e+02 6.232770e+02
2511  7.974725e+02 2.820793e+02 6.187243e+02
948  3.018292e+02 3.457021e+02 2.926717e+02
1188  7.854996e+01 2.073835e+02 8.633916e+02
1125  7.966807e+02 5.113783e+02 5.408653e+02
434  7.435004e+02 3.872423e+02 4.734264e+02
2157  6.212783e+02 2.068087e+02 7.775118e+02
2893  3.369525e+02 3.396674e+02 4.832455e+02
1486  9.948926e+02 8.720663e+02 6.038493e+02
1729  9.247533e+02 3.545850e+02 8.598978e+02
2868  9.551852e+02 2.257233e+02 6.710880e+02
79  2.120863e+02 3.483292e+02 8.542642e+02
558  5.962543e+02 3.178423e+02 1.728302e+02
4  5.572728e+02 2.428125e+02 1.959439e+02
1749  6.405399e+02 8.107128e+02 7.394617e+02
2568  5.543789e+02 1.923196e+02 8.164675e+02
1753  9.767697e+01 7.581701e+02 6.934212e+02
2258  8.805599e+02 4.276690e+02 9.847369e+02
1937  7.205820e+02 8.559641e+02 6.196945e+02
2080  8.801666e+02 1.747824e+02 8.817894e+02
1725  9.947607e+02 7.512512e+02 4.571628e+02
2969  5.525317e+02 1.756132e+02 6.179521e+01
278  1.311749e+02 3.469014e+02 9.853858e+02
1596  9.923652e+02 8.176506e+01 7.945770e+01
2422  3.032902e+02 2.415345e+02 6.393703e+02
1837  5.445872e+02 5.423911e+02 5.199125e+02
1933  3.490768e+02 9.375333e+02 2.890445e+02
896  3.036494e+02 7.484683e+02 1.418974e+02
828  4.030893e+02 4.663939e+02 9.840783e+02
2384  3.534684e+02 4.631959e+02 1.754820e+02
1257  1.168362e+02 9.880157e+02 8.930609e+02
1092  5.653164e+02 9.712123e+02 6.937923e+01
2680  4.121300e+02 5.437478e+02 4.871017e+01
642  8.666738e+02 1.984086e+02 8.556700e+02
2021  7.214277e+02 5.023377e+02 9.485309e+02
2686  6.612330e+02 1.682928e+02 5.432753e+02
1129  6.039602e+02 2.171256e+02 6.379749e+02
208  9.062175e+02 7.003549e+02 5.949162e+02
1588  7.292961e+02 7.996519e+02 6.529269e+02
1626  5.506699e+02 3.095293e+02 8.537918e+02
620  7.180098e+02 2.393661e+02 6.959236e+02
193  1.343868e+02 8.110515e+02 8.374452e+02
1137  3.796770e+02 3.491588e+02 3.580833e+02
897  6.424768e+02 2.579995e+02 2.750981e+02
1061  6.527468e+02 8.918705e+02 9.467115e+02
2404  4.685920e+02 1.732973e+02 9.467469e+02
2504  1.137884e+02 3.767473e+02 8.855585e+02
2156  5.804612e+02 9.475130e+01 6.287944e+02
1167  2.573650e+02 8.684374e+02 8.183231e+01
1222  8.242941e+02 2.049377e+02 2.931998e+02
724  6.945896e+01 8.392361e+01 6.223954e+02
2459  2.573421e+02 3.152724e+02 1.048546e+02
1594  2.804371e+02 5.837845e+02 5.870668e+02
1417  9.468140e+02 7.211487e+02 8.649107e+02
501  3.365569e+02 7.722780e+02 3.838170e+02
1267  9.602264e+02 4.175777e+02 5.032571e+02
2960  3.848948e+02 4.170696e+02 2.419176e+02
1230  6.776888e+02 8.210817e+02 1.709568e+02
421  4.179747e+02 9.254275e+02 2.125401e+02
2773  7.281935e+02 5.803370e+02 8.879557e+02
2013  3.594358e+02 5.126578e+02 2.110076e+02
629  3.315729e+02 7.385596e+02 4.179090e+02
1764  2.016799e+02 3.815154e+02 6.896438e+02
2091  9.964814e+02 9.174612e+02 5.371034e+02
2734  7.573129e+02 2.806937e+02 6.149455e+02
678  2.270049e+02 4.401926e+02 1.894279e+02
2171  5.945157e+02 2.296348e+02 3.083793e+01
340  2.930387e+02 8.731429e+02 8.585685e+01
2184  4.114937e+02 9.949532e+01 5.026373e+02
419  3.699053e+02 4.883389e+02 2.516644e+02
1868  4.405219e+01 1.343310e+02 9.426090e+02
1124  9.565893e+02 9.794320e+02 1.138459e+02
2087  5.155196e+02 6.679301e+02 6.808262e+02
2413  6.143218e+02 7.814586e+02 2.748846e+02
2656  5.702073e+02 8.018552e+02 3.274465e+02
2362  2.652172e+02 3.160366e+02 9.573226e+02
615  1.371434e+02 1.543371e+02 9.631617e+02
1243  2.489004e+02 4.764579e+02 4.379069e+02
2675  4.533210e+02 4.541810e+02 3.532444e+02
852  9.278261e+02 7.967474e+02 6.374300e+02
1248  7.089733e+02 8.948702e+02 1.743938e+00
3032  1.159253e+02 2.317537e+02 5.796846e+02
1724  9.906729e+02 9.335286e+02 7.061382e+02
2801  6.786571e+02 1.611223e+02 8.308205e+02
484  1.841571e+02 7.612499e+02 9.266201e+01
2898  8.218524e+02 6.005081e+01 4.159153e+02
2119  6.500189e+02 3.894015e+02 6.530251e+02
2961  3.237755e+02 3.855717e+02 1.592261e+02
839  5.817737e+02 2.888557e+02 4.187803e+02
775  9.015151e+02 6.563889e+02 6.427781e+02
2009  7.365516e+02 1.608863e+02 4.261654e+02
1477  8.008615e+02 2.864025e+02 8.143247e+02
2962  2.929158e+02 3.134084e+02 4.745245e+02
2200  6.893423e+02 4.638629e+02 5.753920e+02
1309  7.563743e+02 9.613566e+02 3.364694e+02
1322  2.670298e+02 2.914552e+02 1.373380e+02
2863  9.483430e+02 4.951427e+02 6.507457e+02
1333  7.033437e+02 4.731979e+02 7.269144e+02
1883  1.258247e+02 4.509197e+02 8.877327e+02
2237  8.528124e+02 2.676353e+02 6.226782e+02
669  9.122340e+02 7.055061e+02 7.334131e+02
1955  2.359211e+02 6.166070e+01 1.355726e+02
2320  2.440052e+02 8.718909e+02 7.323618e+02
2758  2.608600e+02 7.030842e+02 3.799587e+02
1393  6.299698e+02 4.783982e+02 1.663396e+02
2238  2.687889e+02 6.826843e+02 2.228932e+02
1127  4.605323e+02 9.637171e+02 1.075551e+02
3021  7.023799e+02 2.556014e+02 3.642172e+02
423  6.867725e+02 3.865771e+02 4.791642e+02
2019  6.588413e+02 3.800922e+02 8.251904e+02
165  8.531547e+02 7.874421e+02 2.598578e+02
2713  5.863544e+02 8.173014e+02 8.302271e+02
1944  2.536801e+01 8.329754e+02 9.637286e+01
1350  6.841363e+02 9.462032e+02 6.206891e+02
210  5.989375e+02 9.015110e+02 1.424821e+02
521  6.207767e+02 5.387500e+02 3.378394e+02
10  7.858156e+02 5.668038e+02 3.513616e+02
139  4.032288e+02 5.653915e+02 3.445068e+02
1347  6.202197e+02 6.500432e+02 2.948277e+02
2871  7.379365e+02 5.071283e+02 9.965931e+02
1358  6.491638e+02 7.114654e+01 3.263387e+02
2571  5.962250e+02 3.509060e+02 8.098420e+02
1113  8.381241e+02 1.394945e+02 2.483556e+02
3001  7.234852e+02 9.828640e+01 9.761057e+02
2298  5.054537e+01 9.154874e+02 5.928771e+02
2573  1.067703e+02 2.189665e+02 5.121890e+01
2370  6.877523e+02 5.903038e+02 9.809648e+02
662  8.065349e+02 4.637973e+02 5.122428e+02
1349  5.432430e+02 6.286059e+02 7.556166e+02
552  8.655362e+02 6.482825e+02 5.821207e+02
531  7.135211e+02 9.846000e+02 6.129182e+02
293  7.214372e+02 6.359453e+02 6.731856e+02
571  8.892468e+02 8.593439e+02 6.921227e+02
257  6.725458e+02 8.307509e+02 7.366109e+02
831  2.751488e+02 6.701955e+01 5.471191e+02
2275  1.052566e+02 5.818685e+02 1.599847e+02
3020  7.703962e+02 8.101183e+01 7.755002e+02
2412  5.294739e+02 3.471061e+02 8.187314e+02
1897  5.641008e+02 7.752446e+02 8.374626e+02
2110  9.242148e+02 8.791906e+02 9.587261e+02
2214  8.974586e+02 2.132193e+02 4.830064e+02
2566  4.123704e+02 7.498317e+02 9.199708e+02
2306  6.592787e+02 8.674352e+02 9.486821e+02
1469  9.977605e+01 1.551357e+02 8.445939e+02
2584  9.024211e+02 3.106873e+02 9.355262e+02
1550  4.939260e+01 6.627814e+01 7.296523e+02
693  8.961443e+02 5.641485e+02 7.755533e+02
1800  4.037881e+02 9.772653e+02 2.356291e+02
1690  9.026983e+02 2.958455e+02 9.437705e+01
2201  7.086824e+02 9.555586e+02 3.563616e+02
2336  4.176914e+02 2.754827e+02 1.509543e+02
2343  5.596401e+02 4.905813e+02 5.393390e+01
2235  4.875797e+02 2.584840e+02 1.140935e+02
2418  9.520449e+02 8.173036e+02 1.811204e+01
1999  2.277450e+02 9.855587e+02 5.152827e+02
1449  6.647095e+02 2.104881e+02 8.802737e+02
1382  5.169263e+02 9.260200e+02 3.893928e+02
2301  2.575112e+02 6.087174e+02 1.511427e+02
1527  9.940107e+02 9.711393e+02 1.488133e+01
1295  6.162115e+02 5.887690e+02 9.549360e+02
977  8.389301e+02 3.734512e+02 2.022192e+02
1201  2.727621e+02 4.964915e+01 9.670406e+01
2339  4.512950e+02 9.909276e+02 3.039408e+02
2620  9.964796e+02 8.902592e+02 4.910700e+02
2531  3.968297e+02 1.335659e+02 5.095155e+02
1554  4.386141e+02 3.540418e+02 9.260053e+01
757  3.333145e+02 8.668569e+02 7.113141e+02
18  4.575339e+02 4.304237e+02 4.850250e+02
706  3.274107e+02 6.532263e+02 2.905319e+02
566  7.064785e+02 8.305045e+02 5.066200e+02
443  4.867583e+02 7.388381e+02 1.767114e+01
2975  9.330571e+02 4.938165e+01 1.957091e+02
624  2.375084e+02 1.845037e+02 1.371037e+02
1964  4.814399e+02 3.840953e+02 8.015162e+02
628  1.937933e+02 5.569604e+02 5.124453e+02
1987  4.367893e+01 4.382582e+02 6.558998e+02
1468  2.275305e+02 2.133309e+02 2.727551e+02
2608  6.703149e+02 1.796788e+02 7.531350e+02
274  7.490135e+01 7.707406e+02 5.406883e+02
1205  5.766855e+02 4.632476e+01 5.406483e+02
175  5.633844e+02 7.789646e+02 9.005679e+02
2774  5.945945e+02 7.056456e+02 7.710761e+02
1328  9.641542e+02 5.416702e+02 2.973354e+02
1408  7.990402e+02 9.665886e+01 6.868006e+02
1982  3.182556e+02 8.162214e+02 6.347426e+02
2793  3.008517e+02 5.821205e+02 6.289777e+02
560  3.329376e+02 8.061413e+02 1.172047e+02
2241  3.657210e+02 9.430803e+02 2.159830e+02
862  9.253804e+01 9.288222e+02 6.265599e+02
2679  7.803283e+02 3.286913e+02 7.131163e+02
674  6.484376e+02 1.865310e+02 6.382256e+02
2046  8.201828e+02 8.834702e+02 4.070556e+02
690  8.209145e+02 7.858758e+02 9.569763e+02
2155  5.092615e+02 8.851224e+02 7.140825e+02
675  5.653135e+02 3.804291e+02 7.109877e+02
1179  2.347307e+02 2.727910e+02 4.907116e+02
366  3.916144e+02 7.290439e+02 5.245454e+01
840  9.755505e+02 2.044088e+02 4.032854e+01
377  3.425923e+02 4.072266e+02 8.235127e+02
2612  7.424792e+02 4.224600e+02 9.209517e+02
654  6.585414e+02 5.432063e+02 8.591452e+02
1622  3.973600e+02 9.715267e+02 4.946150e+02
1494  6.071310e+02 1.722274e+02 6.944225e+02
1431  1.203560e+02 8.677012e+02 9.095350e+02
414  4.074082e+01 4.505189e+02 8.686066e+02
1459  5.319781e+02 8.714528e+02 8.089208e+02
195  5.451914e+02 4.484348e+02 3.405094e+02
667  9.139510e+01 8.823095e+02 7.714760e+02
1533  6.602244e+02 2.208472e+01 4.100436e+02
1132  6.564797e+02 5.700470e+02 3.814671e+02
858  2.638169e+02 3.207274e+02 2.807721e+02
2523  6.432581e+02 3.863777e+02 3.802098e+01
83  2.916401e+02 7.881684e+02 3.746853e+02
1755  3.192842e+02 3.330430e+01 4.670344e+02
2633  8.992900e+02 4.538928e+02 6.422828e+02
267  1.403018e+02 2.260658e+02 8.019902e+01
1219  3.408299e+02 8.862686e+02 9.983185e+02
2739  6.798389e+02 6.938409e+02 2.891494e+02
58  6.756104e+02 7.335029e+01 2.243512e+02
2540  5.661752e+02 2.177804e+02 1.974749e+02
368  3.863327e+02 9.958738e+02 8.646761e+02
2826  4.927911e+02 6.869224e+02 8.042152e+02
1752  8.337041e+01 5.044830e+02 4.535312e+02
1844  4.577097e+02 7.261388e+02 6.088727e+02
395  6.753651e+02 9.948086e+01 8.112926e+02
1301  8.556614e+02 3.332188e+02 1.995569e+02
1319  6.313820e+02 1.845490e+02 8.130641e+02
692  1.131395e+02 6.821780e+02 6.524178e+02
446  2.169281e+02 4.010125e+02 1.838138e+02
1525  6.976192e+02 7.520856e+02 6.819484e+02
2416  8.067555e+02 9.442284e+02 7.319044e+02
2873  5.182004e+02 9.426501e+02 5.630560e+02
1733  6.117169e+02 2.843123e+02 2.282711e+02
549  8.107781e+02 1.190929e+02 1.348963e+02
2782  1.154232e+02 5.167557e+02 5.968380e+02
1482  6.693909e+02 7.767678e+02 7.879495e+02
1590  4.796193e+02 3.912225e+02 2.503086e+02
1196  5.977217e+02 9.160920e+02 8.802836e+02
11  6.983279e+02 9.833414e+02 6.701134e+02
57  8.860249e+02 4.897106e+02 5.974891e+01
699  3.455034e+02 8.794701e+01 8.410098e+02
656  5.282576e+01 2.832433e+02 4.728249e+01
1282  9.248668e+02 6.146876e+02 4.735858e+02
108  5.464854e+02 7.319581e+02 2.724010e+01
466  8.496890e+02 3.241613e+01 8.980177e+01
3060  6.899404e+02 8.509794e+02 4.488154e+02
1881  1.342020e+02 1.617853e+02 1.486404e+02
8  3.855189e+02 2.217327e+02 5.649984e+02
2140  7.242211e+02 7.331909e+02 1.709045e+02
324  1.757296e+01 5.724852e+02 2.149917e+02
1195  7.703743e+02 1.578222e+02 4.109927e+02
27  3.002096e+02 9.444526e+02 5.056021e+02
817  6.951092e+02 3.453857e+02 2.507276e+02
24  7.744509e+02 7.749783e+01 6.498484e+02
454  6.763809e+02 8.082723e+02 6.128206e+02
441  8.656944e+02 3.670947e+02 7.184526e+02
1440  7.364807e+02 1.821785e+02 8.745497e+02
874  2.160414e+02 3.311976e+02 9.049701e+02
407  4.435437e+02 1.573932e+02 2.094584e+02
2889  4.423745e+02 2.323950e+02 4.369770e+02
1942  1.567548e+02 6.385486e+02 6.046758e+02
2065  9.127662e+02 9.260411e+02 9.630982e+02
2591  8.760782e+02 7.733304e+00 1.088691e+02
1421  3.527597e+02 2.069964e+02 7.934537e+02
1083  4.893738e+02 5.591707e+01 1.156757e+02
1017  8.533774e+02 8.074257e+02 1.985334e+02
2687  7.851517e+02 1.053783e+02 3.707917e+02
1559  6.592906e+02 5.727271e+01 2.744092e+02
2711  5.928141e+02 5.360093e+02 3.630396e+02
2938  4.067028e+02 7.800868e+02 6.559818e+01
462  1.702540e+02 7.287549e+02 3.282043e+02
2910  9.002149e+02 5.904478e+02 5.734258e+02
329  3.867079e+02 6.985915e+02 6.712036e+02
534  3.927504e+02 3.428218e+01 7.062802e+02
107  7.192822e+02 4.399722e+02 7.094944e+02
3056  4.970022e+02 6.158904e+02 8.839104e+02
595  6.991519e+02 9.890082e+02 8.738129e+02
1424  8.971935e+02 8.713784e+00 2.522917e+02
1893  8.734180e+02 2.667115e+02 5.226129e+02
600  8.477711e+02 2.629962e+02 4.572837e+02
32  3.540989e+01 5.222458e+02 2.330406e+02
1268  3.478537e+02 7.645657e+02 6.962388e+02
2198  7.392609e+02 3.382808e+02 2.620566e+02
1664  7.417070e+02 2.490102e+02 6.180625e+02
2809  7.986943e+02 7.841165e+02 5.970149e+02
2549  7.198002e+02 9.398754e+02 2.127967e+02
2131  7.884476e+02 6.796544e+02 1.589419e+02
425  1.697505e+01 8.530110e+02 5.294474e+02
985  9.611370e+02 2.567000e+02 2.855028e+02
2530  4.750104e+01 8.896885e+02 1.673203e+02
1963  7.595336e+02 3.282758e+02 9.677053e+02
2865  9.103291e+02 2.790457e+02 7.766567e+00
1147  3.419029e+02 7.802072e+02 3.339256e+02
1018  2.891886e+02 2.066294e+02 3.908028e+02
200  5.032896e+01 8.421833e+02 3.735728e+02
1161  6.878251e+02 7.193062e+02 1.173552e+01
140  2.727787e+02 9.026509e+02 5.157675e+02
1122  2.003332e+02 1.884718e+02 7.659367e+02
720  2.482111e+02 8.853476e+02 8.992203e+02
2741  6.840626e+02 6.143481e+02 2.498116e+02
1823  3.485556e+02 5.660695e+02 3.857560e+02
2538  8.933743e+02 3.291595e+02 1.180001e+02
1406  5.300849e+02 3.607854e+01 4.765334e+02
2146  1.673859e+01 8.048301e+02 7.060657e+02
198  4.585099e+02 8.906867e+02 2.507493e+02
848  8.884304e+02 4.121925e+02 8.128194e+02
2671  4.795252e+02 2.404334e+01 2.195356e+02
1731  4.404541e+02 6.156972e+02 9.055651e+02
2406  4.151695e+02 7.817747e+02 8.199571e+02
391  6.511422e+02 6.643627e+02 7.798087e+02
2309  7.117339e+02 6.348797e+02 8.847432e+02
824  7.196237e+02 9.336577e+02 6.321567e+02
2690  5.502437e+02 3.812614e+02 8.695914e+02
1548  5.499885e+02 8.154001e+02 2.051675e+02
2934  4.309824e+02 1.064300e+02 6.497197e+02
1707  2.599032e+02 5.621436e+02 6.391393e+02
2247  5.935906e+02 2.867264e+02 9.421216e+02
166  6.682922e+02 6.303498e+02 6.221416e+00
1228  5.600262e+02 3.057311e+02 6.481278e+02
2883  1.698614e+02 8.015475e+02 4.866689e+02
1771  4.652626e+02 6.555234e+02 6.497727e+02
1659  8.447753e+02 5.311232e+02 7.359664e+02
574  9.505023e+02 6.833127e+02 8.345285e+02
698  7.402267e+02 8.176435e+02 2.313417e+02
754  1.996317e+02 6.682881e+02 8.714413e+02
2083  7.466375e+02 1.160750e+02 4.141203e+02
2932  1.061769e+01 9.151852e+02 2.466319e+02
2032  9.731078e+02 6.182573e+02 5.706210e+01
2757  8.595250e+02 3.755009e+02 9.765133e+02
2056  9.694545e+02 4.222312e+02 2.797557e+02
2045  5.391522e+01 1.192685e+01 9.537853e+02
605  4.691262e+02 6.503607e+02 7.151716e+02
2569  5.698353e+02 3.360709e+02 8.621116e+02
1830  3.471862e+01 6.841093e+02 7.523913e+01
1379  3.677461e+02 9.583605e+02 1.345431e+02
19  5.022669e+02 2.384882e+02 8.103668e+02
707  3.418368e+02 3.415753e+02 2.896865e+02
1506  8.433328e+02 7.115549e+01 9.378596e+02
2340  5.557137e+02 1.224424e+02 6.678046e+01
1250  8.825312e+02 9.316342e+02 7.093837e+01
374  7.876760e+02 5.322435e+02 5.090409e+02
1215  4.212042e+01 3.479964e+02 4.522760e+02
2460  3.099036e+02 3.049464e+02 3.007927e+02
1818  5.889301e+02 8.038779e+02 6.141628e+02
721  2.299063e+01 2.820577e+02 1.425723e+02
1970  2.049711e+02 6.854141e+02 5.616336e+02
545  8.644028e+02 1.398342e+02 9.892965e+02
1277  6.562133e+02 3.362043e+01 4.982181e+02
1  3.797749e+02 9.932289e+02 6.397996e+02
1988  8.784656e+02 9.019570e+02 4.624615e+02
2267  5.594965e+02 5.420460e+02 3.489345e+02
2654  5.548901e+02 9.395271e+02 8.014468e+02
2263  5.639061e+02 4.479884e+02 7.424317e+02
1614  6.546844e+02 4.923076e+02 5.409158e+01
1953  5.801906e+02 7.501047e+02 1.311525e+02
1684  9.668389e+02 7.816188e+02 4.315554e+01
640  5.097832e+01 2.625703e+02 1.882199e+02
893  2.420354e+02 8.072856e+02 8.945782e+02
1031  8.349892e+02 9.954510e+02 3.314156e+02
917  5.172478e+02 1.362172e+02 5.761953e+02
2051  3.631224e+02 4.264188e+02 4.766469e+02
2895  4.865639e+02 6.354405e+02 2.016409e+01
981  2.658466e+02 3.965406e+02 9.373974e+02
2369  6.358503e+02 7.341570e+02 1.408038e+02
353  6.363488e+02 3.163427e+02 4.938355e+02
1795  5.580395e+01 7.249537e+02 1.897271e+02
888  7.662793e+02 8.328038e+02 3.194968e+02
2243  7.214663e+02 8.605931e+00 2.637658e+01
91  1.336969e+02 7.213936e+02 4.393666e+00
2067  7.464806e+01 1.478720e+02 5.422386e+02
2438  3.332749e+02 4.949337e+02 8.032615e+02
326  9.895173e+02 6.718892e+02 8.352986e+02
253  6.571108e+01 4.956922e+02 2.499030e+02
2317  5.368285e+01 8.417400e+02 2.433123e+02
71  2.022259e+02 6.987842e+02 8.100193e+02
2951  9.779817e+01 5.392654e+01 3.168690e+02
460  1.636811e+01 2.935932e+01 9.516373e+02
811  5.292881e+02 4.793931e+02 8.149597e+01
2224  8.403395e+02 7.606391e+02 4.287281e+02
2354  2.913918e+01 6.989117e+02 2.869534e+02
2500  6.192415e+02 7.266582e+02 2.060672e+02
336  8.345522e+02 9.802634e+02 5.023880e+02
738  4.152013e+02 8.062046e+02 7.809354e+02
1213  5.544101e+02 3.203628e+02 7.983494e+02
1183  3.826457e+02 8.885556e+02 1.942595e+02
37  4.520009e+02 9.120364e+02 8.182773e+02
950  9.764845e+02 4.818935e+02 3.122198e+02
562  8.917824e+02 6.840060e+02 2.646089e+02
1085  5.773621e+02 6.861145e+02 8.518627e+00
2055  4.513470e+02 6.594578e+02 4.029670e+02
80  9.022078e+02 7.104383e+02 3.011216e+02
2297  7.923156e+02 5.296691e+02 7.414628e+02
216  5.294458e+02 7.028596e+01 5.366976e+02
1386  1.461177e+02 5.845349e+02 4.019652e+02
1178  2.477594e+02 1.837496e+02 3.190180e+02
1736  7.977370e+02 9.399030e+02 8.234023e+02
1701  8.443250e+02 5.886092e+02 9.025710e+02
2783  2.007672e+02 6.563904e+02 6.132690e+02
345  1.454366e+02 1.753837e+02 9.778322e+02
1869  2.040602e+02 9.844042e+02 2.609797e+02
1009  4.578613e+01 4.831616e+02 5.051577e+02
2520  6.646833e+02 2.533424e+01 6.823701e+02
69  7.681961e+02 3.142049e+02 3.143774e+02
409  5.968597e+01 7.386362e+02 4.457541e+02
78  8.152342e+02 2.502311e+02 5.276196e+02
800  4.972333e+01 5.559001e+02 8.094691e+02
2042  5.826917e+01 3.031980e+02 1.347221e+02
1867  1.643097e+02 8.751844e+01 7.672205e+02
1366  3.028700e+02 5.802079e+02 3.817714e+02
1783  2.661134e+02 7.544572e+01 8.270982e+02
3033  1.311114e+02 3.210867e+01 5.107036e+02
1544  2.591578e+02 8.448895e+02 8.531390e+02
2786  8.821453e+02 7.460955e+02 5.496544e+02
191  7.914592e+02 2.467076e+01 9.989550e+02
2779  2.313873e+02 4.912849e+02 8.271072e+01
2702  1.650078e+02 9.789815e+02 6.835305e+02
2443  6.074387e+02 4.106954e+02 5.939495e+02
700  2.192830e+02 5.736086e+02 9.994155e+02
2453  1.458244e+02 4.434012e+02 9.854838e+02
2159  6.198032e+02 3.290349e+02 5.437148e+01
1218  4.617473e+02 8.489266e+02 2.179896e+02
2854  7.084290e+02 5.374420e+02 7.594907e+02
1721  2.307060e+02 4.990343e+00 2.882355e+02
868  6.123965e+02 9.015272e+02 6.182819e+02
1598  2.136136e+02 3.618616e+01 1.827047e+02
2120  6.889448e+02 2.805179e+02 8.282773e+02
2105  6.014146e+02 3.225094e+02 9.863010e+01
318  8.895936e+02 6.773023e+02 3.452870e+02
505  7.092755e+02 8.668213e+02 2.238760e+02
1111  2.133316e+02 8.549038e+02 6.132789e+02
2464  5.497324e+02 5.505270e+02 6.498731e+02
3011  9.444246e+02 6.449331e+02 7.870716e+02
498  5.294321e+02 7.587629e+02 7.899620e+02
2676  4.466614e+02 4.717868e+02 2.845722e+02
943  4.137928e+02 7.134993e+02 5.731649e+02
867  6.983356e+02 3.427502e+02 3.646021e+02
663  5.676434e+02 4.804191e+02 1.953974e+02
2776  1.490306e+02 2.218290e+02 6.453816e+02
46  4.433193e+02 9.477468e+02 9.308839e+02
3048  7.656917e+02 8.058981e+01 5.965185e+02
2107  6.252716e+02 6.489308e+02 5.991714e+02
464  7.648997e+02 4.152344e+02 5.789576e+02
1748  6.635046e+02 7.796271e+02 4.435294e+02
1636  4.673984e+02 5.309821e+02 9.811188e+02
1286  2.987967e+02 8.702681e+02 7.431978e+02
1081  2.893876e+02 5.390923e+02 3.837396e+02
2972  5.774666e+02 4.131932e+01 9.681871e+02
909  8.603579e+02 7.974608e+02 4.606927e+02
2012  8.484375e+02 5.511703e+02 5.999790e+02
1727  4.100577e+02 8.427726e+01 1.744317e+02
1694  6.700955e+02 3.316476e+02 1.208708e+02
2249  7.005575e+02 7.775626e+02 9.224362e+02
1430  2.758961e+01 9.294903e+02 4.552620e+02
1450  5.820663e+02 3.951060e+02 3.799153e+02
2004  9.381771e+02 3.739529e+02 8.251566e+02
3058  5.422145e+02 7.628000e+02 5.569697e+02
1233  9.855723e+02 5.419692e+02 9.467687e+02
767  1.087413e+02 2.679672e+01 7.308650e+02
410  8.569814e+02 3.490530e+02 4.466623e+02
3022  7.490128e+02 1.361820e+02 6.867647e+02
1847  5.874072e+02 1.966839e+02 1.040871e+02
3008  2.393882e+02 1.445878e+01 1.298944e+02
1698  2.615372e+01 9.961246e+01 3.985637e+02
2513  8.609077e+02 3.100468e+02 4.660350e+02
1492  2.569415e+02 9.072555e+02 3.484689e+02
788  4.194626e+02 5.518129e+02 5.969508e+02
2366  6.712244e+02 5.027385e+00 5.909140e+02
159  1.467952e+02 8.142739e+02 7.308607e+01
665  1.077355e+02 3.777308e+02 8.029874e+02
1672  1.663266e+02 6.139808e+02 4.360865e+02
2348  7.230164e+02 9.489465e+02 4.582680e+02
865  8.226528e+02 8.574402e+02 6.734825e+02
1546  9.745042e+02 2.095639e+02 5.957256e+02
1973  8.186545e+01 7.641873e+02 3.307788e+02
2363  2.943637e+02 6.039316e+02 7.437834e+02
1785  4.382359e+02 6.717263e+02 1.907908e+00
2295  8.746468e+01 5.469479e+02 9.114294e+02
980  9.765992e+02 9.725386e+01 3.806211e+02
389  1.828169e+02 1.745705e+02 5.823405e+02
2116  4.434106e+02 4.352879e+02 7.139248e+02
1381  6.742297e+02 9.536008e+02 6.713919e+02
1441  4.943291e+02 6.530920e+02 2.199858e+02
1685  9.661055e+02 6.885098e+02 4.047300e+02
746  3.326301e+01 4.772426e+02 2.878620e+02
1426  6.675960e+02 9.184750e+02 6.549741e+02
2647  8.810649e+00 8.834570e+02 2.278534e+02
303  1.458924e+02 1.714897e+01 1.384035e+02
1442  3.838573e+01 4.000489e+01 5.855628e+02
1886  6.526830e+01 8.350735e+02 6.694876e+02
1898  2.137196e+02 1.917388e+02 2.139165e+02
2536  4.048144e+02 7.693933e+02 6.402833e+02
1121  5.758737e+02 6.923898e+02 6.310861e+01
1717  5.830652e+02 4.545636e+02 2.274549e+02
2791  3.985204e+02 4.223930e+02 6.531586e+02
2522  5.777689e+02 1.829365e+02 8.960967e+02
1318  8.661682e+02 1.110698e+02 6.877081e+02
713  6.474189e+01 2.421410e+02 6.957531e+02
1667  6.416859e+02 9.484775e+02 5.780605e+02
3055  5.876173e+02 6.247845e+02 2.094164e+02
1427  5.295842e+02 8.780258e+02 4.102369e+02
1293  3.467995e+02 3.909876e+02 8.606392e+02
3059  6.159783e+02 7.557266e+02 7.354829e+00
1383  9.841299e+02 1.343062e+02 7.762883e+02
2447  5.647475e+02 8.191761e+02 7.176428e+02
2043  1.470173e+02 2.062302e+02 6.120244e+02
163  9.640235e+02 5.387809e+01 4.359476e+02
1740  8.731152e+02 6.228263e+02 8.954094e+02
770  7.855078e+02 6.204729e+02 1.469195e+02
2079  3.174614e+02 9.170283e+02 9.358085e+02
1775  6.023713e+02 8.344799e+02 1.890375e+02
555  9.442372e+02 6.008284e+02 5.955031e+02
511  8.900092e+02 5.879532e+02 3.193536e+02
2101  3.671691e+02 7.663800e+02 1.881649e+02
3047  4.013611e+02 7.634861e+02 8.681763e+02
2288  5.193536e+02 6.163239e+02 1.915081e+02
2179  2.244250e+02 5.091327e+02 1.450326e+02
2762  8.590785e+02 2.072877e+02 7.553848e+02
915  9.265470e+02 6.915422e+02 4.992629e+02
1371  9.157439e+02 1.258059e+02 5.520240e+02
470  6.245309e+02 5.503782e+01 9.599875e+02
