generateMock 0
opening multidark file /home/giovanni/Desktop/Codes/Voronoi_postprocess/test/data/box/examples//example_simulation_z0.0.dat
Hubble = 0.6962
Boxsize = 999.983
Omega_M = 0.284798
Omega_Lambda = 0.715202
Subsample fraction: 1
Analyzing and selecting targets in file number 1 / 1
loading multidark particles
min[0] = 0.000490534, max[0] = 999.981
min[1] = 0.00147801, max[1] = 999.97
min[2] = 0.00120924, max[2] = 999.982
Using base redshift z=0 2.66847
Comoving distance = 0 Mpc/h
Range of z: 0.00 - 999.98
SELECTBOX: Num accepted here = 392161 / input = 392165 (after resubsampling)
Min range = 0 0 0
Max range = 999.983 999.983 999.98
Number of accepted particles: 392161
Rescaling factors = 0.00100002 0.00100002 0.00100002
Done!
Building box from particles in 1 / 1
loading multidark particles
min[0] = 0.000490534, max[0] = 999.981
min[1] = 0.00147801, max[1] = 999.97
min[2] = 0.00120924, max[2] = 999.982
Using base redshift z=0 2.66847
Comoving distance = 0 Mpc/h
Range of z: 0.00 - 999.98
Generating output particles to /home/giovanni/Desktop/Codes/Voronoi_postprocess/test/data/box/examples/example_simulation//sim_ss1.0//sample_sim_ss1.0_z0.00_d00//zobov_slice_sim_ss1.0_z0.00_d00_ss1.0
Writing X components...
Writing Y components...
Writing Z components...
Writing RA...
Writing Dec...
Writing redshift...
Writing unique ID...
Done! 1.00e+00
