generateFromCatalog alpha
Loading data /home/giovanni/Desktop/Codes/Voronoi_postprocess/test/data/lightcone/examples/example_observation.dat...
Loading mask...
Placing galaxies...
Galaxy position generated: 164647 galaxies
box is -433.223 < x < 432.653;  -433.223 < y < 432.653;   -433.223 < z < 432.653
Generate surface mask...
Rmax is 433.223, surface volume is 0.044342
3d volume to fill: 1.51022e+07 (Mpc/h)^3
Will insert 755110 particles
 ..   5 %
 ..  10 %
 ..  15 %
 ..  20 %
 ..  25 %
 ..  30 %
 ..  35 %
 ..  40 %
 ..  45 %
 ..  50 %
 ..  55 %
 ..  60 %
 ..  65 %
 ..  70 %
 ..  75 %
 ..  80 %
 ..  85 %
 ..  90 %
 ..  95 %
Done. Inserted 794731 particles.
Writing X components...
Writing Y components...
Writing Z components...
Writing RA...
Writing Dec...
Writing Redshift...
Writing Unique ID...
Done!
