Pruning parameters: 0.100000 0.150000 6.562950 

 Getting info...
 Range xmin -4.332235e+02
 Range xmax 4.332235e+02
 Range ymin -4.332235e+02
 Range ymax 4.332235e+02
 Range zmin -4.332235e+02
 Range zmax 4.332235e+02

 Loading particles...
 VOL NORM = 0.001475
 CENTRAL DEN = 0.000000
 Read 959378 particles (0.02 sec)...
 Loading voids...
 Loading void-zone membership info...
 Loading particle-zone membership info...
 Loading particle volumes...
 Read voids (0.01 sec)...
 Re-loading voids and building tree..
Number of particles = 164647
Number of zones = 77640
Zoned 164647
Minimum number of particles in zone = 1
Maximum number of particles in zone = 941
Number of voids = 77640
Loading description
Done loading
Linking voids together...
0
1000
2000
3000
4000
5000
6000
7000
8000
9000
10000
11000
12000
13000
14000
15000
16000
17000
18000
19000
20000
21000
22000
23000
24000
25000
26000
27000
28000
29000
30000
31000
32000
33000
34000
35000
36000
37000
38000
39000
40000
41000
42000
43000
44000
45000
46000
47000
48000
49000
50000
51000
52000
53000
54000
55000
56000
57000
58000
59000
60000
61000
62000
63000
64000
65000
66000
67000
68000
69000
70000
71000
72000
73000
74000
75000
76000
77000
maximum depth is 2
Average children by node 0.999987 , 77640 77640 77640 0 1
 Re-read voids (0.05 sec)...
 Computing void properties...
  DOING 0 (of 1179) 20720 8 9.963743
  DOING 1 (of 1179) 60931 3 6.709746
  DOING 2 (of 1179) 27713 4 7.901868
  DOING 3 (of 1179) 50987 4 7.051453
  DOING 4 (of 1179) 9287 6 8.779352
  DOING 5 (of 1179) 1132 11 8.782758
  DOING 6 (of 1179) 3346 9 9.770696
  DOING 7 (of 1179) 54962 2 6.347147
  DOING 8 (of 1179) 11640 3 6.592700
  DOING 9 (of 1179) 3023 4 6.317745
  DOING 10 (of 1179) 41776 4 6.901765
  DOING 11 (of 1179) 10793 3 6.250364
  DOING 12 (of 1179) 40803 4 6.353185
  DOING 13 (of 1179) 9096 10 8.287806
  DOING 14 (of 1179) 49321 5 5.713492
  DOING 15 (of 1179) 10852 3 5.419896
  DOING 16 (of 1179) 55290 19 9.025463
  DOING 17 (of 1179) 900 3 5.020655
  DOING 18 (of 1179) 67735 7 5.461150
  DOING 19 (of 1179) 50720 7 6.106325
  DOING 20 (of 1179) 1151 5 6.287606
  DOING 21 (of 1179) 35722 7 6.274767
  DOING 22 (of 1179) 75603 8 8.152834
  DOING 23 (of 1179) 47481 3 5.454917
  DOING 24 (of 1179) 45226 3 5.203888
  DOING 25 (of 1179) 1438 7 6.335948
  DOING 26 (of 1179) 54150 17 7.719408
  DOING 27 (of 1179) 45314 4 5.548038
  DOING 28 (of 1179) 19188 12 6.419834
  DOING 29 (of 1179) 36805 6 6.071792
  DOING 30 (of 1179) 69051 4 6.247156
  DOING 31 (of 1179) 20593 5 6.584551
  DOING 32 (of 1179) 56856 12 6.464993
  DOING 33 (of 1179) 25482 2 4.612302
  DOING 34 (of 1179) 22927 4 5.069220
  DOING 35 (of 1179) 1421 5 5.451321
  DOING 36 (of 1179) 7750 12 6.255209
  DOING 37 (of 1179) 51261 6 6.832174
  DOING 38 (of 1179) 44360 2 4.441081
  DOING 39 (of 1179) 59778 7 6.359753
  DOING 40 (of 1179) 54072 2 4.950334
  DOING 41 (of 1179) 48872 3 5.334180
  DOING 42 (of 1179) 42268 3 4.616756
  DOING 43 (of 1179) 28473 3 4.635095
  DOING 44 (of 1179) 28178 2 4.267559
  DOING 45 (of 1179) 1437 6 5.532826
  DOING 46 (of 1179) 55830 2 4.226504
  DOING 47 (of 1179) 55014 6 5.345375
  DOING 48 (of 1179) 60038 4 5.219435
  DOING 49 (of 1179) 42302 9 6.021853
  DOING 50 (of 1179) 23113 2 4.308657
  DOING 51 (of 1179) 69784 3 4.411285
  DOING 52 (of 1179) 594 3 4.645332
  DOING 53 (of 1179) 1434 2 4.045083
  DOING 54 (of 1179) 3010 5 4.639500
  DOING 55 (of 1179) 63135 2 4.232166
  DOING 56 (of 1179) 60156 3 4.190152
  DOING 57 (of 1179) 75038 3 4.577518
  DOING 58 (of 1179) 41210 2 4.039067
  DOING 59 (of 1179) 19487 3 4.123609
  DOING 60 (of 1179) 49380 5 4.564347
  DOING 61 (of 1179) 19235 3 3.959305
  DOING 62 (of 1179) 52270 2 3.773947
  DOING 63 (of 1179) 1119 5 5.205165
  DOING 64 (of 1179) 32160 5 4.479319
  DOING 65 (of 1179) 51081 9 4.897160
  DOING 66 (of 1179) 625 3 4.131346
  DOING 67 (of 1179) 71962 3 3.856547
  DOING 68 (of 1179) 22844 2 3.851009
  DOING 69 (of 1179) 28230 3 3.959099
  DOING 70 (of 1179) 50067 8 5.235047
  DOING 71 (of 1179) 8163 7 4.966997
  DOING 72 (of 1179) 12940 3 3.760845
  DOING 73 (of 1179) 46326 7 5.437183
  DOING 74 (of 1179) 1896 4 4.352345
  DOING 75 (of 1179) 8185 8 5.040550
  DOING 76 (of 1179) 7106 9 4.420756
  DOING 77 (of 1179) 19500 2 3.455287
  DOING 78 (of 1179) 6490 3 3.624197
  DOING 79 (of 1179) 8051 2 3.769222
  DOING 80 (of 1179) 11259 2 3.373157
  DOING 81 (of 1179) 55047 2 3.680807
  DOING 82 (of 1179) 8876 5 4.778405
  DOING 83 (of 1179) 38961 3 3.592493
  DOING 84 (of 1179) 39722 6 3.949769
  DOING 85 (of 1179) 1905 3 4.222657
  DOING 86 (of 1179) 64333 3 4.115488
  DOING 87 (of 1179) 71240 3 3.987105
  DOING 88 (of 1179) 1590 9 5.065440
  DOING 89 (of 1179) 1913 14 5.457839
  DOING 90 (of 1179) 47594 13 5.582155
  DOING 91 (of 1179) 40934 4 3.660582
  DOING 92 (of 1179) 51557 5 4.398308
  DOING 93 (of 1179) 49045 3 3.479758
  DOING 94 (of 1179) 9655 3 3.550715
  DOING 95 (of 1179) 5037 2 3.255292
  DOING 96 (of 1179) 22676 3 3.810746
  DOING 97 (of 1179) 72440 2 3.151819
  DOING 98 (of 1179) 8404 4 3.687742
  DOING 99 (of 1179) 20877 3 3.577908
  DOING 100 (of 1179) 75006 2 3.245445
  DOING 101 (of 1179) 48626 5 3.806716
  DOING 102 (of 1179) 42913 6 4.474054
  DOING 103 (of 1179) 4811 2 3.630701
  DOING 104 (of 1179) 33998 3 3.608660
  DOING 105 (of 1179) 28016 2 3.399022
  DOING 106 (of 1179) 7322 5 4.351832
  DOING 107 (of 1179) 6849 3 3.522130
  DOING 108 (of 1179) 20392 2 2.912485
  DOING 109 (of 1179) 99 4 3.792926
  DOING 110 (of 1179) 41346 2 3.089390
  DOING 111 (of 1179) 73004 3 2.843492
  DOING 112 (of 1179) 47513 3 3.189579
  DOING 113 (of 1179) 54076 2 3.312404
  DOING 114 (of 1179) 650 15 5.117164
  DOING 115 (of 1179) 47662 3 3.316217
  DOING 116 (of 1179) 7975 3 3.553137
  DOING 117 (of 1179) 32081 2 2.978516
  DOING 118 (of 1179) 62559 3 3.105326
  DOING 119 (of 1179) 5816 2 2.999055
  DOING 120 (of 1179) 62568 4 3.162362
  DOING 121 (of 1179) 64318 2 2.687312
  DOING 122 (of 1179) 9478 4 3.259231
  DOING 123 (of 1179) 46200 5 3.185417
  DOING 124 (of 1179) 9775 2 2.526015
  DOING 125 (of 1179) 77238 2 2.902878
  DOING 126 (of 1179) 58105 4 3.078779
  DOING 127 (of 1179) 9537 2 2.978472
  DOING 128 (of 1179) 46047 2 2.766911
  DOING 129 (of 1179) 534 4 3.150416
  DOING 130 (of 1179) 10474 2 2.927037
  DOING 131 (of 1179) 9327 3 3.079190
  DOING 132 (of 1179) 36422 2 2.830713
  DOING 133 (of 1179) 6850 2 2.712924
  DOING 134 (of 1179) 7795 2 2.850069
  DOING 135 (of 1179) 37369 5 3.026407
  DOING 136 (of 1179) 45912 2 2.731977
  DOING 137 (of 1179) 46117 4 2.813571
  DOING 138 (of 1179) 60367 5 2.961799
  DOING 139 (of 1179) 9367 4 3.142825
  DOING 140 (of 1179) 7557 2 2.355220
  DOING 141 (of 1179) 7423 2 2.786433
  DOING 142 (of 1179) 32009 2 2.613122
  DOING 143 (of 1179) 566 3 2.893127
  DOING 144 (of 1179) 20950 4 2.895293
  DOING 145 (of 1179) 58095 2 2.283650
  DOING 146 (of 1179) 9709 2 2.477972
  DOING 147 (of 1179) 57813 4 2.988729
  DOING 148 (of 1179) 28332 2 2.312582
  DOING 149 (of 1179) 59277 4 3.092670
  DOING 150 (of 1179) 8436 2 2.429074
  DOING 151 (of 1179) 3295 5 2.743305
  DOING 152 (of 1179) 10721 3 2.408923
  DOING 153 (of 1179) 1968 3 2.345727
  DOING 154 (of 1179) 69968 2 2.457600
  DOING 155 (of 1179) 11101 4 2.599331
  DOING 156 (of 1179) 77292 4 2.649536
  DOING 157 (of 1179) 75131 2 2.385295
  DOING 158 (of 1179) 9717 2 2.123072
  DOING 159 (of 1179) 28914 2 2.331314
  DOING 160 (of 1179) 66529 2 1.962799
  DOING 161 (of 1179) 8242 2 1.859958
  DOING 162 (of 1179) 74306 3 2.119524
  DOING 163 (of 1179) 41444 5 2.555958
  DOING 164 (of 1179) 45147 2 2.283597
  DOING 165 (of 1179) 60386 3 2.422449
  DOING 166 (of 1179) 15325 4 1.962165
  DOING 167 (of 1179) 31340 2 1.830022
  DOING 168 (of 1179) 59554 2 2.067811
  DOING 169 (of 1179) 32936 5 2.524547
  DOING 170 (of 1179) 60514 2 1.868605
  DOING 171 (of 1179) 54082 2 1.768585
  DOING 172 (of 1179) 19993 4 2.311444
  DOING 173 (of 1179) 57366 3 2.117874
  DOING 174 (of 1179) 17023 3 1.998109
  DOING 175 (of 1179) 39585 2 1.895998
  DOING 176 (of 1179) 4184 6 2.129175
  DOING 177 (of 1179) 33661 2 1.729872
  DOING 178 (of 1179) 14199 3 1.933149
  DOING 179 (of 1179) 14341 3 2.100954
  DOING 180 (of 1179) 47197 2 1.662064
  DOING 181 (of 1179) 3721 3 1.905376
  DOING 182 (of 1179) 70501 2 1.835423
  DOING 183 (of 1179) 16904 4 2.072519
  DOING 184 (of 1179) 29282 2 1.673198
  DOING 185 (of 1179) 34416 5 1.832892
  DOING 186 (of 1179) 66451 2 1.682750
  DOING 187 (of 1179) 8561 3 1.765227
  DOING 188 (of 1179) 18916 2 1.603700
  DOING 189 (of 1179) 64800 2 1.538823
  DOING 190 (of 1179) 74245 2 1.621022
  DOING 191 (of 1179) 30490 2 1.517742
  DOING 192 (of 1179) 9801 2 1.573731
  DOING 193 (of 1179) 16087 2 1.357067
  DOING 194 (of 1179) 24948 2 1.412829
  DOING 195 (of 1179) 16068 2 1.246747
  DOING 196 (of 1179) 767 3 1.502552
  DOING 197 (of 1179) 16910 3 1.412834
  DOING 198 (of 1179) 27521 2 1.381836
  DOING 199 (of 1179) 11553 3 1.477056
  DOING 200 (of 1179) 15732 2 1.219647
  DOING 201 (of 1179) 60381 2 1.277942
  DOING 202 (of 1179) 28993 2 1.242680
  DOING 203 (of 1179) 8586 2 0.734124
  DOING 204 (of 1179) 9214 42 13.752215
  DOING 205 (of 1179) 42269 18 9.128154
  DOING 206 (of 1179) 45479 17 11.009758
  DOING 207 (of 1179) 71969 5 3.507599
  DOING 208 (of 1179) 69889 737 38.133286
  DOING 209 (of 1179) 59757 4 6.280750
  DOING 210 (of 1179) 28155 5 4.948737
  DOING 211 (of 1179) 23062 21 7.800332
  DOING 212 (of 1179) 7602 4 5.136405
  DOING 213 (of 1179) 862 4 8.120124
  DOING 214 (of 1179) 55458 21 6.739328
  DOING 215 (of 1179) 41075 438 29.082748
  DOING 216 (of 1179) 76726 2 3.306246
  DOING 217 (of 1179) 95 7 5.593470
  DOING 218 (of 1179) 4938 11 6.641083
  DOING 219 (of 1179) 21818 280 27.241266
  DOING 220 (of 1179) 4923 19 7.802592
  DOING 221 (of 1179) 43507 9 5.445688
  DOING 222 (of 1179) 56858 182 25.045071
  DOING 223 (of 1179) 70837 62 14.807359
  DOING 224 (of 1179) 10835 8 7.173075
  DOING 225 (of 1179) 8861 164 20.766176
  DOING 226 (of 1179) 3044 9 7.449560
  DOING 227 (of 1179) 9298 120 15.124161
  DOING 228 (of 1179) 3067 38 11.023573
  DOING 229 (of 1179) 49349 223 22.916496
  DOING 230 (of 1179) 39923 13 8.340610
  DOING 231 (of 1179) 45949 258 28.174946
  DOING 232 (of 1179) 38960 9 4.546701
  DOING 233 (of 1179) 73439 900 43.762112
  DOING 234 (of 1179) 68402 63 13.777736
  DOING 235 (of 1179) 25705 46 14.371488
  DOING 236 (of 1179) 54379 637 36.178524
  DOING 237 (of 1179) 21823 11 9.013935
  DOING 238 (of 1179) 202 5 4.543556
  DOING 239 (of 1179) 55522 67 13.059215
  DOING 240 (of 1179) 3340 180 24.644468
  DOING 241 (of 1179) 6205 94 17.674427
  DOING 242 (of 1179) 42334 210 26.418373
  DOING 243 (of 1179) 9294 47 9.640455
  DOING 244 (of 1179) 71308 114 20.820272
  DOING 245 (of 1179) 26377 184 20.047125
  DOING 246 (of 1179) 42335 9 6.593635
  DOING 247 (of 1179) 55305 107 20.176235
  DOING 248 (of 1179) 39981 91 17.011673
  DOING 249 (of 1179) 26998 3 3.279772
  DOING 250 (of 1179) 20641 386 30.490839
  DOING 251 (of 1179) 25451 2 4.660262
  DOING 252 (of 1179) 65510 12 10.107627
  DOING 253 (of 1179) 44844 177 21.612085
  DOING 254 (of 1179) 587 72 11.146420
  DOING 255 (of 1179) 73440 215 25.587231
  DOING 256 (of 1179) 20550 166 21.483999
  DOING 257 (of 1179) 22813 31 9.417579
  DOING 258 (of 1179) 55157 9 5.917947
  DOING 259 (of 1179) 65645 33 13.248736
  DOING 260 (of 1179) 2351 31 11.721015
  DOING 261 (of 1179) 41076 69 16.323462
  DOING 262 (of 1179) 4946 44 9.204192
  DOING 263 (of 1179) 48190 10 9.675072
  DOING 264 (of 1179) 11161 104 16.721912
  DOING 265 (of 1179) 70862 97 18.745226
  DOING 266 (of 1179) 69165 154 22.506041
  DOING 267 (of 1179) 47353 251 29.066158
  DOING 268 (of 1179) 20802 11 5.588007
  DOING 269 (of 1179) 7959 147 20.426130
  DOING 270 (of 1179) 48573 33 8.878062
  DOING 271 (of 1179) 64426 236 28.670641
  DOING 272 (of 1179) 21220 50 10.776683
  DOING 273 (of 1179) 22774 29 13.658501
  DOING 274 (of 1179) 10839 48 11.327042
  DOING 275 (of 1179) 1405 16 6.195441
  DOING 276 (of 1179) 54121 61 11.684750
  DOING 277 (of 1179) 41499 182 23.564936
  DOING 278 (of 1179) 44604 2 4.925721
  DOING 279 (of 1179) 74091 281 23.370396
  DOING 280 (of 1179) 72284 265 21.843149
  DOING 281 (of 1179) 72072 526 35.436749
  DOING 282 (of 1179) 632 5 4.937376
  DOING 283 (of 1179) 74309 2 1.774254
  DOING 284 (of 1179) 45228 14 7.134071
  DOING 285 (of 1179) 51227 5 6.405769
  DOING 286 (of 1179) 8198 11 6.207324
  DOING 287 (of 1179) 47800 55 13.964849
  DOING 288 (of 1179) 64735 2 2.741719
  DOING 289 (of 1179) 42049 45 12.352692
  DOING 290 (of 1179) 4935 23 6.727726
  DOING 291 (of 1179) 75612 43 14.296094
  DOING 292 (of 1179) 71333 80 21.057962
  DOING 293 (of 1179) 43503 371 32.585098
  DOING 294 (of 1179) 49350 400 36.781681
  DOING 295 (of 1179) 72312 263 29.417385
  DOING 296 (of 1179) 20975 292 22.897779
  DOING 297 (of 1179) 56250 618 31.964310
  DOING 298 (of 1179) 66041 289 29.014357
  DOING 299 (of 1179) 42500 129 24.681499
  DOING 300 (of 1179) 866 14 7.086483
  DOING 301 (of 1179) 102 8 5.524748
  DOING 302 (of 1179) 42244 33 11.282996
  DOING 303 (of 1179) 8322 428 28.379313
  DOING 304 (of 1179) 43953 118 22.923357
  DOING 305 (of 1179) 47482 133 18.920828
  DOING 306 (of 1179) 36247 171 19.243601
  DOING 307 (of 1179) 43520 199 25.223143
  DOING 308 (of 1179) 6600 10 8.838880
  DOING 309 (of 1179) 73954 159 17.579117
  DOING 310 (of 1179) 71940 80 14.863503
  DOING 311 (of 1179) 64918 13 8.036255
  DOING 312 (of 1179) 38231 8 6.945936
  DOING 313 (of 1179) 41816 83 18.198202
  DOING 314 (of 1179) 77173 641 38.748783
  DOING 315 (of 1179) 77614 4 5.822654
  DOING 316 (of 1179) 41628 93 18.479574
  DOING 317 (of 1179) 45752 4 5.141866
  DOING 318 (of 1179) 69215 215 20.633789
  DOING 319 (of 1179) 55389 2 1.528703
  DOING 320 (of 1179) 68534 18 9.200117
  DOING 321 (of 1179) 67739 178 21.669193
  DOING 322 (of 1179) 56566 241 25.925049
  DOING 323 (of 1179) 72370 597 43.956390
  DOING 324 (of 1179) 46315 337 31.258640
  DOING 325 (of 1179) 27904 72 15.573874
  DOING 326 (of 1179) 56614 161 25.731287
  DOING 327 (of 1179) 2713 15 9.881094
  DOING 328 (of 1179) 51287 14 7.762748
  DOING 329 (of 1179) 74347 42 13.754450
  DOING 330 (of 1179) 9285 27 9.117237
  DOING 331 (of 1179) 29198 4 3.751831
  DOING 332 (of 1179) 49722 150 22.330595
  DOING 333 (of 1179) 28590 172 20.632610
  DOING 334 (of 1179) 71852 697 41.682919
  DOING 335 (of 1179) 44908 386 33.647282
  DOING 336 (of 1179) 72820 95 21.045500
  DOING 337 (of 1179) 47311 12 11.794473
  DOING 338 (of 1179) 42788 18 11.766863
  DOING 339 (of 1179) 5808 18 6.770023
  DOING 340 (of 1179) 56975 185 23.887882
  DOING 341 (of 1179) 40073 107 18.866148
  DOING 342 (of 1179) 59744 159 20.006441
  DOING 343 (of 1179) 54877 11 7.360741
  DOING 344 (of 1179) 588 65 15.062658
  DOING 345 (of 1179) 75175 410 28.262987
  DOING 346 (of 1179) 71307 46 14.937528
  DOING 347 (of 1179) 45553 128 18.357847
  DOING 348 (of 1179) 73130 151 21.102203
  DOING 349 (of 1179) 2700 34 10.584155
  DOING 350 (of 1179) 36686 85 24.325886
  DOING 351 (of 1179) 2687 52 16.705906
  DOING 352 (of 1179) 70220 92 22.099110
  DOING 353 (of 1179) 54151 9 6.459549
  DOING 354 (of 1179) 71614 39 14.754706
  DOING 355 (of 1179) 73156 222 27.407740
  DOING 356 (of 1179) 26226 187 22.735960
  DOING 357 (of 1179) 68562 4 4.407184
  DOING 358 (of 1179) 29675 5 2.771175
  DOING 359 (of 1179) 63867 8 9.082730
  DOING 360 (of 1179) 37263 29 11.008029
  DOING 361 (of 1179) 1423 130 17.173843
  DOING 362 (of 1179) 44814 375 32.957779
  DOING 363 (of 1179) 28255 27 11.298850
  DOING 364 (of 1179) 71089 4 3.647081
  DOING 365 (of 1179) 51175 143 18.098804
  DOING 366 (of 1179) 72228 216 24.507225
  DOING 367 (of 1179) 55819 103 16.021498
  DOING 368 (of 1179) 6400 43 15.995756
  DOING 369 (of 1179) 52335 6 3.209897
  DOING 370 (of 1179) 46919 267 23.780478
  DOING 371 (of 1179) 72731 2 2.386832
  DOING 372 (of 1179) 44695 10 7.221366
  DOING 373 (of 1179) 46975 32 13.273554
  DOING 374 (of 1179) 42010 12 8.339223
  DOING 375 (of 1179) 40353 8 7.481385
  DOING 376 (of 1179) 72721 452 37.265839
  DOING 377 (of 1179) 77590 126 20.309912
  DOING 378 (of 1179) 74556 81 17.936747
  DOING 379 (of 1179) 45557 26 11.692681
  DOING 380 (of 1179) 2702 37 9.281070
  DOING 381 (of 1179) 68412 87 16.701946
  DOING 382 (of 1179) 45500 36 13.644031
  DOING 383 (of 1179) 49991 69 16.512184
  DOING 384 (of 1179) 56011 349 29.064945
  DOING 385 (of 1179) 52702 23 13.044433
  DOING 386 (of 1179) 55234 32 8.711520
  DOING 387 (of 1179) 29166 18 4.366525
  DOING 388 (of 1179) 39974 122 18.560953
  DOING 389 (of 1179) 47691 86 16.192636
  DOING 390 (of 1179) 71083 71 20.498402
  DOING 391 (of 1179) 10807 2 6.188209
  DOING 392 (of 1179) 74891 563 35.615318
  DOING 393 (of 1179) 52211 9 4.596870
  DOING 394 (of 1179) 73345 117 20.232443
  DOING 395 (of 1179) 37503 24 9.166514
  DOING 396 (of 1179) 63793 69 15.498261
  DOING 397 (of 1179) 41587 186 25.008219
  DOING 398 (of 1179) 73830 861 39.446476
  DOING 399 (of 1179) 63868 195 20.870119
  DOING 400 (of 1179) 64348 107 23.343681
  DOING 401 (of 1179) 39724 145 25.420670
  DOING 402 (of 1179) 9268 18 7.573817
  DOING 403 (of 1179) 42082 9 8.279598
  DOING 404 (of 1179) 69190 145 22.870846
  DOING 405 (of 1179) 40349 381 34.430534
  DOING 406 (of 1179) 49971 229 23.318851
  DOING 407 (of 1179) 72223 33 11.579753
  DOING 408 (of 1179) 67866 4 3.893270
  DOING 409 (of 1179) 75678 225 28.140997
  DOING 410 (of 1179) 70010 41 9.191338
  DOING 411 (of 1179) 19428 34 14.289869
  DOING 412 (of 1179) 64865 137 27.405577
  DOING 413 (of 1179) 49167 14 7.665338
  DOING 414 (of 1179) 71728 111 18.690056
  DOING 415 (of 1179) 47397 186 25.782410
  DOING 416 (of 1179) 72172 122 21.968349
  DOING 417 (of 1179) 45627 17 10.858484
  DOING 418 (of 1179) 52815 37 10.250459
  DOING 419 (of 1179) 22816 49 11.428510
  DOING 420 (of 1179) 63932 152 26.654665
  DOING 421 (of 1179) 61032 17 10.184055
  DOING 422 (of 1179) 42204 173 24.582352
  DOING 423 (of 1179) 868 96 16.743513
  DOING 424 (of 1179) 75823 90 22.095423
  DOING 425 (of 1179) 68779 365 28.300970
  DOING 426 (of 1179) 24210 56 15.899407
  DOING 427 (of 1179) 68425 48 14.231843
  DOING 428 (of 1179) 622 9 5.269907
  DOING 429 (of 1179) 1123 160 19.869543
  DOING 430 (of 1179) 55124 175 25.179148
  DOING 431 (of 1179) 47892 75 17.506929
  DOING 432 (of 1179) 76986 237 30.020905
  DOING 433 (of 1179) 77242 7 3.413286
  DOING 434 (of 1179) 49858 664 41.868622
  DOING 435 (of 1179) 71561 36 10.304063
  DOING 436 (of 1179) 22381 6 4.445126
  DOING 437 (of 1179) 12614 49 9.285813
  DOING 438 (of 1179) 46870 258 28.925652
  DOING 439 (of 1179) 3330 5 6.580511
  DOING 440 (of 1179) 43089 551 32.628296
  DOING 441 (of 1179) 9216 34 13.537730
  DOING 442 (of 1179) 50016 530 31.555794
  DOING 443 (of 1179) 25571 93 16.854530
  DOING 444 (of 1179) 26003 83 15.624625
  DOING 445 (of 1179) 41583 10 6.683144
  DOING 446 (of 1179) 29195 6 7.055269
  DOING 447 (of 1179) 57762 12 10.400232
  DOING 448 (of 1179) 75136 174 23.628424
  DOING 449 (of 1179) 48624 72 15.612370
  DOING 450 (of 1179) 43033 120 18.981977
  DOING 451 (of 1179) 45550 125 21.113194
  DOING 452 (of 1179) 48924 407 31.100693
  DOING 453 (of 1179) 42641 4 4.619295
  DOING 454 (of 1179) 47877 105 22.295681
  DOING 455 (of 1179) 28587 116 21.074318
  DOING 456 (of 1179) 45016 471 32.296501
  DOING 457 (of 1179) 65694 365 32.500584
  DOING 458 (of 1179) 48763 257 23.921295
  DOING 459 (of 1179) 64324 169 29.215469
  DOING 460 (of 1179) 46912 58 18.512743
  DOING 461 (of 1179) 11644 73 19.385143
  DOING 462 (of 1179) 42270 2 2.796749
  DOING 463 (of 1179) 65295 41 13.132763
  DOING 464 (of 1179) 49882 9 10.162457
  DOING 465 (of 1179) 48503 13 9.993548
  DOING 466 (of 1179) 73114 484 34.333305
  DOING 467 (of 1179) 75549 21 13.342793
  DOING 468 (of 1179) 19320 75 10.950144
  DOING 469 (of 1179) 73145 36 11.068047
  DOING 470 (of 1179) 74065 196 25.931446
  DOING 471 (of 1179) 49106 331 30.161802
  DOING 472 (of 1179) 6210 17 7.371732
  DOING 473 (of 1179) 73561 44 14.064293
  DOING 474 (of 1179) 50285 185 29.824217
  DOING 475 (of 1179) 21464 2 5.403618
  DOING 476 (of 1179) 51264 7 4.985947
  DOING 477 (of 1179) 55312 154 20.207193
  DOING 478 (of 1179) 65200 51 16.823437
  DOING 479 (of 1179) 45483 11 7.998633
  DOING 480 (of 1179) 71796 464 34.052727
  DOING 481 (of 1179) 45415 101 17.435232
  DOING 482 (of 1179) 65600 10 7.407694
  DOING 483 (of 1179) 72307 314 32.148777
  DOING 484 (of 1179) 71838 214 26.482513
  DOING 485 (of 1179) 44589 2 3.659620
  DOING 486 (of 1179) 46254 30 13.935867
  DOING 487 (of 1179) 51142 235 28.918060
  DOING 488 (of 1179) 72726 829 42.088573
  DOING 489 (of 1179) 74287 119 19.747076
  DOING 490 (of 1179) 55763 147 15.108908
  DOING 491 (of 1179) 67919 39 12.419295
  DOING 492 (of 1179) 54745 312 29.541389
  DOING 493 (of 1179) 40926 37 12.019955
  DOING 494 (of 1179) 75639 123 20.419081
  DOING 495 (of 1179) 11391 29 13.611696
  DOING 496 (of 1179) 75036 278 25.366241
  DOING 497 (of 1179) 46317 164 22.117081
  DOING 498 (of 1179) 51474 230 24.806944
  DOING 499 (of 1179) 50757 318 24.536701
  DOING 500 (of 1179) 37057 14 7.632090
  DOING 501 (of 1179) 36760 462 31.516445
  DOING 502 (of 1179) 51773 232 26.780159
  DOING 503 (of 1179) 75555 34 13.539474
  DOING 504 (of 1179) 56937 12 8.143958
  DOING 505 (of 1179) 54292 2 4.341301
  DOING 506 (of 1179) 71846 63 16.019018
  DOING 507 (of 1179) 42624 76 16.167763
  DOING 508 (of 1179) 49455 58 17.643658
  DOING 509 (of 1179) 40849 22 11.986366
  DOING 510 (of 1179) 21333 35 9.959786
  DOING 511 (of 1179) 63827 7 5.233073
  DOING 512 (of 1179) 64425 448 34.636768
  DOING 513 (of 1179) 73086 119 15.533774
  DOING 514 (of 1179) 36691 64 15.025126
  DOING 515 (of 1179) 42990 47 11.262094
  DOING 516 (of 1179) 56655 45 14.404614
  DOING 517 (of 1179) 42531 158 24.863445
  DOING 518 (of 1179) 42139 132 20.752634
  DOING 519 (of 1179) 68792 65 13.984378
  DOING 520 (of 1179) 75734 698 42.027348
  DOING 521 (of 1179) 68715 136 20.903460
  DOING 522 (of 1179) 69481 20 9.743787
  DOING 523 (of 1179) 64182 158 24.610342
  DOING 524 (of 1179) 46097 25 7.830005
  DOING 525 (of 1179) 70924 204 23.183523
  DOING 526 (of 1179) 1066 13 6.876420
  DOING 527 (of 1179) 73076 403 31.758629
  DOING 528 (of 1179) 45761 21 9.320805
  DOING 529 (of 1179) 22153 225 24.149057
  DOING 530 (of 1179) 68982 99 24.719496
  DOING 531 (of 1179) 11836 16 7.902874
  DOING 532 (of 1179) 1067 4 4.778171
  DOING 533 (of 1179) 48050 96 21.380442
  DOING 534 (of 1179) 27996 11 3.761450
  DOING 535 (of 1179) 49355 27 10.450274
  DOING 536 (of 1179) 74015 25 9.769153
  DOING 537 (of 1179) 55704 6 5.328021
  DOING 538 (of 1179) 72134 70 18.083773
  DOING 539 (of 1179) 77593 176 23.201036
  DOING 540 (of 1179) 2000 16 7.156171
  DOING 541 (of 1179) 47507 20 11.290517
  DOING 542 (of 1179) 42782 78 18.677305
  DOING 543 (of 1179) 9153 104 15.846724
  DOING 544 (of 1179) 7421 3 3.824715
  DOING 545 (of 1179) 53301 222 21.205914
  DOING 546 (of 1179) 69936 25 10.337584
  DOING 547 (of 1179) 54628 2 5.134586
  DOING 548 (of 1179) 52803 45 14.074732
  DOING 549 (of 1179) 51286 35 10.645715
  DOING 550 (of 1179) 42121 453 27.340418
  DOING 551 (of 1179) 2696 5 5.596712
  DOING 552 (of 1179) 44650 17 8.040311
  DOING 553 (of 1179) 48402 8 6.487428
  DOING 554 (of 1179) 42067 3 5.386052
  DOING 555 (of 1179) 2988 6 5.247122
  DOING 556 (of 1179) 41417 12 7.561098
  DOING 557 (of 1179) 3072 50 14.221849
  DOING 558 (of 1179) 55791 38 11.902236
  DOING 559 (of 1179) 72069 218 28.481449
  DOING 560 (of 1179) 64603 146 23.073568
  DOING 561 (of 1179) 73697 94 15.608116
  DOING 562 (of 1179) 2024 13 9.762284
  DOING 563 (of 1179) 8190 10 9.087022
  DOING 564 (of 1179) 56750 12 8.616133
  DOING 565 (of 1179) 55859 28 12.271885
  DOING 566 (of 1179) 72016 2 3.680596
  DOING 567 (of 1179) 8516 84 15.030883
  DOING 568 (of 1179) 72834 11 8.647787
  DOING 569 (of 1179) 65590 415 31.933376
  DOING 570 (of 1179) 73436 283 31.435644
  DOING 571 (of 1179) 71530 22 9.898751
  DOING 572 (of 1179) 66893 33 14.302548
  DOING 573 (of 1179) 73122 74 17.930447
  DOING 574 (of 1179) 21816 27 11.774453
  DOING 575 (of 1179) 73901 21 10.855453
  DOING 576 (of 1179) 49698 72 15.478498
  DOING 577 (of 1179) 41623 16 10.501688
  DOING 578 (of 1179) 49987 166 27.817686
  DOING 579 (of 1179) 22132 3 4.967527
  DOING 580 (of 1179) 46847 61 15.794213
  DOING 581 (of 1179) 48460 9 7.868607
  DOING 582 (of 1179) 64438 69 18.035976
  DOING 583 (of 1179) 64415 189 24.133148
  DOING 584 (of 1179) 46263 527 37.345406
  DOING 585 (of 1179) 36730 11 6.089037
  DOING 586 (of 1179) 26077 55 9.929719
  DOING 587 (of 1179) 45023 326 31.002132
  DOING 588 (of 1179) 43511 42 18.328333
  DOING 589 (of 1179) 71942 21 11.028676
  DOING 590 (of 1179) 75616 8 8.886898
  DOING 591 (of 1179) 69075 45 13.593419
  DOING 592 (of 1179) 73933 10 6.149533
  DOING 593 (of 1179) 68878 50 13.697095
  DOING 594 (of 1179) 41710 27 10.783732
  DOING 595 (of 1179) 8193 78 17.033842
  DOING 596 (of 1179) 71300 21 12.158686
  DOING 597 (of 1179) 37794 38 13.047463
  DOING 598 (of 1179) 50463 252 28.127937
  DOING 599 (of 1179) 68109 159 20.134041
  DOING 600 (of 1179) 42419 398 32.671120
  DOING 601 (of 1179) 63922 19 11.433805
  DOING 602 (of 1179) 72031 420 36.207039
  DOING 603 (of 1179) 55557 202 19.152863
  DOING 604 (of 1179) 8672 4 5.927591
  DOING 605 (of 1179) 51220 79 17.381306
  DOING 606 (of 1179) 45097 352 30.594767
  DOING 607 (of 1179) 65576 4 5.323103
  DOING 608 (of 1179) 73687 258 22.009438
  DOING 609 (of 1179) 51044 35 13.453380
  DOING 610 (of 1179) 8168 3 4.845414
  DOING 611 (of 1179) 27452 230 23.782038
  DOING 612 (of 1179) 71321 12 7.091979
  DOING 613 (of 1179) 56530 149 20.973223
  DOING 614 (of 1179) 37966 256 26.744286
  DOING 615 (of 1179) 52408 60 12.074719
  DOING 616 (of 1179) 43760 11 7.035669
  DOING 617 (of 1179) 42429 300 30.726387
  DOING 618 (of 1179) 12032 42 12.765391
  DOING 619 (of 1179) 43725 17 9.077997
  DOING 620 (of 1179) 38479 148 24.247799
  DOING 621 (of 1179) 640 7 7.455640
  DOING 622 (of 1179) 73902 354 27.469343
  DOING 623 (of 1179) 49777 280 30.827663
  DOING 624 (of 1179) 621 64 12.885282
  DOING 625 (of 1179) 56012 350 28.661167
  DOING 626 (of 1179) 337 60 13.618990
  DOING 627 (of 1179) 7396 81 21.341475
  DOING 628 (of 1179) 45442 3 6.078410
  DOING 629 (of 1179) 70899 228 25.105406
  DOING 630 (of 1179) 76763 214 25.886372
  DOING 631 (of 1179) 45633 82 16.289890
  DOING 632 (of 1179) 27645 15 7.109730
  DOING 633 (of 1179) 69921 66 12.381193
  DOING 634 (of 1179) 56521 18 9.200514
  DOING 635 (of 1179) 73206 84 20.143038
  DOING 636 (of 1179) 60154 6 4.373803
  DOING 637 (of 1179) 9146 8 6.037370
  DOING 638 (of 1179) 66038 23 13.141620
  DOING 639 (of 1179) 55297 32 13.351539
  DOING 640 (of 1179) 49707 33 11.521701
  DOING 641 (of 1179) 73936 55 16.849682
  DOING 642 (of 1179) 46462 45 16.203247
  DOING 643 (of 1179) 65569 5 8.838449
  DOING 644 (of 1179) 64868 490 33.862637
  DOING 645 (of 1179) 51379 72 15.571683
  DOING 646 (of 1179) 68368 74 15.462883
  DOING 647 (of 1179) 47697 132 18.645721
  DOING 648 (of 1179) 9138 46 13.047949
  DOING 649 (of 1179) 12575 10 8.352748
  DOING 650 (of 1179) 57265 5 4.222562
  DOING 651 (of 1179) 19335 3 3.192096
  DOING 652 (of 1179) 47881 6 4.797478
  DOING 653 (of 1179) 63921 58 16.073469
  DOING 654 (of 1179) 69234 141 16.776060
  DOING 655 (of 1179) 28160 9 8.953008
  DOING 656 (of 1179) 2688 24 8.268583
  DOING 657 (of 1179) 46461 10 7.743167
  DOING 658 (of 1179) 43904 75 16.201996
  DOING 659 (of 1179) 23010 4 3.568223
  DOING 660 (of 1179) 53305 299 24.641565
  DOING 661 (of 1179) 42726 9 8.728363
  DOING 662 (of 1179) 53338 74 13.507587
  DOING 663 (of 1179) 72662 4 4.215940
  DOING 664 (of 1179) 28183 27 8.759806
  DOING 665 (of 1179) 46094 97 16.104889
  DOING 666 (of 1179) 74031 109 19.103846
  DOING 667 (of 1179) 71495 7 7.561254
  DOING 668 (of 1179) 74093 519 32.912819
  DOING 669 (of 1179) 48168 85 16.491436
  DOING 670 (of 1179) 65905 9 7.626684
  DOING 671 (of 1179) 68985 21 10.572042
  DOING 672 (of 1179) 69251 4 7.301667
  DOING 673 (of 1179) 59929 10 8.526805
  DOING 674 (of 1179) 68404 445 34.356853
  DOING 675 (of 1179) 52687 30 11.843319
  DOING 676 (of 1179) 51216 27 13.581446
  DOING 677 (of 1179) 65712 62 16.621439
  DOING 678 (of 1179) 74128 18 10.592104
  DOING 679 (of 1179) 68183 193 21.752840
  DOING 680 (of 1179) 48928 50 14.921406
  DOING 681 (of 1179) 38896 114 17.313210
  DOING 682 (of 1179) 65990 28 14.655297
  DOING 683 (of 1179) 48798 263 29.818193
  DOING 684 (of 1179) 42079 295 27.959837
  DOING 685 (of 1179) 42626 3 4.085697
  DOING 686 (of 1179) 64606 20 12.632105
  DOING 687 (of 1179) 6211 19 6.848744
  DOING 688 (of 1179) 41907 35 9.194270
  DOING 689 (of 1179) 58545 17 8.270921
  DOING 690 (of 1179) 47088 68 19.348133
  DOING 691 (of 1179) 64209 2 4.154764
  DOING 692 (of 1179) 41630 35 13.064044
  DOING 693 (of 1179) 42527 17 9.262671
  DOING 694 (of 1179) 3342 30 10.063590
  DOING 695 (of 1179) 60841 173 23.176184
  DOING 696 (of 1179) 49780 89 21.947390
  DOING 697 (of 1179) 52641 80 13.995379
  DOING 698 (of 1179) 68772 153 20.527832
  DOING 699 (of 1179) 72019 282 29.973957
  DOING 700 (of 1179) 26026 7 6.990505
  DOING 701 (of 1179) 10140 3 4.552481
  DOING 702 (of 1179) 8705 41 13.942107
  DOING 703 (of 1179) 71442 7 7.107510
  DOING 704 (of 1179) 77174 73 18.384663
  DOING 705 (of 1179) 55222 11 8.028256
  DOING 706 (of 1179) 51313 112 13.358481
  DOING 707 (of 1179) 49142 3 5.389597
  DOING 708 (of 1179) 48664 160 20.744780
  DOING 709 (of 1179) 19344 13 5.773538
  DOING 710 (of 1179) 70897 73 18.491581
  DOING 711 (of 1179) 43450 19 5.542681
  DOING 712 (of 1179) 47208 7 6.206894
  DOING 713 (of 1179) 59935 12 10.136001
  DOING 714 (of 1179) 71648 19 8.676222
  DOING 715 (of 1179) 53377 59 13.868219
  DOING 716 (of 1179) 65740 941 47.865456
  DOING 717 (of 1179) 45573 6 5.222663
  DOING 718 (of 1179) 36887 6 6.796973
  DOING 719 (of 1179) 60830 71 16.306562
  DOING 720 (of 1179) 68121 102 21.233400
  DOING 721 (of 1179) 43678 162 23.777063
  DOING 722 (of 1179) 36626 13 6.583941
  DOING 723 (of 1179) 32162 8 3.823918
  DOING 724 (of 1179) 37658 34 12.562450
  DOING 725 (of 1179) 46913 34 14.032984
  DOING 726 (of 1179) 49641 430 30.765160
  DOING 727 (of 1179) 51781 41 17.102066
  DOING 728 (of 1179) 44667 140 21.203835
  DOING 729 (of 1179) 27367 108 23.533245
  DOING 730 (of 1179) 68782 38 10.441938
  DOING 731 (of 1179) 68426 11 9.030364
  DOING 732 (of 1179) 47598 87 16.220667
  DOING 733 (of 1179) 74230 171 20.044453
  DOING 734 (of 1179) 48731 62 14.224447
  DOING 735 (of 1179) 48780 225 29.049070
  DOING 736 (of 1179) 72236 26 11.672342
  DOING 737 (of 1179) 73343 35 15.583052
  DOING 738 (of 1179) 69196 43 14.409436
  DOING 739 (of 1179) 42234 29 15.627995
  DOING 740 (of 1179) 71383 28 11.798711
  DOING 741 (of 1179) 48915 5 5.228720
  DOING 742 (of 1179) 50818 24 9.947087
  DOING 743 (of 1179) 74392 42 17.003990
  DOING 744 (of 1179) 49054 53 14.691865
  DOING 745 (of 1179) 49278 8 6.406917
  DOING 746 (of 1179) 74533 154 26.173674
  DOING 747 (of 1179) 28694 44 15.230927
  DOING 748 (of 1179) 75620 66 17.077417
  DOING 749 (of 1179) 46534 106 21.346605
  DOING 750 (of 1179) 67740 89 17.523439
  DOING 751 (of 1179) 10730 4 3.847084
  DOING 752 (of 1179) 46080 225 26.674364
  DOING 753 (of 1179) 56596 41 12.161649
  DOING 754 (of 1179) 64825 238 27.195974
  DOING 755 (of 1179) 64625 132 23.168043
  DOING 756 (of 1179) 67753 20 11.883143
  DOING 757 (of 1179) 55302 5 5.568135
  DOING 758 (of 1179) 42372 3 7.172793
  DOING 759 (of 1179) 74865 188 23.948744
  DOING 760 (of 1179) 40355 44 15.167175
  DOING 761 (of 1179) 73186 17 13.587460
  DOING 762 (of 1179) 21026 66 11.796509
  DOING 763 (of 1179) 48459 7 8.742483
  DOING 764 (of 1179) 1921 2 3.299047
  DOING 765 (of 1179) 25902 130 19.552467
  DOING 766 (of 1179) 47277 65 19.664003
  DOING 767 (of 1179) 40744 10 9.386354
  DOING 768 (of 1179) 36621 6 7.531712
  DOING 769 (of 1179) 71241 16 8.072602
  DOING 770 (of 1179) 70059 40 14.888532
  DOING 771 (of 1179) 44784 197 26.517317
  DOING 772 (of 1179) 43481 107 23.846319
  DOING 773 (of 1179) 70069 116 20.770470
  DOING 774 (of 1179) 52798 55 13.633055
  DOING 775 (of 1179) 6449 5 4.335432
  DOING 776 (of 1179) 73127 48 15.033512
  DOING 777 (of 1179) 20500 9 5.140359
  DOING 778 (of 1179) 27543 14 7.836012
  DOING 779 (of 1179) 21946 24 8.742021
  DOING 780 (of 1179) 75732 51 13.687704
  DOING 781 (of 1179) 70157 305 29.212700
  DOING 782 (of 1179) 13064 83 13.790018
  DOING 783 (of 1179) 51178 58 16.475574
  DOING 784 (of 1179) 35768 38 12.395551
  DOING 785 (of 1179) 55693 117 19.717413
  DOING 786 (of 1179) 6596 8 8.953700
  DOING 787 (of 1179) 49101 139 21.207605
  DOING 788 (of 1179) 54565 28 7.636520
  DOING 789 (of 1179) 73674 434 33.783642
  DOING 790 (of 1179) 69253 68 16.296024
  DOING 791 (of 1179) 72337 106 20.103985
  DOING 792 (of 1179) 25964 19 9.599511
  DOING 793 (of 1179) 73862 6 4.937598
  DOING 794 (of 1179) 32242 4 3.132637
  DOING 795 (of 1179) 74017 6 5.510074
  DOING 796 (of 1179) 75625 164 25.819134
  DOING 797 (of 1179) 53451 64 15.866895
  DOING 798 (of 1179) 8326 97 18.363783
  DOING 799 (of 1179) 6166 14 8.612894
  DOING 800 (of 1179) 42504 48 13.647537
  DOING 801 (of 1179) 52559 154 25.676613
  DOING 802 (of 1179) 39798 30 15.202133
  DOING 803 (of 1179) 41080 27 10.762174
  DOING 804 (of 1179) 64967 4 4.038334
  DOING 805 (of 1179) 55330 88 17.547628
  DOING 806 (of 1179) 47503 36 12.474737
  DOING 807 (of 1179) 65289 29 14.355941
  DOING 808 (of 1179) 51174 15 8.197844
  DOING 809 (of 1179) 46649 25 12.664465
  DOING 810 (of 1179) 47922 30 11.349754
  DOING 811 (of 1179) 65695 25 12.439109
  DOING 812 (of 1179) 27303 6 5.144519
  DOING 813 (of 1179) 47819 47 13.744823
  DOING 814 (of 1179) 65294 16 11.177855
  DOING 815 (of 1179) 52035 3 4.442930
  DOING 816 (of 1179) 68098 10 7.320929
  DOING 817 (of 1179) 42481 94 17.583454
  DOING 818 (of 1179) 72204 42 13.406918
  DOING 819 (of 1179) 74224 162 22.762121
  DOING 820 (of 1179) 55651 84 13.007314
  DOING 821 (of 1179) 71399 44 18.021238
  DOING 822 (of 1179) 48679 274 26.929836
  DOING 823 (of 1179) 55147 18 7.388050
  DOING 824 (of 1179) 28259 4 5.397934
  DOING 825 (of 1179) 65176 23 12.520088
  DOING 826 (of 1179) 42182 190 18.683825
  DOING 827 (of 1179) 73169 36 14.649351
  DOING 828 (of 1179) 69290 11 5.694439
  DOING 829 (of 1179) 55551 15 10.263885
  DOING 830 (of 1179) 47556 110 18.683725
  DOING 831 (of 1179) 42043 64 13.628749
  DOING 832 (of 1179) 41684 16 9.507886
  DOING 833 (of 1179) 7784 83 16.813780
  DOING 834 (of 1179) 21222 5 3.872777
  DOING 835 (of 1179) 42007 57 14.004337
  DOING 836 (of 1179) 49656 9 8.561369
  DOING 837 (of 1179) 45836 3 5.581388
  DOING 838 (of 1179) 49398 2 2.928233
  DOING 839 (of 1179) 64313 128 26.098209
  DOING 840 (of 1179) 51024 7 6.294587
  DOING 841 (of 1179) 9491 11 5.942896
  DOING 842 (of 1179) 40602 43 12.108095
  DOING 843 (of 1179) 63886 91 15.952611
  DOING 844 (of 1179) 66145 14 7.430342
  DOING 845 (of 1179) 75705 49 15.227973
  DOING 846 (of 1179) 43626 76 15.414571
  DOING 847 (of 1179) 45525 123 17.778416
  DOING 848 (of 1179) 39662 82 16.816803
  DOING 849 (of 1179) 12885 8 7.042885
  DOING 850 (of 1179) 41449 260 23.670818
  DOING 851 (of 1179) 12126 31 10.604354
  DOING 852 (of 1179) 52696 29 12.409756
  DOING 853 (of 1179) 53125 16 7.406733
  DOING 854 (of 1179) 69025 4 4.497300
  DOING 855 (of 1179) 74518 220 27.384888
  DOING 856 (of 1179) 68119 568 39.330853
  DOING 857 (of 1179) 56851 32 10.853680
  DOING 858 (of 1179) 52637 15 8.989408
  DOING 859 (of 1179) 55271 29 14.467725
  DOING 860 (of 1179) 49395 64 17.835424
  DOING 861 (of 1179) 49993 14 7.194711
  DOING 862 (of 1179) 52795 89 21.211945
  DOING 863 (of 1179) 11838 3 5.161427
  DOING 864 (of 1179) 73588 80 13.962797
  DOING 865 (of 1179) 67198 17 9.329607
  DOING 866 (of 1179) 55965 25 10.978576
  DOING 867 (of 1179) 44422 217 27.750715
  DOING 868 (of 1179) 77619 10 6.176207
  DOING 869 (of 1179) 47278 38 14.428492
  DOING 870 (of 1179) 43853 11 10.491783
  DOING 871 (of 1179) 75619 5 4.500792
  DOING 872 (of 1179) 7940 2 6.061574
  DOING 873 (of 1179) 51092 25 13.499622
  DOING 874 (of 1179) 50120 37 14.783031
  DOING 875 (of 1179) 74564 89 19.215467
  DOING 876 (of 1179) 22168 7 3.722729
  DOING 877 (of 1179) 44973 116 23.772415
  DOING 878 (of 1179) 69931 53 15.289318
  DOING 879 (of 1179) 69152 14 11.195046
  DOING 880 (of 1179) 46084 80 15.972756
  DOING 881 (of 1179) 71820 23 10.927112
  DOING 882 (of 1179) 65415 219 26.168837
  DOING 883 (of 1179) 67825 21 7.348369
  DOING 884 (of 1179) 57700 4 3.705736
  DOING 885 (of 1179) 28366 10 5.458780
  DOING 886 (of 1179) 41094 96 16.824535
  DOING 887 (of 1179) 73194 319 27.335054
  DOING 888 (of 1179) 8706 117 18.950891
  DOING 889 (of 1179) 48718 56 15.095523
  DOING 890 (of 1179) 73236 28 13.947917
  DOING 891 (of 1179) 46255 9 7.093657
  DOING 892 (of 1179) 29379 23 9.616618
  DOING 893 (of 1179) 41435 19 6.975729
  DOING 894 (of 1179) 48669 28 12.094843
  DOING 895 (of 1179) 48193 16 13.371832
  DOING 896 (of 1179) 75149 43 12.858977
  DOING 897 (of 1179) 63784 4 8.201462
  DOING 898 (of 1179) 70095 2 4.453457
  DOING 899 (of 1179) 75815 82 16.983213
  DOING 900 (of 1179) 67721 133 18.441092
  DOING 901 (of 1179) 71525 2 6.318468
  DOING 902 (of 1179) 46625 19 8.496037
  DOING 903 (of 1179) 36970 25 10.894307
  DOING 904 (of 1179) 67760 8 7.147727
  DOING 905 (of 1179) 1389 4 6.622326
  DOING 906 (of 1179) 59775 2 1.985801
  DOING 907 (of 1179) 74539 24 13.128429
  DOING 908 (of 1179) 47488 158 22.413815
  DOING 909 (of 1179) 43548 44 13.092563
  DOING 910 (of 1179) 46582 167 25.401142
  DOING 911 (of 1179) 74652 129 19.171249
  DOING 912 (of 1179) 54149 3 4.254782
  DOING 913 (of 1179) 69478 93 21.099817
  DOING 914 (of 1179) 64162 29 9.441911
  DOING 915 (of 1179) 1597 4 4.161900
  DOING 916 (of 1179) 47655 63 20.785015
  DOING 917 (of 1179) 38952 44 10.839968
  DOING 918 (of 1179) 40929 7 6.246536
  DOING 919 (of 1179) 6554 86 19.325249
  DOING 920 (of 1179) 69197 113 19.952072
  DOING 921 (of 1179) 45501 26 13.126516
  DOING 922 (of 1179) 51294 44 14.714021
  DOING 923 (of 1179) 1120 29 7.646530
  DOING 924 (of 1179) 43761 5 6.931565
  DOING 925 (of 1179) 1404 65 9.566014
  DOING 926 (of 1179) 49768 178 24.146608
  DOING 927 (of 1179) 77441 32 11.763639
  DOING 928 (of 1179) 53181 41 12.707675
  DOING 929 (of 1179) 68233 14 6.271519
  DOING 930 (of 1179) 52550 33 14.416311
  DOING 931 (of 1179) 1130 2 2.191621
  DOING 932 (of 1179) 72465 74 15.995770
  DOING 933 (of 1179) 73567 58 15.419960
  DOING 934 (of 1179) 46835 50 16.223692
  DOING 935 (of 1179) 71833 762 43.112030
  DOING 936 (of 1179) 47501 210 26.122025
  DOING 937 (of 1179) 47937 17 8.065996
  DOING 938 (of 1179) 43153 23 13.756141
  DOING 939 (of 1179) 46459 125 22.102486
  DOING 940 (of 1179) 70219 38 11.942274
  DOING 941 (of 1179) 45503 5 7.228209
  DOING 942 (of 1179) 25670 4 5.460889
  DOING 943 (of 1179) 67479 27 14.005210
  DOING 944 (of 1179) 52393 8 8.075855
  DOING 945 (of 1179) 27934 27 11.587282
  DOING 946 (of 1179) 64455 15 10.617377
  DOING 947 (of 1179) 64312 18 11.644392
  DOING 948 (of 1179) 13063 9 6.038767
  DOING 949 (of 1179) 72657 32 10.878053
  DOING 950 (of 1179) 40928 10 9.000803
  DOING 951 (of 1179) 48408 30 11.382221
  DOING 952 (of 1179) 68724 16 10.702993
  DOING 953 (of 1179) 65769 255 30.910715
  DOING 954 (of 1179) 72277 62 18.089054
  DOING 955 (of 1179) 73837 29 12.411630
  DOING 956 (of 1179) 48496 5 6.261006
  DOING 957 (of 1179) 46252 14 6.114334
  DOING 958 (of 1179) 45518 93 18.084526
  DOING 959 (of 1179) 29328 25 9.888433
  DOING 960 (of 1179) 10786 23 5.925612
  DOING 961 (of 1179) 43597 8 4.571648
  DOING 962 (of 1179) 68291 23 9.412321
  DOING 963 (of 1179) 49691 5 9.141768
  DOING 964 (of 1179) 41822 22 9.247541
  DOING 965 (of 1179) 68313 2 5.320674
  DOING 966 (of 1179) 71869 6 6.233565
  DOING 967 (of 1179) 67265 35 14.814197
  DOING 968 (of 1179) 52567 78 14.997900
  DOING 969 (of 1179) 3061 66 11.935499
  DOING 970 (of 1179) 67748 20 9.936023
  DOING 971 (of 1179) 10789 54 14.192799
  DOING 972 (of 1179) 68945 40 12.496832
  DOING 973 (of 1179) 71469 47 17.564318
  DOING 974 (of 1179) 7758 4 5.633842
  DOING 975 (of 1179) 58404 2 7.013231
  DOING 976 (of 1179) 55279 32 13.103241
  DOING 977 (of 1179) 75731 575 36.776951
  DOING 978 (of 1179) 41298 4 6.062746
  DOING 979 (of 1179) 3316 7 4.658681
  DOING 980 (of 1179) 51292 23 10.448544
  DOING 981 (of 1179) 42188 20 13.963052
  DOING 982 (of 1179) 42117 61 16.017715
  DOING 983 (of 1179) 36690 80 17.950750
  DOING 984 (of 1179) 64202 6 4.052739
  DOING 985 (of 1179) 39600 383 27.033556
  DOING 986 (of 1179) 12311 84 19.249363
  DOING 987 (of 1179) 52746 27 9.987714
  DOING 988 (of 1179) 49661 5 6.418863
  DOING 989 (of 1179) 74444 2 3.746881
  DOING 990 (of 1179) 42715 3 4.905873
  DOING 991 (of 1179) 56601 5 7.566084
  DOING 992 (of 1179) 44645 31 9.953877
  DOING 993 (of 1179) 64494 6 5.911996
  DOING 994 (of 1179) 25435 12 9.878822
  DOING 995 (of 1179) 48188 31 15.025443
  DOING 996 (of 1179) 10758 9 4.356848
  DOING 997 (of 1179) 48998 116 16.347618
  DOING 998 (of 1179) 43386 70 15.717709
  DOING 999 (of 1179) 338 17 5.956025
  DOING 1000 (of 1179) 69940 5 4.061242
  DOING 1001 (of 1179) 47368 68 16.979443
  DOING 1002 (of 1179) 69391 12 8.014633
  DOING 1003 (of 1179) 76881 70 17.061909
  DOING 1004 (of 1179) 40008 50 13.263876
  DOING 1005 (of 1179) 43451 13 4.215926
  DOING 1006 (of 1179) 75910 4 4.370440
  DOING 1007 (of 1179) 43253 3 6.226101
  DOING 1008 (of 1179) 65452 137 23.559608
  DOING 1009 (of 1179) 68251 12 11.681990
  DOING 1010 (of 1179) 860 37 11.750075
  DOING 1011 (of 1179) 9319 7 6.797382
  DOING 1012 (of 1179) 49604 26 10.758440
  DOING 1013 (of 1179) 58542 3 7.491358
  DOING 1014 (of 1179) 41083 35 12.032071
  DOING 1015 (of 1179) 50668 28 11.827075
  DOING 1016 (of 1179) 73258 67 14.116261
  DOING 1017 (of 1179) 21610 17 10.298709
  DOING 1018 (of 1179) 1392 30 7.865616
  DOING 1019 (of 1179) 75820 159 22.757137
  DOING 1020 (of 1179) 54382 30 14.488705
  DOING 1021 (of 1179) 67871 22 10.982146
  DOING 1022 (of 1179) 22804 4 6.450952
  DOING 1023 (of 1179) 45562 250 31.674738
  DOING 1024 (of 1179) 56621 344 30.207642
  DOING 1025 (of 1179) 29753 10 5.626828
  DOING 1026 (of 1179) 49246 26 11.563275
  DOING 1027 (of 1179) 43189 11 9.689731
  DOING 1028 (of 1179) 32001 3 3.092895
  DOING 1029 (of 1179) 43445 49 15.284379
  DOING 1030 (of 1179) 38995 134 20.475691
  DOING 1031 (of 1179) 65792 193 24.846964
  DOING 1032 (of 1179) 55519 66 14.529661
  DOING 1033 (of 1179) 75262 47 15.698199
  DOING 1034 (of 1179) 4948 5 3.727351
  DOING 1035 (of 1179) 74638 32 13.802420
  DOING 1036 (of 1179) 25772 108 18.511002
  DOING 1037 (of 1179) 48616 14 7.826391
  DOING 1038 (of 1179) 56316 140 24.190002
  DOING 1039 (of 1179) 50267 37 14.984679
  DOING 1040 (of 1179) 37837 5 6.062010
  DOING 1041 (of 1179) 28184 30 13.465328
  DOING 1042 (of 1179) 49025 94 17.366199
  DOING 1043 (of 1179) 75697 48 18.618395
  DOING 1044 (of 1179) 5834 3 4.448206
  DOING 1045 (of 1179) 60929 74 15.909475
  DOING 1046 (of 1179) 27402 7 7.752643
  DOING 1047 (of 1179) 74353 92 17.383173
  DOING 1048 (of 1179) 42185 70 19.553814
  DOING 1049 (of 1179) 30568 9 4.762395
  DOING 1050 (of 1179) 44542 131 18.018713
  DOING 1051 (of 1179) 43407 15 12.391584
  DOING 1052 (of 1179) 8693 29 9.363617
  DOING 1053 (of 1179) 52651 30 11.408962
  DOING 1054 (of 1179) 39628 16 7.794487
  DOING 1055 (of 1179) 67948 17 8.493204
  DOING 1056 (of 1179) 70184 7 6.944897
  DOING 1057 (of 1179) 47085 3 3.944870
  DOING 1058 (of 1179) 56600 36 10.758061
  DOING 1059 (of 1179) 45521 9 9.481155
  DOING 1060 (of 1179) 71961 7 9.715566
  DOING 1061 (of 1179) 69648 18 6.760239
  DOING 1062 (of 1179) 69228 11 8.108282
  DOING 1063 (of 1179) 53446 163 22.168396
  DOING 1064 (of 1179) 71924 12 8.230120
  DOING 1065 (of 1179) 47698 4 7.415963
  DOING 1066 (of 1179) 51478 407 37.381550
  DOING 1067 (of 1179) 45475 83 22.802198
  DOING 1068 (of 1179) 21945 3 5.006277
  DOING 1069 (of 1179) 69170 22 12.327525
  DOING 1070 (of 1179) 50758 5 8.613779
  DOING 1071 (of 1179) 59913 3 4.982118
  DOING 1072 (of 1179) 74429 22 10.510874
  DOING 1073 (of 1179) 74538 138 20.502365
  DOING 1074 (of 1179) 9309 16 6.921949
  DOING 1075 (of 1179) 41452 32 12.069936
  DOING 1076 (of 1179) 42428 8 6.041509
  DOING 1077 (of 1179) 64057 41 14.095918
  DOING 1078 (of 1179) 64553 36 14.964236
  DOING 1079 (of 1179) 64863 25 14.212416
  DOING 1080 (of 1179) 49638 239 28.842499
  DOING 1081 (of 1179) 51214 2 3.470911
  DOING 1082 (of 1179) 68295 37 11.094146
  DOING 1083 (of 1179) 65558 4 5.298332
  DOING 1084 (of 1179) 46500 8 7.103275
  DOING 1085 (of 1179) 47093 5 3.700517
  DOING 1086 (of 1179) 43421 192 28.426817
  DOING 1087 (of 1179) 22645 61 14.678802
  DOING 1088 (of 1179) 69880 43 15.947303
  DOING 1089 (of 1179) 42299 14 6.689384
  DOING 1090 (of 1179) 59836 67 14.646437
  DOING 1091 (of 1179) 72116 2 4.305879
  DOING 1092 (of 1179) 73925 93 18.207273
  DOING 1093 (of 1179) 68697 19 10.905988
  DOING 1094 (of 1179) 67043 168 24.050114
  DOING 1095 (of 1179) 64613 165 22.290993
  DOING 1096 (of 1179) 42389 14 8.337166
  DOING 1097 (of 1179) 65339 4 6.290702
  DOING 1098 (of 1179) 73685 58 17.565947
  DOING 1099 (of 1179) 60803 23 9.037323
  DOING 1100 (of 1179) 67873 401 37.042629
  DOING 1101 (of 1179) 40072 36 14.679198
  DOING 1102 (of 1179) 56533 62 13.754771
  DOING 1103 (of 1179) 68100 77 20.923376
  DOING 1104 (of 1179) 47659 10 10.686068
  DOING 1105 (of 1179) 51129 12 9.989567
  DOING 1106 (of 1179) 38663 5 4.256616
  DOING 1107 (of 1179) 73692 144 17.968035
  DOING 1108 (of 1179) 68939 19 11.679323
  DOING 1109 (of 1179) 73993 129 17.968943
  DOING 1110 (of 1179) 46371 20 13.398582
  DOING 1111 (of 1179) 50013 10 6.019672
  DOING 1112 (of 1179) 69022 54 14.802369
  DOING 1113 (of 1179) 45256 30 9.670962
  DOING 1114 (of 1179) 47358 183 25.229290
  DOING 1115 (of 1179) 32159 9 5.885601
  DOING 1116 (of 1179) 75414 10 5.871314
  DOING 1117 (of 1179) 45468 29 16.416571
  DOING 1118 (of 1179) 75913 17 7.947986
  DOING 1119 (of 1179) 25568 47 14.267895
  DOING 1120 (of 1179) 54673 9 5.981050
  DOING 1121 (of 1179) 48495 151 21.510929
  DOING 1122 (of 1179) 46829 75 18.165752
  DOING 1123 (of 1179) 23153 13 8.360776
  DOING 1124 (of 1179) 74143 4 3.801044
  DOING 1125 (of 1179) 39818 10 9.179769
  DOING 1126 (of 1179) 28154 11 6.872958
  DOING 1127 (of 1179) 72205 26 12.129796
  DOING 1128 (of 1179) 45913 5 7.030251
  DOING 1129 (of 1179) 73566 53 13.377593
  DOING 1130 (of 1179) 75862 50 16.979277
  DOING 1131 (of 1179) 74086 71 16.227869
  DOING 1132 (of 1179) 48680 19 11.105086
  DOING 1133 (of 1179) 68299 61 13.330811
  DOING 1134 (of 1179) 52260 56 16.470781
  DOING 1135 (of 1179) 45396 74 17.523672
  DOING 1136 (of 1179) 49245 190 26.411135
  DOING 1137 (of 1179) 75492 24 11.697198
  DOING 1138 (of 1179) 44964 96 19.410234
  DOING 1139 (of 1179) 72175 14 9.149295
  DOING 1140 (of 1179) 73935 94 21.627844
  DOING 1141 (of 1179) 49290 47 12.955986
  DOING 1142 (of 1179) 8697 106 19.040312
  DOING 1143 (of 1179) 51064 13 9.242094
  DOING 1144 (of 1179) 65344 14 7.139641
  DOING 1145 (of 1179) 64688 12 9.719712
  DOING 1146 (of 1179) 77535 61 15.332347
  DOING 1147 (of 1179) 46949 29 11.509297
  DOING 1148 (of 1179) 56704 16 6.668839
  DOING 1149 (of 1179) 36391 448 33.510414
  DOING 1150 (of 1179) 64549 10 7.631988
  DOING 1151 (of 1179) 41084 13 7.314211
  DOING 1152 (of 1179) 44379 5 5.718106
  DOING 1153 (of 1179) 43236 17 8.958508
  DOING 1154 (of 1179) 43491 60 14.763278
  DOING 1155 (of 1179) 67644 38 16.109371
  DOING 1156 (of 1179) 70986 115 23.460497
  DOING 1157 (of 1179) 26227 58 11.775080
  DOING 1158 (of 1179) 60946 23 10.624898
  DOING 1159 (of 1179) 10438 9 8.758723
  DOING 1160 (of 1179) 27735 5 6.866365
  DOING 1161 (of 1179) 48815 94 19.570204
  DOING 1162 (of 1179) 44762 187 23.328999
  DOING 1163 (of 1179) 69901 24 12.052248
  DOING 1164 (of 1179) 73994 20 11.180038
  DOING 1165 (of 1179) 69171 85 17.257957
  DOING 1166 (of 1179) 50667 8 7.772281
  DOING 1167 (of 1179) 64327 11 10.373172
  DOING 1168 (of 1179) 46624 35 11.303757
  DOING 1169 (of 1179) 67489 139 22.921814
  DOING 1170 (of 1179) 57268 21 10.782134
  DOING 1171 (of 1179) 73077 38 16.132093
  DOING 1172 (of 1179) 54133 18 5.502851
  DOING 1173 (of 1179) 71413 3 6.940005
  DOING 1174 (of 1179) 55711 2 2.474347
  DOING 1175 (of 1179) 42140 69 14.459694
  DOING 1176 (of 1179) 71301 18 10.009538
  DOING 1177 (of 1179) 72344 29 12.166968
  DOING 1178 (of 1179) 52854 99 16.297373
 Picking winners and losers...
  Starting with 1179 voids
  1st filter: rejected 204 obviously bad
  2nd filter: rejected 161 too small
  3rd filter: rejected 104 too close to high redshift boundaries
  4th filter: rejected 258 outside redshift boundaries
  Number kept: 452 (out of 1179)
   We have 202 edge voids
   We have 250 central voids
   We have 78 too high central density
   We have 0 that are not leaf nodes
 Output fully trimmed catalog...
 Output fully untrimmed catalog...
 Output partially-trimmed catalogs...
 Time: 49.622938 sec (for 1179 voids)
Done!
Command is /opt/conda/lib/python3.9/site-packages/vide-2.0-py3.9-linux-x86_64.egg/vide/bin//pruneVoids --partFile=/home/giovanni/Desktop/Codes/Voronoi_postprocess/test/data/lightcone/examples/example_observation/sample_example_observation//zobov_slice_example_observation --voidDesc=/home/giovanni/Desktop/Codes/Voronoi_postprocess/test/data/lightcone/examples/example_observation/sample_example_observation//voidDesc_example_observation.out --void2Zone=/home/giovanni/Desktop/Codes/Voronoi_postprocess/test/data/lightcone/examples/example_observation/sample_example_observation//voidZone_example_observation.dat --zone2Part=/home/giovanni/Desktop/Codes/Voronoi_postprocess/test/data/lightcone/examples/example_observation/sample_example_observation//voidPart_example_observation.dat --partVol=/home/giovanni/Desktop/Codes/Voronoi_postprocess/test/data/lightcone/examples/example_observation/sample_example_observation//vol_example_observation.dat --partAdj=/home/giovanni/Desktop/Codes/Voronoi_postprocess/test/data/lightcone/examples/example_observation/sample_example_observation//adj_example_observation.dat --extraInfo=/home/giovanni/Desktop/Codes/Voronoi_postprocess/test/data/lightcone/examples/example_observation/sample_example_observation//zobov_slice_example_observation.par --tolerance=1.0 --mockIndex=164647 --maxCentralDen=1.7161848614414756e-10 --zMin=0.1 --zMax=0.15 --rMin=6.56295 --numVoids=1179 --isObservation --periodic='' --useComoving --omegaM=0.3 --outputDir=/home/giovanni/Desktop/Codes/Voronoi_postprocess/test/data/lightcone/examples/example_observation/sample_example_observation/ --sampleName=example_observation
